2021-10-01 00:18:52 [RuneLite] INFO  net.runelite.client.RuneLite - RuneLite 1.7.24 (launcher version 2.1.3) starting up, args: none
2021-10-01 00:18:53 [Preloader] INFO  net.runelite.client.rs.ClientLoader - Using cached vanilla client
2021-10-01 00:18:53 [Preloader] INFO  net.runelite.client.rs.ClientLoader - Using cached patched client
2021-10-01 00:18:54 [Preloader] INFO  net.runelite.client.rs.ClientLoader - client-patch 1583155852.255
2021-10-01 00:18:57 [RuneLite] INFO  n.r.c.plugins.kourendlibrary.Library - Library is now reset
2021-10-01 00:18:58 [RuneLite] INFO  n.r.c.e.ExternalPluginManager - Loading external plugin "skills-tab-progress-bars" version "0.8" commit "edad37606858fb22dcea07ac9bb1f9324d737a80"
2021-10-01 00:18:58 [RuneLite] INFO  n.r.c.e.ExternalPluginManager - Loading external plugin "chatbox-opacity" version "dbee9ba4" commit "dbee9ba4e138cae2467354fc169d9c34dcac3162"
2021-10-01 00:18:58 [RuneLite] INFO  n.r.c.e.ExternalPluginManager - Loading external plugin "zalcano" version "e7fde457" commit "e7fde4576c9dbeb76efe5796f656dfe66f3d6fcb"
2021-10-01 00:18:58 [RuneLite] INFO  n.r.c.e.ExternalPluginManager - Loading external plugin "menu-swapper-extended" version "1.8" commit "fec61a1a0f266bc28ac3fa6bd3338f2d72d05d5c"
2021-10-01 00:18:58 [RuneLite] INFO  n.r.c.e.ExternalPluginManager - Loading external plugin "stealing-artefacts" version "1.1" commit "d4ccb8955208137981bf636121ba1c87ab453108"
2021-10-01 00:18:58 [RuneLite] INFO  n.r.c.e.ExternalPluginManager - Loading external plugin "not-empty" version "1.0" commit "e49ec7cc3927e911337ad48bd530cb52f5365183"
2021-10-01 00:18:58 [RuneLite] INFO  n.r.c.e.ExternalPluginManager - Loading external plugin "profiles-panel" version "1.1.4" commit "c2dd59dcdf324df01c54aeba4cce4577c645f642"
2021-10-01 00:18:58 [RuneLite] INFO  n.r.c.e.ExternalPluginManager - Loading external plugin "crab-solver" version "1.2" commit "a81701ff28b1c0f0790bd0bd9a927c140d3a3e97"
2021-10-01 00:18:58 [RuneLite] INFO  n.r.c.e.ExternalPluginManager - Loading external plugin "watson-clue-tracker" version "1.0.4" commit "7c098357d4cc593e77df77f5377ad77af676f1ee"
2021-10-01 00:18:58 [RuneLite] INFO  n.r.c.e.ExternalPluginManager - Loading external plugin "quest-helper" version "2.5.1" commit "c8359864f798c9557a2ecc83e589438b9d7a7414"
2021-10-01 00:18:58 [RuneLite] INFO  n.r.c.e.ExternalPluginManager - Loading external plugin "equipment-inspector" version "1.2" commit "c0018d299bb4a3dd4ef971a72bfdc776a42f0ff8"
2021-10-01 00:18:58 [RuneLite] INFO  n.r.c.e.ExternalPluginManager - Loading external plugin "cox-additions" version "40d2ba90" commit "40d2ba90edd8ad23a578c40e8e6ecaaa5eb226fd"
2021-10-01 00:18:58 [RuneLite] INFO  n.r.c.e.ExternalPluginManager - Loading external plugin "gauntlet" version "1.0.0" commit "e928b24970bd234aad16c3ec3d9005735b852c08"
2021-10-01 00:18:58 [RuneLite] INFO  n.r.c.e.ExternalPluginManager - Loading external plugin "inventory-setups" version "v1.12" commit "89f404d05f6e7a34d6cdd954d21f277f804aeb6a"
2021-10-01 00:18:58 [RuneLite] INFO  n.r.c.e.ExternalPluginManager - Loading external plugin "the-gauntlet" version "4e13d3eb" commit "4e13d3ebdf7da91f96c3a47856b2ac19de1e48c8"
2021-10-01 00:18:58 [RuneLite] INFO  n.r.c.e.ExternalPluginManager - Loading external plugin "slash-swapper" version "0870d527" commit "0870d527aa88e8c75ec110127d533b21f0e6b83a"
2021-10-01 00:18:58 [RuneLite] INFO  n.r.c.e.ExternalPluginManager - Loading external plugin "pet-info" version "4.0" commit "dce286070830a322969f2024856c5e65fca9c89a"
2021-10-01 00:18:58 [RuneLite] INFO  n.r.c.e.ExternalPluginManager - Loading external plugin "bank-tab-names" version "1.0.0" commit "524316bc3b36abca7ca0ecbf84636f79f54b376a"
2021-10-01 00:18:58 [RuneLite] INFO  n.r.c.e.ExternalPluginManager - Loading external plugin "zulrah-helper" version "1.2.1" commit "a10c7242ee25809705985883ad297e89962b9b85"
2021-10-01 00:18:58 [RuneLite] INFO  n.r.c.e.ExternalPluginManager - Loading external plugin "chompy-hunter" version "1.2" commit "dd55d418a7412bfb169fb74e7a27fc872a3dbe01"
2021-10-01 00:18:58 [RuneLite] INFO  n.r.c.e.ExternalPluginManager - Loading external plugin "tempoross" version "1.1" commit "d25d396318e7646171deceabaaae66b9e4059ba3"
2021-10-01 00:18:58 [RuneLite] INFO  n.r.c.e.ExternalPluginManager - Loading external plugin "banked-experience" version "2.0.8" commit "cb7235902f37254d24699c38971f9f58c5a4c991"
2021-10-01 00:18:58 [RuneLite] INFO  n.r.c.e.ExternalPluginManager - Loading external plugin "supplies-tracker" version "2.01" commit "79432ec85d1aafa0d1f8f66451a6c1c6f6f7303e"
2021-10-01 00:18:58 [RuneLite] INFO  n.r.c.e.ExternalPluginManager - Loading external plugin "resource-packs" version "1.4.3" commit "c97b20634e7976d35cfd2d73a8ca6cf8866b55dd"
2021-10-01 00:18:58 [RuneLite] INFO  n.r.c.e.ExternalPluginManager - Loading external plugin "picture-in-picture" version "1.4.1" commit "32688a78c119187be8c33c62cf56f990fe9bb688"
2021-10-01 00:18:58 [RuneLite] INFO  n.r.c.e.ExternalPluginManager - Loading external plugin "transmog" version "1.2.1" commit "ba64c8ad20fe00f663ef69dfb6f9213efe441cf8"
2021-10-01 00:18:58 [RuneLite] INFO  n.r.c.e.ExternalPluginManager - Loading external plugin "ping-grapher" version "1.3.1" commit "8b4eb39187d0f59e585d06b4abb7ac4c464da2d2"
2021-10-01 00:18:58 [RuneLite] INFO  n.r.c.e.ExternalPluginManager - Loading external plugin "bats-locator" version "890cefa0" commit "890cefa0a95a734abc15a6b1f0681276c5c78c4d"
2021-10-01 00:18:58 [RuneLite] INFO  n.r.c.e.ExternalPluginManager - Loading external plugin "cox-light-colors" version "1.3.2" commit "6a45d1c702f56bfb9ce146efc4160312fae5d963"
2021-10-01 00:18:58 [RuneLite] INFO  n.r.c.e.ExternalPluginManager - Loading external plugin "damage-counter" version "1.6" commit "393187db8d2554ff47e7022b05f379bc31c38663"
2021-10-01 00:18:58 [RuneLite] INFO  n.r.c.e.ExternalPluginManager - Loading external plugin "raid-reloader" version "415a4b71" commit "415a4b71a6f94f9f10345f5c825ab1109bc7cb07"
2021-10-01 00:18:58 [RuneLite] INFO  n.r.c.e.ExternalPluginManager - Loading external plugin "bank-value-tracker" version "757b7b33" commit "757b7b33bdfc27ba24d57fd22a15456f75558d00"
2021-10-01 00:18:58 [RuneLite] INFO  n.r.c.e.ExternalPluginManager - Loading external plugin "elysiumevents-plugin" version "857ab9e3" commit "857ab9e310e22a83a00d5de55024c94166c1834f"
2021-10-01 00:18:58 [RuneLite] INFO  n.r.c.e.ExternalPluginManager - Loading external plugin "fight-cave-waves" version "1.2" commit "51790d94159cbb85893de04d90efc5c0c20d819a"
2021-10-01 00:18:58 [RuneLite] INFO  n.r.c.e.ExternalPluginManager - Loading external plugin "loot-table" version "1.0.1" commit "1f17b17c7e0b6a6843b27e4305029a0d2ebb2260"
2021-10-01 00:18:58 [RuneLite] INFO  n.r.c.e.ExternalPluginManager - Loading external plugin "optimal-quest-guide" version "cbafa444" commit "cbafa4440bc08f6f93727730cd27fe5f15083d87"
2021-10-01 00:18:58 [RuneLite] INFO  n.r.c.e.ExternalPluginManager - Loading external plugin "ba-minigame" version "1.42" commit "92da92790bd4657bb14e99cde01308bec94a2809"
2021-10-01 00:18:59 [RuneLite] INFO  n.r.c.e.ExternalPluginManager - Loading external plugin "117hd" version "1.0.4" commit "4670a5d73e752b32db26bbd6998054cda034bef5"
2021-10-01 00:18:59 [RuneLite] INFO  n.r.c.e.ExternalPluginManager - Loading external plugin "improved-tears-of-guthix-interface" version "1.1" commit "adaae7dbe3ff3710e47eba12a32dfe1d71dd14c9"
2021-10-01 00:18:59 [RuneLite] INFO  n.r.c.e.ExternalPluginManager - Loading external plugin "crab-stun-timers" version "b0e7ad22" commit "b0e7ad22a6018fed3cdcd105d6a1873a242e75e3"
2021-10-01 00:18:59 [RuneLite] INFO  n.r.client.discord.DiscordService - Initializing Discord RPC service.
2021-10-01 00:19:01 [pool-3-thread-1] INFO  n.r.client.discord.DiscordService - Discord RPC service is ready with user Victor.
2021-10-01 00:19:02 [AWT-EventQueue-0] INFO  dekvall.notempty.NotEmptyPlugin - Not Empty started!
2021-10-01 00:19:03 [AWT-EventQueue-0] INFO  com.pinggraph.PingGraphPlugin - Ping Graph started!
2021-10-01 00:19:03 [AWT-EventQueue-0] INFO  com.zalcano.ZalcanoPlugin - Zalcano plugin started
2021-10-01 00:19:04 [RuneLite] INFO  net.runelite.client.RuneLite - Client initialization took 12368ms. Uptime: 15381ms
2021-10-01 00:19:05 [AWT-EventQueue-0] INFO  net.runelite.client.ui.ClientUI - Showing frame net.runelite.client.ui.ContainableFrame[frame0,-1920,0,1920x1040,layout=java.awt.BorderLayout,title=RuneLite,resizable,maximized,defaultCloseOperation=DO_NOTHING_ON_CLOSE,rootPane=javax.swing.JRootPane[,0,0,1920x1040,layout=org.pushingpixels.substance.internal.ui.SubstanceRootPaneUI$SubstanceRootLayout,alignmentX=0.0,alignmentY=0.0,border=org.pushingpixels.substance.internal.utils.border.SubstancePaneBorder@30c1acf3,flags=16777673,maximumSize=,minimumSize=,preferredSize=],rootPaneCheckingEnabled=true]
2021-10-01 00:19:07 [Client] INFO  rs117.hd.HdPlugin - Using device: NVIDIA GeForce RTX 2080/PCIe/SSE2
2021-10-01 00:19:07 [Client] INFO  rs117.hd.HdPlugin - Using driver: 4.6.0 NVIDIA 471.96
2021-10-01 01:52:47 [Client] WARN  n.runelite.client.eventbus.EventBus - Uncaught exception in event subscriber
java.lang.NullPointerException: null
	at trevor.chatboxopacity.ChatboxOpacityPlugin.writeChatboxOpacity(ChatboxOpacityPlugin.java:116)
	at trevor.chatboxopacity.ChatboxOpacityPlugin.onScriptPostFired(ChatboxOpacityPlugin.java:84)
	at net.runelite.client.eventbus.EventBus$Subscriber.invoke(EventBus.java:70)
	at net.runelite.client.eventbus.EventBus.post(EventBus.java:223)
	at net.runelite.client.callback.Hooks.post(Hooks.java:169)
	at client.lx(client.java:54109)
	at hm.c(hm.java:59960)
	at eh.n(eh.java:110)
	at client.di(client.java:6681)
	at client.fz(client.java:3659)
	at client.i(client.java:1893)
	at at.jr(at.java:380)
	at at.run(at.java:359)
	at java.base/java.lang.Thread.run(Unknown Source)
2021-10-01 01:52:47 [Client] WARN  n.runelite.client.eventbus.EventBus - Uncaught exception in event subscriber
java.lang.NullPointerException: null
	at trevor.chatboxopacity.ChatboxOpacityPlugin.writeChatboxOpacity(ChatboxOpacityPlugin.java:116)
	at trevor.chatboxopacity.ChatboxOpacityPlugin.onScriptPostFired(ChatboxOpacityPlugin.java:84)
	at net.runelite.client.eventbus.EventBus$Subscriber.invoke(EventBus.java:70)
	at net.runelite.client.eventbus.EventBus.post(EventBus.java:223)
	at net.runelite.client.callback.Hooks.post(Hooks.java:169)
	at client.lx(client.java:54109)
	at hm.c(hm.java:59960)
	at eh.n(eh.java:110)
	at client.fz(client.java:4038)
	at client.i(client.java:1893)
	at at.jr(at.java:380)
	at at.run(at.java:359)
	at java.base/java.lang.Thread.run(Unknown Source)
2021-10-01 01:52:47 [Client] WARN  n.runelite.client.eventbus.EventBus - Uncaught exception in event subscriber
java.lang.NullPointerException: null
	at trevor.chatboxopacity.ChatboxOpacityPlugin.writeChatboxOpacity(ChatboxOpacityPlugin.java:116)
	at trevor.chatboxopacity.ChatboxOpacityPlugin.onScriptPostFired(ChatboxOpacityPlugin.java:84)
	at net.runelite.client.eventbus.EventBus$Subscriber.invoke(EventBus.java:70)
	at net.runelite.client.eventbus.EventBus.post(EventBus.java:223)
	at net.runelite.client.callback.Hooks.post(Hooks.java:169)
	at client.lx(client.java:54109)
	at hm.c(hm.java:59960)
	at eh.n(eh.java:110)
	at client.fz(client.java:4062)
	at client.i(client.java:1893)
	at at.jr(at.java:380)
	at at.run(at.java:359)
	at java.base/java.lang.Thread.run(Unknown Source)
2021-10-01 02:02:39 [Client] WARN  n.runelite.client.eventbus.EventBus - Uncaught exception in event subscriber
java.lang.NullPointerException: null
	at trevor.chatboxopacity.ChatboxOpacityPlugin.writeChatboxOpacity(ChatboxOpacityPlugin.java:116)
	at trevor.chatboxopacity.ChatboxOpacityPlugin.onScriptPostFired(ChatboxOpacityPlugin.java:84)
	at net.runelite.client.eventbus.EventBus$Subscriber.invoke(EventBus.java:70)
	at net.runelite.client.eventbus.EventBus.post(EventBus.java:223)
	at net.runelite.client.callback.Hooks.post(Hooks.java:169)
	at client.lx(client.java:54109)
	at hm.c(hm.java:59960)
	at eh.n(eh.java:110)
	at hm.jb(hm.java:11421)
	at f.jv(h.java:11393)
	at hm.jb(hm.java:11406)
	at f.jv(h.java:11393)
	at gk.jx(gk.java:11809)
	at client.di(client.java:7130)
	at client.fz(client.java:3659)
	at client.i(client.java:1893)
	at at.jr(at.java:380)
	at at.run(at.java:359)
	at java.base/java.lang.Thread.run(Unknown Source)
2021-10-01 09:36:03 [RuneLite] INFO  net.runelite.client.RuneLite - RuneLite 1.7.24 (launcher version 2.1.3) starting up, args: none
2021-10-01 09:36:04 [Preloader] INFO  net.runelite.client.rs.ClientLoader - Using cached vanilla client
2021-10-01 09:36:04 [Preloader] INFO  net.runelite.client.rs.ClientLoader - Using cached patched client
2021-10-01 09:36:05 [Preloader] INFO  net.runelite.client.rs.ClientLoader - client-patch 1583155852.255
2021-10-01 09:36:06 [RuneLite] INFO  n.r.c.plugins.kourendlibrary.Library - Library is now reset
2021-10-01 09:36:07 [RuneLite] INFO  n.r.c.e.ExternalPluginManager - Loading external plugin "skills-tab-progress-bars" version "0.8" commit "edad37606858fb22dcea07ac9bb1f9324d737a80"
2021-10-01 09:36:07 [RuneLite] INFO  n.r.c.e.ExternalPluginManager - Loading external plugin "chatbox-opacity" version "dbee9ba4" commit "dbee9ba4e138cae2467354fc169d9c34dcac3162"
2021-10-01 09:36:07 [RuneLite] INFO  n.r.c.e.ExternalPluginManager - Loading external plugin "zalcano" version "e7fde457" commit "e7fde4576c9dbeb76efe5796f656dfe66f3d6fcb"
2021-10-01 09:36:07 [RuneLite] INFO  n.r.c.e.ExternalPluginManager - Loading external plugin "menu-swapper-extended" version "1.8" commit "fec61a1a0f266bc28ac3fa6bd3338f2d72d05d5c"
2021-10-01 09:36:07 [RuneLite] INFO  n.r.c.e.ExternalPluginManager - Loading external plugin "stealing-artefacts" version "1.1" commit "d4ccb8955208137981bf636121ba1c87ab453108"
2021-10-01 09:36:07 [RuneLite] INFO  n.r.c.e.ExternalPluginManager - Loading external plugin "not-empty" version "1.0" commit "e49ec7cc3927e911337ad48bd530cb52f5365183"
2021-10-01 09:36:07 [RuneLite] INFO  n.r.c.e.ExternalPluginManager - Loading external plugin "profiles-panel" version "1.1.4" commit "c2dd59dcdf324df01c54aeba4cce4577c645f642"
2021-10-01 09:36:07 [RuneLite] INFO  n.r.c.e.ExternalPluginManager - Loading external plugin "crab-solver" version "1.2" commit "a81701ff28b1c0f0790bd0bd9a927c140d3a3e97"
2021-10-01 09:36:07 [RuneLite] INFO  n.r.c.e.ExternalPluginManager - Loading external plugin "watson-clue-tracker" version "1.0.4" commit "7c098357d4cc593e77df77f5377ad77af676f1ee"
2021-10-01 09:36:07 [RuneLite] INFO  n.r.c.e.ExternalPluginManager - Loading external plugin "quest-helper" version "2.5.1" commit "c8359864f798c9557a2ecc83e589438b9d7a7414"
2021-10-01 09:36:07 [RuneLite] INFO  n.r.c.e.ExternalPluginManager - Loading external plugin "equipment-inspector" version "1.2" commit "c0018d299bb4a3dd4ef971a72bfdc776a42f0ff8"
2021-10-01 09:36:07 [RuneLite] INFO  n.r.c.e.ExternalPluginManager - Loading external plugin "cox-additions" version "40d2ba90" commit "40d2ba90edd8ad23a578c40e8e6ecaaa5eb226fd"
2021-10-01 09:36:07 [RuneLite] INFO  n.r.c.e.ExternalPluginManager - Loading external plugin "gauntlet" version "1.0.0" commit "e928b24970bd234aad16c3ec3d9005735b852c08"
2021-10-01 09:36:07 [RuneLite] INFO  n.r.c.e.ExternalPluginManager - Loading external plugin "inventory-setups" version "v1.12" commit "89f404d05f6e7a34d6cdd954d21f277f804aeb6a"
2021-10-01 09:36:07 [RuneLite] INFO  n.r.c.e.ExternalPluginManager - Loading external plugin "the-gauntlet" version "4e13d3eb" commit "4e13d3ebdf7da91f96c3a47856b2ac19de1e48c8"
2021-10-01 09:36:07 [RuneLite] INFO  n.r.c.e.ExternalPluginManager - Loading external plugin "slash-swapper" version "0870d527" commit "0870d527aa88e8c75ec110127d533b21f0e6b83a"
2021-10-01 09:36:07 [RuneLite] INFO  n.r.c.e.ExternalPluginManager - Loading external plugin "pet-info" version "4.0" commit "dce286070830a322969f2024856c5e65fca9c89a"
2021-10-01 09:36:07 [RuneLite] INFO  n.r.c.e.ExternalPluginManager - Loading external plugin "bank-tab-names" version "1.0.0" commit "524316bc3b36abca7ca0ecbf84636f79f54b376a"
2021-10-01 09:36:07 [RuneLite] INFO  n.r.c.e.ExternalPluginManager - Loading external plugin "zulrah-helper" version "1.2.1" commit "a10c7242ee25809705985883ad297e89962b9b85"
2021-10-01 09:36:07 [RuneLite] INFO  n.r.c.e.ExternalPluginManager - Loading external plugin "chompy-hunter" version "1.2" commit "dd55d418a7412bfb169fb74e7a27fc872a3dbe01"
2021-10-01 09:36:07 [RuneLite] INFO  n.r.c.e.ExternalPluginManager - Loading external plugin "tempoross" version "1.1" commit "d25d396318e7646171deceabaaae66b9e4059ba3"
2021-10-01 09:36:07 [RuneLite] INFO  n.r.c.e.ExternalPluginManager - Loading external plugin "banked-experience" version "2.0.8" commit "cb7235902f37254d24699c38971f9f58c5a4c991"
2021-10-01 09:36:07 [RuneLite] INFO  n.r.c.e.ExternalPluginManager - Loading external plugin "supplies-tracker" version "2.01" commit "79432ec85d1aafa0d1f8f66451a6c1c6f6f7303e"
2021-10-01 09:36:07 [RuneLite] INFO  n.r.c.e.ExternalPluginManager - Loading external plugin "resource-packs" version "1.4.3" commit "c97b20634e7976d35cfd2d73a8ca6cf8866b55dd"
2021-10-01 09:36:07 [RuneLite] INFO  n.r.c.e.ExternalPluginManager - Loading external plugin "picture-in-picture" version "1.4.1" commit "32688a78c119187be8c33c62cf56f990fe9bb688"
2021-10-01 09:36:07 [RuneLite] INFO  n.r.c.e.ExternalPluginManager - Loading external plugin "transmog" version "1.2.1" commit "ba64c8ad20fe00f663ef69dfb6f9213efe441cf8"
2021-10-01 09:36:07 [RuneLite] INFO  n.r.c.e.ExternalPluginManager - Loading external plugin "ping-grapher" version "1.3.1" commit "8b4eb39187d0f59e585d06b4abb7ac4c464da2d2"
2021-10-01 09:36:07 [RuneLite] INFO  n.r.c.e.ExternalPluginManager - Loading external plugin "bats-locator" version "890cefa0" commit "890cefa0a95a734abc15a6b1f0681276c5c78c4d"
2021-10-01 09:36:07 [RuneLite] INFO  n.r.c.e.ExternalPluginManager - Loading external plugin "cox-light-colors" version "1.3.2" commit "6a45d1c702f56bfb9ce146efc4160312fae5d963"
2021-10-01 09:36:07 [RuneLite] INFO  n.r.c.e.ExternalPluginManager - Loading external plugin "damage-counter" version "1.6" commit "393187db8d2554ff47e7022b05f379bc31c38663"
2021-10-01 09:36:07 [RuneLite] INFO  n.r.c.e.ExternalPluginManager - Loading external plugin "raid-reloader" version "415a4b71" commit "415a4b71a6f94f9f10345f5c825ab1109bc7cb07"
2021-10-01 09:36:07 [RuneLite] INFO  n.r.c.e.ExternalPluginManager - Loading external plugin "bank-value-tracker" version "757b7b33" commit "757b7b33bdfc27ba24d57fd22a15456f75558d00"
2021-10-01 09:36:07 [RuneLite] INFO  n.r.c.e.ExternalPluginManager - Loading external plugin "elysiumevents-plugin" version "857ab9e3" commit "857ab9e310e22a83a00d5de55024c94166c1834f"
2021-10-01 09:36:07 [RuneLite] INFO  n.r.c.e.ExternalPluginManager - Loading external plugin "fight-cave-waves" version "1.2" commit "51790d94159cbb85893de04d90efc5c0c20d819a"
2021-10-01 09:36:07 [RuneLite] INFO  n.r.c.e.ExternalPluginManager - Loading external plugin "loot-table" version "1.0.1" commit "1f17b17c7e0b6a6843b27e4305029a0d2ebb2260"
2021-10-01 09:36:07 [RuneLite] INFO  n.r.c.e.ExternalPluginManager - Loading external plugin "optimal-quest-guide" version "cbafa444" commit "cbafa4440bc08f6f93727730cd27fe5f15083d87"
2021-10-01 09:36:07 [RuneLite] INFO  n.r.c.e.ExternalPluginManager - Loading external plugin "ba-minigame" version "1.42" commit "92da92790bd4657bb14e99cde01308bec94a2809"
2021-10-01 09:36:07 [RuneLite] INFO  n.r.c.e.ExternalPluginManager - Loading external plugin "117hd" version "1.0.4" commit "4670a5d73e752b32db26bbd6998054cda034bef5"
2021-10-01 09:36:07 [RuneLite] INFO  n.r.c.e.ExternalPluginManager - Loading external plugin "improved-tears-of-guthix-interface" version "1.1" commit "adaae7dbe3ff3710e47eba12a32dfe1d71dd14c9"
2021-10-01 09:36:07 [RuneLite] INFO  n.r.c.e.ExternalPluginManager - Loading external plugin "crab-stun-timers" version "b0e7ad22" commit "b0e7ad22a6018fed3cdcd105d6a1873a242e75e3"
2021-10-01 09:36:08 [RuneLite] INFO  n.r.client.discord.DiscordService - Initializing Discord RPC service.
2021-10-01 09:36:09 [AWT-EventQueue-0] INFO  dekvall.notempty.NotEmptyPlugin - Not Empty started!
2021-10-01 09:36:10 [pool-3-thread-1] INFO  n.r.client.discord.DiscordService - Discord RPC service is ready with user Victor.
2021-10-01 09:36:13 [AWT-EventQueue-0] INFO  com.pinggraph.PingGraphPlugin - Ping Graph started!
2021-10-01 09:36:14 [AWT-EventQueue-0] INFO  com.zalcano.ZalcanoPlugin - Zalcano plugin started
2021-10-01 09:36:14 [RuneLite] INFO  net.runelite.client.RuneLite - Client initialization took 11069ms. Uptime: 13996ms
2021-10-01 09:36:14 [AWT-EventQueue-0] INFO  net.runelite.client.ui.ClientUI - Showing frame net.runelite.client.ui.ContainableFrame[frame0,-1920,0,1920x1040,layout=java.awt.BorderLayout,title=RuneLite,resizable,maximized,defaultCloseOperation=DO_NOTHING_ON_CLOSE,rootPane=javax.swing.JRootPane[,0,0,1920x1040,layout=org.pushingpixels.substance.internal.ui.SubstanceRootPaneUI$SubstanceRootLayout,alignmentX=0.0,alignmentY=0.0,border=org.pushingpixels.substance.internal.utils.border.SubstancePaneBorder@55ad476a,flags=16777673,maximumSize=,minimumSize=,preferredSize=],rootPaneCheckingEnabled=true]
2021-10-01 09:36:15 [Client] INFO  rs117.hd.HdPlugin - Using device: NVIDIA GeForce RTX 2080/PCIe/SSE2
2021-10-01 09:36:15 [Client] INFO  rs117.hd.HdPlugin - Using driver: 4.6.0 NVIDIA 471.96
2021-10-01 09:38:36 [Client] WARN  n.r.c.ui.overlay.OverlayRenderer - Error during overlay rendering
java.lang.NullPointerException: null
	at java.base/java.util.LinkedList.node(Unknown Source)
	at java.base/java.util.LinkedList.get(Unknown Source)
	at com.pinggraph.PingGraphOverlay$1.render(PingGraphOverlay.java:142)
	at net.runelite.client.ui.overlay.components.PanelComponent.render(PanelComponent.java:131)
	at net.runelite.client.ui.overlay.OverlayPanel.render(OverlayPanel.java:99)
	at com.pinggraph.PingGraphOverlay.render(PingGraphOverlay.java:202)
	at net.runelite.client.ui.overlay.OverlayRenderer.safeRender(OverlayRenderer.java:750)
	at net.runelite.client.ui.overlay.OverlayRenderer.renderOverlays(OverlayRenderer.java:304)
	at net.runelite.client.ui.overlay.OverlayRenderer.renderOverlayLayer(OverlayRenderer.java:196)
	at net.runelite.client.callback.Hooks.drawAboveOverheads(Hooks.java:446)
	at hp.yf(hp.java:1385)
	at hp.a(hp.java:116)
	at cz.gc(cz.java:5387)
	at ou.is(ou.java:10034)
	at al.ib(al.java:9923)
	at client.gy(client.java:4931)
	at client.aq(client.java:1932)
	at at.b(at.java:406)
	at at.run(at.java:360)
	at java.base/java.lang.Thread.run(Unknown Source)
2021-10-01 12:06:17 [Client] WARN  n.runelite.client.eventbus.EventBus - Uncaught exception in event subscriber
java.lang.NullPointerException: null
	at trevor.chatboxopacity.ChatboxOpacityPlugin.writeChatboxOpacity(ChatboxOpacityPlugin.java:116)
	at trevor.chatboxopacity.ChatboxOpacityPlugin.onScriptPostFired(ChatboxOpacityPlugin.java:84)
	at net.runelite.client.eventbus.EventBus$Subscriber.invoke(EventBus.java:70)
	at net.runelite.client.eventbus.EventBus.post(EventBus.java:223)
	at net.runelite.client.callback.Hooks.post(Hooks.java:169)
	at client.lx(client.java:54109)
	at hm.c(hm.java:59960)
	at eh.n(eh.java:110)
	at client.di(client.java:6681)
	at client.fz(client.java:3659)
	at client.i(client.java:1893)
	at at.jr(at.java:380)
	at at.run(at.java:359)
	at java.base/java.lang.Thread.run(Unknown Source)
2021-10-01 12:06:17 [Client] WARN  n.runelite.client.eventbus.EventBus - Uncaught exception in event subscriber
java.lang.NullPointerException: null
	at trevor.chatboxopacity.ChatboxOpacityPlugin.writeChatboxOpacity(ChatboxOpacityPlugin.java:116)
	at trevor.chatboxopacity.ChatboxOpacityPlugin.onScriptPostFired(ChatboxOpacityPlugin.java:84)
	at net.runelite.client.eventbus.EventBus$Subscriber.invoke(EventBus.java:70)
	at net.runelite.client.eventbus.EventBus.post(EventBus.java:223)
	at net.runelite.client.callback.Hooks.post(Hooks.java:169)
	at client.lx(client.java:54109)
	at hm.c(hm.java:59960)
	at eh.n(eh.java:110)
	at client.fz(client.java:4062)
	at client.i(client.java:1893)
	at at.jr(at.java:380)
	at at.run(at.java:359)
	at java.base/java.lang.Thread.run(Unknown Source)
2021-10-01 12:06:18 [Client] WARN  n.runelite.client.eventbus.EventBus - Uncaught exception in event subscriber
java.lang.NullPointerException: null
	at trevor.chatboxopacity.ChatboxOpacityPlugin.writeChatboxOpacity(ChatboxOpacityPlugin.java:116)
	at trevor.chatboxopacity.ChatboxOpacityPlugin.onScriptPostFired(ChatboxOpacityPlugin.java:84)
	at net.runelite.client.eventbus.EventBus$Subscriber.invoke(EventBus.java:70)
	at net.runelite.client.eventbus.EventBus.post(EventBus.java:223)
	at net.runelite.client.callback.Hooks.post(Hooks.java:169)
	at client.lx(client.java:54109)
	at hm.c(hm.java:59960)
	at eh.n(eh.java:110)
	at client.fz(client.java:4038)
	at client.i(client.java:1893)
	at at.jr(at.java:380)
	at at.run(at.java:359)
	at java.base/java.lang.Thread.run(Unknown Source)
2021-10-01 12:33:09 [Client] WARN  n.runelite.client.eventbus.EventBus - Uncaught exception in event subscriber
java.lang.NullPointerException: null
2021-10-01 12:39:23 [Client] WARN  n.runelite.client.eventbus.EventBus - Uncaught exception in event subscriber
java.lang.NullPointerException: null
	at net.runelite.client.util.Text.sanitizeMultilineText(Text.java:146)
	at com.watsoncluetracker.WatsonPlugin.optionSelected(WatsonPlugin.java:149)
	at com.watsoncluetracker.NpcDialogTracker.optionSelected(NpcDialogTracker.java:254)
	at com.watsoncluetracker.NpcDialogTracker.onScriptPostFired(NpcDialogTracker.java:214)
	at net.runelite.client.eventbus.EventBus$Subscriber.invoke(EventBus.java:70)
	at net.runelite.client.eventbus.EventBus.post(EventBus.java:223)
	at net.runelite.client.callback.Hooks.post(Hooks.java:169)
	at client.lx(client.java:54109)
	at hm.c(hm.java:59960)
	at eh.n(eh.java:110)
	at client.fz(client.java:4062)
	at client.i(client.java:1893)
	at at.jr(at.java:380)
	at at.run(at.java:359)
	at java.base/java.lang.Thread.run(Unknown Source)
2021-10-01 13:03:26 [Client] INFO  c.c.CoxLightColorsPlugin - Light gameObject spawned
2021-10-01 13:18:00 [Client] INFO  c.c.CoxLightColorsPlugin - Light gameObject spawned
2021-10-01 13:48:45 [Client] INFO  c.c.CoxLightColorsPlugin - Light gameObject spawned
2021-10-01 13:58:20 [Client] INFO  c.c.CoxLightColorsPlugin - Light gameObject spawned
2021-10-01 14:01:59 [Client] INFO  c.c.CoxLightColorsPlugin - Light gameObject spawned
2021-10-01 14:02:38 [Client] INFO  c.c.CoxLightColorsPlugin - Light gameObject spawned
2021-10-01 14:32:37 [Client] INFO  c.c.CoxLightColorsPlugin - Light gameObject spawned
2021-10-01 14:44:11 [Client] INFO  c.c.CoxLightColorsPlugin - Light gameObject spawned
2021-10-01 21:17:31 [RuneLite] INFO  net.runelite.client.RuneLite - RuneLite 1.7.24 (launcher version 2.1.3) starting up, args: none
2021-10-01 21:17:32 [Preloader] INFO  net.runelite.client.rs.ClientLoader - Using cached vanilla client
2021-10-01 21:17:32 [Preloader] INFO  net.runelite.client.rs.ClientLoader - Using cached patched client
2021-10-01 21:17:33 [Preloader] INFO  net.runelite.client.rs.ClientLoader - client-patch 1583155852.255
2021-10-01 21:17:36 [RuneLite] INFO  n.r.c.plugins.kourendlibrary.Library - Library is now reset
2021-10-01 21:17:37 [RuneLite] INFO  n.r.c.e.ExternalPluginManager - Loading external plugin "skills-tab-progress-bars" version "0.8" commit "edad37606858fb22dcea07ac9bb1f9324d737a80"
2021-10-01 21:17:37 [RuneLite] INFO  n.r.c.e.ExternalPluginManager - Loading external plugin "chatbox-opacity" version "dbee9ba4" commit "dbee9ba4e138cae2467354fc169d9c34dcac3162"
2021-10-01 21:17:37 [RuneLite] INFO  n.r.c.e.ExternalPluginManager - Loading external plugin "zalcano" version "e7fde457" commit "e7fde4576c9dbeb76efe5796f656dfe66f3d6fcb"
2021-10-01 21:17:37 [RuneLite] INFO  n.r.c.e.ExternalPluginManager - Loading external plugin "menu-swapper-extended" version "1.8" commit "fec61a1a0f266bc28ac3fa6bd3338f2d72d05d5c"
2021-10-01 21:17:37 [RuneLite] INFO  n.r.c.e.ExternalPluginManager - Loading external plugin "stealing-artefacts" version "1.1" commit "d4ccb8955208137981bf636121ba1c87ab453108"
2021-10-01 21:17:37 [RuneLite] INFO  n.r.c.e.ExternalPluginManager - Loading external plugin "not-empty" version "1.0" commit "e49ec7cc3927e911337ad48bd530cb52f5365183"
2021-10-01 21:17:37 [RuneLite] INFO  n.r.c.e.ExternalPluginManager - Loading external plugin "profiles-panel" version "1.1.4" commit "c2dd59dcdf324df01c54aeba4cce4577c645f642"
2021-10-01 21:17:37 [RuneLite] INFO  n.r.c.e.ExternalPluginManager - Loading external plugin "crab-solver" version "1.2" commit "a81701ff28b1c0f0790bd0bd9a927c140d3a3e97"
2021-10-01 21:17:37 [RuneLite] INFO  n.r.c.e.ExternalPluginManager - Loading external plugin "watson-clue-tracker" version "1.0.4" commit "7c098357d4cc593e77df77f5377ad77af676f1ee"
2021-10-01 21:17:37 [RuneLite] INFO  n.r.c.e.ExternalPluginManager - Loading external plugin "quest-helper" version "2.5.1" commit "c8359864f798c9557a2ecc83e589438b9d7a7414"
2021-10-01 21:17:37 [RuneLite] INFO  n.r.c.e.ExternalPluginManager - Loading external plugin "equipment-inspector" version "1.2" commit "c0018d299bb4a3dd4ef971a72bfdc776a42f0ff8"
2021-10-01 21:17:37 [RuneLite] INFO  n.r.c.e.ExternalPluginManager - Loading external plugin "cox-additions" version "40d2ba90" commit "40d2ba90edd8ad23a578c40e8e6ecaaa5eb226fd"
2021-10-01 21:17:37 [RuneLite] INFO  n.r.c.e.ExternalPluginManager - Loading external plugin "gauntlet" version "1.0.0" commit "e928b24970bd234aad16c3ec3d9005735b852c08"
2021-10-01 21:17:37 [RuneLite] INFO  n.r.c.e.ExternalPluginManager - Loading external plugin "inventory-setups" version "v1.12" commit "89f404d05f6e7a34d6cdd954d21f277f804aeb6a"
2021-10-01 21:17:37 [RuneLite] INFO  n.r.c.e.ExternalPluginManager - Loading external plugin "the-gauntlet" version "4e13d3eb" commit "4e13d3ebdf7da91f96c3a47856b2ac19de1e48c8"
2021-10-01 21:17:37 [RuneLite] INFO  n.r.c.e.ExternalPluginManager - Loading external plugin "slash-swapper" version "0870d527" commit "0870d527aa88e8c75ec110127d533b21f0e6b83a"
2021-10-01 21:17:37 [RuneLite] INFO  n.r.c.e.ExternalPluginManager - Loading external plugin "pet-info" version "4.0" commit "dce286070830a322969f2024856c5e65fca9c89a"
2021-10-01 21:17:37 [RuneLite] INFO  n.r.c.e.ExternalPluginManager - Loading external plugin "bank-tab-names" version "1.0.0" commit "524316bc3b36abca7ca0ecbf84636f79f54b376a"
2021-10-01 21:17:37 [RuneLite] INFO  n.r.c.e.ExternalPluginManager - Loading external plugin "zulrah-helper" version "1.2.1" commit "a10c7242ee25809705985883ad297e89962b9b85"
2021-10-01 21:17:37 [RuneLite] INFO  n.r.c.e.ExternalPluginManager - Loading external plugin "chompy-hunter" version "1.2" commit "dd55d418a7412bfb169fb74e7a27fc872a3dbe01"
2021-10-01 21:17:37 [RuneLite] INFO  n.r.c.e.ExternalPluginManager - Loading external plugin "tempoross" version "1.1" commit "d25d396318e7646171deceabaaae66b9e4059ba3"
2021-10-01 21:17:37 [RuneLite] INFO  n.r.c.e.ExternalPluginManager - Loading external plugin "banked-experience" version "2.0.8" commit "cb7235902f37254d24699c38971f9f58c5a4c991"
2021-10-01 21:17:37 [RuneLite] INFO  n.r.c.e.ExternalPluginManager - Loading external plugin "supplies-tracker" version "2.01" commit "79432ec85d1aafa0d1f8f66451a6c1c6f6f7303e"
2021-10-01 21:17:37 [RuneLite] INFO  n.r.c.e.ExternalPluginManager - Loading external plugin "resource-packs" version "1.4.3" commit "c97b20634e7976d35cfd2d73a8ca6cf8866b55dd"
2021-10-01 21:17:37 [RuneLite] INFO  n.r.c.e.ExternalPluginManager - Loading external plugin "picture-in-picture" version "1.4.1" commit "32688a78c119187be8c33c62cf56f990fe9bb688"
2021-10-01 21:17:37 [RuneLite] INFO  n.r.c.e.ExternalPluginManager - Loading external plugin "transmog" version "1.2.1" commit "ba64c8ad20fe00f663ef69dfb6f9213efe441cf8"
2021-10-01 21:17:37 [RuneLite] INFO  n.r.c.e.ExternalPluginManager - Loading external plugin "ping-grapher" version "1.3.1" commit "8b4eb39187d0f59e585d06b4abb7ac4c464da2d2"
2021-10-01 21:17:37 [RuneLite] INFO  n.r.c.e.ExternalPluginManager - Loading external plugin "bats-locator" version "890cefa0" commit "890cefa0a95a734abc15a6b1f0681276c5c78c4d"
2021-10-01 21:17:37 [RuneLite] INFO  n.r.c.e.ExternalPluginManager - Loading external plugin "cox-light-colors" version "1.3.2" commit "6a45d1c702f56bfb9ce146efc4160312fae5d963"
2021-10-01 21:17:37 [RuneLite] INFO  n.r.c.e.ExternalPluginManager - Loading external plugin "damage-counter" version "1.6" commit "393187db8d2554ff47e7022b05f379bc31c38663"
2021-10-01 21:17:37 [RuneLite] INFO  n.r.c.e.ExternalPluginManager - Loading external plugin "raid-reloader" version "415a4b71" commit "415a4b71a6f94f9f10345f5c825ab1109bc7cb07"
2021-10-01 21:17:37 [RuneLite] INFO  n.r.c.e.ExternalPluginManager - Loading external plugin "bank-value-tracker" version "757b7b33" commit "757b7b33bdfc27ba24d57fd22a15456f75558d00"
2021-10-01 21:17:37 [RuneLite] INFO  n.r.c.e.ExternalPluginManager - Loading external plugin "elysiumevents-plugin" version "857ab9e3" commit "857ab9e310e22a83a00d5de55024c94166c1834f"
2021-10-01 21:17:37 [RuneLite] INFO  n.r.c.e.ExternalPluginManager - Loading external plugin "fight-cave-waves" version "1.2" commit "51790d94159cbb85893de04d90efc5c0c20d819a"
2021-10-01 21:17:37 [RuneLite] INFO  n.r.c.e.ExternalPluginManager - Loading external plugin "loot-table" version "1.0.1" commit "1f17b17c7e0b6a6843b27e4305029a0d2ebb2260"
2021-10-01 21:17:37 [RuneLite] INFO  n.r.c.e.ExternalPluginManager - Loading external plugin "optimal-quest-guide" version "cbafa444" commit "cbafa4440bc08f6f93727730cd27fe5f15083d87"
2021-10-01 21:17:37 [RuneLite] INFO  n.r.c.e.ExternalPluginManager - Loading external plugin "ba-minigame" version "1.42" commit "92da92790bd4657bb14e99cde01308bec94a2809"
2021-10-01 21:17:37 [RuneLite] INFO  n.r.c.e.ExternalPluginManager - Loading external plugin "117hd" version "1.0.4" commit "4670a5d73e752b32db26bbd6998054cda034bef5"
2021-10-01 21:17:38 [RuneLite] INFO  n.r.c.e.ExternalPluginManager - Loading external plugin "improved-tears-of-guthix-interface" version "1.1" commit "adaae7dbe3ff3710e47eba12a32dfe1d71dd14c9"
2021-10-01 21:17:38 [RuneLite] INFO  n.r.c.e.ExternalPluginManager - Loading external plugin "crab-stun-timers" version "b0e7ad22" commit "b0e7ad22a6018fed3cdcd105d6a1873a242e75e3"
2021-10-01 21:17:38 [RuneLite] INFO  n.r.client.discord.DiscordService - Initializing Discord RPC service.
2021-10-01 21:17:40 [AWT-EventQueue-0] INFO  dekvall.notempty.NotEmptyPlugin - Not Empty started!
2021-10-01 21:17:41 [AWT-EventQueue-0] INFO  com.pinggraph.PingGraphPlugin - Ping Graph started!
2021-10-01 21:17:42 [AWT-EventQueue-0] INFO  com.zalcano.ZalcanoPlugin - Zalcano plugin started
2021-10-01 21:17:42 [pool-3-thread-1] INFO  n.r.client.discord.DiscordService - Discord RPC service is ready with user Victor.
2021-10-01 21:17:43 [RuneLite] INFO  net.runelite.client.RuneLite - Client initialization took 12513ms. Uptime: 21103ms
2021-10-01 21:17:43 [AWT-EventQueue-0] INFO  net.runelite.client.ui.ClientUI - Showing frame net.runelite.client.ui.ContainableFrame[frame0,0,0,1920x1040,layout=java.awt.BorderLayout,title=RuneLite,resizable,maximized,defaultCloseOperation=DO_NOTHING_ON_CLOSE,rootPane=javax.swing.JRootPane[,0,0,1920x1040,layout=org.pushingpixels.substance.internal.ui.SubstanceRootPaneUI$SubstanceRootLayout,alignmentX=0.0,alignmentY=0.0,border=org.pushingpixels.substance.internal.utils.border.SubstancePaneBorder@419f1cbf,flags=16777673,maximumSize=,minimumSize=,preferredSize=],rootPaneCheckingEnabled=true]
2021-10-01 21:17:45 [Client] INFO  rs117.hd.HdPlugin - Using device: NVIDIA GeForce RTX 2080/PCIe/SSE2
2021-10-01 21:17:45 [Client] INFO  rs117.hd.HdPlugin - Using driver: 4.6.0 NVIDIA 471.96
2021-10-01 21:34:56 [Client] WARN  n.runelite.client.eventbus.EventBus - Uncaught exception in event subscriber
java.lang.NullPointerException: null
	at com.suppliestracker.SuppliesTrackerPlugin.checkUsedRunePouch(SuppliesTrackerPlugin.java:1550)
	at com.suppliestracker.SuppliesTrackerPlugin.onGameTick(SuppliesTrackerPlugin.java:401)
	at net.runelite.client.eventbus.EventBus$Subscriber.invoke(EventBus.java:70)
	at net.runelite.client.eventbus.EventBus.post(EventBus.java:223)
	at net.runelite.client.callback.Hooks.clientMainLoop(Hooks.java:187)
	at client.tq(client.java:43502)
	at client.aq(client.java)
	at at.b(at.java:406)
	at at.run(at.java:360)
	at java.base/java.lang.Thread.run(Unknown Source)
2021-10-01 21:44:57 [Client] WARN  n.runelite.client.eventbus.EventBus - following log message logged 1000 times!
2021-10-01 21:44:57 [Client] WARN  n.runelite.client.eventbus.EventBus - Uncaught exception in event subscriber
java.lang.NullPointerException: null
	at com.suppliestracker.SuppliesTrackerPlugin.checkUsedRunePouch(SuppliesTrackerPlugin.java:1550)
	at com.suppliestracker.SuppliesTrackerPlugin.onGameTick(SuppliesTrackerPlugin.java:401)
	at net.runelite.client.eventbus.EventBus$Subscriber.invoke(EventBus.java:70)
	at net.runelite.client.eventbus.EventBus.post(EventBus.java:223)
	at net.runelite.client.callback.Hooks.clientMainLoop(Hooks.java:187)
	at client.tq(client.java:43502)
	at client.aq(client.java)
	at at.b(at.java:406)
	at at.run(at.java:360)
	at java.base/java.lang.Thread.run(Unknown Source)
2021-10-01 21:54:57 [Client] WARN  n.runelite.client.eventbus.EventBus - following log message logged 1000 times!
2021-10-01 21:54:57 [Client] WARN  n.runelite.client.eventbus.EventBus - Uncaught exception in event subscriber
java.lang.NullPointerException: null
	at com.suppliestracker.SuppliesTrackerPlugin.checkUsedRunePouch(SuppliesTrackerPlugin.java:1550)
	at com.suppliestracker.SuppliesTrackerPlugin.onGameTick(SuppliesTrackerPlugin.java:401)
	at net.runelite.client.eventbus.EventBus$Subscriber.invoke(EventBus.java:70)
	at net.runelite.client.eventbus.EventBus.post(EventBus.java:223)
	at net.runelite.client.callback.Hooks.clientMainLoop(Hooks.java:187)
	at client.tq(client.java:43502)
	at client.aq(client.java)
	at at.b(at.java:406)
	at at.run(at.java:360)
	at java.base/java.lang.Thread.run(Unknown Source)
2021-10-01 22:05:03 [Client] WARN  n.runelite.client.eventbus.EventBus - following log message logged 1000 times!
2021-10-01 22:05:03 [Client] WARN  n.runelite.client.eventbus.EventBus - Uncaught exception in event subscriber
java.lang.NullPointerException: null
	at com.suppliestracker.SuppliesTrackerPlugin.checkUsedRunePouch(SuppliesTrackerPlugin.java:1550)
	at com.suppliestracker.SuppliesTrackerPlugin.onGameTick(SuppliesTrackerPlugin.java:401)
	at net.runelite.client.eventbus.EventBus$Subscriber.invoke(EventBus.java:70)
	at net.runelite.client.eventbus.EventBus.post(EventBus.java:223)
	at net.runelite.client.callback.Hooks.clientMainLoop(Hooks.java:187)
	at client.tq(client.java:43502)
	at client.aq(client.java)
	at at.b(at.java:406)
	at at.run(at.java:360)
	at java.base/java.lang.Thread.run(Unknown Source)
2021-10-01 22:15:03 [Client] WARN  n.runelite.client.eventbus.EventBus - following log message logged 1000 times!
2021-10-01 22:15:03 [Client] WARN  n.runelite.client.eventbus.EventBus - Uncaught exception in event subscriber
java.lang.NullPointerException: null
	at com.suppliestracker.SuppliesTrackerPlugin.checkUsedRunePouch(SuppliesTrackerPlugin.java:1550)
	at com.suppliestracker.SuppliesTrackerPlugin.onGameTick(SuppliesTrackerPlugin.java:401)
	at net.runelite.client.eventbus.EventBus$Subscriber.invoke(EventBus.java:70)
	at net.runelite.client.eventbus.EventBus.post(EventBus.java:223)
	at net.runelite.client.callback.Hooks.clientMainLoop(Hooks.java:187)
	at client.tq(client.java:43502)
	at client.aq(client.java)
	at at.b(at.java:406)
	at at.run(at.java:360)
	at java.base/java.lang.Thread.run(Unknown Source)
2021-10-01 22:18:53 [Client] WARN  n.runelite.client.eventbus.EventBus - Uncaught exception in event subscriber
java.lang.NullPointerException: null
	at java.base/java.util.LinkedList.node(Unknown Source)
	at java.base/java.util.LinkedList.get(Unknown Source)
	at com.pinggraph.PingGraphPlugin.getMaxMinFromList(PingGraphPlugin.java:151)
	at com.pinggraph.PingGraphPlugin.onClientTick(PingGraphPlugin.java:122)
	at net.runelite.client.eventbus.EventBus$Subscriber.invoke(EventBus.java:70)
	at net.runelite.client.eventbus.EventBus.post(EventBus.java:223)
	at net.runelite.client.callback.Hooks.post(Hooks.java:169)
	at client.gs(client.java:31331)
	at client.fz(client.java:4027)
	at client.i(client.java:1893)
	at at.jr(at.java:380)
	at at.run(at.java:359)
	at java.base/java.lang.Thread.run(Unknown Source)
2021-10-01 22:24:16 [Client] WARN  n.runelite.client.eventbus.EventBus - Uncaught exception in event subscriber
java.lang.NullPointerException: null
2021-10-01 22:34:17 [Client] WARN  n.runelite.client.eventbus.EventBus - following log message logged 1000 times!
2021-10-01 22:34:17 [Client] WARN  n.runelite.client.eventbus.EventBus - Uncaught exception in event subscriber
java.lang.NullPointerException: null
2021-10-01 22:44:19 [Client] WARN  n.runelite.client.eventbus.EventBus - following log message logged 1000 times!
2021-10-01 22:44:19 [Client] WARN  n.runelite.client.eventbus.EventBus - Uncaught exception in event subscriber
java.lang.NullPointerException: null
2021-10-01 22:54:20 [Client] WARN  n.runelite.client.eventbus.EventBus - following log message logged 1000 times!
2021-10-01 22:54:20 [Client] WARN  n.runelite.client.eventbus.EventBus - Uncaught exception in event subscriber
java.lang.NullPointerException: null
2021-10-01 23:04:22 [Client] WARN  n.runelite.client.eventbus.EventBus - following log message logged 1000 times!
2021-10-01 23:04:22 [Client] WARN  n.runelite.client.eventbus.EventBus - Uncaught exception in event subscriber
java.lang.NullPointerException: null
2021-10-01 23:14:24 [Client] WARN  n.runelite.client.eventbus.EventBus - following log message logged 1000 times!
2021-10-01 23:14:24 [Client] WARN  n.runelite.client.eventbus.EventBus - Uncaught exception in event subscriber
java.lang.NullPointerException: null
2021-10-01 23:24:24 [Client] WARN  n.runelite.client.eventbus.EventBus - following log message logged 1000 times!
2021-10-01 23:24:24 [Client] WARN  n.runelite.client.eventbus.EventBus - Uncaught exception in event subscriber
java.lang.NullPointerException: null
2021-10-01 23:34:25 [Client] WARN  n.runelite.client.eventbus.EventBus - following log message logged 1000 times!
2021-10-01 23:34:25 [Client] WARN  n.runelite.client.eventbus.EventBus - Uncaught exception in event subscriber
java.lang.NullPointerException: null
