2021-10-13 01:10:55 [OkHttp https://crystalmathlabs.com/...] WARN  n.r.c.p.xpupdater.XpUpdaterPlugin - Error submitting CrystalMathLabs update, caused by timeout.
2021-10-13 01:11:52 [Client] ERROR client-patch - Game crash: null
com.jogamp.opengl.GLException: Error swapping buffers
	at jogamp.opengl.windows.wgl.WindowsWGLDrawable.swapBuffersImpl(WindowsWGLDrawable.java:93)
	at jogamp.opengl.GLDrawableImpl.swapBuffers(GLDrawableImpl.java:88)
	at net.runelite.client.plugins.gpu.GpuPlugin.drawFrame(GpuPlugin.java:1276)
	at net.runelite.client.plugins.gpu.GpuPlugin.lambda$draw$7(GpuPlugin.java:1004)
	at net.runelite.client.plugins.gpu.GpuPlugin.invokeOnMainThread(GpuPlugin.java:1706)
	at net.runelite.client.plugins.gpu.GpuPlugin.draw(GpuPlugin.java:1004)
	at ay.t(ay.java:2735)
	at ay.run(ay.java:345)
	at java.base/java.lang.Thread.run(Unknown Source)
2021-10-13 10:40:59 [RuneLite] INFO  net.runelite.client.RuneLite - RuneLite 1.7.25 (launcher version 2.1.3) starting up, args: none
2021-10-13 10:41:00 [Preloader] INFO  net.runelite.client.rs.ClientLoader - Using cached vanilla client
2021-10-13 10:41:00 [Preloader] INFO  net.runelite.client.rs.ClientLoader - Using cached patched client
2021-10-13 10:41:01 [Preloader] INFO  net.runelite.client.rs.ClientLoader - client-patch 1654236623.279
2021-10-13 10:41:02 [RuneLite] INFO  n.r.c.plugins.kourendlibrary.Library - Library is now reset
2021-10-13 10:41:04 [RuneLite] INFO  n.r.c.e.ExternalPluginManager - Loading external plugin "skills-tab-progress-bars" version "0.8" commit "edad37606858fb22dcea07ac9bb1f9324d737a80"
2021-10-13 10:41:04 [RuneLite] INFO  n.r.c.e.ExternalPluginManager - Loading external plugin "chatbox-opacity" version "dbee9ba4" commit "dbee9ba4e138cae2467354fc169d9c34dcac3162"
2021-10-13 10:41:04 [RuneLite] INFO  n.r.c.e.ExternalPluginManager - Loading external plugin "menu-swapper-extended" version "1.8" commit "c4c71b4e24b9e6de9c894eba44a1709203e3b661"
2021-10-13 10:41:04 [RuneLite] INFO  n.r.c.e.ExternalPluginManager - Loading external plugin "zalcano" version "e7fde457" commit "e7fde4576c9dbeb76efe5796f656dfe66f3d6fcb"
2021-10-13 10:41:04 [RuneLite] INFO  n.r.c.e.ExternalPluginManager - Loading external plugin "quest-helper" version "2.6.0" commit "3d9cc4ad2962b2b3cc363f3bb39502b428e403f4"
2021-10-13 10:41:04 [RuneLite] INFO  n.r.c.e.ExternalPluginManager - Loading external plugin "stealing-artefacts" version "1.1" commit "d4ccb8955208137981bf636121ba1c87ab453108"
2021-10-13 10:41:04 [RuneLite] INFO  n.r.c.e.ExternalPluginManager - Loading external plugin "inventory-setups" version "v1.12" commit "89f404d05f6e7a34d6cdd954d21f277f804aeb6a"
2021-10-13 10:41:04 [RuneLite] INFO  n.r.c.e.ExternalPluginManager - Loading external plugin "not-empty" version "1.0" commit "e49ec7cc3927e911337ad48bd530cb52f5365183"
2021-10-13 10:41:04 [RuneLite] INFO  n.r.c.e.ExternalPluginManager - Loading external plugin "profiles-panel" version "1.1.4" commit "c2dd59dcdf324df01c54aeba4cce4577c645f642"
2021-10-13 10:41:04 [RuneLite] INFO  n.r.c.e.ExternalPluginManager - Loading external plugin "crab-solver" version "1.2" commit "a81701ff28b1c0f0790bd0bd9a927c140d3a3e97"
2021-10-13 10:41:04 [RuneLite] INFO  n.r.c.e.ExternalPluginManager - Loading external plugin "watson-clue-tracker" version "1.0.4" commit "7c098357d4cc593e77df77f5377ad77af676f1ee"
2021-10-13 10:41:04 [RuneLite] INFO  n.r.c.e.ExternalPluginManager - Loading external plugin "equipment-inspector" version "1.2" commit "c0018d299bb4a3dd4ef971a72bfdc776a42f0ff8"
2021-10-13 10:41:04 [RuneLite] INFO  n.r.c.e.ExternalPluginManager - Loading external plugin "cox-additions" version "40d2ba90" commit "40d2ba90edd8ad23a578c40e8e6ecaaa5eb226fd"
2021-10-13 10:41:04 [RuneLite] INFO  n.r.c.e.ExternalPluginManager - Loading external plugin "gauntlet" version "1.0.0" commit "e928b24970bd234aad16c3ec3d9005735b852c08"
2021-10-13 10:41:04 [RuneLite] INFO  n.r.c.e.ExternalPluginManager - Loading external plugin "the-gauntlet" version "4e13d3eb" commit "4e13d3ebdf7da91f96c3a47856b2ac19de1e48c8"
2021-10-13 10:41:04 [RuneLite] INFO  n.r.c.e.ExternalPluginManager - Loading external plugin "slash-swapper" version "0870d527" commit "0870d527aa88e8c75ec110127d533b21f0e6b83a"
2021-10-13 10:41:04 [RuneLite] INFO  n.r.c.e.ExternalPluginManager - Loading external plugin "pet-info" version "4.0" commit "dce286070830a322969f2024856c5e65fca9c89a"
2021-10-13 10:41:04 [RuneLite] INFO  n.r.c.e.ExternalPluginManager - Loading external plugin "bank-tab-names" version "1.0.0" commit "524316bc3b36abca7ca0ecbf84636f79f54b376a"
2021-10-13 10:41:04 [RuneLite] INFO  n.r.c.e.ExternalPluginManager - Loading external plugin "wom-utils" version "1.3.2" commit "d90ffe1067b582a32bc75a4fc944bc6a9202e00b"
2021-10-13 10:41:04 [RuneLite] INFO  n.r.c.e.ExternalPluginManager - Loading external plugin "zulrah-helper" version "1.2.1" commit "a10c7242ee25809705985883ad297e89962b9b85"
2021-10-13 10:41:04 [RuneLite] INFO  n.r.c.e.ExternalPluginManager - Loading external plugin "chompy-hunter" version "1.2" commit "dd55d418a7412bfb169fb74e7a27fc872a3dbe01"
2021-10-13 10:41:04 [RuneLite] INFO  n.r.c.e.ExternalPluginManager - Loading external plugin "gnome-restaurant" version "1.3" commit "558256e0763eb13f4a032810b6c4ee5227880e26"
2021-10-13 10:41:04 [RuneLite] INFO  n.r.c.e.ExternalPluginManager - Loading external plugin "tempoross" version "1.1" commit "d25d396318e7646171deceabaaae66b9e4059ba3"
2021-10-13 10:41:04 [RuneLite] INFO  n.r.c.e.ExternalPluginManager - Loading external plugin "banked-experience" version "2.0.8" commit "cb7235902f37254d24699c38971f9f58c5a4c991"
2021-10-13 10:41:04 [RuneLite] INFO  n.r.c.e.ExternalPluginManager - Loading external plugin "supplies-tracker" version "2.01" commit "79432ec85d1aafa0d1f8f66451a6c1c6f6f7303e"
2021-10-13 10:41:04 [RuneLite] INFO  n.r.c.e.ExternalPluginManager - Loading external plugin "resource-packs" version "1.4.4" commit "febc83db0fbb19172d9fa4a5d740e490cd8cd428"
2021-10-13 10:41:04 [RuneLite] INFO  n.r.c.e.ExternalPluginManager - Loading external plugin "picture-in-picture" version "1.4.1" commit "32688a78c119187be8c33c62cf56f990fe9bb688"
2021-10-13 10:41:04 [RuneLite] INFO  n.r.c.e.ExternalPluginManager - Loading external plugin "transmog" version "1.2.1" commit "ba64c8ad20fe00f663ef69dfb6f9213efe441cf8"
2021-10-13 10:41:04 [RuneLite] INFO  n.r.c.e.ExternalPluginManager - Loading external plugin "ping-grapher" version "1.3.1" commit "8b4eb39187d0f59e585d06b4abb7ac4c464da2d2"
2021-10-13 10:41:04 [RuneLite] INFO  n.r.c.e.ExternalPluginManager - Loading external plugin "bats-locator" version "890cefa0" commit "890cefa0a95a734abc15a6b1f0681276c5c78c4d"
2021-10-13 10:41:04 [RuneLite] INFO  n.r.c.e.ExternalPluginManager - Loading external plugin "cox-light-colors" version "1.3.2" commit "6a45d1c702f56bfb9ce146efc4160312fae5d963"
2021-10-13 10:41:04 [RuneLite] INFO  n.r.c.e.ExternalPluginManager - Loading external plugin "117hd" version "1.0.6" commit "803c7136ee133484ee8ca80e16974897def85bb5"
2021-10-13 10:41:04 [RuneLite] INFO  n.r.c.e.ExternalPluginManager - Loading external plugin "damage-counter" version "1.6" commit "393187db8d2554ff47e7022b05f379bc31c38663"
2021-10-13 10:41:04 [RuneLite] INFO  n.r.c.e.ExternalPluginManager - Loading external plugin "raid-reloader" version "415a4b71" commit "415a4b71a6f94f9f10345f5c825ab1109bc7cb07"
2021-10-13 10:41:04 [RuneLite] INFO  n.r.c.e.ExternalPluginManager - Loading external plugin "bank-value-tracker" version "757b7b33" commit "757b7b33bdfc27ba24d57fd22a15456f75558d00"
2021-10-13 10:41:04 [RuneLite] INFO  n.r.c.e.ExternalPluginManager - Loading external plugin "elysiumevents-plugin" version "857ab9e3" commit "857ab9e310e22a83a00d5de55024c94166c1834f"
2021-10-13 10:41:04 [RuneLite] INFO  n.r.c.e.ExternalPluginManager - Loading external plugin "fight-cave-waves" version "1.2" commit "51790d94159cbb85893de04d90efc5c0c20d819a"
2021-10-13 10:41:04 [RuneLite] INFO  n.r.c.e.ExternalPluginManager - Loading external plugin "loot-table" version "1.0.1" commit "1f17b17c7e0b6a6843b27e4305029a0d2ebb2260"
2021-10-13 10:41:04 [RuneLite] INFO  n.r.c.e.ExternalPluginManager - Loading external plugin "optimal-quest-guide" version "cbafa444" commit "cbafa4440bc08f6f93727730cd27fe5f15083d87"
2021-10-13 10:41:04 [RuneLite] INFO  n.r.c.e.ExternalPluginManager - Loading external plugin "ba-minigame" version "1.42" commit "92da92790bd4657bb14e99cde01308bec94a2809"
2021-10-13 10:41:04 [RuneLite] INFO  n.r.c.e.ExternalPluginManager - Loading external plugin "improved-tears-of-guthix-interface" version "1.1" commit "adaae7dbe3ff3710e47eba12a32dfe1d71dd14c9"
2021-10-13 10:41:04 [RuneLite] INFO  n.r.c.e.ExternalPluginManager - Loading external plugin "crab-stun-timers" version "b0e7ad22" commit "b0e7ad22a6018fed3cdcd105d6a1873a242e75e3"
2021-10-13 10:41:05 [RuneLite] INFO  n.r.client.discord.DiscordService - Initializing Discord RPC service.
2021-10-13 10:41:06 [AWT-EventQueue-0] INFO  dekvall.notempty.NotEmptyPlugin - Not Empty started!
2021-10-13 10:41:06 [AWT-EventQueue-0] INFO  com.pinggraph.PingGraphPlugin - Ping Graph started!
2021-10-13 10:41:07 [pool-3-thread-1] INFO  n.r.client.discord.DiscordService - Discord RPC service is ready with user Victor.
2021-10-13 10:41:07 [AWT-EventQueue-0] INFO  dev.dkvl.womutils.WomUtilsPlugin - Wise Old Man started!
2021-10-13 10:41:07 [AWT-EventQueue-0] INFO  com.zalcano.ZalcanoPlugin - Zalcano plugin started
2021-10-13 10:41:07 [RuneLite] INFO  net.runelite.client.RuneLite - Client initialization took 8544ms. Uptime: 14919ms
2021-10-13 10:41:08 [AWT-EventQueue-0] INFO  net.runelite.client.ui.ClientUI - Showing frame net.runelite.client.ui.ContainableFrame[frame0,556,0,809x1043,layout=java.awt.BorderLayout,title=RuneLite,resizable,normal,defaultCloseOperation=DO_NOTHING_ON_CLOSE,rootPane=javax.swing.JRootPane[,0,0,809x1043,layout=org.pushingpixels.substance.internal.ui.SubstanceRootPaneUI$SubstanceRootLayout,alignmentX=0.0,alignmentY=0.0,border=org.pushingpixels.substance.internal.utils.border.SubstancePaneBorder@1c16a67,flags=16777673,maximumSize=,minimumSize=,preferredSize=],rootPaneCheckingEnabled=true]
2021-10-13 10:41:09 [Client] INFO  n.r.client.plugins.gpu.GpuPlugin - Using device: NVIDIA GeForce RTX 2080/PCIe/SSE2
2021-10-13 10:41:09 [Client] INFO  n.r.client.plugins.gpu.GpuPlugin - Using driver: 4.6.0 NVIDIA 471.96
2021-10-13 10:41:29 [Client] ERROR client-patch - Game crash: 4473 4471 2003
java.lang.ArrayIndexOutOfBoundsException: Index -1 out of bounds for length 728
	at cp.l(cp.java:192)
	at di.m(di.java:571)
	at dh.f(dh.java:442)
	at ac.q(ac.java:63977)
	at gg.az(gg.java:4472)
	at m.jj(m.java:11780)
	at client.hj(client.java:6487)
	at client.na(client.java:2943)
	at client.ab(client.java:1011)
	at ay.z(ay.java:364)
	at ay.run(ay.java:343)
	at java.base/java.lang.Thread.run(Unknown Source)
2021-10-13 10:41:42 [RuneLite] INFO  net.runelite.client.RuneLite - RuneLite 1.7.25 (launcher version 2.1.3) starting up, args: none
2021-10-13 10:41:43 [Preloader] INFO  net.runelite.client.rs.ClientLoader - Using cached vanilla client
2021-10-13 10:41:43 [Preloader] INFO  net.runelite.client.rs.ClientLoader - Using cached patched client
2021-10-13 10:41:43 [Preloader] INFO  net.runelite.client.rs.ClientLoader - client-patch 1654236623.279
2021-10-13 10:41:45 [RuneLite] INFO  n.r.c.plugins.kourendlibrary.Library - Library is now reset
2021-10-13 10:41:45 [RuneLite] INFO  n.r.c.e.ExternalPluginManager - Loading external plugin "skills-tab-progress-bars" version "0.8" commit "edad37606858fb22dcea07ac9bb1f9324d737a80"
2021-10-13 10:41:45 [RuneLite] INFO  n.r.c.e.ExternalPluginManager - Loading external plugin "chatbox-opacity" version "dbee9ba4" commit "dbee9ba4e138cae2467354fc169d9c34dcac3162"
2021-10-13 10:41:45 [RuneLite] INFO  n.r.c.e.ExternalPluginManager - Loading external plugin "menu-swapper-extended" version "1.8" commit "c4c71b4e24b9e6de9c894eba44a1709203e3b661"
2021-10-13 10:41:45 [RuneLite] INFO  n.r.c.e.ExternalPluginManager - Loading external plugin "zalcano" version "e7fde457" commit "e7fde4576c9dbeb76efe5796f656dfe66f3d6fcb"
2021-10-13 10:41:45 [RuneLite] INFO  n.r.c.e.ExternalPluginManager - Loading external plugin "quest-helper" version "2.6.0" commit "3d9cc4ad2962b2b3cc363f3bb39502b428e403f4"
2021-10-13 10:41:45 [RuneLite] INFO  n.r.c.e.ExternalPluginManager - Loading external plugin "stealing-artefacts" version "1.1" commit "d4ccb8955208137981bf636121ba1c87ab453108"
2021-10-13 10:41:45 [RuneLite] INFO  n.r.c.e.ExternalPluginManager - Loading external plugin "inventory-setups" version "v1.12" commit "89f404d05f6e7a34d6cdd954d21f277f804aeb6a"
2021-10-13 10:41:45 [RuneLite] INFO  n.r.c.e.ExternalPluginManager - Loading external plugin "not-empty" version "1.0" commit "e49ec7cc3927e911337ad48bd530cb52f5365183"
2021-10-13 10:41:45 [RuneLite] INFO  n.r.c.e.ExternalPluginManager - Loading external plugin "profiles-panel" version "1.1.4" commit "c2dd59dcdf324df01c54aeba4cce4577c645f642"
2021-10-13 10:41:45 [RuneLite] INFO  n.r.c.e.ExternalPluginManager - Loading external plugin "crab-solver" version "1.2" commit "a81701ff28b1c0f0790bd0bd9a927c140d3a3e97"
2021-10-13 10:41:45 [RuneLite] INFO  n.r.c.e.ExternalPluginManager - Loading external plugin "watson-clue-tracker" version "1.0.4" commit "7c098357d4cc593e77df77f5377ad77af676f1ee"
2021-10-13 10:41:45 [RuneLite] INFO  n.r.c.e.ExternalPluginManager - Loading external plugin "equipment-inspector" version "1.2" commit "c0018d299bb4a3dd4ef971a72bfdc776a42f0ff8"
2021-10-13 10:41:45 [RuneLite] INFO  n.r.c.e.ExternalPluginManager - Loading external plugin "cox-additions" version "40d2ba90" commit "40d2ba90edd8ad23a578c40e8e6ecaaa5eb226fd"
2021-10-13 10:41:45 [RuneLite] INFO  n.r.c.e.ExternalPluginManager - Loading external plugin "gauntlet" version "1.0.0" commit "e928b24970bd234aad16c3ec3d9005735b852c08"
2021-10-13 10:41:45 [RuneLite] INFO  n.r.c.e.ExternalPluginManager - Loading external plugin "the-gauntlet" version "4e13d3eb" commit "4e13d3ebdf7da91f96c3a47856b2ac19de1e48c8"
2021-10-13 10:41:45 [RuneLite] INFO  n.r.c.e.ExternalPluginManager - Loading external plugin "slash-swapper" version "0870d527" commit "0870d527aa88e8c75ec110127d533b21f0e6b83a"
2021-10-13 10:41:45 [RuneLite] INFO  n.r.c.e.ExternalPluginManager - Loading external plugin "pet-info" version "4.0" commit "dce286070830a322969f2024856c5e65fca9c89a"
2021-10-13 10:41:45 [RuneLite] INFO  n.r.c.e.ExternalPluginManager - Loading external plugin "bank-tab-names" version "1.0.0" commit "524316bc3b36abca7ca0ecbf84636f79f54b376a"
2021-10-13 10:41:45 [RuneLite] INFO  n.r.c.e.ExternalPluginManager - Loading external plugin "wom-utils" version "1.3.2" commit "d90ffe1067b582a32bc75a4fc944bc6a9202e00b"
2021-10-13 10:41:45 [RuneLite] INFO  n.r.c.e.ExternalPluginManager - Loading external plugin "zulrah-helper" version "1.2.1" commit "a10c7242ee25809705985883ad297e89962b9b85"
2021-10-13 10:41:45 [RuneLite] INFO  n.r.c.e.ExternalPluginManager - Loading external plugin "chompy-hunter" version "1.2" commit "dd55d418a7412bfb169fb74e7a27fc872a3dbe01"
2021-10-13 10:41:45 [RuneLite] INFO  n.r.c.e.ExternalPluginManager - Loading external plugin "gnome-restaurant" version "1.3" commit "558256e0763eb13f4a032810b6c4ee5227880e26"
2021-10-13 10:41:45 [RuneLite] INFO  n.r.c.e.ExternalPluginManager - Loading external plugin "tempoross" version "1.1" commit "d25d396318e7646171deceabaaae66b9e4059ba3"
2021-10-13 10:41:45 [RuneLite] INFO  n.r.c.e.ExternalPluginManager - Loading external plugin "banked-experience" version "2.0.8" commit "cb7235902f37254d24699c38971f9f58c5a4c991"
2021-10-13 10:41:45 [RuneLite] INFO  n.r.c.e.ExternalPluginManager - Loading external plugin "supplies-tracker" version "2.01" commit "79432ec85d1aafa0d1f8f66451a6c1c6f6f7303e"
2021-10-13 10:41:45 [RuneLite] INFO  n.r.c.e.ExternalPluginManager - Loading external plugin "resource-packs" version "1.4.4" commit "febc83db0fbb19172d9fa4a5d740e490cd8cd428"
2021-10-13 10:41:45 [RuneLite] INFO  n.r.c.e.ExternalPluginManager - Loading external plugin "picture-in-picture" version "1.4.1" commit "32688a78c119187be8c33c62cf56f990fe9bb688"
2021-10-13 10:41:45 [RuneLite] INFO  n.r.c.e.ExternalPluginManager - Loading external plugin "transmog" version "1.2.1" commit "ba64c8ad20fe00f663ef69dfb6f9213efe441cf8"
2021-10-13 10:41:45 [RuneLite] INFO  n.r.c.e.ExternalPluginManager - Loading external plugin "ping-grapher" version "1.3.1" commit "8b4eb39187d0f59e585d06b4abb7ac4c464da2d2"
2021-10-13 10:41:45 [RuneLite] INFO  n.r.c.e.ExternalPluginManager - Loading external plugin "bats-locator" version "890cefa0" commit "890cefa0a95a734abc15a6b1f0681276c5c78c4d"
2021-10-13 10:41:45 [RuneLite] INFO  n.r.c.e.ExternalPluginManager - Loading external plugin "cox-light-colors" version "1.3.2" commit "6a45d1c702f56bfb9ce146efc4160312fae5d963"
2021-10-13 10:41:45 [RuneLite] INFO  n.r.c.e.ExternalPluginManager - Loading external plugin "117hd" version "1.0.6" commit "803c7136ee133484ee8ca80e16974897def85bb5"
2021-10-13 10:41:45 [RuneLite] INFO  n.r.c.e.ExternalPluginManager - Loading external plugin "damage-counter" version "1.6" commit "393187db8d2554ff47e7022b05f379bc31c38663"
2021-10-13 10:41:45 [RuneLite] INFO  n.r.c.e.ExternalPluginManager - Loading external plugin "raid-reloader" version "415a4b71" commit "415a4b71a6f94f9f10345f5c825ab1109bc7cb07"
2021-10-13 10:41:45 [RuneLite] INFO  n.r.c.e.ExternalPluginManager - Loading external plugin "bank-value-tracker" version "757b7b33" commit "757b7b33bdfc27ba24d57fd22a15456f75558d00"
2021-10-13 10:41:45 [RuneLite] INFO  n.r.c.e.ExternalPluginManager - Loading external plugin "elysiumevents-plugin" version "857ab9e3" commit "857ab9e310e22a83a00d5de55024c94166c1834f"
2021-10-13 10:41:45 [RuneLite] INFO  n.r.c.e.ExternalPluginManager - Loading external plugin "fight-cave-waves" version "1.2" commit "51790d94159cbb85893de04d90efc5c0c20d819a"
2021-10-13 10:41:45 [RuneLite] INFO  n.r.c.e.ExternalPluginManager - Loading external plugin "loot-table" version "1.0.1" commit "1f17b17c7e0b6a6843b27e4305029a0d2ebb2260"
2021-10-13 10:41:45 [RuneLite] INFO  n.r.c.e.ExternalPluginManager - Loading external plugin "optimal-quest-guide" version "cbafa444" commit "cbafa4440bc08f6f93727730cd27fe5f15083d87"
2021-10-13 10:41:45 [RuneLite] INFO  n.r.c.e.ExternalPluginManager - Loading external plugin "ba-minigame" version "1.42" commit "92da92790bd4657bb14e99cde01308bec94a2809"
2021-10-13 10:41:45 [RuneLite] INFO  n.r.c.e.ExternalPluginManager - Loading external plugin "improved-tears-of-guthix-interface" version "1.1" commit "adaae7dbe3ff3710e47eba12a32dfe1d71dd14c9"
2021-10-13 10:41:45 [RuneLite] INFO  n.r.c.e.ExternalPluginManager - Loading external plugin "crab-stun-timers" version "b0e7ad22" commit "b0e7ad22a6018fed3cdcd105d6a1873a242e75e3"
2021-10-13 10:41:46 [RuneLite] INFO  n.r.client.discord.DiscordService - Initializing Discord RPC service.
2021-10-13 10:41:48 [AWT-EventQueue-0] INFO  dekvall.notempty.NotEmptyPlugin - Not Empty started!
2021-10-13 10:41:48 [pool-3-thread-1] INFO  n.r.client.discord.DiscordService - Discord RPC service is ready with user Victor.
2021-10-13 10:41:48 [AWT-EventQueue-0] INFO  com.pinggraph.PingGraphPlugin - Ping Graph started!
2021-10-13 10:41:49 [AWT-EventQueue-0] INFO  dev.dkvl.womutils.WomUtilsPlugin - Wise Old Man started!
2021-10-13 10:41:49 [AWT-EventQueue-0] INFO  com.zalcano.ZalcanoPlugin - Zalcano plugin started
2021-10-13 10:41:49 [RuneLite] INFO  net.runelite.client.RuneLite - Client initialization took 7757ms. Uptime: 10022ms
2021-10-13 10:41:50 [AWT-EventQueue-0] INFO  net.runelite.client.ui.ClientUI - Showing frame net.runelite.client.ui.ContainableFrame[frame0,556,0,809x1043,layout=java.awt.BorderLayout,title=RuneLite,resizable,normal,defaultCloseOperation=DO_NOTHING_ON_CLOSE,rootPane=javax.swing.JRootPane[,0,0,809x1043,layout=org.pushingpixels.substance.internal.ui.SubstanceRootPaneUI$SubstanceRootLayout,alignmentX=0.0,alignmentY=0.0,border=org.pushingpixels.substance.internal.utils.border.SubstancePaneBorder@5394d917,flags=16777673,maximumSize=,minimumSize=,preferredSize=],rootPaneCheckingEnabled=true]
2021-10-13 10:41:51 [Client] INFO  n.r.client.plugins.gpu.GpuPlugin - Using device: NVIDIA GeForce RTX 2080/PCIe/SSE2
2021-10-13 10:41:51 [Client] INFO  n.r.client.plugins.gpu.GpuPlugin - Using driver: 4.6.0 NVIDIA 471.96
2021-10-13 10:42:28 [pool-3-thread-1] INFO  m.resourcepacks.ResourcePacksManager - Removing pack "pack-dragonframe"
2021-10-13 10:42:28 [pool-3-thread-1] INFO  m.resourcepacks.ResourcePacksManager - Removing pack "pack-crazed"
2021-10-13 10:42:28 [pool-3-thread-1] INFO  m.resourcepacks.ResourcePacksManager - Removing pack "pack-k-purple"
2021-10-13 10:42:28 [pool-3-thread-1] INFO  m.resourcepacks.ResourcePacksManager - Removing pack "pack-pinkvanilla"
2021-10-13 10:42:29 [pool-3-thread-1] INFO  n.r.c.e.ExternalPluginManager - Stopping external plugin "class trevor.chatboxopacity.ChatboxOpacityPlugin"
2021-10-13 10:42:29 [pool-3-thread-1] INFO  n.r.c.e.ExternalPluginManager - Stopping external plugin "class io.ryoung.menuswapperextended.MenuSwapperPlugin"
2021-10-13 10:42:29 [pool-3-thread-1] INFO  n.r.c.e.ExternalPluginManager - Stopping external plugin "class com.zalcano.ZalcanoPlugin"
2021-10-13 10:42:29 [AWT-EventQueue-0] INFO  com.zalcano.ZalcanoPlugin - Zalcano plugin stopped
2021-10-13 10:42:29 [pool-3-thread-1] INFO  n.r.c.e.ExternalPluginManager - Stopping external plugin "class io.cbitler.stealingartefacts.StealingArtefactsPlugin"
2021-10-13 10:42:29 [pool-3-thread-1] INFO  n.r.c.e.ExternalPluginManager - Stopping external plugin "class inventorysetups.InventorySetupsPlugin"
2021-10-13 10:42:29 [pool-3-thread-1] INFO  n.r.c.e.ExternalPluginManager - Stopping external plugin "class dekvall.notempty.NotEmptyPlugin"
2021-10-13 10:42:29 [AWT-EventQueue-0] INFO  dekvall.notempty.NotEmptyPlugin - Not Empty stopped!
2021-10-13 10:42:29 [pool-3-thread-1] INFO  n.r.c.e.ExternalPluginManager - Stopping external plugin "class com.thenorsepantheon.profiles.ProfilesPlugin"
2021-10-13 10:42:29 [pool-3-thread-1] INFO  n.r.c.e.ExternalPluginManager - Stopping external plugin "class thestonedturtle.crabsolver.CrabSolverPlugin"
2021-10-13 10:42:29 [pool-3-thread-1] INFO  n.r.c.e.ExternalPluginManager - Stopping external plugin "class com.watsoncluetracker.WatsonPlugin"
2021-10-13 10:42:29 [pool-3-thread-1] INFO  n.r.c.e.ExternalPluginManager - Stopping external plugin "class equipmentinspector.EquipmentInspectorPlugin"
2021-10-13 10:42:29 [pool-3-thread-1] INFO  n.r.c.e.ExternalPluginManager - Stopping external plugin "class de0.coxvanguards.CoxVanguardsPlugin"
2021-10-13 10:42:29 [pool-3-thread-1] INFO  n.r.c.e.ExternalPluginManager - Stopping external plugin "class de0.coxthieving.CoxThievingPlugin"
2021-10-13 10:42:29 [pool-3-thread-1] INFO  n.r.c.e.ExternalPluginManager - Stopping external plugin "class de0.coxtimers.CoxTimersPlugin"
2021-10-13 10:42:29 [pool-3-thread-1] INFO  n.r.c.e.ExternalPluginManager - Stopping external plugin "class com.gauntlet.GauntletPlugin"
2021-10-13 10:42:29 [pool-3-thread-1] INFO  n.r.c.e.ExternalPluginManager - Stopping external plugin "class ca.gauntlet.TheGauntletPlugin"
2021-10-13 10:42:29 [pool-3-thread-1] INFO  n.r.c.e.ExternalPluginManager - Stopping external plugin "class com.SlashSwapper.SlashSwapperPlugin"
2021-10-13 10:42:29 [pool-3-thread-1] INFO  n.r.c.e.ExternalPluginManager - Stopping external plugin "class com.micro.petinfo.PetInfoPlugin"
2021-10-13 10:42:29 [pool-3-thread-1] INFO  n.r.c.e.ExternalPluginManager - Stopping external plugin "class dev.dkvl.womutils.WomUtilsPlugin"
2021-10-13 10:42:29 [AWT-EventQueue-0] INFO  dev.dkvl.womutils.WomUtilsPlugin - Wise Old Man stopped!
2021-10-13 10:42:29 [pool-3-thread-1] INFO  n.r.c.e.ExternalPluginManager - Stopping external plugin "class com.zulrahhelper.ZulrahHelperPlugin"
2021-10-13 10:42:29 [pool-3-thread-1] INFO  n.r.c.e.ExternalPluginManager - Stopping external plugin "class ejedev.chompyhunter.ChompyHunterPlugin"
2021-10-13 10:42:29 [pool-3-thread-1] INFO  n.r.c.e.ExternalPluginManager - Stopping external plugin "class io.github.mmagicala.gnomeRestaurant.GnomeRestaurantPlugin"
2021-10-13 10:42:29 [pool-3-thread-1] INFO  n.r.c.e.ExternalPluginManager - Stopping external plugin "class thestonedturtle.bankedexperience.BankedExperiencePlugin"
2021-10-13 10:42:29 [pool-3-thread-1] INFO  n.r.c.e.ExternalPluginManager - Stopping external plugin "class com.suppliestracker.SuppliesTrackerPlugin"
2021-10-13 10:42:29 [pool-3-thread-1] INFO  n.r.c.e.ExternalPluginManager - Stopping external plugin "class melky.resourcepacks.ResourcePacksPlugin"
2021-10-13 10:42:29 [pool-3-thread-1] INFO  n.r.c.e.ExternalPluginManager - Stopping external plugin "class io.hydrox.transmog.TransmogrificationPlugin"
2021-10-13 10:42:29 [pool-3-thread-1] WARN  n.r.c.e.ExternalPluginManager - Unable to stop external plugin "io.hydrox.transmog.TransmogrificationPlugin"
java.lang.reflect.InvocationTargetException: null
	at java.desktop/java.awt.EventQueue.invokeAndWait(Unknown Source)
	at java.desktop/java.awt.EventQueue.invokeAndWait(Unknown Source)
	at java.desktop/javax.swing.SwingUtilities.invokeAndWait(Unknown Source)
	at net.runelite.client.externalplugins.ExternalPluginManager.refreshPlugins(ExternalPluginManager.java:273)
	at net.runelite.client.util.RunnableExceptionLogger.run(RunnableExceptionLogger.java:41)
	at java.base/java.util.concurrent.Executors$RunnableAdapter.call(Unknown Source)
	at java.base/java.util.concurrent.FutureTask.run(Unknown Source)
	at java.base/java.util.concurrent.ScheduledThreadPoolExecutor$ScheduledFutureTask.run(Unknown Source)
	at java.base/java.util.concurrent.ThreadPoolExecutor.runWorker(Unknown Source)
	at java.base/java.util.concurrent.ThreadPoolExecutor$Worker.run(Unknown Source)
	at java.base/java.lang.Thread.run(Unknown Source)
Caused by: java.lang.RuntimeException: net.runelite.client.plugins.PluginInstantiationException: java.lang.NullPointerException
	at net.runelite.client.externalplugins.ExternalPluginManager.lambda$refreshPlugins$2(ExternalPluginManager.java:281)
	at java.desktop/java.awt.event.InvocationEvent.dispatch(Unknown Source)
	at java.desktop/java.awt.EventQueue.dispatchEventImpl(Unknown Source)
	at java.desktop/java.awt.EventQueue$4.run(Unknown Source)
	at java.desktop/java.awt.EventQueue$4.run(Unknown Source)
	at java.base/java.security.AccessController.doPrivileged(Native Method)
	at java.base/java.security.ProtectionDomain$JavaSecurityAccessImpl.doIntersectionPrivilege(Unknown Source)
	at java.desktop/java.awt.EventQueue.dispatchEvent(Unknown Source)
	at java.desktop/java.awt.EventDispatchThread.pumpOneEventForFilters(Unknown Source)
	at java.desktop/java.awt.EventDispatchThread.pumpEventsForFilter(Unknown Source)
	at java.desktop/java.awt.EventDispatchThread.pumpEventsForHierarchy(Unknown Source)
	at java.desktop/java.awt.EventDispatchThread.pumpEvents(Unknown Source)
	at java.desktop/java.awt.EventDispatchThread.pumpEvents(Unknown Source)
	at java.desktop/java.awt.WaitDispatchSupport$2.run(Unknown Source)
	at java.desktop/java.awt.WaitDispatchSupport$4.run(Unknown Source)
	at java.desktop/java.awt.WaitDispatchSupport$4.run(Unknown Source)
	at java.base/java.security.AccessController.doPrivileged(Native Method)
	at java.desktop/java.awt.WaitDispatchSupport.enter(Unknown Source)
	at net.runelite.client.util.SwingUtil.pumpPendingEvents(SwingUtil.java:311)
	at net.runelite.client.util.SwingUtil.fastRemoveAll(SwingUtil.java:289)
	at net.runelite.client.util.SwingUtil.fastRemoveAll(SwingUtil.java:283)
	at net.runelite.client.util.SwingUtil.fastRemoveAll(SwingUtil.java:283)
	at net.runelite.client.plugins.loottracker.LootTrackerPanel.rebuild(LootTrackerPanel.java:451)
	at net.runelite.client.plugins.loottracker.LootTrackerPanel.updateIgnoredRecords(LootTrackerPanel.java:443)
	at java.desktop/java.awt.event.InvocationEvent.dispatch(Unknown Source)
	at java.desktop/java.awt.EventQueue.dispatchEventImpl(Unknown Source)
	at java.desktop/java.awt.EventQueue$4.run(Unknown Source)
	at java.desktop/java.awt.EventQueue$4.run(Unknown Source)
	at java.base/java.security.AccessController.doPrivileged(Native Method)
	at java.base/java.security.ProtectionDomain$JavaSecurityAccessImpl.doIntersectionPrivilege(Unknown Source)
	at java.desktop/java.awt.EventQueue.dispatchEvent(Unknown Source)
	at java.desktop/java.awt.EventDispatchThread.pumpOneEventForFilters(Unknown Source)
	at java.desktop/java.awt.EventDispatchThread.pumpEventsForFilter(Unknown Source)
	at java.desktop/java.awt.EventDispatchThread.pumpEventsForHierarchy(Unknown Source)
	at java.desktop/java.awt.EventDispatchThread.pumpEvents(Unknown Source)
	at java.desktop/java.awt.EventDispatchThread.pumpEvents(Unknown Source)
	at java.desktop/java.awt.WaitDispatchSupport$2.run(Unknown Source)
	at java.desktop/java.awt.WaitDispatchSupport$4.run(Unknown Source)
	at java.desktop/java.awt.WaitDispatchSupport$4.run(Unknown Source)
	at java.base/java.security.AccessController.doPrivileged(Native Method)
	at java.desktop/java.awt.WaitDispatchSupport.enter(Unknown Source)
	at net.runelite.client.util.SwingUtil.pumpPendingEvents(SwingUtil.java:311)
	at net.runelite.client.util.SwingUtil.fastRemoveAll(SwingUtil.java:289)
	at net.runelite.client.util.SwingUtil.fastRemoveAll(SwingUtil.java:283)
	at net.runelite.client.util.SwingUtil.fastRemoveAll(SwingUtil.java:283)
	at net.runelite.client.plugins.loottracker.LootTrackerPanel.rebuild(LootTrackerPanel.java:451)
	at net.runelite.client.plugins.loottracker.LootTrackerPanel.updateIgnoredRecords(LootTrackerPanel.java:443)
	at java.desktop/java.awt.event.InvocationEvent.dispatch(Unknown Source)
	at java.desktop/java.awt.EventQueue.dispatchEventImpl(Unknown Source)
	at java.desktop/java.awt.EventQueue$4.run(Unknown Source)
	at java.desktop/java.awt.EventQueue$4.run(Unknown Source)
	at java.base/java.security.AccessController.doPrivileged(Native Method)
	at java.base/java.security.ProtectionDomain$JavaSecurityAccessImpl.doIntersectionPrivilege(Unknown Source)
	at java.desktop/java.awt.EventQueue.dispatchEvent(Unknown Source)
	at java.desktop/java.awt.EventDispatchThread.pumpOneEventForFilters(Unknown Source)
	at java.desktop/java.awt.EventDispatchThread.pumpEventsForFilter(Unknown Source)
	at java.desktop/java.awt.EventDispatchThread.pumpEventsForHierarchy(Unknown Source)
	at java.desktop/java.awt.EventDispatchThread.pumpEvents(Unknown Source)
	at java.desktop/java.awt.EventDispatchThread.pumpEvents(Unknown Source)
	at java.desktop/java.awt.EventDispatchThread.run(Unknown Source)
Caused by: net.runelite.client.plugins.PluginInstantiationException: java.lang.NullPointerException
	at net.runelite.client.plugins.PluginManager.stopPlugin(PluginManager.java:452)
	at net.runelite.client.externalplugins.ExternalPluginManager.lambda$refreshPlugins$2(ExternalPluginManager.java:277)
	... 59 common frames omitted
Caused by: java.lang.NullPointerException: null
	at io.hydrox.transmog.ui.UIManager.shutDown(UIManager.java:104)
	at io.hydrox.transmog.TransmogrificationPlugin.shutDown(TransmogrificationPlugin.java:128)
	at net.runelite.client.plugins.PluginManager.stopPlugin(PluginManager.java:445)
	... 60 common frames omitted
2021-10-13 10:42:29 [pool-3-thread-1] INFO  n.r.c.e.ExternalPluginManager - Stopping external plugin "class com.pinggraph.PingGraphPlugin"
2021-10-13 10:42:29 [AWT-EventQueue-0] INFO  com.pinggraph.PingGraphPlugin - Ping Graph stopped!
2021-10-13 10:42:29 [pool-3-thread-1] INFO  n.r.c.e.ExternalPluginManager - Stopping external plugin "class com.coxlightcolors.CoxLightColorsPlugin"
2021-10-13 10:42:29 [pool-3-thread-1] INFO  n.r.c.e.ExternalPluginManager - Stopping external plugin "class com.damagecounter.DamageCounterPlugin"
2021-10-13 10:42:29 [pool-3-thread-1] INFO  n.r.c.e.ExternalPluginManager - Stopping external plugin "class trevor.raidreloader.RaidReloaderPlugin"
2021-10-13 10:42:29 [Client] WARN  n.r.client.callback.ClientThread - Exception in invoke
java.lang.NullPointerException: null
	at io.hydrox.transmog.ui.UIManager.getContainer(UIManager.java:128)
	at io.hydrox.transmog.ui.UIManager.removeCustomUI(UIManager.java:152)
	at net.runelite.client.callback.ClientThread.lambda$invoke$0(ClientThread.java:48)
	at net.runelite.client.callback.ClientThread.invoke(ClientThread.java:99)
	at net.runelite.client.callback.Hooks.clientMainLoop(Hooks.java:195)
	at client.zc(client.java:29407)
	at client.ad(client.java)
	at ay.th(ay.java:390)
	at ay.run(ay.java:344)
	at java.base/java.lang.Thread.run(Unknown Source)
2021-10-13 10:42:29 [pool-3-thread-1] INFO  n.r.c.e.ExternalPluginManager - Stopping external plugin "class com.clanevents.ClanEventsPlugin"
2021-10-13 10:42:29 [pool-3-thread-1] INFO  n.r.c.e.ExternalPluginManager - Stopping external plugin "class at.nightfirec.fightcavewaves.FightCaveWavesPlugin"
2021-10-13 10:42:29 [pool-3-thread-1] INFO  n.r.c.e.ExternalPluginManager - Stopping external plugin "class com.loottable.LootTablePlugin"
2021-10-13 10:42:29 [pool-3-thread-1] INFO  n.r.c.e.ExternalPluginManager - Stopping external plugin "class com.optimalquestguide.GuidePlugin"
2021-10-13 10:42:29 [pool-3-thread-1] INFO  n.r.c.e.ExternalPluginManager - Stopping external plugin "class com.improvedtearsinterface.ImprovedTearsInterfacePlugin"
2021-10-13 10:42:29 [pool-3-thread-1] INFO  n.r.c.e.ExternalPluginManager - Stopping external plugin "class com.crabstuntimer.CrabStunPlugin"
2021-10-13 10:42:29 [pool-3-thread-1] INFO  n.r.c.e.ExternalPluginManager - Loading external plugin "c-engineer-completed" version "0.2.1" commit "f7eafb03e65639fddd214d701fdf2cd262189ac1"
2021-10-13 10:42:29 [pool-3-thread-1] INFO  n.r.c.e.ExternalPluginManager - Loading external plugin "kitten-tracker" version "db2b1cc3" commit "db2b1cc3a4dcd93fe1dc38fd4ddb5ef8ebf10716"
2021-10-13 10:45:01 [OkHttp https://api.runelite.net/...] WARN  n.r.http.api.config.ConfigClient - failed to synchronize some of 2 configuration values: {"timestamp":"Oct 13, 2021 8:45:01 AM","status":401,"error":"Unauthorized","message":"Access denied","path":"/runelite-1.7.25/config"}
2021-10-13 10:47:01 [OkHttp https://api.runelite.net/...] WARN  n.r.http.api.config.ConfigClient - failed to synchronize some of 1 configuration values: {"timestamp":"Oct 13, 2021 8:47:01 AM","status":401,"error":"Unauthorized","message":"Access denied","path":"/runelite-1.7.25/config"}
2021-10-13 10:47:31 [OkHttp https://api.runelite.net/...] WARN  n.r.http.api.config.ConfigClient - failed to synchronize some of 1 configuration values: {"timestamp":"Oct 13, 2021 8:47:31 AM","status":401,"error":"Unauthorized","message":"Access denied","path":"/runelite-1.7.25/config"}
2021-10-13 10:49:01 [OkHttp https://api.runelite.net/...] WARN  n.r.http.api.config.ConfigClient - failed to synchronize some of 1 configuration values: {"timestamp":"Oct 13, 2021 8:49:01 AM","status":401,"error":"Unauthorized","message":"Access denied","path":"/runelite-1.7.25/config"}
2021-10-13 10:49:31 [OkHttp https://api.runelite.net/...] WARN  n.r.http.api.config.ConfigClient - failed to synchronize some of 1 configuration values: {"timestamp":"Oct 13, 2021 8:49:31 AM","status":401,"error":"Unauthorized","message":"Access denied","path":"/runelite-1.7.25/config"}
2021-10-13 10:50:31 [OkHttp https://api.runelite.net/...] WARN  n.r.http.api.config.ConfigClient - failed to synchronize some of 1 configuration values: {"timestamp":"Oct 13, 2021 8:50:31 AM","status":401,"error":"Unauthorized","message":"Access denied","path":"/runelite-1.7.25/config"}
2021-10-13 10:53:56 [Client] ERROR client-patch - Game crash: 4473 4471 2003
java.lang.ArrayIndexOutOfBoundsException: Index -1 out of bounds for length 728
	at cp.l(cp.java:192)
	at di.m(di.java:571)
	at dh.f(dh.java:442)
	at ac.q(ac.java:63977)
	at gg.az(gg.java:4472)
	at m.jj(m.java:11780)
	at client.hj(client.java:6487)
	at client.na(client.java:2943)
	at client.ab(client.java:1011)
	at ay.z(ay.java:364)
	at ay.run(ay.java:343)
	at java.base/java.lang.Thread.run(Unknown Source)
2021-10-13 10:54:01 [OkHttp https://api.runelite.net/...] WARN  n.r.http.api.config.ConfigClient - failed to synchronize some of 2 configuration values: {"timestamp":"Oct 13, 2021 8:54:01 AM","status":401,"error":"Unauthorized","message":"Access denied","path":"/runelite-1.7.25/config"}
2021-10-13 10:59:02 [OkHttp https://api.runelite.net/...] WARN  n.r.http.api.config.ConfigClient - failed to synchronize some of 1 configuration values: {"timestamp":"Oct 13, 2021 8:59:01 AM","status":401,"error":"Unauthorized","message":"Access denied","path":"/runelite-1.7.25/config"}
2021-10-13 11:06:06 [OkHttp https://api.runelite.net/...] WARN  n.r.h.a.l.LootTrackerClient - Error submitting loot: 401 - 
2021-10-13 11:11:07 [OkHttp https://api.runelite.net/...] WARN  n.r.h.a.l.LootTrackerClient - Error submitting loot: 401 - 
2021-10-13 11:16:07 [OkHttp https://api.runelite.net/...] WARN  n.r.h.a.l.LootTrackerClient - Error submitting loot: 401 - 
2021-10-13 11:21:07 [OkHttp https://api.runelite.net/...] WARN  n.r.h.a.l.LootTrackerClient - Error submitting loot: 401 - 
2021-10-13 11:26:07 [OkHttp https://api.runelite.net/...] WARN  n.r.h.a.l.LootTrackerClient - Error submitting loot: 401 - 
2021-10-13 11:27:01 [OkHttp https://api.runelite.net/...] WARN  n.r.http.api.config.ConfigClient - failed to synchronize some of 1 configuration values: {"timestamp":"Oct 13, 2021 9:27:01 AM","status":401,"error":"Unauthorized","message":"Access denied","path":"/runelite-1.7.25/config"}
2021-10-13 11:31:08 [OkHttp https://api.runelite.net/...] WARN  n.r.h.a.l.LootTrackerClient - Error submitting loot: 401 - 
2021-10-13 11:36:08 [OkHttp https://api.runelite.net/...] WARN  n.r.h.a.l.LootTrackerClient - Error submitting loot: 401 - 
2021-10-13 11:41:08 [OkHttp https://api.runelite.net/...] WARN  n.r.h.a.l.LootTrackerClient - Error submitting loot: 401 - 
2021-10-13 11:42:31 [OkHttp https://api.runelite.net/...] WARN  n.r.http.api.config.ConfigClient - failed to synchronize some of 1 configuration values: {"timestamp":"Oct 13, 2021 9:42:31 AM","status":401,"error":"Unauthorized","message":"Access denied","path":"/runelite-1.7.25/config"}
2021-10-13 11:46:08 [OkHttp https://api.runelite.net/...] WARN  n.r.h.a.l.LootTrackerClient - Error submitting loot: 401 - 
2021-10-13 11:51:08 [OkHttp https://api.runelite.net/...] WARN  n.r.h.a.l.LootTrackerClient - Error submitting loot: 401 - 
2021-10-13 11:56:09 [OkHttp https://api.runelite.net/...] WARN  n.r.h.a.l.LootTrackerClient - Error submitting loot: 401 - 
2021-10-13 12:01:09 [OkHttp https://api.runelite.net/...] WARN  n.r.h.a.l.LootTrackerClient - Error submitting loot: 401 - 
2021-10-13 12:06:10 [OkHttp https://api.runelite.net/...] WARN  n.r.h.a.l.LootTrackerClient - Error submitting loot: 401 - 
2021-10-13 12:11:10 [OkHttp https://api.runelite.net/...] WARN  n.r.h.a.l.LootTrackerClient - Error submitting loot: 401 - 
2021-10-13 12:16:10 [OkHttp https://api.runelite.net/...] WARN  n.r.h.a.l.LootTrackerClient - Error submitting loot: 401 - 
2021-10-13 12:16:46 [OkHttp https://api.runelite.net/...] WARN  n.r.http.api.config.ConfigClient - failed to synchronize some of 4 configuration values: {"timestamp":"Oct 13, 2021 10:16:46 AM","status":401,"error":"Unauthorized","message":"Access denied","path":"/runelite-1.7.25/config"}
2021-10-13 12:30:11 [OkHttp https://templeosrs.com/...] WARN  n.r.c.p.xpupdater.XpUpdaterPlugin - Error submitting TempleOSRS update, caused by timeout.
2021-10-13 12:30:11 [OkHttp https://wiseoldman.net/...] WARN  n.r.c.p.xpupdater.XpUpdaterPlugin - Error submitting Wise Old Man update, caused by timeout.
2021-10-13 12:47:07 [RuneLite] INFO  net.runelite.client.RuneLite - RuneLite 1.7.25 (launcher version 2.1.3) starting up, args: none
2021-10-13 12:47:18 [Preloader] INFO  net.runelite.client.rs.ClientLoader - Failed to get jav_config from host "oldschool.runescape.com" (connect timed out)
2021-10-13 12:47:35 [Preloader] INFO  net.runelite.client.rs.ClientLoader - Failed to get jav_config from host "oldschool145.runescape.com" (Read timed out)
2021-10-13 12:47:45 [Preloader] INFO  net.runelite.client.rs.ClientLoader - Failed to get jav_config from host "oldschool117.runescape.com" (connect timed out)
2021-10-13 12:47:55 [Preloader] INFO  net.runelite.client.rs.ClientLoader - Failed to get jav_config from host "oldschool262a.runescape.com" (connect timed out)
2021-10-13 12:48:05 [Preloader] INFO  net.runelite.client.rs.ClientLoader - Failed to get jav_config from host "oldschool136.runescape.com" (connect timed out)
2021-10-13 12:48:15 [Preloader] INFO  net.runelite.client.rs.ClientLoader - Failed to get jav_config from host "oldschool144.runescape.com" (Read timed out)
2021-10-13 12:48:15 [Preloader] INFO  net.runelite.client.rs.ClientLoader - Falling back to backup client config
2021-10-13 12:48:16 [Preloader] INFO  net.runelite.client.rs.ClientLoader - Using cached vanilla client
2021-10-13 12:48:16 [Preloader] INFO  net.runelite.client.rs.ClientLoader - Using cached patched client
2021-10-13 12:48:16 [Preloader] INFO  net.runelite.client.rs.ClientLoader - client-patch 1654236623.279
2021-10-13 12:48:16 [RuneLite] INFO  n.r.client.account.SessionManager - No session file exists
2021-10-13 12:48:17 [RuneLite] INFO  n.r.c.plugins.kourendlibrary.Library - Library is now reset
2021-10-13 12:48:17 [RuneLite] INFO  n.r.c.e.ExternalPluginManager - Loading external plugin "117hd" version "1.0.6" commit "803c7136ee133484ee8ca80e16974897def85bb5"
2021-10-13 12:48:17 [RuneLite] INFO  n.r.c.e.ExternalPluginManager - Loading external plugin "skills-tab-progress-bars" version "0.8" commit "edad37606858fb22dcea07ac9bb1f9324d737a80"
2021-10-13 12:48:17 [RuneLite] INFO  n.r.c.e.ExternalPluginManager - Loading external plugin "bank-value-tracker" version "757b7b33" commit "757b7b33bdfc27ba24d57fd22a15456f75558d00"
2021-10-13 12:48:17 [RuneLite] INFO  n.r.c.e.ExternalPluginManager - Loading external plugin "ba-minigame" version "1.42" commit "92da92790bd4657bb14e99cde01308bec94a2809"
2021-10-13 12:48:17 [RuneLite] INFO  n.r.c.e.ExternalPluginManager - Loading external plugin "tempoross" version "1.1" commit "d25d396318e7646171deceabaaae66b9e4059ba3"
2021-10-13 12:48:17 [RuneLite] INFO  n.r.c.e.ExternalPluginManager - Loading external plugin "quest-helper" version "2.6.0" commit "3d9cc4ad2962b2b3cc363f3bb39502b428e403f4"
2021-10-13 12:48:17 [RuneLite] INFO  n.r.c.e.ExternalPluginManager - Loading external plugin "picture-in-picture" version "1.4.1" commit "32688a78c119187be8c33c62cf56f990fe9bb688"
2021-10-13 12:48:17 [RuneLite] INFO  n.r.c.e.ExternalPluginManager - Loading external plugin "bank-tab-names" version "1.0.0" commit "524316bc3b36abca7ca0ecbf84636f79f54b376a"
2021-10-13 12:48:17 [RuneLite] INFO  n.r.c.e.ExternalPluginManager - Loading external plugin "c-engineer-completed" version "0.2.1" commit "f7eafb03e65639fddd214d701fdf2cd262189ac1"
2021-10-13 12:48:17 [RuneLite] INFO  n.r.c.e.ExternalPluginManager - Loading external plugin "kitten-tracker" version "db2b1cc3" commit "db2b1cc3a4dcd93fe1dc38fd4ddb5ef8ebf10716"
2021-10-13 12:48:17 [RuneLite] INFO  n.r.c.e.ExternalPluginManager - Loading external plugin "bats-locator" version "890cefa0" commit "890cefa0a95a734abc15a6b1f0681276c5c78c4d"
2021-10-13 12:48:18 [RuneLite] INFO  n.r.client.discord.DiscordService - Initializing Discord RPC service.
2021-10-13 12:48:20 [RuneLite] INFO  net.runelite.client.RuneLite - Client initialization took 72257ms. Uptime: 74235ms
2021-10-13 12:48:20 [pool-3-thread-1] INFO  n.r.client.discord.DiscordService - Discord RPC service is ready with user Victor.
2021-10-13 12:48:20 [AWT-EventQueue-0] INFO  net.runelite.client.ui.ClientUI - Showing frame net.runelite.client.ui.ContainableFrame[frame0,0,0,1920x1040,layout=java.awt.BorderLayout,title=RuneLite,resizable,maximized,defaultCloseOperation=DO_NOTHING_ON_CLOSE,rootPane=javax.swing.JRootPane[,0,0,1920x1040,layout=org.pushingpixels.substance.internal.ui.SubstanceRootPaneUI$SubstanceRootLayout,alignmentX=0.0,alignmentY=0.0,border=org.pushingpixels.substance.internal.utils.border.SubstancePaneBorder@55ad476a,flags=16777673,maximumSize=,minimumSize=,preferredSize=],rootPaneCheckingEnabled=true]
2021-10-13 12:48:21 [Client] INFO  n.r.client.plugins.gpu.GpuPlugin - Using device: NVIDIA GeForce RTX 2080/PCIe/SSE2
2021-10-13 12:48:21 [Client] INFO  n.r.client.plugins.gpu.GpuPlugin - Using driver: 4.6.0 NVIDIA 471.96
2021-10-13 12:52:07 [RuneLite] INFO  net.runelite.client.RuneLite - RuneLite 1.7.25 (launcher version 2.1.3) starting up, args: none
2021-10-13 12:52:09 [Preloader] INFO  net.runelite.client.rs.ClientLoader - Using cached vanilla client
2021-10-13 12:52:09 [Preloader] INFO  net.runelite.client.rs.ClientLoader - Using cached patched client
2021-10-13 12:52:09 [Preloader] INFO  net.runelite.client.rs.ClientLoader - client-patch 1654236623.279
2021-10-13 12:52:09 [RuneLite] INFO  n.r.client.account.SessionManager - No session file exists
2021-10-13 12:52:10 [RuneLite] INFO  n.r.c.plugins.kourendlibrary.Library - Library is now reset
2021-10-13 12:52:10 [RuneLite] INFO  n.r.c.e.ExternalPluginManager - Loading external plugin "117hd" version "1.0.6" commit "803c7136ee133484ee8ca80e16974897def85bb5"
2021-10-13 12:52:10 [RuneLite] INFO  n.r.c.e.ExternalPluginManager - Loading external plugin "skills-tab-progress-bars" version "0.8" commit "edad37606858fb22dcea07ac9bb1f9324d737a80"
2021-10-13 12:52:10 [RuneLite] INFO  n.r.c.e.ExternalPluginManager - Loading external plugin "bank-value-tracker" version "757b7b33" commit "757b7b33bdfc27ba24d57fd22a15456f75558d00"
2021-10-13 12:52:10 [RuneLite] INFO  n.r.c.e.ExternalPluginManager - Loading external plugin "ba-minigame" version "1.42" commit "92da92790bd4657bb14e99cde01308bec94a2809"
2021-10-13 12:52:10 [RuneLite] INFO  n.r.c.e.ExternalPluginManager - Loading external plugin "tempoross" version "1.1" commit "d25d396318e7646171deceabaaae66b9e4059ba3"
2021-10-13 12:52:10 [RuneLite] INFO  n.r.c.e.ExternalPluginManager - Loading external plugin "quest-helper" version "2.6.0" commit "3d9cc4ad2962b2b3cc363f3bb39502b428e403f4"
2021-10-13 12:52:10 [RuneLite] INFO  n.r.c.e.ExternalPluginManager - Loading external plugin "picture-in-picture" version "1.4.1" commit "32688a78c119187be8c33c62cf56f990fe9bb688"
2021-10-13 12:52:10 [RuneLite] INFO  n.r.c.e.ExternalPluginManager - Loading external plugin "bank-tab-names" version "1.0.0" commit "524316bc3b36abca7ca0ecbf84636f79f54b376a"
2021-10-13 12:52:10 [RuneLite] INFO  n.r.c.e.ExternalPluginManager - Loading external plugin "c-engineer-completed" version "0.2.1" commit "f7eafb03e65639fddd214d701fdf2cd262189ac1"
2021-10-13 12:52:10 [RuneLite] INFO  n.r.c.e.ExternalPluginManager - Loading external plugin "kitten-tracker" version "db2b1cc3" commit "db2b1cc3a4dcd93fe1dc38fd4ddb5ef8ebf10716"
2021-10-13 12:52:10 [RuneLite] INFO  n.r.c.e.ExternalPluginManager - Loading external plugin "bats-locator" version "890cefa0" commit "890cefa0a95a734abc15a6b1f0681276c5c78c4d"
2021-10-13 12:52:11 [RuneLite] INFO  n.r.client.discord.DiscordService - Initializing Discord RPC service.
2021-10-13 12:52:13 [pool-3-thread-1] INFO  n.r.client.discord.DiscordService - Discord RPC service is ready with user Victor.
2021-10-13 12:52:13 [RuneLite] INFO  net.runelite.client.RuneLite - Client initialization took 5725ms. Uptime: 7755ms
2021-10-13 12:52:13 [AWT-EventQueue-0] INFO  net.runelite.client.ui.ClientUI - Showing frame net.runelite.client.ui.ContainableFrame[frame0,0,0,1920x1040,layout=java.awt.BorderLayout,title=RuneLite,resizable,maximized,defaultCloseOperation=DO_NOTHING_ON_CLOSE,rootPane=javax.swing.JRootPane[,0,0,1920x1040,layout=org.pushingpixels.substance.internal.ui.SubstanceRootPaneUI$SubstanceRootLayout,alignmentX=0.0,alignmentY=0.0,border=org.pushingpixels.substance.internal.utils.border.SubstancePaneBorder@553c02ac,flags=16777673,maximumSize=,minimumSize=,preferredSize=],rootPaneCheckingEnabled=true]
2021-10-13 12:52:14 [Client] INFO  n.r.client.plugins.gpu.GpuPlugin - Using device: NVIDIA GeForce RTX 2080/PCIe/SSE2
2021-10-13 12:52:14 [Client] INFO  n.r.client.plugins.gpu.GpuPlugin - Using driver: 4.6.0 NVIDIA 471.96
2021-10-13 13:04:52 [RuneLite] INFO  net.runelite.client.RuneLite - RuneLite 1.7.25 (launcher version 2.1.3) starting up, args: none
2021-10-13 13:04:53 [Preloader] INFO  net.runelite.client.rs.ClientLoader - Using cached vanilla client
2021-10-13 13:04:53 [Preloader] INFO  net.runelite.client.rs.ClientLoader - Using cached patched client
2021-10-13 13:04:53 [Preloader] INFO  net.runelite.client.rs.ClientLoader - client-patch 1654236623.279
2021-10-13 13:04:53 [RuneLite] INFO  n.r.client.account.SessionManager - No session file exists
2021-10-13 13:04:54 [RuneLite] INFO  n.r.c.plugins.kourendlibrary.Library - Library is now reset
2021-10-13 13:04:54 [RuneLite] INFO  n.r.c.e.ExternalPluginManager - Loading external plugin "117hd" version "1.0.6" commit "803c7136ee133484ee8ca80e16974897def85bb5"
2021-10-13 13:04:54 [RuneLite] INFO  n.r.c.e.ExternalPluginManager - Loading external plugin "skills-tab-progress-bars" version "0.8" commit "edad37606858fb22dcea07ac9bb1f9324d737a80"
2021-10-13 13:04:54 [RuneLite] INFO  n.r.c.e.ExternalPluginManager - Loading external plugin "bank-value-tracker" version "757b7b33" commit "757b7b33bdfc27ba24d57fd22a15456f75558d00"
2021-10-13 13:04:54 [RuneLite] INFO  n.r.c.e.ExternalPluginManager - Loading external plugin "ba-minigame" version "1.42" commit "92da92790bd4657bb14e99cde01308bec94a2809"
2021-10-13 13:04:54 [RuneLite] INFO  n.r.c.e.ExternalPluginManager - Loading external plugin "tempoross" version "1.1" commit "d25d396318e7646171deceabaaae66b9e4059ba3"
2021-10-13 13:04:54 [RuneLite] INFO  n.r.c.e.ExternalPluginManager - Loading external plugin "quest-helper" version "2.6.0" commit "3d9cc4ad2962b2b3cc363f3bb39502b428e403f4"
2021-10-13 13:04:54 [RuneLite] INFO  n.r.c.e.ExternalPluginManager - Loading external plugin "picture-in-picture" version "1.4.1" commit "32688a78c119187be8c33c62cf56f990fe9bb688"
2021-10-13 13:04:54 [RuneLite] INFO  n.r.c.e.ExternalPluginManager - Loading external plugin "bank-tab-names" version "1.0.0" commit "524316bc3b36abca7ca0ecbf84636f79f54b376a"
2021-10-13 13:04:54 [RuneLite] INFO  n.r.c.e.ExternalPluginManager - Loading external plugin "c-engineer-completed" version "0.2.1" commit "f7eafb03e65639fddd214d701fdf2cd262189ac1"
2021-10-13 13:04:54 [RuneLite] INFO  n.r.c.e.ExternalPluginManager - Loading external plugin "kitten-tracker" version "db2b1cc3" commit "db2b1cc3a4dcd93fe1dc38fd4ddb5ef8ebf10716"
2021-10-13 13:04:54 [RuneLite] INFO  n.r.c.e.ExternalPluginManager - Loading external plugin "bats-locator" version "890cefa0" commit "890cefa0a95a734abc15a6b1f0681276c5c78c4d"
2021-10-13 13:04:55 [RuneLite] INFO  n.r.client.discord.DiscordService - Initializing Discord RPC service.
2021-10-13 13:04:57 [pool-3-thread-1] INFO  n.r.client.discord.DiscordService - Discord RPC service is ready with user Victor.
2021-10-13 13:04:58 [RuneLite] INFO  net.runelite.client.RuneLite - Client initialization took 5786ms. Uptime: 7911ms
2021-10-13 13:04:58 [AWT-EventQueue-0] INFO  net.runelite.client.ui.ClientUI - Showing frame net.runelite.client.ui.ContainableFrame[frame0,0,0,1920x1040,layout=java.awt.BorderLayout,title=RuneLite,resizable,maximized,defaultCloseOperation=DO_NOTHING_ON_CLOSE,rootPane=javax.swing.JRootPane[,0,0,1920x1040,layout=org.pushingpixels.substance.internal.ui.SubstanceRootPaneUI$SubstanceRootLayout,alignmentX=0.0,alignmentY=0.0,border=org.pushingpixels.substance.internal.utils.border.SubstancePaneBorder@55ad476a,flags=16777673,maximumSize=,minimumSize=,preferredSize=],rootPaneCheckingEnabled=true]
2021-10-13 13:04:59 [Client] INFO  n.r.client.plugins.gpu.GpuPlugin - Using device: NVIDIA GeForce RTX 2080/PCIe/SSE2
2021-10-13 13:04:59 [Client] INFO  n.r.client.plugins.gpu.GpuPlugin - Using driver: 4.6.0 NVIDIA 471.96
2021-10-13 13:05:08 [OkHttp https://api.runelite.net/...] INFO  net.runelite.client.ws.WSClient - Websocket okhttp3.internal.ws.RealWebSocket@886e404 opened
2021-10-13 13:05:21 [pool-3-thread-1] INFO  n.r.c.e.ExternalPluginManager - Stopping external plugin "class com.github.m0bilebtw.CEngineerCompletedPlugin"
2021-10-13 13:05:21 [pool-3-thread-1] INFO  n.r.c.e.ExternalPluginManager - Stopping external plugin "class com.kittentracker.KittenPlugin"
2021-10-13 13:05:21 [pool-3-thread-1] INFO  n.r.c.e.ExternalPluginManager - Loading external plugin "chatbox-opacity" version "dbee9ba4" commit "dbee9ba4e138cae2467354fc169d9c34dcac3162"
2021-10-13 13:05:21 [pool-3-thread-1] INFO  n.r.c.e.ExternalPluginManager - Loading external plugin "menu-swapper-extended" version "1.8" commit "c4c71b4e24b9e6de9c894eba44a1709203e3b661"
2021-10-13 13:05:21 [pool-3-thread-1] INFO  n.r.c.e.ExternalPluginManager - Loading external plugin "zalcano" version "e7fde457" commit "e7fde4576c9dbeb76efe5796f656dfe66f3d6fcb"
2021-10-13 13:05:21 [AWT-EventQueue-0] INFO  com.zalcano.ZalcanoPlugin - Zalcano plugin started
2021-10-13 13:05:21 [pool-3-thread-1] INFO  n.r.c.e.ExternalPluginManager - Loading external plugin "stealing-artefacts" version "1.1" commit "d4ccb8955208137981bf636121ba1c87ab453108"
2021-10-13 13:05:21 [pool-3-thread-1] INFO  n.r.c.e.ExternalPluginManager - Loading external plugin "inventory-setups" version "v1.12" commit "89f404d05f6e7a34d6cdd954d21f277f804aeb6a"
2021-10-13 13:05:21 [pool-3-thread-1] INFO  n.r.c.e.ExternalPluginManager - Loading external plugin "not-empty" version "1.0" commit "e49ec7cc3927e911337ad48bd530cb52f5365183"
2021-10-13 13:05:21 [AWT-EventQueue-0] INFO  dekvall.notempty.NotEmptyPlugin - Not Empty started!
2021-10-13 13:05:21 [pool-3-thread-1] INFO  n.r.c.e.ExternalPluginManager - Loading external plugin "profiles-panel" version "1.1.4" commit "c2dd59dcdf324df01c54aeba4cce4577c645f642"
2021-10-13 13:05:21 [pool-3-thread-1] INFO  n.r.c.e.ExternalPluginManager - Loading external plugin "crab-solver" version "1.2" commit "a81701ff28b1c0f0790bd0bd9a927c140d3a3e97"
2021-10-13 13:05:21 [pool-3-thread-1] INFO  n.r.c.e.ExternalPluginManager - Loading external plugin "watson-clue-tracker" version "1.0.4" commit "7c098357d4cc593e77df77f5377ad77af676f1ee"
2021-10-13 13:05:21 [pool-3-thread-1] INFO  n.r.c.e.ExternalPluginManager - Loading external plugin "equipment-inspector" version "1.2" commit "c0018d299bb4a3dd4ef971a72bfdc776a42f0ff8"
2021-10-13 13:05:21 [pool-3-thread-1] INFO  n.r.c.e.ExternalPluginManager - Loading external plugin "cox-additions" version "40d2ba90" commit "40d2ba90edd8ad23a578c40e8e6ecaaa5eb226fd"
2021-10-13 13:05:21 [pool-3-thread-1] INFO  n.r.c.e.ExternalPluginManager - Loading external plugin "gauntlet" version "1.0.0" commit "e928b24970bd234aad16c3ec3d9005735b852c08"
2021-10-13 13:05:21 [pool-3-thread-1] INFO  n.r.c.e.ExternalPluginManager - Loading external plugin "the-gauntlet" version "4e13d3eb" commit "4e13d3ebdf7da91f96c3a47856b2ac19de1e48c8"
2021-10-13 13:05:21 [pool-3-thread-1] INFO  n.r.c.e.ExternalPluginManager - Loading external plugin "slash-swapper" version "0870d527" commit "0870d527aa88e8c75ec110127d533b21f0e6b83a"
2021-10-13 13:05:21 [pool-3-thread-1] INFO  n.r.c.e.ExternalPluginManager - Loading external plugin "pet-info" version "4.0" commit "dce286070830a322969f2024856c5e65fca9c89a"
2021-10-13 13:05:21 [pool-3-thread-1] INFO  n.r.c.e.ExternalPluginManager - Loading external plugin "wom-utils" version "1.3.2" commit "d90ffe1067b582a32bc75a4fc944bc6a9202e00b"
2021-10-13 13:05:21 [AWT-EventQueue-0] INFO  dev.dkvl.womutils.WomUtilsPlugin - Wise Old Man started!
2021-10-13 13:05:21 [pool-3-thread-1] INFO  n.r.c.e.ExternalPluginManager - Loading external plugin "zulrah-helper" version "1.2.1" commit "a10c7242ee25809705985883ad297e89962b9b85"
2021-10-13 13:05:21 [pool-3-thread-1] INFO  n.r.c.e.ExternalPluginManager - Loading external plugin "chompy-hunter" version "1.2" commit "dd55d418a7412bfb169fb74e7a27fc872a3dbe01"
2021-10-13 13:05:21 [pool-3-thread-1] INFO  n.r.c.e.ExternalPluginManager - Loading external plugin "gnome-restaurant" version "1.3" commit "558256e0763eb13f4a032810b6c4ee5227880e26"
2021-10-13 13:05:21 [pool-3-thread-1] INFO  n.r.c.e.ExternalPluginManager - Loading external plugin "banked-experience" version "2.0.8" commit "cb7235902f37254d24699c38971f9f58c5a4c991"
2021-10-13 13:05:21 [pool-3-thread-1] INFO  n.r.c.e.ExternalPluginManager - Loading external plugin "supplies-tracker" version "2.01" commit "79432ec85d1aafa0d1f8f66451a6c1c6f6f7303e"
2021-10-13 13:05:22 [pool-3-thread-1] INFO  n.r.c.e.ExternalPluginManager - Loading external plugin "resource-packs" version "1.4.4" commit "febc83db0fbb19172d9fa4a5d740e490cd8cd428"
2021-10-13 13:05:22 [pool-3-thread-1] INFO  n.r.c.e.ExternalPluginManager - Loading external plugin "transmog" version "1.2.1" commit "ba64c8ad20fe00f663ef69dfb6f9213efe441cf8"
2021-10-13 13:05:22 [pool-3-thread-1] INFO  n.r.c.e.ExternalPluginManager - Loading external plugin "ping-grapher" version "1.3.1" commit "8b4eb39187d0f59e585d06b4abb7ac4c464da2d2"
2021-10-13 13:05:22 [AWT-EventQueue-0] INFO  com.pinggraph.PingGraphPlugin - Ping Graph started!
2021-10-13 13:05:22 [pool-3-thread-1] INFO  n.r.c.e.ExternalPluginManager - Loading external plugin "cox-light-colors" version "1.3.2" commit "6a45d1c702f56bfb9ce146efc4160312fae5d963"
2021-10-13 13:05:22 [pool-3-thread-1] INFO  n.r.c.e.ExternalPluginManager - Loading external plugin "damage-counter" version "1.6" commit "393187db8d2554ff47e7022b05f379bc31c38663"
2021-10-13 13:05:22 [pool-3-thread-1] INFO  n.r.c.e.ExternalPluginManager - Loading external plugin "raid-reloader" version "415a4b71" commit "415a4b71a6f94f9f10345f5c825ab1109bc7cb07"
2021-10-13 13:05:22 [pool-3-thread-1] INFO  n.r.c.e.ExternalPluginManager - Loading external plugin "elysiumevents-plugin" version "857ab9e3" commit "857ab9e310e22a83a00d5de55024c94166c1834f"
2021-10-13 13:05:22 [pool-3-thread-1] INFO  n.r.c.e.ExternalPluginManager - Loading external plugin "fight-cave-waves" version "1.2" commit "51790d94159cbb85893de04d90efc5c0c20d819a"
2021-10-13 13:05:22 [pool-3-thread-1] INFO  n.r.c.e.ExternalPluginManager - Loading external plugin "loot-table" version "1.0.1" commit "1f17b17c7e0b6a6843b27e4305029a0d2ebb2260"
2021-10-13 13:05:22 [pool-3-thread-1] INFO  n.r.c.e.ExternalPluginManager - Loading external plugin "optimal-quest-guide" version "cbafa444" commit "cbafa4440bc08f6f93727730cd27fe5f15083d87"
2021-10-13 13:05:22 [pool-3-thread-1] INFO  n.r.c.e.ExternalPluginManager - Loading external plugin "improved-tears-of-guthix-interface" version "1.1" commit "adaae7dbe3ff3710e47eba12a32dfe1d71dd14c9"
2021-10-13 13:05:22 [pool-3-thread-1] INFO  n.r.c.e.ExternalPluginManager - Loading external plugin "crab-stun-timers" version "b0e7ad22" commit "b0e7ad22a6018fed3cdcd105d6a1873a242e75e3"
2021-10-13 13:05:27 [Client] ERROR client-patch - Game crash: 4473 4471 2003
java.lang.ArrayIndexOutOfBoundsException: Index -1 out of bounds for length 728
	at cp.l(cp.java:192)
	at di.m(di.java:571)
	at dh.f(dh.java:442)
	at ac.q(ac.java:63977)
	at gg.az(gg.java:4472)
	at m.jj(m.java:11780)
	at client.hj(client.java:6487)
	at client.na(client.java:2943)
	at client.ab(client.java:1011)
	at ay.z(ay.java:364)
	at ay.run(ay.java:343)
	at java.base/java.lang.Thread.run(Unknown Source)
2021-10-13 13:26:00 [Client] WARN  n.runelite.client.eventbus.EventBus - Uncaught exception in event subscriber
java.lang.NullPointerException: null
	at net.runelite.client.util.Text.sanitizeMultilineText(Text.java:146)
	at com.watsoncluetracker.WatsonPlugin.optionSelected(WatsonPlugin.java:149)
	at com.watsoncluetracker.NpcDialogTracker.optionSelected(NpcDialogTracker.java:254)
	at com.watsoncluetracker.NpcDialogTracker.onScriptPostFired(NpcDialogTracker.java:214)
	at net.runelite.client.eventbus.EventBus$Subscriber.invoke(EventBus.java:70)
	at net.runelite.client.eventbus.EventBus.post(EventBus.java:223)
	at net.runelite.client.callback.Hooks.post(Hooks.java:169)
	at client.yh(client.java:27033)
	at ac.q(ac.java:56776)
	at hq.l(hq.java:110)
	at client.na(client.java:3236)
	at client.ab(client.java:1011)
	at ay.z(ay.java:364)
	at ay.run(ay.java:343)
	at java.base/java.lang.Thread.run(Unknown Source)
2021-10-13 14:01:13 [Client] WARN  n.runelite.client.eventbus.EventBus - Uncaught exception in event subscriber
java.lang.NullPointerException: null
	at java.base/java.util.LinkedList.node(Unknown Source)
	at java.base/java.util.LinkedList.get(Unknown Source)
	at com.pinggraph.PingGraphPlugin.getMaxMinFromList(PingGraphPlugin.java:151)
	at com.pinggraph.PingGraphPlugin.onClientTick(PingGraphPlugin.java:122)
	at net.runelite.client.eventbus.EventBus$Subscriber.invoke(EventBus.java:70)
	at net.runelite.client.eventbus.EventBus.post(EventBus.java:223)
	at net.runelite.client.callback.Hooks.post(Hooks.java:169)
	at client.sl(client.java:15170)
	at client.na(client.java:3201)
	at client.ab(client.java:1011)
	at ay.z(ay.java:364)
	at ay.run(ay.java:343)
	at java.base/java.lang.Thread.run(Unknown Source)
2021-10-13 15:31:24 [OkHttp https://crystalmathlabs.com/...] WARN  n.r.c.p.xpupdater.XpUpdaterPlugin - Error submitting CrystalMathLabs update, caused by timeout.
2021-10-13 15:39:03 [Client] ERROR client-patch - Game crash: 4473 4471 2003
java.lang.ArrayIndexOutOfBoundsException: Index -1 out of bounds for length 728
	at cp.l(cp.java:192)
	at di.m(di.java:571)
	at dh.f(dh.java:442)
	at ac.q(ac.java:63977)
	at gg.az(gg.java:4472)
	at m.jj(m.java:11780)
	at client.hj(client.java:6487)
	at client.na(client.java:2943)
	at client.ab(client.java:1011)
	at ay.z(ay.java:364)
	at ay.run(ay.java:343)
	at java.base/java.lang.Thread.run(Unknown Source)
2021-10-13 16:37:59 [Client] ERROR client-patch - Game crash: 4473 4471 2003
java.lang.ArrayIndexOutOfBoundsException: null
2021-10-13 17:07:36 [OkHttp https://wiseoldman.net/...] WARN  n.r.c.p.xpupdater.XpUpdaterPlugin - Error submitting Wise Old Man update, caused by timeout.
2021-10-13 17:07:36 [OkHttp https://crystalmathlabs.com/...] WARN  n.r.c.p.xpupdater.XpUpdaterPlugin - Error submitting CrystalMathLabs update, caused by timeout.
2021-10-13 17:34:04 [Client] ERROR client-patch - Game crash: 4473 4471 2003
java.lang.ArrayIndexOutOfBoundsException: null
2021-10-13 17:57:14 [Client] WARN  n.runelite.client.eventbus.EventBus - Uncaught exception in event subscriber
java.lang.NullPointerException: null
	at java.base/java.util.LinkedList.get(Unknown Source)
	at com.pinggraph.PingGraphPlugin.getMaxMinFromList(PingGraphPlugin.java:151)
	at com.pinggraph.PingGraphPlugin.onClientTick(PingGraphPlugin.java:122)
	at net.runelite.client.eventbus.EventBus$Subscriber.invoke(EventBus.java:70)
	at net.runelite.client.eventbus.EventBus.post(EventBus.java:223)
	at net.runelite.client.callback.Hooks.post(Hooks.java:169)
	at client.sl(client.java:15170)
	at client.na(client.java:3201)
	at client.ab(client.java:1011)
	at ay.z(ay.java:364)
	at ay.run(ay.java:343)
	at java.base/java.lang.Thread.run(Unknown Source)
2021-10-13 18:11:08 [OkHttp WebSocket https://api.runelite.net/...] WARN  net.runelite.client.ws.WSClient - Error in websocket: null
java.net.SocketTimeoutException: sent ping but didn't receive pong within 30000ms (after 610 successful ping/pongs)
	at okhttp3.internal.ws.RealWebSocket.writePingFrame(RealWebSocket.java:545)
	at okhttp3.internal.ws.RealWebSocket$PingRunnable.run(RealWebSocket.java:529)
	at java.base/java.util.concurrent.Executors$RunnableAdapter.call(Unknown Source)
	at java.base/java.util.concurrent.FutureTask.runAndReset(Unknown Source)
	at java.base/java.util.concurrent.ScheduledThreadPoolExecutor$ScheduledFutureTask.run(Unknown Source)
	at java.base/java.util.concurrent.ThreadPoolExecutor.runWorker(Unknown Source)
	at java.base/java.util.concurrent.ThreadPoolExecutor$Worker.run(Unknown Source)
	at java.base/java.lang.Thread.run(Unknown Source)
2021-10-13 18:33:21 [OkHttp https://crystalmathlabs.com/...] WARN  n.r.c.p.xpupdater.XpUpdaterPlugin - Error submitting CrystalMathLabs update, caused by timeout.
2021-10-13 19:23:24 [Client] ERROR client-patch - Game crash: 4473 4471 2003
java.lang.ArrayIndexOutOfBoundsException: null
2021-10-13 23:29:30 [Client] INFO  rs117.hd.HdPlugin - Using device: NVIDIA GeForce RTX 2080/PCIe/SSE2
2021-10-13 23:29:30 [Client] INFO  rs117.hd.HdPlugin - Using driver: 4.6.0 NVIDIA 471.96
