2021-01-09 12:25:30 [RuneLite] INFO  net.runelite.client.RuneLite - RuneLite 1.6.36.1 (launcher version 2.1.3) starting up, args: none
2021-01-09 12:25:32 [Preloader] INFO  net.runelite.client.rs.ClientLoader - Using cached vanilla client
2021-01-09 12:25:32 [Preloader] INFO  net.runelite.client.rs.ClientLoader - Using cached patched client
2021-01-09 12:25:33 [Preloader] INFO  net.runelite.client.rs.ClientLoader - client-patch 948284500.7
2021-01-09 12:25:34 [RuneLite] INFO  n.r.c.plugins.kourendlibrary.Library - Library is now reset
2021-01-09 12:25:35 [RuneLite] INFO  n.r.c.e.ExternalPluginManager - Loading external plugin "bank-tab-names" version "1.0.0" commit "524316bc3b36abca7ca0ecbf84636f79f54b376a"
2021-01-09 12:25:35 [RuneLite] INFO  n.r.c.e.ExternalPluginManager - Loading external plugin "inventory-setups" version "1.9.1" commit "d2a105088c7b52d599d5d45941f478885bba6e27"
2021-01-09 12:25:35 [RuneLite] INFO  n.r.c.e.ExternalPluginManager - Loading external plugin "stealing-artefacts" version "1.1" commit "d4ccb8955208137981bf636121ba1c87ab453108"
2021-01-09 12:25:35 [RuneLite] INFO  n.r.c.e.ExternalPluginManager - Loading external plugin "skills-tab-progress-bars" version "0.7" commit "ab58a7463762e2707e2e51d5a0f1f15704b211a8"
2021-01-09 12:25:35 [RuneLite] INFO  n.r.c.e.ExternalPluginManager - Loading external plugin "quest-helper" version "1.2.2" commit "93c4a7e376c8bb47863bfe67fdd879b5f42396e5"
2021-01-09 12:25:35 [RuneLite] INFO  n.r.c.e.ExternalPluginManager - Loading external plugin "bats-locator" version "1.0-SNAPSHOT" commit "890cefa0a95a734abc15a6b1f0681276c5c78c4d"
2021-01-09 12:25:35 [RuneLite] INFO  n.r.c.e.ExternalPluginManager - Loading external plugin "ba-minigame" version "1.1" commit "c4249a778650c8da61ae552f380ded8d5bfbb8b0"
2021-01-09 12:25:36 [RuneLite] INFO  n.r.client.discord.DiscordService - Initializing Discord RPC service.
2021-01-09 12:25:38 [pool-3-thread-1] INFO  n.r.client.discord.DiscordService - Discord RPC service is ready with user Victor.
2021-01-09 12:25:38 [RuneLite] INFO  net.runelite.client.RuneLite - Client initialization took 7406ms. Uptime: 10526ms
2021-01-09 12:25:38 [AWT-EventQueue-0] INFO  net.runelite.client.ui.ClientUI - Showing frame net.runelite.client.ui.ContainableFrame[frame0,-1920,0,1920x1040,layout=java.awt.BorderLayout,title=RuneLite,resizable,maximized,defaultCloseOperation=DO_NOTHING_ON_CLOSE,rootPane=javax.swing.JRootPane[,0,0,1920x1040,layout=org.pushingpixels.substance.internal.ui.SubstanceRootPaneUI$SubstanceRootLayout,alignmentX=0.0,alignmentY=0.0,border=org.pushingpixels.substance.internal.utils.border.SubstancePaneBorder@55ad476a,flags=16777673,maximumSize=,minimumSize=,preferredSize=],rootPaneCheckingEnabled=true]
2021-01-09 14:21:56 [Client] WARN  n.runelite.client.eventbus.EventBus - Uncaught exception in event subscriber
java.lang.NullPointerException: null
	at net.runelite.client.plugins.chatfilter.ChatFilterPlugin.shouldFilterPlayerMessage(ChatFilterPlugin.java:274)
	at net.runelite.client.plugins.chatfilter.ChatFilterPlugin.onOverheadTextChanged(ChatFilterPlugin.java:237)
	at net.runelite.client.eventbus.EventBus$Subscriber.invoke(EventBus.java:73)
	at net.runelite.client.eventbus.EventBus.post(EventBus.java:222)
	at net.runelite.client.callback.Hooks.post(Hooks.java:161)
	at cx.ih(cx.java:48089)
	at ai.n(ai.java:479)
	at ff.v(ff.java:80)
	at client.se(client.java:6223)
	at client.fb(client.java:2997)
	at client.y(client.java:1256)
	at bd.r(bd.java:351)
	at bd.run(bd.java:330)
	at java.base/java.lang.Thread.run(Unknown Source)
2021-01-09 14:29:30 [OkHttp https://crystalmathlabs.com/...] WARN  n.r.c.p.xpupdater.XpUpdaterPlugin - Error submitting CrystalMathLabs update, caused by timeout.
2021-01-09 16:29:20 [Client] WARN  n.runelite.client.eventbus.EventBus - Uncaught exception in event subscriber
java.lang.NullPointerException: null
	at net.runelite.client.plugins.music.MusicPlugin$SettingsSideSlider.update(MusicPlugin.java:556)
	at net.runelite.client.plugins.music.MusicPlugin$Channel.update(MusicPlugin.java:823)
	at net.runelite.client.plugins.music.MusicPlugin.updateMusicOptions(MusicPlugin.java:848)
	at net.runelite.client.plugins.music.MusicPlugin.onVolumeChanged(MusicPlugin.java:302)
	at net.runelite.client.eventbus.EventBus$Subscriber.invoke(EventBus.java:73)
	at net.runelite.client.eventbus.EventBus.post(EventBus.java:222)
	at net.runelite.client.callback.Hooks.post(Hooks.java:161)
	at cd.wh(cd.java:39973)
	at gs.kg(gs.java:10679)
	at cs.kl(cs.java:10721)
	at client.se(client.java:6297)
	at client.fb(client.java:2997)
	at client.y(client.java:1256)
	at bd.r(bd.java:351)
	at bd.run(bd.java:330)
	at java.base/java.lang.Thread.run(Unknown Source)
2021-01-09 16:34:48 [OkHttp https://templeosrs.com/...] WARN  n.r.c.p.xpupdater.XpUpdaterPlugin - Error submitting TempleOSRS update, caused by timeout.
2021-01-09 20:43:44 [OkHttp https://wiseoldman.net/...] WARN  n.r.c.p.xpupdater.XpUpdaterPlugin - Error submitting Wise Old Man update, caused by timeout.
