2021-10-02 09:54:52 [RuneLite] INFO  net.runelite.client.RuneLite - RuneLite 1.7.24 (launcher version 2.1.3) starting up, args: none
2021-10-02 09:54:53 [Preloader] INFO  net.runelite.client.rs.ClientLoader - Using cached vanilla client
2021-10-02 09:54:54 [Preloader] INFO  net.runelite.client.rs.ClientLoader - Using cached patched client
2021-10-02 09:54:54 [Preloader] INFO  net.runelite.client.rs.ClientLoader - client-patch 1583155852.255
2021-10-02 09:54:55 [RuneLite] INFO  n.r.c.plugins.kourendlibrary.Library - Library is now reset
2021-10-02 09:54:57 [RuneLite] INFO  n.r.c.e.ExternalPluginManager - Loading external plugin "skills-tab-progress-bars" version "0.8" commit "edad37606858fb22dcea07ac9bb1f9324d737a80"
2021-10-02 09:54:57 [RuneLite] INFO  n.r.c.e.ExternalPluginManager - Loading external plugin "chatbox-opacity" version "dbee9ba4" commit "dbee9ba4e138cae2467354fc169d9c34dcac3162"
2021-10-02 09:54:57 [RuneLite] INFO  n.r.c.e.ExternalPluginManager - Loading external plugin "zalcano" version "e7fde457" commit "e7fde4576c9dbeb76efe5796f656dfe66f3d6fcb"
2021-10-02 09:54:57 [RuneLite] INFO  n.r.c.e.ExternalPluginManager - Loading external plugin "menu-swapper-extended" version "1.8" commit "fec61a1a0f266bc28ac3fa6bd3338f2d72d05d5c"
2021-10-02 09:54:57 [RuneLite] INFO  n.r.c.e.ExternalPluginManager - Loading external plugin "stealing-artefacts" version "1.1" commit "d4ccb8955208137981bf636121ba1c87ab453108"
2021-10-02 09:54:57 [RuneLite] INFO  n.r.c.e.ExternalPluginManager - Loading external plugin "not-empty" version "1.0" commit "e49ec7cc3927e911337ad48bd530cb52f5365183"
2021-10-02 09:54:57 [RuneLite] INFO  n.r.c.e.ExternalPluginManager - Loading external plugin "profiles-panel" version "1.1.4" commit "c2dd59dcdf324df01c54aeba4cce4577c645f642"
2021-10-02 09:54:57 [RuneLite] INFO  n.r.c.e.ExternalPluginManager - Loading external plugin "crab-solver" version "1.2" commit "a81701ff28b1c0f0790bd0bd9a927c140d3a3e97"
2021-10-02 09:54:57 [RuneLite] INFO  n.r.c.e.ExternalPluginManager - Loading external plugin "watson-clue-tracker" version "1.0.4" commit "7c098357d4cc593e77df77f5377ad77af676f1ee"
2021-10-02 09:54:58 [RuneLite] INFO  n.r.c.e.ExternalPluginManager - Loading external plugin "quest-helper" version "2.5.1" commit "c8359864f798c9557a2ecc83e589438b9d7a7414"
2021-10-02 09:54:58 [RuneLite] INFO  n.r.c.e.ExternalPluginManager - Loading external plugin "equipment-inspector" version "1.2" commit "c0018d299bb4a3dd4ef971a72bfdc776a42f0ff8"
2021-10-02 09:54:58 [RuneLite] INFO  n.r.c.e.ExternalPluginManager - Loading external plugin "cox-additions" version "40d2ba90" commit "40d2ba90edd8ad23a578c40e8e6ecaaa5eb226fd"
2021-10-02 09:54:58 [RuneLite] INFO  n.r.c.e.ExternalPluginManager - Loading external plugin "gauntlet" version "1.0.0" commit "e928b24970bd234aad16c3ec3d9005735b852c08"
2021-10-02 09:54:58 [RuneLite] INFO  n.r.c.e.ExternalPluginManager - Loading external plugin "inventory-setups" version "v1.12" commit "89f404d05f6e7a34d6cdd954d21f277f804aeb6a"
2021-10-02 09:54:58 [RuneLite] INFO  n.r.c.e.ExternalPluginManager - Loading external plugin "the-gauntlet" version "4e13d3eb" commit "4e13d3ebdf7da91f96c3a47856b2ac19de1e48c8"
2021-10-02 09:54:58 [RuneLite] INFO  n.r.c.e.ExternalPluginManager - Loading external plugin "slash-swapper" version "0870d527" commit "0870d527aa88e8c75ec110127d533b21f0e6b83a"
2021-10-02 09:54:58 [RuneLite] INFO  n.r.c.e.ExternalPluginManager - Loading external plugin "pet-info" version "4.0" commit "dce286070830a322969f2024856c5e65fca9c89a"
2021-10-02 09:54:58 [RuneLite] INFO  n.r.c.e.ExternalPluginManager - Loading external plugin "bank-tab-names" version "1.0.0" commit "524316bc3b36abca7ca0ecbf84636f79f54b376a"
2021-10-02 09:54:58 [RuneLite] INFO  n.r.c.e.ExternalPluginManager - Loading external plugin "zulrah-helper" version "1.2.1" commit "a10c7242ee25809705985883ad297e89962b9b85"
2021-10-02 09:54:58 [RuneLite] INFO  n.r.c.e.ExternalPluginManager - Loading external plugin "chompy-hunter" version "1.2" commit "dd55d418a7412bfb169fb74e7a27fc872a3dbe01"
2021-10-02 09:54:58 [RuneLite] INFO  n.r.c.e.ExternalPluginManager - Loading external plugin "tempoross" version "1.1" commit "d25d396318e7646171deceabaaae66b9e4059ba3"
2021-10-02 09:54:58 [RuneLite] INFO  n.r.c.e.ExternalPluginManager - Loading external plugin "banked-experience" version "2.0.8" commit "cb7235902f37254d24699c38971f9f58c5a4c991"
2021-10-02 09:54:58 [RuneLite] INFO  n.r.c.e.ExternalPluginManager - Loading external plugin "supplies-tracker" version "2.01" commit "79432ec85d1aafa0d1f8f66451a6c1c6f6f7303e"
2021-10-02 09:54:58 [RuneLite] INFO  n.r.c.e.ExternalPluginManager - Loading external plugin "resource-packs" version "1.4.3" commit "c97b20634e7976d35cfd2d73a8ca6cf8866b55dd"
2021-10-02 09:54:58 [RuneLite] INFO  n.r.c.e.ExternalPluginManager - Loading external plugin "picture-in-picture" version "1.4.1" commit "32688a78c119187be8c33c62cf56f990fe9bb688"
2021-10-02 09:54:58 [RuneLite] INFO  n.r.c.e.ExternalPluginManager - Loading external plugin "transmog" version "1.2.1" commit "ba64c8ad20fe00f663ef69dfb6f9213efe441cf8"
2021-10-02 09:54:58 [RuneLite] INFO  n.r.c.e.ExternalPluginManager - Loading external plugin "ping-grapher" version "1.3.1" commit "8b4eb39187d0f59e585d06b4abb7ac4c464da2d2"
2021-10-02 09:54:58 [RuneLite] INFO  n.r.c.e.ExternalPluginManager - Loading external plugin "bats-locator" version "890cefa0" commit "890cefa0a95a734abc15a6b1f0681276c5c78c4d"
2021-10-02 09:54:58 [RuneLite] INFO  n.r.c.e.ExternalPluginManager - Loading external plugin "cox-light-colors" version "1.3.2" commit "6a45d1c702f56bfb9ce146efc4160312fae5d963"
2021-10-02 09:54:58 [RuneLite] INFO  n.r.c.e.ExternalPluginManager - Loading external plugin "damage-counter" version "1.6" commit "393187db8d2554ff47e7022b05f379bc31c38663"
2021-10-02 09:54:58 [RuneLite] INFO  n.r.c.e.ExternalPluginManager - Loading external plugin "raid-reloader" version "415a4b71" commit "415a4b71a6f94f9f10345f5c825ab1109bc7cb07"
2021-10-02 09:54:58 [RuneLite] INFO  n.r.c.e.ExternalPluginManager - Loading external plugin "bank-value-tracker" version "757b7b33" commit "757b7b33bdfc27ba24d57fd22a15456f75558d00"
2021-10-02 09:54:58 [RuneLite] INFO  n.r.c.e.ExternalPluginManager - Loading external plugin "elysiumevents-plugin" version "857ab9e3" commit "857ab9e310e22a83a00d5de55024c94166c1834f"
2021-10-02 09:54:58 [RuneLite] INFO  n.r.c.e.ExternalPluginManager - Loading external plugin "fight-cave-waves" version "1.2" commit "51790d94159cbb85893de04d90efc5c0c20d819a"
2021-10-02 09:54:58 [RuneLite] INFO  n.r.c.e.ExternalPluginManager - Loading external plugin "loot-table" version "1.0.1" commit "1f17b17c7e0b6a6843b27e4305029a0d2ebb2260"
2021-10-02 09:54:58 [RuneLite] INFO  n.r.c.e.ExternalPluginManager - Loading external plugin "optimal-quest-guide" version "cbafa444" commit "cbafa4440bc08f6f93727730cd27fe5f15083d87"
2021-10-02 09:54:58 [RuneLite] INFO  n.r.c.e.ExternalPluginManager - Loading external plugin "ba-minigame" version "1.42" commit "92da92790bd4657bb14e99cde01308bec94a2809"
2021-10-02 09:54:58 [RuneLite] INFO  n.r.c.e.ExternalPluginManager - Loading external plugin "117hd" version "1.0.4" commit "4670a5d73e752b32db26bbd6998054cda034bef5"
2021-10-02 09:54:58 [RuneLite] INFO  n.r.c.e.ExternalPluginManager - Loading external plugin "improved-tears-of-guthix-interface" version "1.1" commit "adaae7dbe3ff3710e47eba12a32dfe1d71dd14c9"
2021-10-02 09:54:58 [RuneLite] INFO  n.r.c.e.ExternalPluginManager - Loading external plugin "crab-stun-timers" version "b0e7ad22" commit "b0e7ad22a6018fed3cdcd105d6a1873a242e75e3"
2021-10-02 09:54:59 [RuneLite] INFO  n.r.client.discord.DiscordService - Initializing Discord RPC service.
2021-10-02 09:55:01 [AWT-EventQueue-0] INFO  dekvall.notempty.NotEmptyPlugin - Not Empty started!
2021-10-02 09:55:01 [pool-3-thread-1] INFO  n.r.client.discord.DiscordService - Discord RPC service is ready with user Victor.
2021-10-02 09:55:01 [AWT-EventQueue-0] INFO  com.pinggraph.PingGraphPlugin - Ping Graph started!
2021-10-02 09:55:03 [AWT-EventQueue-0] INFO  com.zalcano.ZalcanoPlugin - Zalcano plugin started
2021-10-02 09:55:04 [RuneLite] INFO  net.runelite.client.RuneLite - Client initialization took 11292ms. Uptime: 18616ms
2021-10-02 09:55:04 [AWT-EventQueue-0] INFO  net.runelite.client.ui.ClientUI - Showing frame net.runelite.client.ui.ContainableFrame[frame0,0,0,1920x1040,layout=java.awt.BorderLayout,title=RuneLite,resizable,maximized,defaultCloseOperation=DO_NOTHING_ON_CLOSE,rootPane=javax.swing.JRootPane[,0,0,1920x1040,layout=org.pushingpixels.substance.internal.ui.SubstanceRootPaneUI$SubstanceRootLayout,alignmentX=0.0,alignmentY=0.0,border=org.pushingpixels.substance.internal.utils.border.SubstancePaneBorder@7fa6e8df,flags=16777673,maximumSize=,minimumSize=,preferredSize=],rootPaneCheckingEnabled=true]
2021-10-02 09:55:05 [Client] INFO  rs117.hd.HdPlugin - Using device: NVIDIA GeForce RTX 2080/PCIe/SSE2
2021-10-02 09:55:05 [Client] INFO  rs117.hd.HdPlugin - Using driver: 4.6.0 NVIDIA 471.96
2021-10-02 10:49:15 [pool-3-thread-1] INFO  n.r.c.e.ExternalPluginManager - Loading external plugin "gnome-restaurant" version "1.3" commit "558256e0763eb13f4a032810b6c4ee5227880e26"
2021-10-02 10:49:49 [Client] WARN  n.runelite.client.eventbus.EventBus - Uncaught exception in event subscriber
java.lang.NullPointerException: null
	at net.runelite.client.util.Text.sanitizeMultilineText(Text.java:146)
	at com.watsoncluetracker.WatsonPlugin.optionSelected(WatsonPlugin.java:149)
	at com.watsoncluetracker.NpcDialogTracker.optionSelected(NpcDialogTracker.java:254)
	at com.watsoncluetracker.NpcDialogTracker.onScriptPostFired(NpcDialogTracker.java:226)
	at net.runelite.client.eventbus.EventBus$Subscriber.invoke(EventBus.java:70)
	at net.runelite.client.eventbus.EventBus.post(EventBus.java:223)
	at net.runelite.client.callback.Hooks.post(Hooks.java:169)
	at client.lx(client.java:54109)
	at hm.c(hm.java:59960)
	at eh.n(eh.java:110)
	at client.fz(client.java:4062)
	at client.i(client.java:1893)
	at at.jr(at.java:380)
	at at.run(at.java:359)
	at java.base/java.lang.Thread.run(Unknown Source)
2021-10-02 10:53:15 [Client] WARN  n.runelite.client.eventbus.EventBus - Uncaught exception in event subscriber
java.lang.NullPointerException: null
	at net.runelite.client.util.Text.sanitizeMultilineText(Text.java:146)
	at com.watsoncluetracker.WatsonPlugin.optionSelected(WatsonPlugin.java:149)
	at com.watsoncluetracker.NpcDialogTracker.optionSelected(NpcDialogTracker.java:254)
	at com.watsoncluetracker.NpcDialogTracker.onScriptPostFired(NpcDialogTracker.java:221)
	at net.runelite.client.eventbus.EventBus$Subscriber.invoke(EventBus.java:70)
	at net.runelite.client.eventbus.EventBus.post(EventBus.java:223)
	at net.runelite.client.callback.Hooks.post(Hooks.java:169)
	at client.lx(client.java:54109)
	at hm.c(hm.java:59960)
	at eh.n(eh.java:110)
	at client.fz(client.java:4062)
	at client.i(client.java:1893)
	at at.jr(at.java:380)
	at at.run(at.java:359)
	at java.base/java.lang.Thread.run(Unknown Source)
2021-10-02 14:24:42 [RuneLite] INFO  net.runelite.client.RuneLite - RuneLite 1.7.24 (launcher version 2.1.3) starting up, args: none
2021-10-02 14:24:44 [Preloader] INFO  net.runelite.client.rs.ClientLoader - Using cached vanilla client
2021-10-02 14:24:44 [Preloader] INFO  net.runelite.client.rs.ClientLoader - Using cached patched client
2021-10-02 14:24:44 [Preloader] INFO  net.runelite.client.rs.ClientLoader - client-patch 1583155852.255
2021-10-02 14:24:46 [RuneLite] INFO  n.r.c.plugins.kourendlibrary.Library - Library is now reset
2021-10-02 14:24:48 [RuneLite] INFO  n.r.c.e.ExternalPluginManager - Loading external plugin "skills-tab-progress-bars" version "0.8" commit "edad37606858fb22dcea07ac9bb1f9324d737a80"
2021-10-02 14:24:48 [RuneLite] INFO  n.r.c.e.ExternalPluginManager - Loading external plugin "chatbox-opacity" version "dbee9ba4" commit "dbee9ba4e138cae2467354fc169d9c34dcac3162"
2021-10-02 14:24:48 [RuneLite] INFO  n.r.c.e.ExternalPluginManager - Loading external plugin "zalcano" version "e7fde457" commit "e7fde4576c9dbeb76efe5796f656dfe66f3d6fcb"
2021-10-02 14:24:48 [RuneLite] INFO  n.r.c.e.ExternalPluginManager - Loading external plugin "menu-swapper-extended" version "1.8" commit "fec61a1a0f266bc28ac3fa6bd3338f2d72d05d5c"
2021-10-02 14:24:48 [RuneLite] INFO  n.r.c.e.ExternalPluginManager - Loading external plugin "stealing-artefacts" version "1.1" commit "d4ccb8955208137981bf636121ba1c87ab453108"
2021-10-02 14:24:48 [RuneLite] INFO  n.r.c.e.ExternalPluginManager - Loading external plugin "not-empty" version "1.0" commit "e49ec7cc3927e911337ad48bd530cb52f5365183"
2021-10-02 14:24:48 [RuneLite] INFO  n.r.c.e.ExternalPluginManager - Loading external plugin "profiles-panel" version "1.1.4" commit "c2dd59dcdf324df01c54aeba4cce4577c645f642"
2021-10-02 14:24:48 [RuneLite] INFO  n.r.c.e.ExternalPluginManager - Loading external plugin "crab-solver" version "1.2" commit "a81701ff28b1c0f0790bd0bd9a927c140d3a3e97"
2021-10-02 14:24:48 [RuneLite] INFO  n.r.c.e.ExternalPluginManager - Loading external plugin "watson-clue-tracker" version "1.0.4" commit "7c098357d4cc593e77df77f5377ad77af676f1ee"
2021-10-02 14:24:48 [RuneLite] INFO  n.r.c.e.ExternalPluginManager - Loading external plugin "quest-helper" version "2.5.1" commit "c8359864f798c9557a2ecc83e589438b9d7a7414"
2021-10-02 14:24:48 [RuneLite] INFO  n.r.c.e.ExternalPluginManager - Loading external plugin "equipment-inspector" version "1.2" commit "c0018d299bb4a3dd4ef971a72bfdc776a42f0ff8"
2021-10-02 14:24:48 [RuneLite] INFO  n.r.c.e.ExternalPluginManager - Loading external plugin "cox-additions" version "40d2ba90" commit "40d2ba90edd8ad23a578c40e8e6ecaaa5eb226fd"
2021-10-02 14:24:48 [RuneLite] INFO  n.r.c.e.ExternalPluginManager - Loading external plugin "gauntlet" version "1.0.0" commit "e928b24970bd234aad16c3ec3d9005735b852c08"
2021-10-02 14:24:48 [RuneLite] INFO  n.r.c.e.ExternalPluginManager - Loading external plugin "inventory-setups" version "v1.12" commit "89f404d05f6e7a34d6cdd954d21f277f804aeb6a"
2021-10-02 14:24:48 [RuneLite] INFO  n.r.c.e.ExternalPluginManager - Loading external plugin "the-gauntlet" version "4e13d3eb" commit "4e13d3ebdf7da91f96c3a47856b2ac19de1e48c8"
2021-10-02 14:24:48 [RuneLite] INFO  n.r.c.e.ExternalPluginManager - Loading external plugin "slash-swapper" version "0870d527" commit "0870d527aa88e8c75ec110127d533b21f0e6b83a"
2021-10-02 14:24:48 [RuneLite] INFO  n.r.c.e.ExternalPluginManager - Loading external plugin "pet-info" version "4.0" commit "dce286070830a322969f2024856c5e65fca9c89a"
2021-10-02 14:24:48 [RuneLite] INFO  n.r.c.e.ExternalPluginManager - Loading external plugin "bank-tab-names" version "1.0.0" commit "524316bc3b36abca7ca0ecbf84636f79f54b376a"
2021-10-02 14:24:48 [RuneLite] INFO  n.r.c.e.ExternalPluginManager - Loading external plugin "zulrah-helper" version "1.2.1" commit "a10c7242ee25809705985883ad297e89962b9b85"
2021-10-02 14:24:48 [RuneLite] INFO  n.r.c.e.ExternalPluginManager - Loading external plugin "chompy-hunter" version "1.2" commit "dd55d418a7412bfb169fb74e7a27fc872a3dbe01"
2021-10-02 14:24:48 [RuneLite] INFO  n.r.c.e.ExternalPluginManager - Loading external plugin "gnome-restaurant" version "1.3" commit "558256e0763eb13f4a032810b6c4ee5227880e26"
2021-10-02 14:24:48 [RuneLite] INFO  n.r.c.e.ExternalPluginManager - Loading external plugin "tempoross" version "1.1" commit "d25d396318e7646171deceabaaae66b9e4059ba3"
2021-10-02 14:24:48 [RuneLite] INFO  n.r.c.e.ExternalPluginManager - Loading external plugin "banked-experience" version "2.0.8" commit "cb7235902f37254d24699c38971f9f58c5a4c991"
2021-10-02 14:24:48 [RuneLite] INFO  n.r.c.e.ExternalPluginManager - Loading external plugin "supplies-tracker" version "2.01" commit "79432ec85d1aafa0d1f8f66451a6c1c6f6f7303e"
2021-10-02 14:24:48 [RuneLite] INFO  n.r.c.e.ExternalPluginManager - Loading external plugin "resource-packs" version "1.4.3" commit "c97b20634e7976d35cfd2d73a8ca6cf8866b55dd"
2021-10-02 14:24:48 [RuneLite] INFO  n.r.c.e.ExternalPluginManager - Loading external plugin "picture-in-picture" version "1.4.1" commit "32688a78c119187be8c33c62cf56f990fe9bb688"
2021-10-02 14:24:48 [RuneLite] INFO  n.r.c.e.ExternalPluginManager - Loading external plugin "transmog" version "1.2.1" commit "ba64c8ad20fe00f663ef69dfb6f9213efe441cf8"
2021-10-02 14:24:48 [RuneLite] INFO  n.r.c.e.ExternalPluginManager - Loading external plugin "ping-grapher" version "1.3.1" commit "8b4eb39187d0f59e585d06b4abb7ac4c464da2d2"
2021-10-02 14:24:48 [RuneLite] INFO  n.r.c.e.ExternalPluginManager - Loading external plugin "bats-locator" version "890cefa0" commit "890cefa0a95a734abc15a6b1f0681276c5c78c4d"
2021-10-02 14:24:48 [RuneLite] INFO  n.r.c.e.ExternalPluginManager - Loading external plugin "cox-light-colors" version "1.3.2" commit "6a45d1c702f56bfb9ce146efc4160312fae5d963"
2021-10-02 14:24:48 [RuneLite] INFO  n.r.c.e.ExternalPluginManager - Loading external plugin "damage-counter" version "1.6" commit "393187db8d2554ff47e7022b05f379bc31c38663"
2021-10-02 14:24:48 [RuneLite] INFO  n.r.c.e.ExternalPluginManager - Loading external plugin "raid-reloader" version "415a4b71" commit "415a4b71a6f94f9f10345f5c825ab1109bc7cb07"
2021-10-02 14:24:48 [RuneLite] INFO  n.r.c.e.ExternalPluginManager - Loading external plugin "bank-value-tracker" version "757b7b33" commit "757b7b33bdfc27ba24d57fd22a15456f75558d00"
2021-10-02 14:24:48 [RuneLite] INFO  n.r.c.e.ExternalPluginManager - Loading external plugin "elysiumevents-plugin" version "857ab9e3" commit "857ab9e310e22a83a00d5de55024c94166c1834f"
2021-10-02 14:24:48 [RuneLite] INFO  n.r.c.e.ExternalPluginManager - Loading external plugin "fight-cave-waves" version "1.2" commit "51790d94159cbb85893de04d90efc5c0c20d819a"
2021-10-02 14:24:48 [RuneLite] INFO  n.r.c.e.ExternalPluginManager - Loading external plugin "loot-table" version "1.0.1" commit "1f17b17c7e0b6a6843b27e4305029a0d2ebb2260"
2021-10-02 14:24:48 [RuneLite] INFO  n.r.c.e.ExternalPluginManager - Loading external plugin "optimal-quest-guide" version "cbafa444" commit "cbafa4440bc08f6f93727730cd27fe5f15083d87"
2021-10-02 14:24:48 [RuneLite] INFO  n.r.c.e.ExternalPluginManager - Loading external plugin "ba-minigame" version "1.42" commit "92da92790bd4657bb14e99cde01308bec94a2809"
2021-10-02 14:24:48 [RuneLite] INFO  n.r.c.e.ExternalPluginManager - Loading external plugin "117hd" version "1.0.4" commit "4670a5d73e752b32db26bbd6998054cda034bef5"
2021-10-02 14:24:49 [RuneLite] INFO  n.r.c.e.ExternalPluginManager - Loading external plugin "improved-tears-of-guthix-interface" version "1.1" commit "adaae7dbe3ff3710e47eba12a32dfe1d71dd14c9"
2021-10-02 14:24:49 [RuneLite] INFO  n.r.c.e.ExternalPluginManager - Loading external plugin "crab-stun-timers" version "b0e7ad22" commit "b0e7ad22a6018fed3cdcd105d6a1873a242e75e3"
2021-10-02 14:24:49 [RuneLite] INFO  n.r.client.discord.DiscordService - Initializing Discord RPC service.
2021-10-02 14:24:51 [pool-3-thread-1] INFO  n.r.client.discord.DiscordService - Discord RPC service is ready with user Victor.
2021-10-02 14:24:52 [AWT-EventQueue-0] INFO  dekvall.notempty.NotEmptyPlugin - Not Empty started!
2021-10-02 14:24:52 [AWT-EventQueue-0] INFO  com.pinggraph.PingGraphPlugin - Ping Graph started!
2021-10-02 14:24:54 [AWT-EventQueue-0] INFO  com.zalcano.ZalcanoPlugin - Zalcano plugin started
2021-10-02 14:24:55 [RuneLite] INFO  net.runelite.client.RuneLite - Client initialization took 12673ms. Uptime: 15645ms
2021-10-02 14:24:56 [AWT-EventQueue-0] INFO  net.runelite.client.ui.ClientUI - Showing frame net.runelite.client.ui.ContainableFrame[frame0,0,0,1920x1040,layout=java.awt.BorderLayout,title=RuneLite,resizable,maximized,defaultCloseOperation=DO_NOTHING_ON_CLOSE,rootPane=javax.swing.JRootPane[,0,0,1920x1040,layout=org.pushingpixels.substance.internal.ui.SubstanceRootPaneUI$SubstanceRootLayout,alignmentX=0.0,alignmentY=0.0,border=org.pushingpixels.substance.internal.utils.border.SubstancePaneBorder@553c02ac,flags=16777673,maximumSize=,minimumSize=,preferredSize=],rootPaneCheckingEnabled=true]
2021-10-02 14:24:57 [Client] INFO  rs117.hd.HdPlugin - Using device: NVIDIA GeForce RTX 2080/PCIe/SSE2
2021-10-02 14:24:57 [Client] INFO  rs117.hd.HdPlugin - Using driver: 4.6.0 NVIDIA 471.96
2021-10-02 16:44:29 [RuneLite] INFO  net.runelite.client.RuneLite - RuneLite 1.7.24 (launcher version 2.1.3) starting up, args: none
2021-10-02 16:44:30 [Preloader] INFO  net.runelite.client.rs.ClientLoader - Using cached vanilla client
2021-10-02 16:44:30 [Preloader] INFO  net.runelite.client.rs.ClientLoader - Using cached patched client
2021-10-02 16:44:31 [Preloader] INFO  net.runelite.client.rs.ClientLoader - client-patch 1583155852.255
2021-10-02 16:44:32 [RuneLite] INFO  n.r.c.plugins.kourendlibrary.Library - Library is now reset
2021-10-02 16:44:32 [RuneLite] INFO  n.r.c.e.ExternalPluginManager - Loading external plugin "skills-tab-progress-bars" version "0.8" commit "edad37606858fb22dcea07ac9bb1f9324d737a80"
2021-10-02 16:44:32 [RuneLite] INFO  n.r.c.e.ExternalPluginManager - Loading external plugin "chatbox-opacity" version "dbee9ba4" commit "dbee9ba4e138cae2467354fc169d9c34dcac3162"
2021-10-02 16:44:33 [RuneLite] INFO  n.r.c.e.ExternalPluginManager - Loading external plugin "zalcano" version "e7fde457" commit "e7fde4576c9dbeb76efe5796f656dfe66f3d6fcb"
2021-10-02 16:44:33 [RuneLite] INFO  n.r.c.e.ExternalPluginManager - Loading external plugin "menu-swapper-extended" version "1.8" commit "fec61a1a0f266bc28ac3fa6bd3338f2d72d05d5c"
2021-10-02 16:44:33 [RuneLite] INFO  n.r.c.e.ExternalPluginManager - Loading external plugin "stealing-artefacts" version "1.1" commit "d4ccb8955208137981bf636121ba1c87ab453108"
2021-10-02 16:44:33 [RuneLite] INFO  n.r.c.e.ExternalPluginManager - Loading external plugin "not-empty" version "1.0" commit "e49ec7cc3927e911337ad48bd530cb52f5365183"
2021-10-02 16:44:33 [RuneLite] INFO  n.r.c.e.ExternalPluginManager - Loading external plugin "profiles-panel" version "1.1.4" commit "c2dd59dcdf324df01c54aeba4cce4577c645f642"
2021-10-02 16:44:33 [RuneLite] INFO  n.r.c.e.ExternalPluginManager - Loading external plugin "crab-solver" version "1.2" commit "a81701ff28b1c0f0790bd0bd9a927c140d3a3e97"
2021-10-02 16:44:33 [RuneLite] INFO  n.r.c.e.ExternalPluginManager - Loading external plugin "watson-clue-tracker" version "1.0.4" commit "7c098357d4cc593e77df77f5377ad77af676f1ee"
2021-10-02 16:44:33 [RuneLite] INFO  n.r.c.e.ExternalPluginManager - Loading external plugin "quest-helper" version "2.5.1" commit "c8359864f798c9557a2ecc83e589438b9d7a7414"
2021-10-02 16:44:33 [RuneLite] INFO  n.r.c.e.ExternalPluginManager - Loading external plugin "equipment-inspector" version "1.2" commit "c0018d299bb4a3dd4ef971a72bfdc776a42f0ff8"
2021-10-02 16:44:33 [RuneLite] INFO  n.r.c.e.ExternalPluginManager - Loading external plugin "cox-additions" version "40d2ba90" commit "40d2ba90edd8ad23a578c40e8e6ecaaa5eb226fd"
2021-10-02 16:44:33 [RuneLite] INFO  n.r.c.e.ExternalPluginManager - Loading external plugin "gauntlet" version "1.0.0" commit "e928b24970bd234aad16c3ec3d9005735b852c08"
2021-10-02 16:44:33 [RuneLite] INFO  n.r.c.e.ExternalPluginManager - Loading external plugin "inventory-setups" version "v1.12" commit "89f404d05f6e7a34d6cdd954d21f277f804aeb6a"
2021-10-02 16:44:33 [RuneLite] INFO  n.r.c.e.ExternalPluginManager - Loading external plugin "the-gauntlet" version "4e13d3eb" commit "4e13d3ebdf7da91f96c3a47856b2ac19de1e48c8"
2021-10-02 16:44:33 [RuneLite] INFO  n.r.c.e.ExternalPluginManager - Loading external plugin "slash-swapper" version "0870d527" commit "0870d527aa88e8c75ec110127d533b21f0e6b83a"
2021-10-02 16:44:33 [RuneLite] INFO  n.r.c.e.ExternalPluginManager - Loading external plugin "pet-info" version "4.0" commit "dce286070830a322969f2024856c5e65fca9c89a"
2021-10-02 16:44:33 [RuneLite] INFO  n.r.c.e.ExternalPluginManager - Loading external plugin "bank-tab-names" version "1.0.0" commit "524316bc3b36abca7ca0ecbf84636f79f54b376a"
2021-10-02 16:44:33 [RuneLite] INFO  n.r.c.e.ExternalPluginManager - Loading external plugin "zulrah-helper" version "1.2.1" commit "a10c7242ee25809705985883ad297e89962b9b85"
2021-10-02 16:44:33 [RuneLite] INFO  n.r.c.e.ExternalPluginManager - Loading external plugin "chompy-hunter" version "1.2" commit "dd55d418a7412bfb169fb74e7a27fc872a3dbe01"
2021-10-02 16:44:33 [RuneLite] INFO  n.r.c.e.ExternalPluginManager - Loading external plugin "gnome-restaurant" version "1.3" commit "558256e0763eb13f4a032810b6c4ee5227880e26"
2021-10-02 16:44:33 [RuneLite] INFO  n.r.c.e.ExternalPluginManager - Loading external plugin "tempoross" version "1.1" commit "d25d396318e7646171deceabaaae66b9e4059ba3"
2021-10-02 16:44:33 [RuneLite] INFO  n.r.c.e.ExternalPluginManager - Loading external plugin "banked-experience" version "2.0.8" commit "cb7235902f37254d24699c38971f9f58c5a4c991"
2021-10-02 16:44:33 [RuneLite] INFO  n.r.c.e.ExternalPluginManager - Loading external plugin "supplies-tracker" version "2.01" commit "79432ec85d1aafa0d1f8f66451a6c1c6f6f7303e"
2021-10-02 16:44:33 [RuneLite] INFO  n.r.c.e.ExternalPluginManager - Loading external plugin "resource-packs" version "1.4.3" commit "c97b20634e7976d35cfd2d73a8ca6cf8866b55dd"
2021-10-02 16:44:33 [RuneLite] INFO  n.r.c.e.ExternalPluginManager - Loading external plugin "picture-in-picture" version "1.4.1" commit "32688a78c119187be8c33c62cf56f990fe9bb688"
2021-10-02 16:44:33 [RuneLite] INFO  n.r.c.e.ExternalPluginManager - Loading external plugin "transmog" version "1.2.1" commit "ba64c8ad20fe00f663ef69dfb6f9213efe441cf8"
2021-10-02 16:44:33 [RuneLite] INFO  n.r.c.e.ExternalPluginManager - Loading external plugin "ping-grapher" version "1.3.1" commit "8b4eb39187d0f59e585d06b4abb7ac4c464da2d2"
2021-10-02 16:44:33 [RuneLite] INFO  n.r.c.e.ExternalPluginManager - Loading external plugin "bats-locator" version "890cefa0" commit "890cefa0a95a734abc15a6b1f0681276c5c78c4d"
2021-10-02 16:44:33 [RuneLite] INFO  n.r.c.e.ExternalPluginManager - Loading external plugin "cox-light-colors" version "1.3.2" commit "6a45d1c702f56bfb9ce146efc4160312fae5d963"
2021-10-02 16:44:33 [RuneLite] INFO  n.r.c.e.ExternalPluginManager - Loading external plugin "damage-counter" version "1.6" commit "393187db8d2554ff47e7022b05f379bc31c38663"
2021-10-02 16:44:33 [RuneLite] INFO  n.r.c.e.ExternalPluginManager - Loading external plugin "raid-reloader" version "415a4b71" commit "415a4b71a6f94f9f10345f5c825ab1109bc7cb07"
2021-10-02 16:44:33 [RuneLite] INFO  n.r.c.e.ExternalPluginManager - Loading external plugin "bank-value-tracker" version "757b7b33" commit "757b7b33bdfc27ba24d57fd22a15456f75558d00"
2021-10-02 16:44:33 [RuneLite] INFO  n.r.c.e.ExternalPluginManager - Loading external plugin "elysiumevents-plugin" version "857ab9e3" commit "857ab9e310e22a83a00d5de55024c94166c1834f"
2021-10-02 16:44:33 [RuneLite] INFO  n.r.c.e.ExternalPluginManager - Loading external plugin "fight-cave-waves" version "1.2" commit "51790d94159cbb85893de04d90efc5c0c20d819a"
2021-10-02 16:44:33 [RuneLite] INFO  n.r.c.e.ExternalPluginManager - Loading external plugin "loot-table" version "1.0.1" commit "1f17b17c7e0b6a6843b27e4305029a0d2ebb2260"
2021-10-02 16:44:33 [RuneLite] INFO  n.r.c.e.ExternalPluginManager - Loading external plugin "optimal-quest-guide" version "cbafa444" commit "cbafa4440bc08f6f93727730cd27fe5f15083d87"
2021-10-02 16:44:33 [RuneLite] INFO  n.r.c.e.ExternalPluginManager - Loading external plugin "ba-minigame" version "1.42" commit "92da92790bd4657bb14e99cde01308bec94a2809"
2021-10-02 16:44:33 [RuneLite] INFO  n.r.c.e.ExternalPluginManager - Loading external plugin "117hd" version "1.0.4" commit "4670a5d73e752b32db26bbd6998054cda034bef5"
2021-10-02 16:44:33 [RuneLite] INFO  n.r.c.e.ExternalPluginManager - Loading external plugin "improved-tears-of-guthix-interface" version "1.1" commit "adaae7dbe3ff3710e47eba12a32dfe1d71dd14c9"
2021-10-02 16:44:33 [RuneLite] INFO  n.r.c.e.ExternalPluginManager - Loading external plugin "crab-stun-timers" version "b0e7ad22" commit "b0e7ad22a6018fed3cdcd105d6a1873a242e75e3"
2021-10-02 16:44:34 [RuneLite] INFO  n.r.client.discord.DiscordService - Initializing Discord RPC service.
2021-10-02 16:44:36 [pool-3-thread-1] INFO  n.r.client.discord.DiscordService - Discord RPC service is ready with user Victor.
2021-10-02 16:44:36 [AWT-EventQueue-0] INFO  dekvall.notempty.NotEmptyPlugin - Not Empty started!
2021-10-02 16:44:36 [AWT-EventQueue-0] INFO  com.pinggraph.PingGraphPlugin - Ping Graph started!
2021-10-02 16:44:37 [AWT-EventQueue-0] INFO  com.zalcano.ZalcanoPlugin - Zalcano plugin started
2021-10-02 16:44:37 [RuneLite] INFO  net.runelite.client.RuneLite - Client initialization took 8597ms. Uptime: 10927ms
2021-10-02 16:44:38 [AWT-EventQueue-0] INFO  net.runelite.client.ui.ClientUI - Showing frame net.runelite.client.ui.ContainableFrame[frame0,-1920,0,1920x1040,layout=java.awt.BorderLayout,title=RuneLite,resizable,maximized,defaultCloseOperation=DO_NOTHING_ON_CLOSE,rootPane=javax.swing.JRootPane[,0,0,1920x1040,layout=org.pushingpixels.substance.internal.ui.SubstanceRootPaneUI$SubstanceRootLayout,alignmentX=0.0,alignmentY=0.0,border=org.pushingpixels.substance.internal.utils.border.SubstancePaneBorder@512f35ba,flags=16777673,maximumSize=,minimumSize=,preferredSize=],rootPaneCheckingEnabled=true]
2021-10-02 16:44:39 [Client] INFO  rs117.hd.HdPlugin - Using device: NVIDIA GeForce RTX 2080/PCIe/SSE2
2021-10-02 16:44:39 [Client] INFO  rs117.hd.HdPlugin - Using driver: 4.6.0 NVIDIA 471.96
2021-10-02 19:26:14 [RuneLite] INFO  net.runelite.client.RuneLite - RuneLite 1.7.24 (launcher version 2.1.3) starting up, args: none
2021-10-02 19:26:16 [Preloader] INFO  net.runelite.client.rs.ClientLoader - Using cached vanilla client
2021-10-02 19:26:16 [Preloader] INFO  net.runelite.client.rs.ClientLoader - Using cached patched client
2021-10-02 19:26:16 [Preloader] INFO  net.runelite.client.rs.ClientLoader - client-patch 1583155852.255
2021-10-02 19:26:18 [RuneLite] INFO  n.r.c.plugins.kourendlibrary.Library - Library is now reset
2021-10-02 19:26:18 [RuneLite] INFO  n.r.c.e.ExternalPluginManager - Loading external plugin "skills-tab-progress-bars" version "0.8" commit "edad37606858fb22dcea07ac9bb1f9324d737a80"
2021-10-02 19:26:18 [RuneLite] INFO  n.r.c.e.ExternalPluginManager - Loading external plugin "chatbox-opacity" version "dbee9ba4" commit "dbee9ba4e138cae2467354fc169d9c34dcac3162"
2021-10-02 19:26:18 [RuneLite] INFO  n.r.c.e.ExternalPluginManager - Loading external plugin "zalcano" version "e7fde457" commit "e7fde4576c9dbeb76efe5796f656dfe66f3d6fcb"
2021-10-02 19:26:18 [RuneLite] INFO  n.r.c.e.ExternalPluginManager - Loading external plugin "menu-swapper-extended" version "1.8" commit "fec61a1a0f266bc28ac3fa6bd3338f2d72d05d5c"
2021-10-02 19:26:18 [RuneLite] INFO  n.r.c.e.ExternalPluginManager - Loading external plugin "stealing-artefacts" version "1.1" commit "d4ccb8955208137981bf636121ba1c87ab453108"
2021-10-02 19:26:18 [RuneLite] INFO  n.r.c.e.ExternalPluginManager - Loading external plugin "not-empty" version "1.0" commit "e49ec7cc3927e911337ad48bd530cb52f5365183"
2021-10-02 19:26:18 [RuneLite] INFO  n.r.c.e.ExternalPluginManager - Loading external plugin "profiles-panel" version "1.1.4" commit "c2dd59dcdf324df01c54aeba4cce4577c645f642"
2021-10-02 19:26:18 [RuneLite] INFO  n.r.c.e.ExternalPluginManager - Loading external plugin "crab-solver" version "1.2" commit "a81701ff28b1c0f0790bd0bd9a927c140d3a3e97"
2021-10-02 19:26:18 [RuneLite] INFO  n.r.c.e.ExternalPluginManager - Loading external plugin "watson-clue-tracker" version "1.0.4" commit "7c098357d4cc593e77df77f5377ad77af676f1ee"
2021-10-02 19:26:18 [RuneLite] INFO  n.r.c.e.ExternalPluginManager - Loading external plugin "quest-helper" version "2.5.1" commit "c8359864f798c9557a2ecc83e589438b9d7a7414"
2021-10-02 19:26:18 [RuneLite] INFO  n.r.c.e.ExternalPluginManager - Loading external plugin "equipment-inspector" version "1.2" commit "c0018d299bb4a3dd4ef971a72bfdc776a42f0ff8"
2021-10-02 19:26:18 [RuneLite] INFO  n.r.c.e.ExternalPluginManager - Loading external plugin "cox-additions" version "40d2ba90" commit "40d2ba90edd8ad23a578c40e8e6ecaaa5eb226fd"
2021-10-02 19:26:18 [RuneLite] INFO  n.r.c.e.ExternalPluginManager - Loading external plugin "gauntlet" version "1.0.0" commit "e928b24970bd234aad16c3ec3d9005735b852c08"
2021-10-02 19:26:18 [RuneLite] INFO  n.r.c.e.ExternalPluginManager - Loading external plugin "inventory-setups" version "v1.12" commit "89f404d05f6e7a34d6cdd954d21f277f804aeb6a"
2021-10-02 19:26:18 [RuneLite] INFO  n.r.c.e.ExternalPluginManager - Loading external plugin "the-gauntlet" version "4e13d3eb" commit "4e13d3ebdf7da91f96c3a47856b2ac19de1e48c8"
2021-10-02 19:26:18 [RuneLite] INFO  n.r.c.e.ExternalPluginManager - Loading external plugin "slash-swapper" version "0870d527" commit "0870d527aa88e8c75ec110127d533b21f0e6b83a"
2021-10-02 19:26:18 [RuneLite] INFO  n.r.c.e.ExternalPluginManager - Loading external plugin "pet-info" version "4.0" commit "dce286070830a322969f2024856c5e65fca9c89a"
2021-10-02 19:26:18 [RuneLite] INFO  n.r.c.e.ExternalPluginManager - Loading external plugin "bank-tab-names" version "1.0.0" commit "524316bc3b36abca7ca0ecbf84636f79f54b376a"
2021-10-02 19:26:18 [RuneLite] INFO  n.r.c.e.ExternalPluginManager - Loading external plugin "zulrah-helper" version "1.2.1" commit "a10c7242ee25809705985883ad297e89962b9b85"
2021-10-02 19:26:18 [RuneLite] INFO  n.r.c.e.ExternalPluginManager - Loading external plugin "chompy-hunter" version "1.2" commit "dd55d418a7412bfb169fb74e7a27fc872a3dbe01"
2021-10-02 19:26:18 [RuneLite] INFO  n.r.c.e.ExternalPluginManager - Loading external plugin "gnome-restaurant" version "1.3" commit "558256e0763eb13f4a032810b6c4ee5227880e26"
2021-10-02 19:26:18 [RuneLite] INFO  n.r.c.e.ExternalPluginManager - Loading external plugin "tempoross" version "1.1" commit "d25d396318e7646171deceabaaae66b9e4059ba3"
2021-10-02 19:26:18 [RuneLite] INFO  n.r.c.e.ExternalPluginManager - Loading external plugin "banked-experience" version "2.0.8" commit "cb7235902f37254d24699c38971f9f58c5a4c991"
2021-10-02 19:26:18 [RuneLite] INFO  n.r.c.e.ExternalPluginManager - Loading external plugin "supplies-tracker" version "2.01" commit "79432ec85d1aafa0d1f8f66451a6c1c6f6f7303e"
2021-10-02 19:26:18 [RuneLite] INFO  n.r.c.e.ExternalPluginManager - Loading external plugin "resource-packs" version "1.4.3" commit "c97b20634e7976d35cfd2d73a8ca6cf8866b55dd"
2021-10-02 19:26:18 [RuneLite] INFO  n.r.c.e.ExternalPluginManager - Loading external plugin "picture-in-picture" version "1.4.1" commit "32688a78c119187be8c33c62cf56f990fe9bb688"
2021-10-02 19:26:18 [RuneLite] INFO  n.r.c.e.ExternalPluginManager - Loading external plugin "transmog" version "1.2.1" commit "ba64c8ad20fe00f663ef69dfb6f9213efe441cf8"
2021-10-02 19:26:18 [RuneLite] INFO  n.r.c.e.ExternalPluginManager - Loading external plugin "ping-grapher" version "1.3.1" commit "8b4eb39187d0f59e585d06b4abb7ac4c464da2d2"
2021-10-02 19:26:18 [RuneLite] INFO  n.r.c.e.ExternalPluginManager - Loading external plugin "bats-locator" version "890cefa0" commit "890cefa0a95a734abc15a6b1f0681276c5c78c4d"
2021-10-02 19:26:18 [RuneLite] INFO  n.r.c.e.ExternalPluginManager - Loading external plugin "cox-light-colors" version "1.3.2" commit "6a45d1c702f56bfb9ce146efc4160312fae5d963"
2021-10-02 19:26:18 [RuneLite] INFO  n.r.c.e.ExternalPluginManager - Loading external plugin "damage-counter" version "1.6" commit "393187db8d2554ff47e7022b05f379bc31c38663"
2021-10-02 19:26:18 [RuneLite] INFO  n.r.c.e.ExternalPluginManager - Loading external plugin "raid-reloader" version "415a4b71" commit "415a4b71a6f94f9f10345f5c825ab1109bc7cb07"
2021-10-02 19:26:18 [RuneLite] INFO  n.r.c.e.ExternalPluginManager - Loading external plugin "bank-value-tracker" version "757b7b33" commit "757b7b33bdfc27ba24d57fd22a15456f75558d00"
2021-10-02 19:26:18 [RuneLite] INFO  n.r.c.e.ExternalPluginManager - Loading external plugin "elysiumevents-plugin" version "857ab9e3" commit "857ab9e310e22a83a00d5de55024c94166c1834f"
2021-10-02 19:26:18 [RuneLite] INFO  n.r.c.e.ExternalPluginManager - Loading external plugin "fight-cave-waves" version "1.2" commit "51790d94159cbb85893de04d90efc5c0c20d819a"
2021-10-02 19:26:18 [RuneLite] INFO  n.r.c.e.ExternalPluginManager - Loading external plugin "loot-table" version "1.0.1" commit "1f17b17c7e0b6a6843b27e4305029a0d2ebb2260"
2021-10-02 19:26:18 [RuneLite] INFO  n.r.c.e.ExternalPluginManager - Loading external plugin "optimal-quest-guide" version "cbafa444" commit "cbafa4440bc08f6f93727730cd27fe5f15083d87"
2021-10-02 19:26:18 [RuneLite] INFO  n.r.c.e.ExternalPluginManager - Loading external plugin "ba-minigame" version "1.42" commit "92da92790bd4657bb14e99cde01308bec94a2809"
2021-10-02 19:26:18 [RuneLite] INFO  n.r.c.e.ExternalPluginManager - Loading external plugin "117hd" version "1.0.4" commit "4670a5d73e752b32db26bbd6998054cda034bef5"
2021-10-02 19:26:18 [RuneLite] INFO  n.r.c.e.ExternalPluginManager - Loading external plugin "improved-tears-of-guthix-interface" version "1.1" commit "adaae7dbe3ff3710e47eba12a32dfe1d71dd14c9"
2021-10-02 19:26:18 [RuneLite] INFO  n.r.c.e.ExternalPluginManager - Loading external plugin "crab-stun-timers" version "b0e7ad22" commit "b0e7ad22a6018fed3cdcd105d6a1873a242e75e3"
2021-10-02 19:26:19 [RuneLite] INFO  n.r.client.discord.DiscordService - Initializing Discord RPC service.
2021-10-02 19:26:21 [pool-3-thread-1] INFO  n.r.client.discord.DiscordService - Discord RPC service is ready with user Victor.
2021-10-02 19:26:21 [AWT-EventQueue-0] INFO  dekvall.notempty.NotEmptyPlugin - Not Empty started!
2021-10-02 19:26:22 [AWT-EventQueue-0] INFO  com.pinggraph.PingGraphPlugin - Ping Graph started!
2021-10-02 19:26:22 [AWT-EventQueue-0] INFO  com.zalcano.ZalcanoPlugin - Zalcano plugin started
2021-10-02 19:26:23 [RuneLite] INFO  net.runelite.client.RuneLite - Client initialization took 8802ms. Uptime: 11170ms
2021-10-02 19:26:23 [AWT-EventQueue-0] INFO  net.runelite.client.ui.ClientUI - Showing frame net.runelite.client.ui.ContainableFrame[frame0,-1920,0,1920x1040,layout=java.awt.BorderLayout,title=RuneLite,resizable,maximized,defaultCloseOperation=DO_NOTHING_ON_CLOSE,rootPane=javax.swing.JRootPane[,0,0,1920x1040,layout=org.pushingpixels.substance.internal.ui.SubstanceRootPaneUI$SubstanceRootLayout,alignmentX=0.0,alignmentY=0.0,border=org.pushingpixels.substance.internal.utils.border.SubstancePaneBorder@55ad476a,flags=16777673,maximumSize=,minimumSize=,preferredSize=],rootPaneCheckingEnabled=true]
2021-10-02 19:26:25 [Client] INFO  rs117.hd.HdPlugin - Using device: NVIDIA GeForce RTX 2080/PCIe/SSE2
2021-10-02 19:26:25 [Client] INFO  rs117.hd.HdPlugin - Using driver: 4.6.0 NVIDIA 471.96
2021-10-02 19:33:57 [AWT-EventQueue-0] INFO  c.g.m.SkillsTabProgressBarsPlugin - Plugin startup while logged in - manually finding skill progress and attaching hover listeners
2021-10-02 19:55:37 [RuneLite] INFO  net.runelite.client.RuneLite - RuneLite 1.7.24 (launcher version 2.1.3) starting up, args: none
2021-10-02 19:55:38 [Preloader] INFO  net.runelite.client.rs.ClientLoader - Using cached vanilla client
2021-10-02 19:55:38 [Preloader] INFO  net.runelite.client.rs.ClientLoader - Using cached patched client
2021-10-02 19:55:38 [Preloader] INFO  net.runelite.client.rs.ClientLoader - client-patch 1583155852.255
2021-10-02 19:55:40 [RuneLite] INFO  n.r.c.plugins.kourendlibrary.Library - Library is now reset
2021-10-02 19:55:40 [RuneLite] INFO  n.r.c.e.ExternalPluginManager - Loading external plugin "skills-tab-progress-bars" version "0.8" commit "edad37606858fb22dcea07ac9bb1f9324d737a80"
2021-10-02 19:55:40 [RuneLite] INFO  n.r.c.e.ExternalPluginManager - Loading external plugin "chatbox-opacity" version "dbee9ba4" commit "dbee9ba4e138cae2467354fc169d9c34dcac3162"
2021-10-02 19:55:40 [RuneLite] INFO  n.r.c.e.ExternalPluginManager - Loading external plugin "zalcano" version "e7fde457" commit "e7fde4576c9dbeb76efe5796f656dfe66f3d6fcb"
2021-10-02 19:55:40 [RuneLite] INFO  n.r.c.e.ExternalPluginManager - Loading external plugin "menu-swapper-extended" version "1.8" commit "fec61a1a0f266bc28ac3fa6bd3338f2d72d05d5c"
2021-10-02 19:55:40 [RuneLite] INFO  n.r.c.e.ExternalPluginManager - Loading external plugin "stealing-artefacts" version "1.1" commit "d4ccb8955208137981bf636121ba1c87ab453108"
2021-10-02 19:55:40 [RuneLite] INFO  n.r.c.e.ExternalPluginManager - Loading external plugin "not-empty" version "1.0" commit "e49ec7cc3927e911337ad48bd530cb52f5365183"
2021-10-02 19:55:40 [RuneLite] INFO  n.r.c.e.ExternalPluginManager - Loading external plugin "profiles-panel" version "1.1.4" commit "c2dd59dcdf324df01c54aeba4cce4577c645f642"
2021-10-02 19:55:40 [RuneLite] INFO  n.r.c.e.ExternalPluginManager - Loading external plugin "crab-solver" version "1.2" commit "a81701ff28b1c0f0790bd0bd9a927c140d3a3e97"
2021-10-02 19:55:40 [RuneLite] INFO  n.r.c.e.ExternalPluginManager - Loading external plugin "watson-clue-tracker" version "1.0.4" commit "7c098357d4cc593e77df77f5377ad77af676f1ee"
2021-10-02 19:55:40 [RuneLite] INFO  n.r.c.e.ExternalPluginManager - Loading external plugin "quest-helper" version "2.5.1" commit "c8359864f798c9557a2ecc83e589438b9d7a7414"
2021-10-02 19:55:40 [RuneLite] INFO  n.r.c.e.ExternalPluginManager - Loading external plugin "equipment-inspector" version "1.2" commit "c0018d299bb4a3dd4ef971a72bfdc776a42f0ff8"
2021-10-02 19:55:40 [RuneLite] INFO  n.r.c.e.ExternalPluginManager - Loading external plugin "cox-additions" version "40d2ba90" commit "40d2ba90edd8ad23a578c40e8e6ecaaa5eb226fd"
2021-10-02 19:55:40 [RuneLite] INFO  n.r.c.e.ExternalPluginManager - Loading external plugin "gauntlet" version "1.0.0" commit "e928b24970bd234aad16c3ec3d9005735b852c08"
2021-10-02 19:55:40 [RuneLite] INFO  n.r.c.e.ExternalPluginManager - Loading external plugin "inventory-setups" version "v1.12" commit "89f404d05f6e7a34d6cdd954d21f277f804aeb6a"
2021-10-02 19:55:40 [RuneLite] INFO  n.r.c.e.ExternalPluginManager - Loading external plugin "the-gauntlet" version "4e13d3eb" commit "4e13d3ebdf7da91f96c3a47856b2ac19de1e48c8"
2021-10-02 19:55:40 [RuneLite] INFO  n.r.c.e.ExternalPluginManager - Loading external plugin "slash-swapper" version "0870d527" commit "0870d527aa88e8c75ec110127d533b21f0e6b83a"
2021-10-02 19:55:41 [RuneLite] INFO  n.r.c.e.ExternalPluginManager - Loading external plugin "pet-info" version "4.0" commit "dce286070830a322969f2024856c5e65fca9c89a"
2021-10-02 19:55:41 [RuneLite] INFO  n.r.c.e.ExternalPluginManager - Loading external plugin "bank-tab-names" version "1.0.0" commit "524316bc3b36abca7ca0ecbf84636f79f54b376a"
2021-10-02 19:55:41 [RuneLite] INFO  n.r.c.e.ExternalPluginManager - Loading external plugin "zulrah-helper" version "1.2.1" commit "a10c7242ee25809705985883ad297e89962b9b85"
2021-10-02 19:55:41 [RuneLite] INFO  n.r.c.e.ExternalPluginManager - Loading external plugin "chompy-hunter" version "1.2" commit "dd55d418a7412bfb169fb74e7a27fc872a3dbe01"
2021-10-02 19:55:41 [RuneLite] INFO  n.r.c.e.ExternalPluginManager - Loading external plugin "gnome-restaurant" version "1.3" commit "558256e0763eb13f4a032810b6c4ee5227880e26"
2021-10-02 19:55:41 [RuneLite] INFO  n.r.c.e.ExternalPluginManager - Loading external plugin "tempoross" version "1.1" commit "d25d396318e7646171deceabaaae66b9e4059ba3"
2021-10-02 19:55:41 [RuneLite] INFO  n.r.c.e.ExternalPluginManager - Loading external plugin "banked-experience" version "2.0.8" commit "cb7235902f37254d24699c38971f9f58c5a4c991"
2021-10-02 19:55:41 [RuneLite] INFO  n.r.c.e.ExternalPluginManager - Loading external plugin "supplies-tracker" version "2.01" commit "79432ec85d1aafa0d1f8f66451a6c1c6f6f7303e"
2021-10-02 19:55:41 [RuneLite] INFO  n.r.c.e.ExternalPluginManager - Loading external plugin "resource-packs" version "1.4.3" commit "c97b20634e7976d35cfd2d73a8ca6cf8866b55dd"
2021-10-02 19:55:41 [RuneLite] INFO  n.r.c.e.ExternalPluginManager - Loading external plugin "picture-in-picture" version "1.4.1" commit "32688a78c119187be8c33c62cf56f990fe9bb688"
2021-10-02 19:55:41 [RuneLite] INFO  n.r.c.e.ExternalPluginManager - Loading external plugin "transmog" version "1.2.1" commit "ba64c8ad20fe00f663ef69dfb6f9213efe441cf8"
2021-10-02 19:55:41 [RuneLite] INFO  n.r.c.e.ExternalPluginManager - Loading external plugin "ping-grapher" version "1.3.1" commit "8b4eb39187d0f59e585d06b4abb7ac4c464da2d2"
2021-10-02 19:55:41 [RuneLite] INFO  n.r.c.e.ExternalPluginManager - Loading external plugin "bats-locator" version "890cefa0" commit "890cefa0a95a734abc15a6b1f0681276c5c78c4d"
2021-10-02 19:55:41 [RuneLite] INFO  n.r.c.e.ExternalPluginManager - Loading external plugin "cox-light-colors" version "1.3.2" commit "6a45d1c702f56bfb9ce146efc4160312fae5d963"
2021-10-02 19:55:41 [RuneLite] INFO  n.r.c.e.ExternalPluginManager - Loading external plugin "damage-counter" version "1.6" commit "393187db8d2554ff47e7022b05f379bc31c38663"
2021-10-02 19:55:41 [RuneLite] INFO  n.r.c.e.ExternalPluginManager - Loading external plugin "raid-reloader" version "415a4b71" commit "415a4b71a6f94f9f10345f5c825ab1109bc7cb07"
2021-10-02 19:55:41 [RuneLite] INFO  n.r.c.e.ExternalPluginManager - Loading external plugin "bank-value-tracker" version "757b7b33" commit "757b7b33bdfc27ba24d57fd22a15456f75558d00"
2021-10-02 19:55:41 [RuneLite] INFO  n.r.c.e.ExternalPluginManager - Loading external plugin "elysiumevents-plugin" version "857ab9e3" commit "857ab9e310e22a83a00d5de55024c94166c1834f"
2021-10-02 19:55:41 [RuneLite] INFO  n.r.c.e.ExternalPluginManager - Loading external plugin "fight-cave-waves" version "1.2" commit "51790d94159cbb85893de04d90efc5c0c20d819a"
2021-10-02 19:55:41 [RuneLite] INFO  n.r.c.e.ExternalPluginManager - Loading external plugin "loot-table" version "1.0.1" commit "1f17b17c7e0b6a6843b27e4305029a0d2ebb2260"
2021-10-02 19:55:41 [RuneLite] INFO  n.r.c.e.ExternalPluginManager - Loading external plugin "optimal-quest-guide" version "cbafa444" commit "cbafa4440bc08f6f93727730cd27fe5f15083d87"
2021-10-02 19:55:41 [RuneLite] INFO  n.r.c.e.ExternalPluginManager - Loading external plugin "ba-minigame" version "1.42" commit "92da92790bd4657bb14e99cde01308bec94a2809"
2021-10-02 19:55:41 [RuneLite] INFO  n.r.c.e.ExternalPluginManager - Loading external plugin "117hd" version "1.0.4" commit "4670a5d73e752b32db26bbd6998054cda034bef5"
2021-10-02 19:55:41 [RuneLite] INFO  n.r.c.e.ExternalPluginManager - Loading external plugin "improved-tears-of-guthix-interface" version "1.1" commit "adaae7dbe3ff3710e47eba12a32dfe1d71dd14c9"
2021-10-02 19:55:41 [RuneLite] INFO  n.r.c.e.ExternalPluginManager - Loading external plugin "crab-stun-timers" version "b0e7ad22" commit "b0e7ad22a6018fed3cdcd105d6a1873a242e75e3"
2021-10-02 19:55:41 [RuneLite] INFO  n.r.client.discord.DiscordService - Initializing Discord RPC service.
2021-10-02 19:55:43 [AWT-EventQueue-0] INFO  dekvall.notempty.NotEmptyPlugin - Not Empty started!
2021-10-02 19:55:43 [AWT-EventQueue-0] INFO  com.pinggraph.PingGraphPlugin - Ping Graph started!
2021-10-02 19:55:43 [pool-3-thread-1] INFO  n.r.client.discord.DiscordService - Discord RPC service is ready with user Victor.
2021-10-02 19:55:44 [AWT-EventQueue-0] INFO  com.zalcano.ZalcanoPlugin - Zalcano plugin started
2021-10-02 19:55:45 [RuneLite] INFO  net.runelite.client.RuneLite - Client initialization took 8590ms. Uptime: 10978ms
2021-10-02 19:55:46 [AWT-EventQueue-0] INFO  net.runelite.client.ui.ClientUI - Showing frame net.runelite.client.ui.ContainableFrame[frame0,-1920,0,1920x1040,invalid,layout=java.awt.BorderLayout,title=RuneLite,resizable,maximized,defaultCloseOperation=DO_NOTHING_ON_CLOSE,rootPane=javax.swing.JRootPane[,0,0,1920x1040,layout=org.pushingpixels.substance.internal.ui.SubstanceRootPaneUI$SubstanceRootLayout,alignmentX=0.0,alignmentY=0.0,border=org.pushingpixels.substance.internal.utils.border.SubstancePaneBorder@2b50c9b3,flags=16777673,maximumSize=,minimumSize=,preferredSize=],rootPaneCheckingEnabled=true]
2021-10-02 19:55:48 [Client] INFO  rs117.hd.HdPlugin - Using device: NVIDIA GeForce RTX 2080/PCIe/SSE2
2021-10-02 19:55:48 [Client] INFO  rs117.hd.HdPlugin - Using driver: 4.6.0 NVIDIA 471.96
2021-10-02 20:17:40 [RuneLite] INFO  net.runelite.client.RuneLite - RuneLite 1.7.24 (launcher version 2.1.3) starting up, args: none
2021-10-02 20:17:41 [Preloader] INFO  net.runelite.client.rs.ClientLoader - Using cached vanilla client
2021-10-02 20:17:42 [Preloader] INFO  net.runelite.client.rs.ClientLoader - Using cached patched client
2021-10-02 20:17:42 [Preloader] INFO  net.runelite.client.rs.ClientLoader - client-patch 1583155852.255
2021-10-02 20:17:43 [RuneLite] INFO  n.r.c.plugins.kourendlibrary.Library - Library is now reset
2021-10-02 20:17:44 [RuneLite] INFO  n.r.c.e.ExternalPluginManager - Loading external plugin "skills-tab-progress-bars" version "0.8" commit "edad37606858fb22dcea07ac9bb1f9324d737a80"
2021-10-02 20:17:44 [RuneLite] INFO  n.r.c.e.ExternalPluginManager - Loading external plugin "chatbox-opacity" version "dbee9ba4" commit "dbee9ba4e138cae2467354fc169d9c34dcac3162"
2021-10-02 20:17:44 [RuneLite] INFO  n.r.c.e.ExternalPluginManager - Loading external plugin "zalcano" version "e7fde457" commit "e7fde4576c9dbeb76efe5796f656dfe66f3d6fcb"
2021-10-02 20:17:44 [RuneLite] INFO  n.r.c.e.ExternalPluginManager - Loading external plugin "menu-swapper-extended" version "1.8" commit "fec61a1a0f266bc28ac3fa6bd3338f2d72d05d5c"
2021-10-02 20:17:44 [RuneLite] INFO  n.r.c.e.ExternalPluginManager - Loading external plugin "stealing-artefacts" version "1.1" commit "d4ccb8955208137981bf636121ba1c87ab453108"
2021-10-02 20:17:44 [RuneLite] INFO  n.r.c.e.ExternalPluginManager - Loading external plugin "not-empty" version "1.0" commit "e49ec7cc3927e911337ad48bd530cb52f5365183"
2021-10-02 20:17:44 [RuneLite] INFO  n.r.c.e.ExternalPluginManager - Loading external plugin "profiles-panel" version "1.1.4" commit "c2dd59dcdf324df01c54aeba4cce4577c645f642"
2021-10-02 20:17:44 [RuneLite] INFO  n.r.c.e.ExternalPluginManager - Loading external plugin "crab-solver" version "1.2" commit "a81701ff28b1c0f0790bd0bd9a927c140d3a3e97"
2021-10-02 20:17:44 [RuneLite] INFO  n.r.c.e.ExternalPluginManager - Loading external plugin "watson-clue-tracker" version "1.0.4" commit "7c098357d4cc593e77df77f5377ad77af676f1ee"
2021-10-02 20:17:44 [RuneLite] INFO  n.r.c.e.ExternalPluginManager - Loading external plugin "quest-helper" version "2.5.1" commit "c8359864f798c9557a2ecc83e589438b9d7a7414"
2021-10-02 20:17:44 [RuneLite] INFO  n.r.c.e.ExternalPluginManager - Loading external plugin "equipment-inspector" version "1.2" commit "c0018d299bb4a3dd4ef971a72bfdc776a42f0ff8"
2021-10-02 20:17:44 [RuneLite] INFO  n.r.c.e.ExternalPluginManager - Loading external plugin "cox-additions" version "40d2ba90" commit "40d2ba90edd8ad23a578c40e8e6ecaaa5eb226fd"
2021-10-02 20:17:44 [RuneLite] INFO  n.r.c.e.ExternalPluginManager - Loading external plugin "gauntlet" version "1.0.0" commit "e928b24970bd234aad16c3ec3d9005735b852c08"
2021-10-02 20:17:44 [RuneLite] INFO  n.r.c.e.ExternalPluginManager - Loading external plugin "inventory-setups" version "v1.12" commit "89f404d05f6e7a34d6cdd954d21f277f804aeb6a"
2021-10-02 20:17:44 [RuneLite] INFO  n.r.c.e.ExternalPluginManager - Loading external plugin "the-gauntlet" version "4e13d3eb" commit "4e13d3ebdf7da91f96c3a47856b2ac19de1e48c8"
2021-10-02 20:17:44 [RuneLite] INFO  n.r.c.e.ExternalPluginManager - Loading external plugin "slash-swapper" version "0870d527" commit "0870d527aa88e8c75ec110127d533b21f0e6b83a"
2021-10-02 20:17:44 [RuneLite] INFO  n.r.c.e.ExternalPluginManager - Loading external plugin "pet-info" version "4.0" commit "dce286070830a322969f2024856c5e65fca9c89a"
2021-10-02 20:17:44 [RuneLite] INFO  n.r.c.e.ExternalPluginManager - Loading external plugin "bank-tab-names" version "1.0.0" commit "524316bc3b36abca7ca0ecbf84636f79f54b376a"
2021-10-02 20:17:44 [RuneLite] INFO  n.r.c.e.ExternalPluginManager - Loading external plugin "zulrah-helper" version "1.2.1" commit "a10c7242ee25809705985883ad297e89962b9b85"
2021-10-02 20:17:44 [RuneLite] INFO  n.r.c.e.ExternalPluginManager - Loading external plugin "chompy-hunter" version "1.2" commit "dd55d418a7412bfb169fb74e7a27fc872a3dbe01"
2021-10-02 20:17:44 [RuneLite] INFO  n.r.c.e.ExternalPluginManager - Loading external plugin "gnome-restaurant" version "1.3" commit "558256e0763eb13f4a032810b6c4ee5227880e26"
2021-10-02 20:17:44 [RuneLite] INFO  n.r.c.e.ExternalPluginManager - Loading external plugin "tempoross" version "1.1" commit "d25d396318e7646171deceabaaae66b9e4059ba3"
2021-10-02 20:17:44 [RuneLite] INFO  n.r.c.e.ExternalPluginManager - Loading external plugin "banked-experience" version "2.0.8" commit "cb7235902f37254d24699c38971f9f58c5a4c991"
2021-10-02 20:17:44 [RuneLite] INFO  n.r.c.e.ExternalPluginManager - Loading external plugin "supplies-tracker" version "2.01" commit "79432ec85d1aafa0d1f8f66451a6c1c6f6f7303e"
2021-10-02 20:17:44 [RuneLite] INFO  n.r.c.e.ExternalPluginManager - Loading external plugin "resource-packs" version "1.4.3" commit "c97b20634e7976d35cfd2d73a8ca6cf8866b55dd"
2021-10-02 20:17:44 [RuneLite] INFO  n.r.c.e.ExternalPluginManager - Loading external plugin "picture-in-picture" version "1.4.1" commit "32688a78c119187be8c33c62cf56f990fe9bb688"
2021-10-02 20:17:44 [RuneLite] INFO  n.r.c.e.ExternalPluginManager - Loading external plugin "transmog" version "1.2.1" commit "ba64c8ad20fe00f663ef69dfb6f9213efe441cf8"
2021-10-02 20:17:44 [RuneLite] INFO  n.r.c.e.ExternalPluginManager - Loading external plugin "ping-grapher" version "1.3.1" commit "8b4eb39187d0f59e585d06b4abb7ac4c464da2d2"
2021-10-02 20:17:44 [RuneLite] INFO  n.r.c.e.ExternalPluginManager - Loading external plugin "bats-locator" version "890cefa0" commit "890cefa0a95a734abc15a6b1f0681276c5c78c4d"
2021-10-02 20:17:44 [RuneLite] INFO  n.r.c.e.ExternalPluginManager - Loading external plugin "cox-light-colors" version "1.3.2" commit "6a45d1c702f56bfb9ce146efc4160312fae5d963"
2021-10-02 20:17:44 [RuneLite] INFO  n.r.c.e.ExternalPluginManager - Loading external plugin "damage-counter" version "1.6" commit "393187db8d2554ff47e7022b05f379bc31c38663"
2021-10-02 20:17:44 [RuneLite] INFO  n.r.c.e.ExternalPluginManager - Loading external plugin "raid-reloader" version "415a4b71" commit "415a4b71a6f94f9f10345f5c825ab1109bc7cb07"
2021-10-02 20:17:44 [RuneLite] INFO  n.r.c.e.ExternalPluginManager - Loading external plugin "bank-value-tracker" version "757b7b33" commit "757b7b33bdfc27ba24d57fd22a15456f75558d00"
2021-10-02 20:17:44 [RuneLite] INFO  n.r.c.e.ExternalPluginManager - Loading external plugin "elysiumevents-plugin" version "857ab9e3" commit "857ab9e310e22a83a00d5de55024c94166c1834f"
2021-10-02 20:17:44 [RuneLite] INFO  n.r.c.e.ExternalPluginManager - Loading external plugin "fight-cave-waves" version "1.2" commit "51790d94159cbb85893de04d90efc5c0c20d819a"
2021-10-02 20:17:44 [RuneLite] INFO  n.r.c.e.ExternalPluginManager - Loading external plugin "loot-table" version "1.0.1" commit "1f17b17c7e0b6a6843b27e4305029a0d2ebb2260"
2021-10-02 20:17:44 [RuneLite] INFO  n.r.c.e.ExternalPluginManager - Loading external plugin "optimal-quest-guide" version "cbafa444" commit "cbafa4440bc08f6f93727730cd27fe5f15083d87"
2021-10-02 20:17:44 [RuneLite] INFO  n.r.c.e.ExternalPluginManager - Loading external plugin "ba-minigame" version "1.42" commit "92da92790bd4657bb14e99cde01308bec94a2809"
2021-10-02 20:17:44 [RuneLite] INFO  n.r.c.e.ExternalPluginManager - Loading external plugin "117hd" version "1.0.4" commit "4670a5d73e752b32db26bbd6998054cda034bef5"
2021-10-02 20:17:44 [RuneLite] INFO  n.r.c.e.ExternalPluginManager - Loading external plugin "improved-tears-of-guthix-interface" version "1.1" commit "adaae7dbe3ff3710e47eba12a32dfe1d71dd14c9"
2021-10-02 20:17:44 [RuneLite] INFO  n.r.c.e.ExternalPluginManager - Loading external plugin "crab-stun-timers" version "b0e7ad22" commit "b0e7ad22a6018fed3cdcd105d6a1873a242e75e3"
2021-10-02 20:17:45 [RuneLite] INFO  n.r.client.discord.DiscordService - Initializing Discord RPC service.
2021-10-02 20:17:47 [AWT-EventQueue-0] INFO  dekvall.notempty.NotEmptyPlugin - Not Empty started!
2021-10-02 20:17:47 [AWT-EventQueue-0] INFO  com.pinggraph.PingGraphPlugin - Ping Graph started!
2021-10-02 20:17:47 [pool-3-thread-1] INFO  n.r.client.discord.DiscordService - Discord RPC service is ready with user Victor.
2021-10-02 20:17:48 [AWT-EventQueue-0] INFO  com.zalcano.ZalcanoPlugin - Zalcano plugin started
2021-10-02 20:17:49 [RuneLite] INFO  net.runelite.client.RuneLite - Client initialization took 8977ms. Uptime: 11424ms
2021-10-02 20:17:49 [AWT-EventQueue-0] INFO  net.runelite.client.ui.ClientUI - Showing frame net.runelite.client.ui.ContainableFrame[frame0,-1920,0,1920x1040,layout=java.awt.BorderLayout,title=RuneLite,resizable,normal,defaultCloseOperation=DO_NOTHING_ON_CLOSE,rootPane=javax.swing.JRootPane[,0,0,1920x1040,layout=org.pushingpixels.substance.internal.ui.SubstanceRootPaneUI$SubstanceRootLayout,alignmentX=0.0,alignmentY=0.0,border=org.pushingpixels.substance.internal.utils.border.SubstancePaneBorder@55ad476a,flags=16777673,maximumSize=,minimumSize=,preferredSize=],rootPaneCheckingEnabled=true]
2021-10-02 20:17:53 [Client] INFO  rs117.hd.HdPlugin - Using device: NVIDIA GeForce RTX 2080/PCIe/SSE2
2021-10-02 20:17:53 [Client] INFO  rs117.hd.HdPlugin - Using driver: 4.6.0 NVIDIA 471.96
2021-10-02 21:04:35 [RuneLite] INFO  net.runelite.client.RuneLite - RuneLite 1.7.24 (launcher version 2.1.3) starting up, args: none
2021-10-02 21:04:37 [Preloader] INFO  net.runelite.client.rs.ClientLoader - Using cached vanilla client
2021-10-02 21:04:37 [Preloader] INFO  net.runelite.client.rs.ClientLoader - Using cached patched client
2021-10-02 21:04:37 [Preloader] INFO  net.runelite.client.rs.ClientLoader - client-patch 1583155852.255
2021-10-02 21:04:39 [RuneLite] INFO  n.r.c.plugins.kourendlibrary.Library - Library is now reset
2021-10-02 21:04:40 [RuneLite] INFO  n.r.c.e.ExternalPluginManager - Loading external plugin "skills-tab-progress-bars" version "0.8" commit "edad37606858fb22dcea07ac9bb1f9324d737a80"
2021-10-02 21:04:40 [RuneLite] INFO  n.r.c.e.ExternalPluginManager - Loading external plugin "chatbox-opacity" version "dbee9ba4" commit "dbee9ba4e138cae2467354fc169d9c34dcac3162"
2021-10-02 21:04:40 [RuneLite] INFO  n.r.c.e.ExternalPluginManager - Loading external plugin "zalcano" version "e7fde457" commit "e7fde4576c9dbeb76efe5796f656dfe66f3d6fcb"
2021-10-02 21:04:40 [RuneLite] INFO  n.r.c.e.ExternalPluginManager - Loading external plugin "quest-helper" version "2.6.0" commit "3d9cc4ad2962b2b3cc363f3bb39502b428e403f4"
2021-10-02 21:04:40 [RuneLite] INFO  n.r.c.e.ExternalPluginManager - Loading external plugin "menu-swapper-extended" version "1.8" commit "fec61a1a0f266bc28ac3fa6bd3338f2d72d05d5c"
2021-10-02 21:04:40 [RuneLite] INFO  n.r.c.e.ExternalPluginManager - Loading external plugin "stealing-artefacts" version "1.1" commit "d4ccb8955208137981bf636121ba1c87ab453108"
2021-10-02 21:04:40 [RuneLite] INFO  n.r.c.e.ExternalPluginManager - Loading external plugin "not-empty" version "1.0" commit "e49ec7cc3927e911337ad48bd530cb52f5365183"
2021-10-02 21:04:40 [RuneLite] INFO  n.r.c.e.ExternalPluginManager - Loading external plugin "profiles-panel" version "1.1.4" commit "c2dd59dcdf324df01c54aeba4cce4577c645f642"
2021-10-02 21:04:40 [RuneLite] INFO  n.r.c.e.ExternalPluginManager - Loading external plugin "crab-solver" version "1.2" commit "a81701ff28b1c0f0790bd0bd9a927c140d3a3e97"
2021-10-02 21:04:40 [RuneLite] INFO  n.r.c.e.ExternalPluginManager - Loading external plugin "watson-clue-tracker" version "1.0.4" commit "7c098357d4cc593e77df77f5377ad77af676f1ee"
2021-10-02 21:04:40 [RuneLite] INFO  n.r.c.e.ExternalPluginManager - Loading external plugin "equipment-inspector" version "1.2" commit "c0018d299bb4a3dd4ef971a72bfdc776a42f0ff8"
2021-10-02 21:04:40 [RuneLite] INFO  n.r.c.e.ExternalPluginManager - Loading external plugin "cox-additions" version "40d2ba90" commit "40d2ba90edd8ad23a578c40e8e6ecaaa5eb226fd"
2021-10-02 21:04:40 [RuneLite] INFO  n.r.c.e.ExternalPluginManager - Loading external plugin "gauntlet" version "1.0.0" commit "e928b24970bd234aad16c3ec3d9005735b852c08"
2021-10-02 21:04:40 [RuneLite] INFO  n.r.c.e.ExternalPluginManager - Loading external plugin "inventory-setups" version "v1.12" commit "89f404d05f6e7a34d6cdd954d21f277f804aeb6a"
2021-10-02 21:04:40 [RuneLite] INFO  n.r.c.e.ExternalPluginManager - Loading external plugin "the-gauntlet" version "4e13d3eb" commit "4e13d3ebdf7da91f96c3a47856b2ac19de1e48c8"
2021-10-02 21:04:40 [RuneLite] INFO  n.r.c.e.ExternalPluginManager - Loading external plugin "slash-swapper" version "0870d527" commit "0870d527aa88e8c75ec110127d533b21f0e6b83a"
2021-10-02 21:04:40 [RuneLite] INFO  n.r.c.e.ExternalPluginManager - Loading external plugin "pet-info" version "4.0" commit "dce286070830a322969f2024856c5e65fca9c89a"
2021-10-02 21:04:40 [RuneLite] INFO  n.r.c.e.ExternalPluginManager - Loading external plugin "bank-tab-names" version "1.0.0" commit "524316bc3b36abca7ca0ecbf84636f79f54b376a"
2021-10-02 21:04:40 [RuneLite] INFO  n.r.c.e.ExternalPluginManager - Loading external plugin "zulrah-helper" version "1.2.1" commit "a10c7242ee25809705985883ad297e89962b9b85"
2021-10-02 21:04:40 [RuneLite] INFO  n.r.c.e.ExternalPluginManager - Loading external plugin "chompy-hunter" version "1.2" commit "dd55d418a7412bfb169fb74e7a27fc872a3dbe01"
2021-10-02 21:04:40 [RuneLite] INFO  n.r.c.e.ExternalPluginManager - Loading external plugin "gnome-restaurant" version "1.3" commit "558256e0763eb13f4a032810b6c4ee5227880e26"
2021-10-02 21:04:40 [RuneLite] INFO  n.r.c.e.ExternalPluginManager - Loading external plugin "tempoross" version "1.1" commit "d25d396318e7646171deceabaaae66b9e4059ba3"
2021-10-02 21:04:40 [RuneLite] INFO  n.r.c.e.ExternalPluginManager - Loading external plugin "banked-experience" version "2.0.8" commit "cb7235902f37254d24699c38971f9f58c5a4c991"
2021-10-02 21:04:40 [RuneLite] INFO  n.r.c.e.ExternalPluginManager - Loading external plugin "supplies-tracker" version "2.01" commit "79432ec85d1aafa0d1f8f66451a6c1c6f6f7303e"
2021-10-02 21:04:40 [RuneLite] INFO  n.r.c.e.ExternalPluginManager - Loading external plugin "resource-packs" version "1.4.3" commit "c97b20634e7976d35cfd2d73a8ca6cf8866b55dd"
2021-10-02 21:04:40 [RuneLite] INFO  n.r.c.e.ExternalPluginManager - Loading external plugin "picture-in-picture" version "1.4.1" commit "32688a78c119187be8c33c62cf56f990fe9bb688"
2021-10-02 21:04:40 [RuneLite] INFO  n.r.c.e.ExternalPluginManager - Loading external plugin "transmog" version "1.2.1" commit "ba64c8ad20fe00f663ef69dfb6f9213efe441cf8"
2021-10-02 21:04:40 [RuneLite] INFO  n.r.c.e.ExternalPluginManager - Loading external plugin "ping-grapher" version "1.3.1" commit "8b4eb39187d0f59e585d06b4abb7ac4c464da2d2"
2021-10-02 21:04:40 [RuneLite] INFO  n.r.c.e.ExternalPluginManager - Loading external plugin "bats-locator" version "890cefa0" commit "890cefa0a95a734abc15a6b1f0681276c5c78c4d"
2021-10-02 21:04:40 [RuneLite] INFO  n.r.c.e.ExternalPluginManager - Loading external plugin "cox-light-colors" version "1.3.2" commit "6a45d1c702f56bfb9ce146efc4160312fae5d963"
2021-10-02 21:04:40 [RuneLite] INFO  n.r.c.e.ExternalPluginManager - Loading external plugin "damage-counter" version "1.6" commit "393187db8d2554ff47e7022b05f379bc31c38663"
2021-10-02 21:04:40 [RuneLite] INFO  n.r.c.e.ExternalPluginManager - Loading external plugin "raid-reloader" version "415a4b71" commit "415a4b71a6f94f9f10345f5c825ab1109bc7cb07"
2021-10-02 21:04:40 [RuneLite] INFO  n.r.c.e.ExternalPluginManager - Loading external plugin "bank-value-tracker" version "757b7b33" commit "757b7b33bdfc27ba24d57fd22a15456f75558d00"
2021-10-02 21:04:40 [RuneLite] INFO  n.r.c.e.ExternalPluginManager - Loading external plugin "elysiumevents-plugin" version "857ab9e3" commit "857ab9e310e22a83a00d5de55024c94166c1834f"
2021-10-02 21:04:40 [RuneLite] INFO  n.r.c.e.ExternalPluginManager - Loading external plugin "fight-cave-waves" version "1.2" commit "51790d94159cbb85893de04d90efc5c0c20d819a"
2021-10-02 21:04:40 [RuneLite] INFO  n.r.c.e.ExternalPluginManager - Loading external plugin "loot-table" version "1.0.1" commit "1f17b17c7e0b6a6843b27e4305029a0d2ebb2260"
2021-10-02 21:04:40 [RuneLite] INFO  n.r.c.e.ExternalPluginManager - Loading external plugin "optimal-quest-guide" version "cbafa444" commit "cbafa4440bc08f6f93727730cd27fe5f15083d87"
2021-10-02 21:04:40 [RuneLite] INFO  n.r.c.e.ExternalPluginManager - Loading external plugin "ba-minigame" version "1.42" commit "92da92790bd4657bb14e99cde01308bec94a2809"
2021-10-02 21:04:40 [RuneLite] INFO  n.r.c.e.ExternalPluginManager - Loading external plugin "117hd" version "1.0.4" commit "4670a5d73e752b32db26bbd6998054cda034bef5"
2021-10-02 21:04:40 [RuneLite] INFO  n.r.c.e.ExternalPluginManager - Loading external plugin "improved-tears-of-guthix-interface" version "1.1" commit "adaae7dbe3ff3710e47eba12a32dfe1d71dd14c9"
2021-10-02 21:04:40 [RuneLite] INFO  n.r.c.e.ExternalPluginManager - Loading external plugin "crab-stun-timers" version "b0e7ad22" commit "b0e7ad22a6018fed3cdcd105d6a1873a242e75e3"
2021-10-02 21:04:41 [RuneLite] INFO  n.r.client.discord.DiscordService - Initializing Discord RPC service.
2021-10-02 21:04:43 [pool-3-thread-1] INFO  n.r.client.discord.DiscordService - Discord RPC service is ready with user Victor.
2021-10-02 21:04:45 [AWT-EventQueue-0] INFO  dekvall.notempty.NotEmptyPlugin - Not Empty started!
2021-10-02 21:04:45 [AWT-EventQueue-0] INFO  com.pinggraph.PingGraphPlugin - Ping Graph started!
2021-10-02 21:04:46 [AWT-EventQueue-0] INFO  com.zalcano.ZalcanoPlugin - Zalcano plugin started
2021-10-02 21:04:47 [RuneLite] INFO  net.runelite.client.RuneLite - Client initialization took 12326ms. Uptime: 15656ms
2021-10-02 21:04:48 [AWT-EventQueue-0] INFO  net.runelite.client.ui.ClientUI - Showing frame net.runelite.client.ui.ContainableFrame[frame0,2043,100,1107x787,layout=java.awt.BorderLayout,title=RuneLite,resizable,normal,defaultCloseOperation=DO_NOTHING_ON_CLOSE,rootPane=javax.swing.JRootPane[,0,0,1107x787,layout=org.pushingpixels.substance.internal.ui.SubstanceRootPaneUI$SubstanceRootLayout,alignmentX=0.0,alignmentY=0.0,border=org.pushingpixels.substance.internal.utils.border.SubstancePaneBorder@4fa191d9,flags=16777673,maximumSize=,minimumSize=,preferredSize=],rootPaneCheckingEnabled=true]
2021-10-02 21:04:50 [Client] INFO  rs117.hd.HdPlugin - Using device: NVIDIA GeForce RTX 2080/PCIe/SSE2
2021-10-02 21:04:50 [Client] INFO  rs117.hd.HdPlugin - Using driver: 4.6.0 NVIDIA 471.96
2021-10-02 21:15:02 [Client] WARN  n.runelite.client.eventbus.EventBus - Uncaught exception in event subscriber
java.lang.NullPointerException: null
	at java.base/java.util.LinkedList.node(Unknown Source)
	at java.base/java.util.LinkedList.get(Unknown Source)
	at com.pinggraph.PingGraphPlugin.getMaxMinFromList(PingGraphPlugin.java:151)
	at com.pinggraph.PingGraphPlugin.onClientTick(PingGraphPlugin.java:122)
	at net.runelite.client.eventbus.EventBus$Subscriber.invoke(EventBus.java:70)
	at net.runelite.client.eventbus.EventBus.post(EventBus.java:223)
	at net.runelite.client.callback.Hooks.post(Hooks.java:169)
	at client.gs(client.java:31331)
	at client.fz(client.java:4027)
	at client.i(client.java:1893)
	at at.jr(at.java:380)
	at at.run(at.java:359)
	at java.base/java.lang.Thread.run(Unknown Source)
