2021-01-10 01:27:26 [Client] WARN  n.runelite.client.eventbus.EventBus - Uncaught exception in event subscriber
java.lang.NullPointerException: null
	at net.runelite.client.plugins.music.MusicPlugin$SettingsSideSlider.update(MusicPlugin.java:556)
	at net.runelite.client.plugins.music.MusicPlugin$Channel.update(MusicPlugin.java:823)
	at net.runelite.client.plugins.music.MusicPlugin.updateMusicOptions(MusicPlugin.java:848)
	at net.runelite.client.plugins.music.MusicPlugin.onVolumeChanged(MusicPlugin.java:302)
	at net.runelite.client.eventbus.EventBus$Subscriber.invoke(EventBus.java:73)
	at net.runelite.client.eventbus.EventBus.post(EventBus.java:222)
	at net.runelite.client.callback.Hooks.post(Hooks.java:161)
	at cd.wh(cd.java:39973)
	at gs.kg(gs.java:10679)
	at cs.kl(cs.java:10721)
	at client.se(client.java:6297)
	at client.fb(client.java:2997)
	at client.y(client.java:1256)
	at bd.r(bd.java:351)
	at bd.run(bd.java:330)
	at java.base/java.lang.Thread.run(Unknown Source)
2021-01-10 19:31:23 [RuneLite] INFO  net.runelite.client.RuneLite - RuneLite 1.6.36.1 (launcher version 2.1.3) starting up, args: none
2021-01-10 19:31:25 [Preloader] INFO  net.runelite.client.rs.ClientLoader - Using cached vanilla client
2021-01-10 19:31:25 [Preloader] INFO  net.runelite.client.rs.ClientLoader - Using cached patched client
2021-01-10 19:31:25 [Preloader] INFO  net.runelite.client.rs.ClientLoader - client-patch 948284500.7
2021-01-10 19:31:30 [RuneLite] INFO  n.r.c.plugins.kourendlibrary.Library - Library is now reset
2021-01-10 19:31:32 [RuneLite] INFO  n.r.c.e.ExternalPluginManager - Loading external plugin "bank-tab-names" version "1.0.0" commit "524316bc3b36abca7ca0ecbf84636f79f54b376a"
2021-01-10 19:31:32 [RuneLite] INFO  n.r.c.e.ExternalPluginManager - Loading external plugin "inventory-setups" version "1.9.1" commit "d2a105088c7b52d599d5d45941f478885bba6e27"
2021-01-10 19:31:32 [RuneLite] INFO  n.r.c.e.ExternalPluginManager - Loading external plugin "stealing-artefacts" version "1.1" commit "d4ccb8955208137981bf636121ba1c87ab453108"
2021-01-10 19:31:32 [RuneLite] INFO  n.r.c.e.ExternalPluginManager - Loading external plugin "bank-value-tracker" version "1.0-SNAPSHOT" commit "757b7b33bdfc27ba24d57fd22a15456f75558d00"
2021-01-10 19:31:32 [RuneLite] INFO  n.r.c.e.ExternalPluginManager - Loading external plugin "skills-tab-progress-bars" version "0.7" commit "ab58a7463762e2707e2e51d5a0f1f15704b211a8"
2021-01-10 19:31:32 [RuneLite] INFO  n.r.c.e.ExternalPluginManager - Loading external plugin "quest-helper" version "1.2.2" commit "93c4a7e376c8bb47863bfe67fdd879b5f42396e5"
2021-01-10 19:31:32 [RuneLite] INFO  n.r.c.e.ExternalPluginManager - Loading external plugin "bats-locator" version "1.0-SNAPSHOT" commit "890cefa0a95a734abc15a6b1f0681276c5c78c4d"
2021-01-10 19:31:32 [RuneLite] INFO  n.r.c.e.ExternalPluginManager - Loading external plugin "ba-minigame" version "1.1" commit "c4249a778650c8da61ae552f380ded8d5bfbb8b0"
2021-01-10 19:31:33 [RuneLite] INFO  n.r.client.discord.DiscordService - Initializing Discord RPC service.
2021-01-10 19:31:35 [pool-3-thread-1] INFO  n.r.client.discord.DiscordService - Discord RPC service is ready with user Victor.
2021-01-10 19:31:36 [RuneLite] INFO  net.runelite.client.RuneLite - Client initialization took 13114ms. Uptime: 16360ms
2021-01-10 19:31:37 [AWT-EventQueue-0] INFO  net.runelite.client.ui.ClientUI - Showing frame net.runelite.client.ui.ContainableFrame[frame0,122,47,1322x862,layout=java.awt.BorderLayout,title=RuneLite,resizable,normal,defaultCloseOperation=DO_NOTHING_ON_CLOSE,rootPane=javax.swing.JRootPane[,0,0,1322x862,layout=org.pushingpixels.substance.internal.ui.SubstanceRootPaneUI$SubstanceRootLayout,alignmentX=0.0,alignmentY=0.0,border=org.pushingpixels.substance.internal.utils.border.SubstancePaneBorder@5b716c1b,flags=16777673,maximumSize=,minimumSize=,preferredSize=],rootPaneCheckingEnabled=true]
