2021-01-02 17:50:12 [RuneLite] INFO  net.runelite.client.RuneLite - RuneLite 1.6.35.1 (launcher version 2.1.3) starting up, args: none
2021-01-02 17:50:14 [Preloader] INFO  net.runelite.client.rs.ClientLoader - Using cached vanilla client
2021-01-02 17:50:14 [Preloader] WARN  net.runelite.client.rs.ClientLoader - Cached patch hash mismatches, regenerating patch
2021-01-02 17:50:15 [Preloader] INFO  net.runelite.client.rs.ClientLoader - client-patch 932746506.361
2021-01-02 17:50:17 [RuneLite] INFO  n.r.c.plugins.kourendlibrary.Library - Library is now reset
2021-01-02 17:50:17 [RuneLite] INFO  n.r.c.e.ExternalPluginManager - Loading external plugin "bank-tab-names" version "1.0.0" commit "524316bc3b36abca7ca0ecbf84636f79f54b376a"
2021-01-02 17:50:17 [RuneLite] INFO  n.r.c.e.ExternalPluginManager - Loading external plugin "inventory-setups" version "1.9.1" commit "d2a105088c7b52d599d5d45941f478885bba6e27"
2021-01-02 17:50:17 [RuneLite] INFO  n.r.c.e.ExternalPluginManager - Loading external plugin "stealing-artefacts" version "1.1" commit "d4ccb8955208137981bf636121ba1c87ab453108"
2021-01-02 17:50:17 [RuneLite] INFO  n.r.c.e.ExternalPluginManager - Loading external plugin "ba-minigame" version "1.1" commit "1f4a3ef21a44f7570405e5332789ab91747667fb"
2021-01-02 17:50:17 [RuneLite] INFO  n.r.c.e.ExternalPluginManager - Loading external plugin "quest-helper" version "1.2.1" commit "72e875aae313c8749344eb17b429fb2d1229f5b0"
2021-01-02 17:50:17 [RuneLite] INFO  n.r.c.e.ExternalPluginManager - Loading external plugin "bank-value-tracker" version "1.0-SNAPSHOT" commit "9f68064e7c2660ed9f98406b2ae850460b29246a"
2021-01-02 17:50:17 [RuneLite] INFO  n.r.c.e.ExternalPluginManager - Loading external plugin "skills-tab-progress-bars" version "0.7" commit "ab58a7463762e2707e2e51d5a0f1f15704b211a8"
2021-01-02 17:50:17 [RuneLite] INFO  n.r.c.e.ExternalPluginManager - Loading external plugin "bats-locator" version "1.0-SNAPSHOT" commit "890cefa0a95a734abc15a6b1f0681276c5c78c4d"
2021-01-02 17:50:18 [RuneLite] INFO  n.r.client.discord.DiscordService - Initializing Discord RPC service.
2021-01-02 17:50:20 [pool-3-thread-1] INFO  n.r.client.discord.DiscordService - Discord RPC service is ready with user Victor.
2021-01-02 17:50:21 [RuneLite] INFO  net.runelite.client.RuneLite - Client initialization took 8537ms. Uptime: 13137ms
2021-01-02 17:50:21 [AWT-EventQueue-0] INFO  net.runelite.client.ui.ClientUI - Showing frame net.runelite.client.ui.ContainableFrame[frame0,0,0,1920x1040,layout=java.awt.BorderLayout,title=RuneLite,resizable,maximized,defaultCloseOperation=DO_NOTHING_ON_CLOSE,rootPane=javax.swing.JRootPane[,0,0,1920x1040,layout=org.pushingpixels.substance.internal.ui.SubstanceRootPaneUI$SubstanceRootLayout,alignmentX=0.0,alignmentY=0.0,border=org.pushingpixels.substance.internal.utils.border.SubstancePaneBorder@143225dd,flags=16777673,maximumSize=,minimumSize=,preferredSize=],rootPaneCheckingEnabled=true]
2021-01-02 18:18:56 [Client] WARN  n.runelite.client.eventbus.EventBus - Uncaught exception in event subscriber
java.lang.NullPointerException: null
	at psyda.banktabnames.BankTabNamesPlugin.replaceBankTabNumbers(BankTabNamesPlugin.java:72)
	at psyda.banktabnames.BankTabNamesPlugin.onConfigChanged(BankTabNamesPlugin.java:52)
	at net.runelite.client.eventbus.EventBus$Subscriber.invoke(EventBus.java:73)
	at net.runelite.client.eventbus.EventBus.post(EventBus.java:222)
	at net.runelite.client.config.ConfigManager.setConfiguration(ConfigManager.java:534)
	at net.runelite.client.config.ConfigManager.setConfiguration(ConfigManager.java:505)
	at net.runelite.client.config.ConfigInvocationHandler.invoke(ConfigInvocationHandler.java:159)
	at com.sun.proxy.$Proxy140.lastWorld(Unknown Source)
	at net.runelite.client.plugins.defaultworld.DefaultWorldPlugin.onGameStateChanged(DefaultWorldPlugin.java:95)
	at net.runelite.client.eventbus.EventBus$Subscriber.invoke(EventBus.java:73)
	at net.runelite.client.eventbus.EventBus.post(EventBus.java:222)
	at net.runelite.client.callback.Hooks.post(Hooks.java:165)
	at client.ml(client.java:54606)
	at ad.fp(ad.java:1377)
	at client.y(client.java:1231)
	at bd.nw(bd.java:351)
	at bd.run(bd.java:330)
	at java.base/java.lang.Thread.run(Unknown Source)
2021-01-02 18:18:56 [Client] WARN  n.runelite.client.eventbus.EventBus - Uncaught exception in event subscriber
java.lang.NullPointerException: null
	at psyda.banktabnames.BankTabNamesPlugin.replaceBankTabNumbers(BankTabNamesPlugin.java:72)
	at psyda.banktabnames.BankTabNamesPlugin.onConfigChanged(BankTabNamesPlugin.java:52)
	at net.runelite.client.eventbus.EventBus$Subscriber.invoke(EventBus.java:73)
	at net.runelite.client.eventbus.EventBus.post(EventBus.java:222)
	at net.runelite.client.config.ConfigManager.setConfiguration(ConfigManager.java:534)
	at net.runelite.client.config.ConfigManager.setConfiguration(ConfigManager.java:539)
	at net.runelite.client.config.ConfigManager.setConfiguration(ConfigManager.java:544)
	at io.cbitler.stealingartefacts.StealingArtefactsPlugin.updateState(StealingArtefactsPlugin.java:311)
	at io.cbitler.stealingartefacts.StealingArtefactsPlugin.onVarbitChanged(StealingArtefactsPlugin.java:228)
	at net.runelite.client.eventbus.EventBus$Subscriber.invoke(EventBus.java:73)
	at net.runelite.client.eventbus.EventBus.post(EventBus.java:222)
	at net.runelite.client.callback.Hooks.post(Hooks.java:165)
	at client.jt(client.java:29275)
	at client.ta(client.java:5697)
	at client.su(client.java:2997)
	at client.y(client.java:1256)
	at bd.nw(bd.java:351)
	at bd.run(bd.java:330)
	at java.base/java.lang.Thread.run(Unknown Source)
2021-01-02 18:18:56 [Client] WARN  n.runelite.client.eventbus.EventBus - Uncaught exception in event subscriber
java.lang.NullPointerException: null
	at psyda.banktabnames.BankTabNamesPlugin.replaceBankTabNumbers(BankTabNamesPlugin.java:72)
	at psyda.banktabnames.BankTabNamesPlugin.onConfigChanged(BankTabNamesPlugin.java:52)
	at net.runelite.client.eventbus.EventBus$Subscriber.invoke(EventBus.java:73)
	at net.runelite.client.eventbus.EventBus.post(EventBus.java:222)
	at net.runelite.client.config.ConfigManager.setConfiguration(ConfigManager.java:534)
	at net.runelite.client.config.ConfigManager.setConfiguration(ConfigManager.java:539)
	at net.runelite.client.config.ConfigManager.setConfiguration(ConfigManager.java:544)
	at io.cbitler.stealingartefacts.StealingArtefactsPlugin.updateState(StealingArtefactsPlugin.java:311)
	at io.cbitler.stealingartefacts.StealingArtefactsPlugin.onVarbitChanged(StealingArtefactsPlugin.java:228)
	at net.runelite.client.eventbus.EventBus$Subscriber.invoke(EventBus.java:73)
	at net.runelite.client.eventbus.EventBus.post(EventBus.java:222)
	at net.runelite.client.callback.Hooks.post(Hooks.java:165)
	at client.jt(client.java:29275)
	at client.ta(client.java:6127)
	at client.su(client.java:2997)
	at client.y(client.java:1256)
	at bd.nw(bd.java:351)
	at bd.run(bd.java:330)
	at java.base/java.lang.Thread.run(Unknown Source)
2021-01-02 20:15:43 [OkHttp https://templeosrs.com/...] WARN  n.r.c.p.xpupdater.XpUpdaterPlugin - Error submitting TempleOSRS update, caused by timeout.
2021-01-02 21:35:26 [Client] WARN  n.runelite.client.eventbus.EventBus - Uncaught exception in event subscriber
java.lang.NullPointerException: null
	at net.runelite.client.plugins.bank.BankPlugin.onScriptPostFired(BankPlugin.java:280)
	at net.runelite.client.eventbus.EventBus$Subscriber.invoke(EventBus.java:73)
	at net.runelite.client.eventbus.EventBus.post(EventBus.java:222)
	at net.runelite.client.callback.Hooks.post(Hooks.java:165)
	at client.iv(client.java:34499)
	at cw.v(cw.java:59116)
	at is.ad(is.java:3911)
	at ia.kw(ia.java:10811)
	at client.ta(client.java:5976)
	at client.su(client.java:2997)
	at client.y(client.java:1256)
	at bd.nw(bd.java:351)
	at bd.run(bd.java:330)
	at java.base/java.lang.Thread.run(Unknown Source)
2021-01-02 22:25:01 [OkHttp https://crystalmathlabs.com/...] WARN  n.r.c.p.xpupdater.XpUpdaterPlugin - Error submitting CrystalMathLabs update, caused by timeout.
2021-01-02 23:05:26 [AWT-EventQueue-0] WARN  n.runelite.client.eventbus.EventBus - Uncaught exception in event subscriber
java.lang.NullPointerException: null
	at psyda.banktabnames.BankTabNamesPlugin.replaceBankTabNumbers(BankTabNamesPlugin.java:72)
	at psyda.banktabnames.BankTabNamesPlugin.onConfigChanged(BankTabNamesPlugin.java:52)
	at net.runelite.client.eventbus.EventBus$Subscriber.invoke(EventBus.java:73)
	at net.runelite.client.eventbus.EventBus.post(EventBus.java:222)
	at net.runelite.client.config.ConfigManager.setConfiguration(ConfigManager.java:534)
	at net.runelite.client.config.ConfigManager.setConfiguration(ConfigManager.java:539)
	at net.runelite.client.config.ConfigManager.setConfiguration(ConfigManager.java:544)
	at net.runelite.client.ui.ClientUI.saveClientBoundsConfig(ClientUI.java:1102)
	at net.runelite.client.ui.ClientUI.shutdownClient(ClientUI.java:622)
	at net.runelite.client.ui.ClientUI.access$300(ClientUI.java:106)
	at net.runelite.client.ui.ClientUI$1.windowClosing(ClientUI.java:355)
	at java.desktop/java.awt.AWTEventMulticaster.windowClosing(Unknown Source)
	at java.desktop/java.awt.AWTEventMulticaster.windowClosing(Unknown Source)
	at java.desktop/java.awt.Window.processWindowEvent(Unknown Source)
	at java.desktop/javax.swing.JFrame.processWindowEvent(Unknown Source)
	at java.desktop/java.awt.Window.processEvent(Unknown Source)
	at java.desktop/java.awt.Component.dispatchEventImpl(Unknown Source)
	at java.desktop/java.awt.Container.dispatchEventImpl(Unknown Source)
	at java.desktop/java.awt.Window.dispatchEventImpl(Unknown Source)
	at java.desktop/java.awt.Component.dispatchEvent(Unknown Source)
	at org.pushingpixels.substance.internal.utils.SubstanceTitlePane$CloseAction.actionPerformed(SubstanceTitlePane.java:1184)
	at java.desktop/javax.swing.AbstractButton.fireActionPerformed(Unknown Source)
	at java.desktop/javax.swing.AbstractButton$Handler.actionPerformed(Unknown Source)
	at java.desktop/javax.swing.DefaultButtonModel.fireActionPerformed(Unknown Source)
	at java.desktop/javax.swing.DefaultButtonModel.setPressed(Unknown Source)
	at java.desktop/javax.swing.plaf.basic.BasicButtonListener.mouseReleased(Unknown Source)
	at org.pushingpixels.substance.internal.utils.RolloverButtonListener.mouseReleased(RolloverButtonListener.java:126)
	at java.desktop/java.awt.AWTEventMulticaster.mouseReleased(Unknown Source)
	at java.desktop/java.awt.Component.processMouseEvent(Unknown Source)
	at java.desktop/javax.swing.JComponent.processMouseEvent(Unknown Source)
	at java.desktop/java.awt.Component.processEvent(Unknown Source)
	at java.desktop/java.awt.Container.processEvent(Unknown Source)
	at java.desktop/java.awt.Component.dispatchEventImpl(Unknown Source)
	at java.desktop/java.awt.Container.dispatchEventImpl(Unknown Source)
	at java.desktop/java.awt.Component.dispatchEvent(Unknown Source)
	at java.desktop/java.awt.LightweightDispatcher.retargetMouseEvent(Unknown Source)
	at java.desktop/java.awt.LightweightDispatcher.processMouseEvent(Unknown Source)
	at java.desktop/java.awt.LightweightDispatcher.dispatchEvent(Unknown Source)
	at java.desktop/java.awt.Container.dispatchEventImpl(Unknown Source)
	at java.desktop/java.awt.Window.dispatchEventImpl(Unknown Source)
	at java.desktop/java.awt.Component.dispatchEvent(Unknown Source)
	at java.desktop/java.awt.EventQueue.dispatchEventImpl(Unknown Source)
	at java.desktop/java.awt.EventQueue$4.run(Unknown Source)
	at java.desktop/java.awt.EventQueue$4.run(Unknown Source)
	at java.base/java.security.AccessController.doPrivileged(Native Method)
	at java.base/java.security.ProtectionDomain$JavaSecurityAccessImpl.doIntersectionPrivilege(Unknown Source)
	at java.base/java.security.ProtectionDomain$JavaSecurityAccessImpl.doIntersectionPrivilege(Unknown Source)
	at java.desktop/java.awt.EventQueue$5.run(Unknown Source)
	at java.desktop/java.awt.EventQueue$5.run(Unknown Source)
	at java.base/java.security.AccessController.doPrivileged(Native Method)
	at java.base/java.security.ProtectionDomain$JavaSecurityAccessImpl.doIntersectionPrivilege(Unknown Source)
	at java.desktop/java.awt.EventQueue.dispatchEvent(Unknown Source)
	at java.desktop/java.awt.EventDispatchThread.pumpOneEventForFilters(Unknown Source)
	at java.desktop/java.awt.EventDispatchThread.pumpEventsForFilter(Unknown Source)
	at java.desktop/java.awt.EventDispatchThread.pumpEventsForHierarchy(Unknown Source)
	at java.desktop/java.awt.EventDispatchThread.pumpEvents(Unknown Source)
	at java.desktop/java.awt.EventDispatchThread.pumpEvents(Unknown Source)
	at java.desktop/java.awt.EventDispatchThread.run(Unknown Source)
