2021-11-12 15:11:39 [RuneLite] INFO  net.runelite.client.RuneLite - RuneLite 1.8.2 (launcher version 2.1.3) starting up, args: none
2021-11-12 15:11:40 [Preloader] INFO  net.runelite.client.rs.ClientLoader - Using cached vanilla client
2021-11-12 15:11:40 [Preloader] INFO  net.runelite.client.rs.ClientLoader - Using cached patched client
2021-11-12 15:11:40 [Preloader] INFO  net.runelite.client.rs.ClientLoader - client-patch 1768740142.314
2021-11-12 15:11:40 [RuneLite] INFO  n.r.client.account.SessionManager - No session file exists
2021-11-12 15:11:41 [RuneLite] INFO  n.r.c.plugins.kourendlibrary.Library - Library is now reset
2021-11-12 15:11:47 [RuneLite] INFO  n.r.c.e.ExternalPluginManager - Loading external plugin "menuhp" version "1.1.1" commit "5217b8f9f14ddadad739527c33e609a2c1b8b3fd"
2021-11-12 15:11:47 [RuneLite] INFO  n.r.c.e.ExternalPluginManager - Loading external plugin "spring-garden" version "1.1.0" commit "a107035b8e77cd82ea5a2c007c913531611130ed"
2021-11-12 15:11:47 [RuneLite] INFO  n.r.c.e.ExternalPluginManager - Loading external plugin "picture-in-picture" version "1.4.1" commit "32688a78c119187be8c33c62cf56f990fe9bb688"
2021-11-12 15:11:47 [RuneLite] INFO  n.r.c.e.ExternalPluginManager - Loading external plugin "bank-memory" version "1.1.2" commit "9521135d3c696071c018f48d9709320f389eda89"
2021-11-12 15:11:47 [RuneLite] INFO  n.r.c.e.ExternalPluginManager - Loading external plugin "not-empty" version "1.0" commit "e49ec7cc3927e911337ad48bd530cb52f5365183"
2021-11-12 15:11:47 [RuneLite] INFO  n.r.c.e.ExternalPluginManager - Loading external plugin "c-engineer-completed" version "0.2.1" commit "f7eafb03e65639fddd214d701fdf2cd262189ac1"
2021-11-12 15:11:47 [RuneLite] INFO  n.r.c.e.ExternalPluginManager - Loading external plugin "kitten-tracker" version "10e37f7e" commit "10e37f7ed5f2a171310987c44530878db4b8d011"
2021-11-12 15:11:47 [RuneLite] INFO  n.r.c.e.ExternalPluginManager - Loading external plugin "bats-locator" version "890cefa0" commit "890cefa0a95a734abc15a6b1f0681276c5c78c4d"
2021-11-12 15:11:47 [RuneLite] INFO  n.r.c.e.ExternalPluginManager - Loading external plugin "banked-experience" version "2.0.9" commit "288bc92bc61e623a7466c31702bdda2488843489"
2021-11-12 15:11:47 [RuneLite] INFO  n.r.c.e.ExternalPluginManager - Loading external plugin "bank-tag-layouts" version "1.4.7" commit "efad26a27e73da4a80e482980383afb433a85be0"
2021-11-12 15:11:47 [RuneLite] INFO  n.r.c.e.ExternalPluginManager - Loading external plugin "bank-value-tracker" version "757b7b33" commit "757b7b33bdfc27ba24d57fd22a15456f75558d00"
2021-11-12 15:11:47 [RuneLite] INFO  n.r.c.e.ExternalPluginManager - Loading external plugin "fight-cave-waves" version "1.2" commit "51790d94159cbb85893de04d90efc5c0c20d819a"
2021-11-12 15:11:47 [RuneLite] INFO  n.r.c.e.ExternalPluginManager - Loading external plugin "skills-tab-progress-bars" version "1.1" commit "18047c3808d093a5f906036db1ae7f9a137f653e"
2021-11-12 15:11:47 [RuneLite] INFO  n.r.c.e.ExternalPluginManager - Loading external plugin "ba-minigame" version "1.42" commit "92da92790bd4657bb14e99cde01308bec94a2809"
2021-11-12 15:11:47 [RuneLite] INFO  n.r.c.e.ExternalPluginManager - Loading external plugin "117hd" version "1.0.8" commit "1d290f6d64c44acd306dfdc84553952ebc96b03e"
2021-11-12 15:11:47 [RuneLite] INFO  n.r.c.e.ExternalPluginManager - Loading external plugin "quest-helper" version "2.6.1" commit "68a62a0f64174b4ddfeac810557f1e04ec54423b"
2021-11-12 15:11:47 [RuneLite] INFO  n.r.c.e.ExternalPluginManager - Loading external plugin "tempoross" version "1.2" commit "af72eacca6df48b132232cb4dd5775b225fa2e5e"
2021-11-12 15:11:47 [RuneLite] INFO  n.r.c.e.ExternalPluginManager - Loading external plugin "bank-tab-names" version "1.0.0" commit "524316bc3b36abca7ca0ecbf84636f79f54b376a"
2021-11-12 15:11:48 [RuneLite] INFO  n.r.client.discord.DiscordService - Initializing Discord RPC service.
2021-11-12 15:11:49 [AWT-EventQueue-0] INFO  dekvall.notempty.NotEmptyPlugin - Not Empty started!
2021-11-12 15:11:50 [pool-3-thread-1] INFO  n.r.client.discord.DiscordService - Discord RPC service is ready with user Victor.
2021-11-12 15:11:51 [RuneLite] INFO  net.runelite.client.RuneLite - Client initialization took 12348ms. Uptime: 15954ms
2021-11-12 15:11:51 [AWT-EventQueue-0] INFO  net.runelite.client.ui.ClientUI - Showing frame net.runelite.client.ui.ContainableFrame[frame0,0,0,2560x1400,layout=java.awt.BorderLayout,title=RuneLite,resizable,maximized,defaultCloseOperation=DO_NOTHING_ON_CLOSE,rootPane=javax.swing.JRootPane[,0,0,2560x1400,layout=org.pushingpixels.substance.internal.ui.SubstanceRootPaneUI$SubstanceRootLayout,alignmentX=0.0,alignmentY=0.0,border=org.pushingpixels.substance.internal.utils.border.SubstancePaneBorder@5394d917,flags=16777673,maximumSize=,minimumSize=,preferredSize=],rootPaneCheckingEnabled=true]
2021-11-12 15:11:52 [Client] INFO  n.r.client.plugins.gpu.GpuPlugin - Using device: NVIDIA GeForce RTX 2080/PCIe/SSE2
2021-11-12 15:11:52 [Client] INFO  n.r.client.plugins.gpu.GpuPlugin - Using driver: 4.6.0 NVIDIA 496.49
2021-11-12 22:57:55 [Client] WARN  n.runelite.client.eventbus.EventBus - Uncaught exception in event subscriber
java.lang.NullPointerException: null
	at net.runelite.client.plugins.cluescrolls.ClueScrollPlugin.highlightObjectsForLocation(ClueScrollPlugin.java:907)
	at net.runelite.client.plugins.cluescrolls.ClueScrollPlugin.onGameTick(ClueScrollPlugin.java:596)
	at net.runelite.client.eventbus.EventBus$Subscriber.invoke(EventBus.java:70)
	at net.runelite.client.eventbus.EventBus.post(EventBus.java:223)
	at net.runelite.client.callback.Hooks.tick(Hooks.java:187)
	at client.rj(client.java:5730)
	at client.h(client.java)
	at ai.oz(ai.java:387)
	at ai.run(ai.java:366)
	at java.base/java.lang.Thread.run(Unknown Source)
