2021-10-28 15:04:06 [RuneLite] INFO  net.runelite.client.RuneLite - RuneLite 1.7.27 (launcher version 2.1.3) starting up, args: none
2021-10-28 15:04:09 [Preloader] INFO  net.runelite.client.rs.ClientLoader - Using cached vanilla client
2021-10-28 15:04:09 [Preloader] INFO  net.runelite.client.rs.ClientLoader - Using cached patched client
2021-10-28 15:04:10 [Preloader] INFO  net.runelite.client.rs.ClientLoader - client-patch 1697222080.293
2021-10-28 15:04:19 [RuneLite] INFO  n.r.c.plugins.kourendlibrary.Library - Library is now reset
2021-10-28 15:04:20 [RuneLite] INFO  n.r.c.e.ExternalPluginManager - Loading external plugin "skills-tab-progress-bars" version "0.8" commit "edad37606858fb22dcea07ac9bb1f9324d737a80"
2021-10-28 15:04:20 [RuneLite] INFO  n.r.c.e.ExternalPluginManager - Loading external plugin "spring-garden" version "1.1.0" commit "a107035b8e77cd82ea5a2c007c913531611130ed"
2021-10-28 15:04:20 [RuneLite] INFO  n.r.c.e.ExternalPluginManager - Loading external plugin "quest-helper" version "2.6.0" commit "3d9cc4ad2962b2b3cc363f3bb39502b428e403f4"
2021-10-28 15:04:20 [RuneLite] INFO  n.r.c.e.ExternalPluginManager - Loading external plugin "picture-in-picture" version "1.4.1" commit "32688a78c119187be8c33c62cf56f990fe9bb688"
2021-10-28 15:04:20 [RuneLite] INFO  n.r.c.e.ExternalPluginManager - Loading external plugin "not-empty" version "1.0" commit "e49ec7cc3927e911337ad48bd530cb52f5365183"
2021-10-28 15:04:20 [RuneLite] INFO  n.r.c.e.ExternalPluginManager - Loading external plugin "c-engineer-completed" version "0.2.1" commit "f7eafb03e65639fddd214d701fdf2cd262189ac1"
2021-10-28 15:04:20 [RuneLite] INFO  n.r.c.e.ExternalPluginManager - Loading external plugin "kitten-tracker" version "10e37f7e" commit "10e37f7ed5f2a171310987c44530878db4b8d011"
2021-10-28 15:04:20 [RuneLite] INFO  n.r.c.e.ExternalPluginManager - Loading external plugin "bats-locator" version "890cefa0" commit "890cefa0a95a734abc15a6b1f0681276c5c78c4d"
2021-10-28 15:04:20 [RuneLite] INFO  n.r.c.e.ExternalPluginManager - Loading external plugin "117hd" version "1.0.6" commit "803c7136ee133484ee8ca80e16974897def85bb5"
2021-10-28 15:04:20 [RuneLite] INFO  n.r.c.e.ExternalPluginManager - Loading external plugin "bank-xp-value" version "1.1" commit "076d21a191b5cec70ae9b6a78c42d0f848c337d7"
2021-10-28 15:04:20 [RuneLite] INFO  n.r.c.e.ExternalPluginManager - Loading external plugin "bank-value-tracker" version "757b7b33" commit "757b7b33bdfc27ba24d57fd22a15456f75558d00"
2021-10-28 15:04:20 [RuneLite] INFO  n.r.c.e.ExternalPluginManager - Loading external plugin "ba-minigame" version "1.42" commit "92da92790bd4657bb14e99cde01308bec94a2809"
2021-10-28 15:04:20 [RuneLite] INFO  n.r.c.e.ExternalPluginManager - Loading external plugin "tempoross" version "1.2" commit "af72eacca6df48b132232cb4dd5775b225fa2e5e"
2021-10-28 15:04:20 [RuneLite] INFO  n.r.c.e.ExternalPluginManager - Loading external plugin "bank-tab-names" version "1.0.0" commit "524316bc3b36abca7ca0ecbf84636f79f54b376a"
2021-10-28 15:04:20 [RuneLite] INFO  n.r.client.discord.DiscordService - Initializing Discord RPC service.
2021-10-28 15:04:22 [AWT-EventQueue-0] INFO  dekvall.notempty.NotEmptyPlugin - Not Empty started!
2021-10-28 15:04:22 [RuneLite] INFO  net.runelite.client.RuneLite - Client initialization took 16041ms. Uptime: 26170ms
2021-10-28 15:04:22 [pool-3-thread-1] INFO  n.r.client.discord.DiscordService - Discord RPC service is ready with user Victor.
2021-10-28 15:04:23 [AWT-EventQueue-0] INFO  net.runelite.client.ui.ClientUI - Showing frame net.runelite.client.ui.ContainableFrame[frame0,0,0,1920x1040,layout=java.awt.BorderLayout,title=RuneLite,resizable,maximized,defaultCloseOperation=DO_NOTHING_ON_CLOSE,rootPane=javax.swing.JRootPane[,0,0,1920x1040,layout=org.pushingpixels.substance.internal.ui.SubstanceRootPaneUI$SubstanceRootLayout,alignmentX=0.0,alignmentY=0.0,border=org.pushingpixels.substance.internal.utils.border.SubstancePaneBorder@17d64811,flags=16777673,maximumSize=,minimumSize=,preferredSize=],rootPaneCheckingEnabled=true]
2021-10-28 15:04:23 [Client] INFO  n.r.client.plugins.gpu.GpuPlugin - Using device: NVIDIA GeForce RTX 2080/PCIe/SSE2
2021-10-28 15:04:23 [Client] INFO  n.r.client.plugins.gpu.GpuPlugin - Using driver: 4.6.0 NVIDIA 471.96
2021-10-28 15:18:56 [Client] ERROR n.r.c.p.t.farming.FarmingTracker - Offset error! Observed new offset of 2, previous observed offset was 10 (0) Player Loc:WorldPoint(x=1739, y=3552, plane=0)
2021-10-28 15:29:00 [Client] ERROR n.r.c.p.t.farming.FarmingTracker - Offset error! Observed new offset of 1, previous observed offset was 10 (0) Player Loc:WorldPoint(x=2815, y=3465, plane=0)
2021-10-28 15:29:00 [Client] ERROR n.r.c.p.t.farming.FarmingTracker - Offset error! Observed new offset of 1, previous observed offset was 10 (0) Player Loc:WorldPoint(x=2815, y=3465, plane=0)
2021-10-28 15:29:00 [Client] ERROR n.r.c.p.t.farming.FarmingTracker - Offset error! Observed new offset of 11, previous observed offset was 10 (10) Player Loc:WorldPoint(x=2815, y=3465, plane=0)
2021-10-28 15:29:00 [Client] ERROR n.r.c.p.t.farming.FarmingTracker - Offset error! Observed new offset of 31, previous observed offset was 11 (11) Player Loc:WorldPoint(x=2815, y=3465, plane=0)
2021-10-28 23:08:59 [Client] WARN  n.runelite.client.eventbus.EventBus - Uncaught exception in event subscriber
java.lang.NullPointerException: null
	at com.bankxpvalue.BankXpValuePlugin.calculate(BankXpValuePlugin.java:209)
	at com.bankxpvalue.BankXpValuePlugin.onItemContainerChanged(BankXpValuePlugin.java:157)
	at net.runelite.client.eventbus.EventBus$Subscriber.invoke(EventBus.java:70)
	at net.runelite.client.eventbus.EventBus.post(EventBus.java:223)
	at net.runelite.client.util.DeferredEventBus.replay(DeferredEventBus.java:69)
	at net.runelite.client.callback.Hooks.updateNpcs(Hooks.java:487)
	at client.bf(client.java:48925)
	at s.ht(s.java)
	at client.hj(client.java:7190)
	at client.er(client.java:2943)
	at client.ab(client.java:1011)
	at ay.vj(ay.java:364)
	at ay.run(ay.java:343)
	at java.base/java.lang.Thread.run(Unknown Source)
