2021-11-08 01:49:13 [Client] ERROR client-patch - Client error: null
com.jogamp.opengl.GLException: Error swapping buffers
	at jogamp.opengl.windows.wgl.WindowsWGLDrawable.swapBuffersImpl(WindowsWGLDrawable.java:93)
	at jogamp.opengl.GLDrawableImpl.swapBuffers(GLDrawableImpl.java:88)
	at net.runelite.client.plugins.gpu.GpuPlugin.drawFrame(GpuPlugin.java:1292)
	at net.runelite.client.plugins.gpu.GpuPlugin.lambda$draw$9(GpuPlugin.java:1032)
	at net.runelite.client.plugins.gpu.GpuPlugin.invokeOnMainThread(GpuPlugin.java:1726)
	at net.runelite.client.plugins.gpu.GpuPlugin.draw(GpuPlugin.java:1032)
	at ai.eo(ai.java:49961)
	at ai.run(ai.java:368)
	at java.base/java.lang.Thread.run(Unknown Source)
2021-11-08 11:59:33 [RuneLite] INFO  net.runelite.client.RuneLite - RuneLite 1.8.1 (launcher version 2.1.3) starting up, args: none
2021-11-08 11:59:35 [Preloader] INFO  net.runelite.client.rs.ClientLoader - Using cached vanilla client
2021-11-08 11:59:35 [Preloader] INFO  net.runelite.client.rs.ClientLoader - Using cached patched client
2021-11-08 11:59:35 [Preloader] INFO  net.runelite.client.rs.ClientLoader - client-patch 1743293556.307
2021-11-08 11:59:35 [RuneLite] INFO  n.r.client.account.SessionManager - No session file exists
2021-11-08 11:59:37 [RuneLite] INFO  n.r.c.plugins.kourendlibrary.Library - Library is now reset
2021-11-08 11:59:38 [RuneLite] INFO  n.r.c.e.ExternalPluginManager - Loading external plugin "menuhp" version "1.1.1" commit "5217b8f9f14ddadad739527c33e609a2c1b8b3fd"
2021-11-08 11:59:38 [RuneLite] INFO  n.r.c.e.ExternalPluginManager - Loading external plugin "skills-tab-progress-bars" version "0.8" commit "edad37606858fb22dcea07ac9bb1f9324d737a80"
2021-11-08 11:59:38 [RuneLite] INFO  n.r.c.e.ExternalPluginManager - Loading external plugin "spring-garden" version "1.1.0" commit "a107035b8e77cd82ea5a2c007c913531611130ed"
2021-11-08 11:59:38 [RuneLite] INFO  n.r.c.e.ExternalPluginManager - Loading external plugin "picture-in-picture" version "1.4.1" commit "32688a78c119187be8c33c62cf56f990fe9bb688"
2021-11-08 11:59:38 [RuneLite] INFO  n.r.c.e.ExternalPluginManager - Loading external plugin "bank-memory" version "1.1.2" commit "9521135d3c696071c018f48d9709320f389eda89"
2021-11-08 11:59:38 [RuneLite] INFO  n.r.c.e.ExternalPluginManager - Loading external plugin "not-empty" version "1.0" commit "e49ec7cc3927e911337ad48bd530cb52f5365183"
2021-11-08 11:59:38 [RuneLite] INFO  n.r.c.e.ExternalPluginManager - Loading external plugin "c-engineer-completed" version "0.2.1" commit "f7eafb03e65639fddd214d701fdf2cd262189ac1"
2021-11-08 11:59:38 [RuneLite] INFO  n.r.c.e.ExternalPluginManager - Loading external plugin "kitten-tracker" version "10e37f7e" commit "10e37f7ed5f2a171310987c44530878db4b8d011"
2021-11-08 11:59:38 [RuneLite] INFO  n.r.c.e.ExternalPluginManager - Loading external plugin "bats-locator" version "890cefa0" commit "890cefa0a95a734abc15a6b1f0681276c5c78c4d"
2021-11-08 11:59:38 [RuneLite] INFO  n.r.c.e.ExternalPluginManager - Loading external plugin "bank-tag-layouts" version "1.4.7" commit "efad26a27e73da4a80e482980383afb433a85be0"
2021-11-08 11:59:38 [RuneLite] INFO  n.r.c.e.ExternalPluginManager - Loading external plugin "bank-xp-value" version "1.1" commit "076d21a191b5cec70ae9b6a78c42d0f848c337d7"
2021-11-08 11:59:38 [RuneLite] INFO  n.r.c.e.ExternalPluginManager - Loading external plugin "bank-value-tracker" version "757b7b33" commit "757b7b33bdfc27ba24d57fd22a15456f75558d00"
2021-11-08 11:59:38 [RuneLite] INFO  n.r.c.e.ExternalPluginManager - Loading external plugin "fight-cave-waves" version "1.2" commit "51790d94159cbb85893de04d90efc5c0c20d819a"
2021-11-08 11:59:38 [RuneLite] INFO  n.r.c.e.ExternalPluginManager - Loading external plugin "ba-minigame" version "1.42" commit "92da92790bd4657bb14e99cde01308bec94a2809"
2021-11-08 11:59:38 [RuneLite] INFO  n.r.c.e.ExternalPluginManager - Loading external plugin "117hd" version "1.0.8" commit "1d290f6d64c44acd306dfdc84553952ebc96b03e"
2021-11-08 11:59:38 [RuneLite] INFO  n.r.c.e.ExternalPluginManager - Loading external plugin "quest-helper" version "2.6.1" commit "68a62a0f64174b4ddfeac810557f1e04ec54423b"
2021-11-08 11:59:38 [RuneLite] INFO  n.r.c.e.ExternalPluginManager - Loading external plugin "tempoross" version "1.2" commit "af72eacca6df48b132232cb4dd5775b225fa2e5e"
2021-11-08 11:59:38 [RuneLite] INFO  n.r.c.e.ExternalPluginManager - Loading external plugin "bank-tab-names" version "1.0.0" commit "524316bc3b36abca7ca0ecbf84636f79f54b376a"
2021-11-08 11:59:38 [RuneLite] INFO  n.r.client.discord.DiscordService - Initializing Discord RPC service.
2021-11-08 11:59:39 [AWT-EventQueue-0] INFO  dekvall.notempty.NotEmptyPlugin - Not Empty started!
2021-11-08 11:59:40 [pool-3-thread-1] INFO  n.r.client.discord.DiscordService - Discord RPC service is ready with user Victor.
2021-11-08 11:59:41 [RuneLite] INFO  net.runelite.client.RuneLite - Client initialization took 7156ms. Uptime: 10413ms
2021-11-08 11:59:41 [AWT-EventQueue-0] INFO  net.runelite.client.ui.ClientUI - Showing frame net.runelite.client.ui.ContainableFrame[frame0,0,0,1920x1040,layout=java.awt.BorderLayout,title=RuneLite,resizable,maximized,defaultCloseOperation=DO_NOTHING_ON_CLOSE,rootPane=javax.swing.JRootPane[,0,0,1920x1040,layout=org.pushingpixels.substance.internal.ui.SubstanceRootPaneUI$SubstanceRootLayout,alignmentX=0.0,alignmentY=0.0,border=org.pushingpixels.substance.internal.utils.border.SubstancePaneBorder@4fa191d9,flags=16777673,maximumSize=,minimumSize=,preferredSize=],rootPaneCheckingEnabled=true]
2021-11-08 11:59:41 [Client] INFO  n.r.client.plugins.gpu.GpuPlugin - Using device: NVIDIA GeForce RTX 2080/PCIe/SSE2
2021-11-08 11:59:41 [Client] INFO  n.r.client.plugins.gpu.GpuPlugin - Using driver: 4.6.0 NVIDIA 496.49
2021-11-08 15:05:52 [OkHttp https://templeosrs.com/...] WARN  n.r.c.p.xpupdater.XpUpdaterPlugin - Error submitting TempleOSRS update, caused by timeout.
2021-11-08 15:05:52 [OkHttp https://crystalmathlabs.com/...] WARN  n.r.c.p.xpupdater.XpUpdaterPlugin - Error submitting CrystalMathLabs update, caused by timeout.
2021-11-08 17:38:30 [Client] WARN  n.runelite.client.eventbus.EventBus - Uncaught exception in event subscriber
java.lang.NullPointerException: null
	at java.base/java.time.Duration.between(Unknown Source)
	at com.kittentracker.KittenPlugin.saveGrowthProgress(KittenPlugin.java:328)
	at com.kittentracker.KittenPlugin.byeFollower(KittenPlugin.java:268)
	at com.kittentracker.KittenPlugin.onVarbitChanged(KittenPlugin.java:191)
	at net.runelite.client.eventbus.EventBus$Subscriber.invoke(EventBus.java:70)
	at net.runelite.client.eventbus.EventBus.post(EventBus.java:223)
	at net.runelite.client.callback.Hooks.post(Hooks.java:169)
	at client.jy(client.java:56481)
	at client.ho(client.java:6136)
	at client.fc(client.java:3304)
	at client.h(client.java:1540)
	at ai.oz(ai.java:387)
	at ai.run(ai.java:366)
	at java.base/java.lang.Thread.run(Unknown Source)
2021-11-08 17:38:32 [Client] WARN  n.runelite.client.eventbus.EventBus - Uncaught exception in event subscriber
java.lang.NullPointerException: null
	at java.base/java.time.Duration.between(Unknown Source)
	at com.kittentracker.KittenPlugin.saveGrowthProgress(KittenPlugin.java:328)
	at com.kittentracker.KittenPlugin.byeFollower(KittenPlugin.java:268)
	at com.kittentracker.KittenPlugin.onVarbitChanged(KittenPlugin.java:191)
	at net.runelite.client.eventbus.EventBus$Subscriber.invoke(EventBus.java:70)
	at net.runelite.client.eventbus.EventBus.post(EventBus.java:223)
	at net.runelite.client.callback.Hooks.post(Hooks.java:169)
	at client.jy(client.java:56481)
	at client.ho(client.java:6907)
	at client.fc(client.java:3304)
	at client.h(client.java:1540)
	at ai.oz(ai.java:387)
	at ai.run(ai.java:366)
	at java.base/java.lang.Thread.run(Unknown Source)
2021-11-08 17:51:11 [Client] WARN  n.runelite.client.eventbus.EventBus - Uncaught exception in event subscriber
java.lang.NullPointerException: null
2021-11-08 19:25:02 [Client] WARN  n.runelite.client.eventbus.EventBus - following log message logged 1000 times!
2021-11-08 19:25:02 [Client] WARN  n.runelite.client.eventbus.EventBus - Uncaught exception in event subscriber
java.lang.NullPointerException: null
2021-11-08 19:25:02 [Client] WARN  n.runelite.client.eventbus.EventBus - following log message logged 1000 times!
2021-11-08 19:25:02 [Client] WARN  n.runelite.client.eventbus.EventBus - Uncaught exception in event subscriber
java.lang.NullPointerException: null
2021-11-08 19:25:02 [Client] WARN  n.runelite.client.eventbus.EventBus - following log message logged 1000 times!
2021-11-08 19:25:02 [Client] WARN  n.runelite.client.eventbus.EventBus - Uncaught exception in event subscriber
java.lang.NullPointerException: null
2021-11-08 19:25:02 [Client] WARN  n.runelite.client.eventbus.EventBus - following log message logged 1000 times!
2021-11-08 19:25:02 [Client] WARN  n.runelite.client.eventbus.EventBus - Uncaught exception in event subscriber
java.lang.NullPointerException: null
2021-11-08 19:25:02 [Client] WARN  n.runelite.client.eventbus.EventBus - following log message logged 1000 times!
2021-11-08 19:25:02 [Client] WARN  n.runelite.client.eventbus.EventBus - Uncaught exception in event subscriber
java.lang.NullPointerException: null
2021-11-08 19:25:02 [Client] WARN  n.runelite.client.eventbus.EventBus - following log message logged 1000 times!
2021-11-08 19:25:02 [Client] WARN  n.runelite.client.eventbus.EventBus - Uncaught exception in event subscriber
java.lang.NullPointerException: null
2021-11-08 20:03:07 [OkHttp https://crystalmathlabs.com/...] WARN  n.r.c.p.xpupdater.XpUpdaterPlugin - Error submitting CrystalMathLabs update, caused by timeout.
2021-11-08 21:12:54 [Client] WARN  n.runelite.client.eventbus.EventBus - following log message logged 1000 times!
2021-11-08 21:12:54 [Client] WARN  n.runelite.client.eventbus.EventBus - Uncaught exception in event subscriber
java.lang.NullPointerException: null
2021-11-08 21:12:54 [Client] WARN  n.runelite.client.eventbus.EventBus - following log message logged 1000 times!
2021-11-08 21:12:54 [Client] WARN  n.runelite.client.eventbus.EventBus - Uncaught exception in event subscriber
java.lang.NullPointerException: null
2021-11-08 21:12:54 [Client] WARN  n.runelite.client.eventbus.EventBus - following log message logged 1000 times!
2021-11-08 21:12:54 [Client] WARN  n.runelite.client.eventbus.EventBus - Uncaught exception in event subscriber
java.lang.NullPointerException: null
2021-11-08 21:12:54 [Client] WARN  n.runelite.client.eventbus.EventBus - following log message logged 1000 times!
2021-11-08 21:12:54 [Client] WARN  n.runelite.client.eventbus.EventBus - Uncaught exception in event subscriber
java.lang.NullPointerException: null
2021-11-08 21:12:54 [Client] WARN  n.runelite.client.eventbus.EventBus - following log message logged 1000 times!
2021-11-08 21:12:54 [Client] WARN  n.runelite.client.eventbus.EventBus - Uncaught exception in event subscriber
java.lang.NullPointerException: null
2021-11-08 21:12:54 [Client] WARN  n.runelite.client.eventbus.EventBus - following log message logged 1000 times!
2021-11-08 21:12:54 [Client] WARN  n.runelite.client.eventbus.EventBus - Uncaught exception in event subscriber
java.lang.NullPointerException: null
2021-11-08 21:12:54 [Client] WARN  n.runelite.client.eventbus.EventBus - following log message logged 1000 times!
2021-11-08 21:12:54 [Client] WARN  n.runelite.client.eventbus.EventBus - Uncaught exception in event subscriber
java.lang.NullPointerException: null
2021-11-08 23:22:12 [Client] WARN  n.runelite.client.eventbus.EventBus - following log message logged 1000 times!
2021-11-08 23:22:12 [Client] WARN  n.runelite.client.eventbus.EventBus - Uncaught exception in event subscriber
java.lang.NullPointerException: null
2021-11-08 23:23:49 [Client] WARN  n.runelite.client.eventbus.EventBus - following log message logged 1000 times!
2021-11-08 23:23:49 [Client] WARN  n.runelite.client.eventbus.EventBus - Uncaught exception in event subscriber
java.lang.NullPointerException: null
2021-11-08 23:23:49 [Client] WARN  n.runelite.client.eventbus.EventBus - following log message logged 1000 times!
2021-11-08 23:23:49 [Client] WARN  n.runelite.client.eventbus.EventBus - Uncaught exception in event subscriber
java.lang.NullPointerException: null
2021-11-08 23:23:49 [Client] WARN  n.runelite.client.eventbus.EventBus - following log message logged 1000 times!
2021-11-08 23:23:49 [Client] WARN  n.runelite.client.eventbus.EventBus - Uncaught exception in event subscriber
java.lang.NullPointerException: null
2021-11-08 23:23:49 [Client] WARN  n.runelite.client.eventbus.EventBus - following log message logged 1000 times!
2021-11-08 23:23:49 [Client] WARN  n.runelite.client.eventbus.EventBus - Uncaught exception in event subscriber
java.lang.NullPointerException: null
2021-11-08 23:23:49 [Client] WARN  n.runelite.client.eventbus.EventBus - following log message logged 1000 times!
2021-11-08 23:23:49 [Client] WARN  n.runelite.client.eventbus.EventBus - Uncaught exception in event subscriber
java.lang.NullPointerException: null
2021-11-08 23:23:49 [Client] WARN  n.runelite.client.eventbus.EventBus - following log message logged 1000 times!
2021-11-08 23:23:49 [Client] WARN  n.runelite.client.eventbus.EventBus - Uncaught exception in event subscriber
java.lang.NullPointerException: null
2021-11-08 23:24:02 [Client] WARN  n.runelite.client.eventbus.EventBus - following log message logged 1000 times!
2021-11-08 23:24:02 [Client] WARN  n.runelite.client.eventbus.EventBus - Uncaught exception in event subscriber
java.lang.NullPointerException: null
2021-11-08 23:24:02 [Client] WARN  n.runelite.client.eventbus.EventBus - following log message logged 1000 times!
2021-11-08 23:24:02 [Client] WARN  n.runelite.client.eventbus.EventBus - Uncaught exception in event subscriber
java.lang.NullPointerException: null
2021-11-08 23:24:02 [Client] WARN  n.runelite.client.eventbus.EventBus - following log message logged 1000 times!
2021-11-08 23:24:02 [Client] WARN  n.runelite.client.eventbus.EventBus - Uncaught exception in event subscriber
java.lang.NullPointerException: null
2021-11-08 23:24:02 [Client] WARN  n.runelite.client.eventbus.EventBus - following log message logged 1000 times!
2021-11-08 23:24:02 [Client] WARN  n.runelite.client.eventbus.EventBus - Uncaught exception in event subscriber
java.lang.NullPointerException: null
2021-11-08 23:24:02 [Client] WARN  n.runelite.client.eventbus.EventBus - following log message logged 1000 times!
2021-11-08 23:24:02 [Client] WARN  n.runelite.client.eventbus.EventBus - Uncaught exception in event subscriber
java.lang.NullPointerException: null
2021-11-08 23:24:02 [Client] WARN  n.runelite.client.eventbus.EventBus - following log message logged 1000 times!
2021-11-08 23:24:02 [Client] WARN  n.runelite.client.eventbus.EventBus - Uncaught exception in event subscriber
java.lang.NullPointerException: null
2021-11-08 23:24:02 [Client] WARN  n.runelite.client.eventbus.EventBus - following log message logged 1000 times!
2021-11-08 23:24:02 [Client] WARN  n.runelite.client.eventbus.EventBus - Uncaught exception in event subscriber
java.lang.NullPointerException: null
2021-11-08 23:24:15 [Client] WARN  n.runelite.client.eventbus.EventBus - following log message logged 1000 times!
2021-11-08 23:24:15 [Client] WARN  n.runelite.client.eventbus.EventBus - Uncaught exception in event subscriber
java.lang.NullPointerException: null
2021-11-08 23:24:15 [Client] WARN  n.runelite.client.eventbus.EventBus - following log message logged 1000 times!
2021-11-08 23:24:15 [Client] WARN  n.runelite.client.eventbus.EventBus - Uncaught exception in event subscriber
java.lang.NullPointerException: null
2021-11-08 23:24:15 [Client] WARN  n.runelite.client.eventbus.EventBus - following log message logged 1000 times!
2021-11-08 23:24:15 [Client] WARN  n.runelite.client.eventbus.EventBus - Uncaught exception in event subscriber
java.lang.NullPointerException: null
2021-11-08 23:24:15 [Client] WARN  n.runelite.client.eventbus.EventBus - following log message logged 1000 times!
2021-11-08 23:24:15 [Client] WARN  n.runelite.client.eventbus.EventBus - Uncaught exception in event subscriber
java.lang.NullPointerException: null
2021-11-08 23:24:15 [Client] WARN  n.runelite.client.eventbus.EventBus - following log message logged 1000 times!
2021-11-08 23:24:15 [Client] WARN  n.runelite.client.eventbus.EventBus - Uncaught exception in event subscriber
java.lang.NullPointerException: null
2021-11-08 23:24:15 [Client] WARN  n.runelite.client.eventbus.EventBus - following log message logged 1000 times!
2021-11-08 23:24:15 [Client] WARN  n.runelite.client.eventbus.EventBus - Uncaught exception in event subscriber
java.lang.NullPointerException: null
2021-11-08 23:24:15 [Client] WARN  n.runelite.client.eventbus.EventBus - following log message logged 1000 times!
2021-11-08 23:24:15 [Client] WARN  n.runelite.client.eventbus.EventBus - Uncaught exception in event subscriber
java.lang.NullPointerException: null
2021-11-08 23:24:28 [Client] WARN  n.runelite.client.eventbus.EventBus - following log message logged 1000 times!
2021-11-08 23:24:28 [Client] WARN  n.runelite.client.eventbus.EventBus - Uncaught exception in event subscriber
java.lang.NullPointerException: null
2021-11-08 23:24:28 [Client] WARN  n.runelite.client.eventbus.EventBus - following log message logged 1000 times!
2021-11-08 23:24:28 [Client] WARN  n.runelite.client.eventbus.EventBus - Uncaught exception in event subscriber
java.lang.NullPointerException: null
2021-11-08 23:24:28 [Client] WARN  n.runelite.client.eventbus.EventBus - following log message logged 1000 times!
2021-11-08 23:24:28 [Client] WARN  n.runelite.client.eventbus.EventBus - Uncaught exception in event subscriber
java.lang.NullPointerException: null
2021-11-08 23:24:29 [Client] WARN  n.runelite.client.eventbus.EventBus - following log message logged 1000 times!
2021-11-08 23:24:29 [Client] WARN  n.runelite.client.eventbus.EventBus - Uncaught exception in event subscriber
java.lang.NullPointerException: null
2021-11-08 23:24:29 [Client] WARN  n.runelite.client.eventbus.EventBus - following log message logged 1000 times!
2021-11-08 23:24:29 [Client] WARN  n.runelite.client.eventbus.EventBus - Uncaught exception in event subscriber
java.lang.NullPointerException: null
2021-11-08 23:24:29 [Client] WARN  n.runelite.client.eventbus.EventBus - following log message logged 1000 times!
2021-11-08 23:24:29 [Client] WARN  n.runelite.client.eventbus.EventBus - Uncaught exception in event subscriber
java.lang.NullPointerException: null
2021-11-08 23:24:29 [Client] WARN  n.runelite.client.eventbus.EventBus - following log message logged 1000 times!
2021-11-08 23:24:29 [Client] WARN  n.runelite.client.eventbus.EventBus - Uncaught exception in event subscriber
java.lang.NullPointerException: null
2021-11-08 23:24:45 [Client] WARN  n.runelite.client.eventbus.EventBus - following log message logged 1000 times!
2021-11-08 23:24:45 [Client] WARN  n.runelite.client.eventbus.EventBus - Uncaught exception in event subscriber
java.lang.NullPointerException: null
2021-11-08 23:24:45 [Client] WARN  n.runelite.client.eventbus.EventBus - following log message logged 1000 times!
2021-11-08 23:24:45 [Client] WARN  n.runelite.client.eventbus.EventBus - Uncaught exception in event subscriber
java.lang.NullPointerException: null
2021-11-08 23:24:45 [Client] WARN  n.runelite.client.eventbus.EventBus - following log message logged 1000 times!
2021-11-08 23:24:45 [Client] WARN  n.runelite.client.eventbus.EventBus - Uncaught exception in event subscriber
java.lang.NullPointerException: null
2021-11-08 23:24:45 [Client] WARN  n.runelite.client.eventbus.EventBus - following log message logged 1000 times!
2021-11-08 23:24:45 [Client] WARN  n.runelite.client.eventbus.EventBus - Uncaught exception in event subscriber
java.lang.NullPointerException: null
2021-11-08 23:24:45 [Client] WARN  n.runelite.client.eventbus.EventBus - following log message logged 1000 times!
2021-11-08 23:24:45 [Client] WARN  n.runelite.client.eventbus.EventBus - Uncaught exception in event subscriber
java.lang.NullPointerException: null
2021-11-08 23:24:45 [Client] WARN  n.runelite.client.eventbus.EventBus - following log message logged 1000 times!
2021-11-08 23:24:45 [Client] WARN  n.runelite.client.eventbus.EventBus - Uncaught exception in event subscriber
java.lang.NullPointerException: null
2021-11-08 23:24:45 [Client] WARN  n.runelite.client.eventbus.EventBus - following log message logged 1000 times!
2021-11-08 23:24:45 [Client] WARN  n.runelite.client.eventbus.EventBus - Uncaught exception in event subscriber
java.lang.NullPointerException: null
2021-11-08 23:27:24 [Client] WARN  n.runelite.client.eventbus.EventBus - following log message logged 1000 times!
2021-11-08 23:27:24 [Client] WARN  n.runelite.client.eventbus.EventBus - Uncaught exception in event subscriber
java.lang.NullPointerException: null
2021-11-08 23:27:24 [Client] WARN  n.runelite.client.eventbus.EventBus - following log message logged 1000 times!
2021-11-08 23:27:24 [Client] WARN  n.runelite.client.eventbus.EventBus - Uncaught exception in event subscriber
java.lang.NullPointerException: null
2021-11-08 23:27:24 [Client] WARN  n.runelite.client.eventbus.EventBus - following log message logged 1000 times!
2021-11-08 23:27:24 [Client] WARN  n.runelite.client.eventbus.EventBus - Uncaught exception in event subscriber
java.lang.NullPointerException: null
2021-11-08 23:27:24 [Client] WARN  n.runelite.client.eventbus.EventBus - following log message logged 1000 times!
2021-11-08 23:27:24 [Client] WARN  n.runelite.client.eventbus.EventBus - Uncaught exception in event subscriber
java.lang.NullPointerException: null
2021-11-08 23:27:24 [Client] WARN  n.runelite.client.eventbus.EventBus - following log message logged 1000 times!
2021-11-08 23:27:24 [Client] WARN  n.runelite.client.eventbus.EventBus - Uncaught exception in event subscriber
java.lang.NullPointerException: null
2021-11-08 23:27:24 [Client] WARN  n.runelite.client.eventbus.EventBus - following log message logged 1000 times!
2021-11-08 23:27:24 [Client] WARN  n.runelite.client.eventbus.EventBus - Uncaught exception in event subscriber
java.lang.NullPointerException: null
2021-11-08 23:27:24 [Client] WARN  n.runelite.client.eventbus.EventBus - following log message logged 1000 times!
2021-11-08 23:27:24 [Client] WARN  n.runelite.client.eventbus.EventBus - Uncaught exception in event subscriber
java.lang.NullPointerException: null
