2021-10-27 15:11:07 [RuneLite] INFO  net.runelite.client.RuneLite - RuneLite 1.7.27 (launcher version 2.1.3) starting up, args: none
2021-10-27 15:11:08 [Preloader] INFO  net.runelite.client.rs.ClientLoader - Using cached vanilla client
2021-10-27 15:11:08 [Preloader] INFO  net.runelite.client.rs.ClientLoader - Using cached patched client
2021-10-27 15:11:09 [Preloader] INFO  net.runelite.client.rs.ClientLoader - client-patch 1697222080.293
2021-10-27 15:11:09 [RuneLite] INFO  n.r.client.account.SessionManager - No session file exists
2021-10-27 15:11:10 [RuneLite] INFO  n.r.c.plugins.kourendlibrary.Library - Library is now reset
2021-10-27 15:11:11 [RuneLite] INFO  n.r.c.e.ExternalPluginManager - Loading external plugin "skills-tab-progress-bars" version "0.8" commit "edad37606858fb22dcea07ac9bb1f9324d737a80"
2021-10-27 15:11:11 [RuneLite] INFO  n.r.c.e.ExternalPluginManager - Loading external plugin "spring-garden" version "1.1.0" commit "a107035b8e77cd82ea5a2c007c913531611130ed"
2021-10-27 15:11:11 [RuneLite] INFO  n.r.c.e.ExternalPluginManager - Loading external plugin "quest-helper" version "2.6.0" commit "3d9cc4ad2962b2b3cc363f3bb39502b428e403f4"
2021-10-27 15:11:11 [RuneLite] INFO  n.r.c.e.ExternalPluginManager - Loading external plugin "picture-in-picture" version "1.4.1" commit "32688a78c119187be8c33c62cf56f990fe9bb688"
2021-10-27 15:11:11 [RuneLite] INFO  n.r.c.e.ExternalPluginManager - Loading external plugin "not-empty" version "1.0" commit "e49ec7cc3927e911337ad48bd530cb52f5365183"
2021-10-27 15:11:11 [RuneLite] INFO  n.r.c.e.ExternalPluginManager - Loading external plugin "c-engineer-completed" version "0.2.1" commit "f7eafb03e65639fddd214d701fdf2cd262189ac1"
2021-10-27 15:11:11 [RuneLite] INFO  n.r.c.e.ExternalPluginManager - Loading external plugin "kitten-tracker" version "10e37f7e" commit "10e37f7ed5f2a171310987c44530878db4b8d011"
2021-10-27 15:11:11 [RuneLite] INFO  n.r.c.e.ExternalPluginManager - Loading external plugin "bats-locator" version "890cefa0" commit "890cefa0a95a734abc15a6b1f0681276c5c78c4d"
2021-10-27 15:11:11 [RuneLite] INFO  n.r.c.e.ExternalPluginManager - Loading external plugin "117hd" version "1.0.6" commit "803c7136ee133484ee8ca80e16974897def85bb5"
2021-10-27 15:11:11 [RuneLite] INFO  n.r.c.e.ExternalPluginManager - Loading external plugin "bank-xp-value" version "1.1" commit "076d21a191b5cec70ae9b6a78c42d0f848c337d7"
2021-10-27 15:11:11 [RuneLite] INFO  n.r.c.e.ExternalPluginManager - Loading external plugin "bank-value-tracker" version "757b7b33" commit "757b7b33bdfc27ba24d57fd22a15456f75558d00"
2021-10-27 15:11:11 [RuneLite] INFO  n.r.c.e.ExternalPluginManager - Loading external plugin "ba-minigame" version "1.42" commit "92da92790bd4657bb14e99cde01308bec94a2809"
2021-10-27 15:11:11 [RuneLite] INFO  n.r.c.e.ExternalPluginManager - Loading external plugin "tempoross" version "1.2" commit "af72eacca6df48b132232cb4dd5775b225fa2e5e"
2021-10-27 15:11:11 [RuneLite] INFO  n.r.c.e.ExternalPluginManager - Loading external plugin "bank-tab-names" version "1.0.0" commit "524316bc3b36abca7ca0ecbf84636f79f54b376a"
2021-10-27 15:11:12 [RuneLite] INFO  n.r.client.discord.DiscordService - Initializing Discord RPC service.
2021-10-27 15:11:13 [AWT-EventQueue-0] INFO  dekvall.notempty.NotEmptyPlugin - Not Empty started!
2021-10-27 15:11:14 [pool-3-thread-1] INFO  n.r.client.discord.DiscordService - Discord RPC service is ready with user Victor.
2021-10-27 15:11:18 [RuneLite] INFO  net.runelite.client.RuneLite - Client initialization took 11023ms. Uptime: 14184ms
2021-10-27 15:11:18 [AWT-EventQueue-0] INFO  net.runelite.client.ui.ClientUI - Showing frame net.runelite.client.ui.ContainableFrame[frame0,1920,0,1920x1040,layout=java.awt.BorderLayout,title=RuneLite,resizable,maximized,defaultCloseOperation=DO_NOTHING_ON_CLOSE,rootPane=javax.swing.JRootPane[,0,0,1920x1040,layout=org.pushingpixels.substance.internal.ui.SubstanceRootPaneUI$SubstanceRootLayout,alignmentX=0.0,alignmentY=0.0,border=org.pushingpixels.substance.internal.utils.border.SubstancePaneBorder@2b50c9b3,flags=16777673,maximumSize=,minimumSize=,preferredSize=],rootPaneCheckingEnabled=true]
2021-10-27 15:11:20 [Client] INFO  n.r.client.plugins.gpu.GpuPlugin - Using device: NVIDIA GeForce RTX 2080/PCIe/SSE2
2021-10-27 15:11:20 [Client] INFO  n.r.client.plugins.gpu.GpuPlugin - Using driver: 4.6.0 NVIDIA 471.96
2021-10-27 20:13:33 [RuneLite] INFO  net.runelite.client.RuneLite - RuneLite 1.7.27 (launcher version 2.1.3) starting up, args: none
2021-10-27 20:13:35 [Preloader] INFO  net.runelite.client.rs.ClientLoader - Using cached vanilla client
2021-10-27 20:13:35 [Preloader] INFO  net.runelite.client.rs.ClientLoader - Using cached patched client
2021-10-27 20:13:35 [Preloader] INFO  net.runelite.client.rs.ClientLoader - client-patch 1697222080.293
2021-10-27 20:13:35 [RuneLite] INFO  n.r.client.account.SessionManager - No session file exists
2021-10-27 20:13:36 [RuneLite] INFO  n.r.c.plugins.kourendlibrary.Library - Library is now reset
2021-10-27 20:13:37 [RuneLite] INFO  n.r.c.e.ExternalPluginManager - Loading external plugin "skills-tab-progress-bars" version "0.8" commit "edad37606858fb22dcea07ac9bb1f9324d737a80"
2021-10-27 20:13:37 [RuneLite] INFO  n.r.c.e.ExternalPluginManager - Loading external plugin "spring-garden" version "1.1.0" commit "a107035b8e77cd82ea5a2c007c913531611130ed"
2021-10-27 20:13:37 [RuneLite] INFO  n.r.c.e.ExternalPluginManager - Loading external plugin "quest-helper" version "2.6.0" commit "3d9cc4ad2962b2b3cc363f3bb39502b428e403f4"
2021-10-27 20:13:37 [RuneLite] INFO  n.r.c.e.ExternalPluginManager - Loading external plugin "picture-in-picture" version "1.4.1" commit "32688a78c119187be8c33c62cf56f990fe9bb688"
2021-10-27 20:13:37 [RuneLite] INFO  n.r.c.e.ExternalPluginManager - Loading external plugin "not-empty" version "1.0" commit "e49ec7cc3927e911337ad48bd530cb52f5365183"
2021-10-27 20:13:37 [RuneLite] INFO  n.r.c.e.ExternalPluginManager - Loading external plugin "c-engineer-completed" version "0.2.1" commit "f7eafb03e65639fddd214d701fdf2cd262189ac1"
2021-10-27 20:13:37 [RuneLite] INFO  n.r.c.e.ExternalPluginManager - Loading external plugin "kitten-tracker" version "10e37f7e" commit "10e37f7ed5f2a171310987c44530878db4b8d011"
2021-10-27 20:13:37 [RuneLite] INFO  n.r.c.e.ExternalPluginManager - Loading external plugin "bats-locator" version "890cefa0" commit "890cefa0a95a734abc15a6b1f0681276c5c78c4d"
2021-10-27 20:13:37 [RuneLite] INFO  n.r.c.e.ExternalPluginManager - Loading external plugin "117hd" version "1.0.6" commit "803c7136ee133484ee8ca80e16974897def85bb5"
2021-10-27 20:13:37 [RuneLite] INFO  n.r.c.e.ExternalPluginManager - Loading external plugin "bank-xp-value" version "1.1" commit "076d21a191b5cec70ae9b6a78c42d0f848c337d7"
2021-10-27 20:13:37 [RuneLite] INFO  n.r.c.e.ExternalPluginManager - Loading external plugin "bank-value-tracker" version "757b7b33" commit "757b7b33bdfc27ba24d57fd22a15456f75558d00"
2021-10-27 20:13:37 [RuneLite] INFO  n.r.c.e.ExternalPluginManager - Loading external plugin "ba-minigame" version "1.42" commit "92da92790bd4657bb14e99cde01308bec94a2809"
2021-10-27 20:13:37 [RuneLite] INFO  n.r.c.e.ExternalPluginManager - Loading external plugin "tempoross" version "1.2" commit "af72eacca6df48b132232cb4dd5775b225fa2e5e"
2021-10-27 20:13:37 [RuneLite] INFO  n.r.c.e.ExternalPluginManager - Loading external plugin "bank-tab-names" version "1.0.0" commit "524316bc3b36abca7ca0ecbf84636f79f54b376a"
2021-10-27 20:13:38 [RuneLite] INFO  n.r.client.discord.DiscordService - Initializing Discord RPC service.
2021-10-27 20:13:39 [AWT-EventQueue-0] INFO  dekvall.notempty.NotEmptyPlugin - Not Empty started!
2021-10-27 20:13:40 [pool-3-thread-1] INFO  n.r.client.discord.DiscordService - Discord RPC service is ready with user Victor.
2021-10-27 20:13:40 [RuneLite] INFO  net.runelite.client.RuneLite - Client initialization took 7030ms. Uptime: 9573ms
2021-10-27 20:13:41 [AWT-EventQueue-0] INFO  net.runelite.client.ui.ClientUI - Showing frame net.runelite.client.ui.ContainableFrame[frame0,1920,0,1920x1040,layout=java.awt.BorderLayout,title=RuneLite,resizable,maximized,defaultCloseOperation=DO_NOTHING_ON_CLOSE,rootPane=javax.swing.JRootPane[,0,0,1920x1040,layout=org.pushingpixels.substance.internal.ui.SubstanceRootPaneUI$SubstanceRootLayout,alignmentX=0.0,alignmentY=0.0,border=org.pushingpixels.substance.internal.utils.border.SubstancePaneBorder@4f629fe1,flags=16777673,maximumSize=,minimumSize=,preferredSize=],rootPaneCheckingEnabled=true]
2021-10-27 20:13:42 [Client] INFO  n.r.client.plugins.gpu.GpuPlugin - Using device: NVIDIA GeForce RTX 2080/PCIe/SSE2
2021-10-27 20:13:42 [Client] INFO  n.r.client.plugins.gpu.GpuPlugin - Using driver: 4.6.0 NVIDIA 471.96
2021-10-27 20:14:07 [OkHttp https://api.runelite.net/...] INFO  net.runelite.client.ws.WSClient - Websocket okhttp3.internal.ws.RealWebSocket@4fbec8f8 opened
2021-10-27 20:14:16 [pool-3-thread-1] INFO  n.r.c.e.ExternalPluginManager - Stopping external plugin "class com.majesty373.springgarden.SpringGardenPlugin"
2021-10-27 20:14:16 [pool-3-thread-1] INFO  n.r.c.e.ExternalPluginManager - Stopping external plugin "class com.kittentracker.KittenPlugin"
2021-10-27 20:14:16 [pool-3-thread-1] INFO  n.r.c.e.ExternalPluginManager - Stopping external plugin "class com.bankxpvalue.BankXpValuePlugin"
2021-10-27 20:14:16 [pool-3-thread-1] INFO  n.r.c.e.ExternalPluginManager - Loading external plugin "chatbox-opacity" version "dbee9ba4" commit "dbee9ba4e138cae2467354fc169d9c34dcac3162"
2021-10-27 20:14:16 [pool-3-thread-1] INFO  n.r.c.e.ExternalPluginManager - Loading external plugin "menu-swapper-extended" version "1.8" commit "c4c71b4e24b9e6de9c894eba44a1709203e3b661"
2021-10-27 20:14:16 [pool-3-thread-1] INFO  n.r.c.e.ExternalPluginManager - Loading external plugin "inventory-setups" version "v1.12.2" commit "5e6c6686ff2e62880c3225904a274351cbb05983"
2021-10-27 20:14:16 [pool-3-thread-1] INFO  n.r.c.e.ExternalPluginManager - Loading external plugin "zalcano" version "e7fde457" commit "e7fde4576c9dbeb76efe5796f656dfe66f3d6fcb"
2021-10-27 20:14:16 [AWT-EventQueue-0] INFO  com.zalcano.ZalcanoPlugin - Zalcano plugin started
2021-10-27 20:14:16 [pool-3-thread-1] INFO  n.r.c.e.ExternalPluginManager - Loading external plugin "stealing-artefacts" version "1.1" commit "d4ccb8955208137981bf636121ba1c87ab453108"
2021-10-27 20:14:16 [pool-3-thread-1] INFO  n.r.c.e.ExternalPluginManager - Loading external plugin "profiles-panel" version "1.1.4" commit "c2dd59dcdf324df01c54aeba4cce4577c645f642"
2021-10-27 20:14:16 [pool-3-thread-1] INFO  n.r.c.e.ExternalPluginManager - Loading external plugin "crab-solver" version "1.2" commit "a81701ff28b1c0f0790bd0bd9a927c140d3a3e97"
2021-10-27 20:14:16 [pool-3-thread-1] INFO  n.r.c.e.ExternalPluginManager - Loading external plugin "watson-clue-tracker" version "1.0.4" commit "7c098357d4cc593e77df77f5377ad77af676f1ee"
2021-10-27 20:14:16 [pool-3-thread-1] INFO  n.r.c.e.ExternalPluginManager - Loading external plugin "equipment-inspector" version "1.2" commit "c0018d299bb4a3dd4ef971a72bfdc776a42f0ff8"
2021-10-27 20:14:16 [pool-3-thread-1] INFO  n.r.c.e.ExternalPluginManager - Loading external plugin "cox-additions" version "40d2ba90" commit "40d2ba90edd8ad23a578c40e8e6ecaaa5eb226fd"
2021-10-27 20:14:16 [pool-3-thread-1] INFO  n.r.c.e.ExternalPluginManager - Loading external plugin "gauntlet" version "1.0.0" commit "e928b24970bd234aad16c3ec3d9005735b852c08"
2021-10-27 20:14:16 [pool-3-thread-1] INFO  n.r.c.e.ExternalPluginManager - Loading external plugin "the-gauntlet" version "4e13d3eb" commit "4e13d3ebdf7da91f96c3a47856b2ac19de1e48c8"
2021-10-27 20:14:16 [pool-3-thread-1] INFO  n.r.c.e.ExternalPluginManager - Loading external plugin "slash-swapper" version "0870d527" commit "0870d527aa88e8c75ec110127d533b21f0e6b83a"
2021-10-27 20:14:16 [pool-3-thread-1] INFO  n.r.c.e.ExternalPluginManager - Loading external plugin "pet-info" version "4.0" commit "dce286070830a322969f2024856c5e65fca9c89a"
2021-10-27 20:14:17 [pool-3-thread-1] INFO  n.r.c.e.ExternalPluginManager - Loading external plugin "wom-utils" version "1.3.2" commit "d90ffe1067b582a32bc75a4fc944bc6a9202e00b"
2021-10-27 20:14:17 [AWT-EventQueue-0] INFO  dev.dkvl.womutils.WomUtilsPlugin - Wise Old Man started!
2021-10-27 20:14:17 [pool-3-thread-1] INFO  n.r.c.e.ExternalPluginManager - Loading external plugin "zulrah-helper" version "1.2.1" commit "a10c7242ee25809705985883ad297e89962b9b85"
2021-10-27 20:14:17 [pool-3-thread-1] INFO  n.r.c.e.ExternalPluginManager - Loading external plugin "chompy-hunter" version "1.2" commit "dd55d418a7412bfb169fb74e7a27fc872a3dbe01"
2021-10-27 20:14:17 [pool-3-thread-1] INFO  n.r.c.e.ExternalPluginManager - Loading external plugin "gnome-restaurant" version "1.3" commit "558256e0763eb13f4a032810b6c4ee5227880e26"
2021-10-27 20:14:17 [pool-3-thread-1] INFO  n.r.c.e.ExternalPluginManager - Loading external plugin "banked-experience" version "2.0.8" commit "cb7235902f37254d24699c38971f9f58c5a4c991"
2021-10-27 20:14:17 [pool-3-thread-1] INFO  n.r.c.e.ExternalPluginManager - Loading external plugin "supplies-tracker" version "2.01" commit "79432ec85d1aafa0d1f8f66451a6c1c6f6f7303e"
2021-10-27 20:14:17 [pool-3-thread-1] INFO  n.r.c.e.ExternalPluginManager - Loading external plugin "resource-packs" version "1.4.4" commit "febc83db0fbb19172d9fa4a5d740e490cd8cd428"
2021-10-27 20:14:17 [pool-3-thread-1] INFO  n.r.c.e.ExternalPluginManager - Loading external plugin "transmog" version "1.2.1" commit "ba64c8ad20fe00f663ef69dfb6f9213efe441cf8"
2021-10-27 20:14:17 [pool-3-thread-1] INFO  n.r.c.e.ExternalPluginManager - Loading external plugin "ping-grapher" version "1.3.1" commit "8b4eb39187d0f59e585d06b4abb7ac4c464da2d2"
2021-10-27 20:14:17 [AWT-EventQueue-0] INFO  com.pinggraph.PingGraphPlugin - Ping Graph started!
2021-10-27 20:14:17 [pool-3-thread-1] INFO  n.r.c.e.ExternalPluginManager - Loading external plugin "cox-light-colors" version "1.3.2" commit "6a45d1c702f56bfb9ce146efc4160312fae5d963"
2021-10-27 20:14:17 [pool-3-thread-1] INFO  n.r.c.e.ExternalPluginManager - Loading external plugin "damage-counter" version "1.6" commit "393187db8d2554ff47e7022b05f379bc31c38663"
2021-10-27 20:14:17 [pool-3-thread-1] INFO  n.r.c.e.ExternalPluginManager - Loading external plugin "raid-reloader" version "415a4b71" commit "415a4b71a6f94f9f10345f5c825ab1109bc7cb07"
2021-10-27 20:14:17 [pool-3-thread-1] INFO  n.r.c.e.ExternalPluginManager - Loading external plugin "elysiumevents-plugin" version "857ab9e3" commit "857ab9e310e22a83a00d5de55024c94166c1834f"
2021-10-27 20:14:17 [pool-3-thread-1] INFO  n.r.c.e.ExternalPluginManager - Loading external plugin "fight-cave-waves" version "1.2" commit "51790d94159cbb85893de04d90efc5c0c20d819a"
2021-10-27 20:14:17 [pool-3-thread-1] INFO  n.r.c.e.ExternalPluginManager - Loading external plugin "loot-table" version "1.0.1" commit "1f17b17c7e0b6a6843b27e4305029a0d2ebb2260"
2021-10-27 20:14:17 [pool-3-thread-1] INFO  n.r.c.e.ExternalPluginManager - Loading external plugin "optimal-quest-guide" version "cbafa444" commit "cbafa4440bc08f6f93727730cd27fe5f15083d87"
2021-10-27 20:14:18 [pool-3-thread-1] INFO  n.r.c.e.ExternalPluginManager - Loading external plugin "improved-tears-of-guthix-interface" version "1.1" commit "adaae7dbe3ff3710e47eba12a32dfe1d71dd14c9"
2021-10-27 20:14:18 [pool-3-thread-1] INFO  n.r.c.e.ExternalPluginManager - Loading external plugin "crab-stun-timers" version "b0e7ad22" commit "b0e7ad22a6018fed3cdcd105d6a1873a242e75e3"
2021-10-27 20:39:10 [OkHttp https://crystalmathlabs.com/...] WARN  n.r.c.p.xpupdater.XpUpdaterPlugin - Error submitting CrystalMathLabs update, caused by timeout.
2021-10-27 21:09:40 [OkHttp https://api.runelite.net/...] WARN  net.runelite.client.ws.WSClient - Error in websocket: null
java.io.EOFException: null
	at okio.RealBufferedSource.require(RealBufferedSource.java:65)
	at okio.RealBufferedSource.readByte(RealBufferedSource.java:78)
	at okhttp3.internal.ws.WebSocketReader.readHeader(WebSocketReader.java:117)
	at okhttp3.internal.ws.WebSocketReader.processNextFrame(WebSocketReader.java:101)
	at okhttp3.internal.ws.RealWebSocket.loopReader(RealWebSocket.java:273)
	at okhttp3.internal.ws.RealWebSocket$1.onResponse(RealWebSocket.java:209)
	at okhttp3.RealCall$AsyncCall.execute(RealCall.java:174)
	at okhttp3.internal.NamedRunnable.run(NamedRunnable.java:32)
	at java.base/java.util.concurrent.ThreadPoolExecutor.runWorker(Unknown Source)
	at java.base/java.util.concurrent.ThreadPoolExecutor$Worker.run(Unknown Source)
	at java.base/java.lang.Thread.run(Unknown Source)
2021-10-27 21:53:21 [Client] INFO  c.c.CoxLightColorsPlugin - Light gameObject spawned
2021-10-27 21:53:22 [Client] WARN  n.runelite.client.eventbus.EventBus - Uncaught exception in event subscriber
java.lang.NullPointerException: null
	at java.base/java.util.LinkedList.node(Unknown Source)
	at java.base/java.util.LinkedList.get(Unknown Source)
	at com.pinggraph.PingGraphPlugin.getMaxMinFromList(PingGraphPlugin.java:151)
	at com.pinggraph.PingGraphPlugin.onClientTick(PingGraphPlugin.java:122)
	at net.runelite.client.eventbus.EventBus$Subscriber.invoke(EventBus.java:70)
	at net.runelite.client.eventbus.EventBus.post(EventBus.java:223)
	at net.runelite.client.callback.Hooks.post(Hooks.java:169)
	at client.bq(client.java:18505)
	at client.er(client.java:3201)
	at client.ab(client.java:1011)
	at ay.vj(ay.java:364)
	at ay.run(ay.java:343)
	at java.base/java.lang.Thread.run(Unknown Source)
2021-10-27 22:03:53 [Client] INFO  c.c.CoxLightColorsPlugin - Light gameObject spawned
2021-10-27 22:32:53 [Client] INFO  c.c.CoxLightColorsPlugin - Light gameObject spawned
2021-10-27 22:44:47 [Client] INFO  c.c.CoxLightColorsPlugin - Light gameObject spawned
2021-10-27 23:16:14 [Client] INFO  c.c.CoxLightColorsPlugin - Light gameObject spawned
2021-10-27 23:30:18 [Client] INFO  c.c.CoxLightColorsPlugin - Light gameObject spawned
