2020-12-14 01:59:26 [OkHttp https://crystalmathlabs.com/...] WARN  n.r.c.p.xpupdater.XpUpdaterPlugin - Error submitting CrystalMathLabs update, caused by timeout.
2020-12-14 03:24:44 [OkHttp https://crystalmathlabs.com/...] WARN  n.r.c.p.xpupdater.XpUpdaterPlugin - Error submitting CrystalMathLabs update, caused by timeout.
2020-12-14 16:21:36 [RuneLite] INFO  net.runelite.client.RuneLite - RuneLite 1.6.35 (launcher version 2.1.3) starting up, args: none
2020-12-14 16:21:39 [Preloader] INFO  net.runelite.client.rs.ClientLoader - Using cached vanilla client
2020-12-14 16:21:39 [Preloader] INFO  net.runelite.client.rs.ClientLoader - Using cached patched client
2020-12-14 16:21:39 [Preloader] INFO  net.runelite.client.rs.ClientLoader - client-patch 899601965.344
2020-12-14 16:21:40 [RuneLite] INFO  n.r.c.plugins.kourendlibrary.Library - Library is now reset
2020-12-14 16:21:41 [RuneLite] INFO  n.r.c.e.ExternalPluginManager - Loading external plugin "bank-tab-names" version "1.0.0" commit "524316bc3b36abca7ca0ecbf84636f79f54b376a"
2020-12-14 16:21:41 [RuneLite] INFO  n.r.c.e.ExternalPluginManager - Loading external plugin "stealing-artefacts" version "1.1" commit "d4ccb8955208137981bf636121ba1c87ab453108"
2020-12-14 16:21:41 [RuneLite] INFO  n.r.c.e.ExternalPluginManager - Loading external plugin "ba-minigame" version "1.1" commit "1f4a3ef21a44f7570405e5332789ab91747667fb"
2020-12-14 16:21:41 [RuneLite] INFO  n.r.c.e.ExternalPluginManager - Loading external plugin "quest-helper" version "1.2.1" commit "72e875aae313c8749344eb17b429fb2d1229f5b0"
2020-12-14 16:21:42 [RuneLite] INFO  n.r.c.e.ExternalPluginManager - Loading external plugin "bank-value-tracker" version "1.0-SNAPSHOT" commit "9f68064e7c2660ed9f98406b2ae850460b29246a"
2020-12-14 16:21:42 [RuneLite] INFO  n.r.c.e.ExternalPluginManager - Loading external plugin "skills-tab-progress-bars" version "0.7" commit "ab58a7463762e2707e2e51d5a0f1f15704b211a8"
2020-12-14 16:21:42 [RuneLite] INFO  n.r.c.e.ExternalPluginManager - Loading external plugin "inventory-setups" version "1.8.3" commit "92bf09a3bcba605c18bc31ca7e48620928ebf539"
2020-12-14 16:21:42 [RuneLite] INFO  n.r.c.e.ExternalPluginManager - Loading external plugin "bats-locator" version "1.0-SNAPSHOT" commit "890cefa0a95a734abc15a6b1f0681276c5c78c4d"
2020-12-14 16:21:42 [RuneLite] INFO  n.r.client.discord.DiscordService - Initializing Discord RPC service.
2020-12-14 16:21:44 [pool-3-thread-1] INFO  n.r.client.discord.DiscordService - Discord RPC service is ready with user Victor.
2020-12-14 16:21:45 [RuneLite] INFO  net.runelite.client.RuneLite - Client initialization took 8154ms. Uptime: 12141ms
2020-12-14 16:21:45 [AWT-EventQueue-0] INFO  net.runelite.client.ui.ClientUI - Showing frame net.runelite.client.ui.ContainableFrame[frame0,0,0,1920x1040,layout=java.awt.BorderLayout,title=RuneLite,resizable,maximized,defaultCloseOperation=DO_NOTHING_ON_CLOSE,rootPane=javax.swing.JRootPane[,0,0,1920x1040,layout=org.pushingpixels.substance.internal.ui.SubstanceRootPaneUI$SubstanceRootLayout,alignmentX=0.0,alignmentY=0.0,border=org.pushingpixels.substance.internal.utils.border.SubstancePaneBorder@43111937,flags=16777673,maximumSize=,minimumSize=,preferredSize=],rootPaneCheckingEnabled=true]
2020-12-14 19:58:24 [OkHttp https://crystalmathlabs.com/...] WARN  n.r.c.p.xpupdater.XpUpdaterPlugin - Error submitting CrystalMathLabs update, caused by timeout.
2020-12-14 21:14:09 [OkHttp https://crystalmathlabs.com/...] WARN  n.r.c.p.xpupdater.XpUpdaterPlugin - Error submitting CrystalMathLabs update, caused by timeout.
2020-12-14 21:14:09 [OkHttp https://templeosrs.com/...] WARN  n.r.c.p.xpupdater.XpUpdaterPlugin - Error submitting TempleOSRS update, caused by timeout.
