2021-11-03 07:35:18 [RuneLite] INFO  net.runelite.client.RuneLite - RuneLite 1.8.0 (launcher version 2.1.3) starting up, args: none
2021-11-03 07:35:19 [Preloader] INFO  net.runelite.client.rs.ClientLoader - Using cached vanilla client
2021-11-03 07:35:19 [Preloader] INFO  net.runelite.client.rs.ClientLoader - Using cached patched client
2021-11-03 07:35:19 [Preloader] INFO  net.runelite.client.rs.ClientLoader - client-patch 1727126284.301
2021-11-03 07:35:20 [RuneLite] INFO  n.r.client.account.SessionManager - No session file exists
2021-11-03 07:35:20 [RuneLite] INFO  n.r.c.plugins.kourendlibrary.Library - Library is now reset
2021-11-03 07:35:23 [RuneLite] INFO  n.r.c.e.ExternalPluginManager - Loading external plugin "skills-tab-progress-bars" version "0.8" commit "edad37606858fb22dcea07ac9bb1f9324d737a80"
2021-11-03 07:35:23 [RuneLite] INFO  n.r.c.e.ExternalPluginManager - Loading external plugin "117hd" version "1.0.7" commit "079053ba31911b76eb931cccc3db7efed1c56d99"
2021-11-03 07:35:23 [RuneLite] INFO  n.r.c.e.ExternalPluginManager - Loading external plugin "spring-garden" version "1.1.0" commit "a107035b8e77cd82ea5a2c007c913531611130ed"
2021-11-03 07:35:23 [RuneLite] INFO  n.r.c.e.ExternalPluginManager - Loading external plugin "picture-in-picture" version "1.4.1" commit "32688a78c119187be8c33c62cf56f990fe9bb688"
2021-11-03 07:35:23 [RuneLite] INFO  n.r.c.e.ExternalPluginManager - Loading external plugin "bank-memory" version "1.1.2" commit "9521135d3c696071c018f48d9709320f389eda89"
2021-11-03 07:35:23 [RuneLite] INFO  n.r.c.e.ExternalPluginManager - Loading external plugin "not-empty" version "1.0" commit "e49ec7cc3927e911337ad48bd530cb52f5365183"
2021-11-03 07:35:23 [RuneLite] INFO  n.r.c.e.ExternalPluginManager - Loading external plugin "c-engineer-completed" version "0.2.1" commit "f7eafb03e65639fddd214d701fdf2cd262189ac1"
2021-11-03 07:35:23 [RuneLite] INFO  n.r.c.e.ExternalPluginManager - Loading external plugin "kitten-tracker" version "10e37f7e" commit "10e37f7ed5f2a171310987c44530878db4b8d011"
2021-11-03 07:35:23 [RuneLite] INFO  n.r.c.e.ExternalPluginManager - Loading external plugin "bats-locator" version "890cefa0" commit "890cefa0a95a734abc15a6b1f0681276c5c78c4d"
2021-11-03 07:35:23 [RuneLite] INFO  n.r.c.e.ExternalPluginManager - Loading external plugin "bank-tag-layouts" version "1.4.7" commit "efad26a27e73da4a80e482980383afb433a85be0"
2021-11-03 07:35:23 [RuneLite] INFO  n.r.c.e.ExternalPluginManager - Loading external plugin "bank-xp-value" version "1.1" commit "076d21a191b5cec70ae9b6a78c42d0f848c337d7"
2021-11-03 07:35:23 [RuneLite] INFO  n.r.c.e.ExternalPluginManager - Loading external plugin "bank-value-tracker" version "757b7b33" commit "757b7b33bdfc27ba24d57fd22a15456f75558d00"
2021-11-03 07:35:23 [RuneLite] INFO  n.r.c.e.ExternalPluginManager - Loading external plugin "ba-minigame" version "1.42" commit "92da92790bd4657bb14e99cde01308bec94a2809"
2021-11-03 07:35:23 [RuneLite] INFO  n.r.c.e.ExternalPluginManager - Loading external plugin "quest-helper" version "2.6.1" commit "68a62a0f64174b4ddfeac810557f1e04ec54423b"
2021-11-03 07:35:23 [RuneLite] INFO  n.r.c.e.ExternalPluginManager - Loading external plugin "tempoross" version "1.2" commit "af72eacca6df48b132232cb4dd5775b225fa2e5e"
2021-11-03 07:35:23 [RuneLite] INFO  n.r.c.e.ExternalPluginManager - Loading external plugin "bank-tab-names" version "1.0.0" commit "524316bc3b36abca7ca0ecbf84636f79f54b376a"
2021-11-03 07:35:24 [RuneLite] INFO  n.r.client.discord.DiscordService - Initializing Discord RPC service.
2021-11-03 07:35:25 [AWT-EventQueue-0] INFO  dekvall.notempty.NotEmptyPlugin - Not Empty started!
2021-11-03 07:35:32 [RuneLite] INFO  net.runelite.client.RuneLite - Client initialization took 7830ms. Uptime: 19646ms
2021-11-03 07:35:32 [pool-3-thread-1] INFO  n.r.client.discord.DiscordService - Discord RPC service is ready with user Victor.
2021-11-03 07:35:32 [AWT-EventQueue-0] INFO  net.runelite.client.ui.ClientUI - Showing frame net.runelite.client.ui.ContainableFrame[frame0,0,0,1920x1040,layout=java.awt.BorderLayout,title=RuneLite,resizable,maximized,defaultCloseOperation=DO_NOTHING_ON_CLOSE,rootPane=javax.swing.JRootPane[,0,0,1920x1040,layout=org.pushingpixels.substance.internal.ui.SubstanceRootPaneUI$SubstanceRootLayout,alignmentX=0.0,alignmentY=0.0,border=org.pushingpixels.substance.internal.utils.border.SubstancePaneBorder@25eb1416,flags=16777673,maximumSize=,minimumSize=,preferredSize=],rootPaneCheckingEnabled=true]
2021-11-03 07:35:34 [Client] INFO  n.r.client.plugins.gpu.GpuPlugin - Using device: NVIDIA GeForce RTX 2080/PCIe/SSE2
2021-11-03 07:35:34 [Client] INFO  n.r.client.plugins.gpu.GpuPlugin - Using driver: 4.6.0 NVIDIA 496.49
2021-11-03 07:48:59 [Client] ERROR n.r.c.p.t.farming.FarmingTracker - Offset error! Observed new offset of 2, previous observed offset was 31 (1) Player Loc:WorldPoint(x=2672, y=3380, plane=0)
2021-11-03 07:48:59 [Client] ERROR n.r.c.p.t.farming.FarmingTracker - Offset error! Observed new offset of 2, previous observed offset was 31 (1) Player Loc:WorldPoint(x=2672, y=3380, plane=0)
2021-11-03 07:48:59 [Client] ERROR n.r.c.p.t.farming.FarmingTracker - Offset error! Observed new offset of 32, previous observed offset was 31 (31) Player Loc:WorldPoint(x=2672, y=3380, plane=0)
2021-11-03 08:14:00 [Client] ERROR n.r.c.p.t.farming.FarmingTracker - Offset error! Observed new offset of 6, previous observed offset was 32 (12) Player Loc:WorldPoint(x=1271, y=3728, plane=0)
2021-11-03 08:14:00 [Client] ERROR n.r.c.p.t.farming.FarmingTracker - Offset error! Observed new offset of 1, previous observed offset was 32 (2) Player Loc:WorldPoint(x=1271, y=3728, plane=0)
2021-11-03 08:45:13 [OkHttp https://crystalmathlabs.com/...] WARN  n.r.c.p.xpupdater.XpUpdaterPlugin - Error submitting CrystalMathLabs update, caused by timeout.
2021-11-03 12:30:08 [OkHttp https://templeosrs.com/...] WARN  n.r.c.p.xpupdater.XpUpdaterPlugin - Error submitting TempleOSRS update, caused by timeout.
2021-11-03 12:30:08 [OkHttp https://wiseoldman.net/...] WARN  n.r.c.p.xpupdater.XpUpdaterPlugin - Error submitting Wise Old Man update, caused by timeout.
2021-11-03 12:35:51 [RuneLite] INFO  net.runelite.client.RuneLite - RuneLite 1.8.0 (launcher version 2.1.3) starting up, args: none
2021-11-03 12:35:52 [Preloader] INFO  net.runelite.client.rs.ClientLoader - Vanilla cache is the wrong size
2021-11-03 12:35:53 [Preloader] INFO  net.runelite.client.rs.ClientLoader - Client is outdated!
2021-11-03 12:35:54 [RuneLite] INFO  n.r.client.account.SessionManager - No session file exists
2021-11-03 12:35:55 [RuneLite] INFO  n.r.c.e.ExternalPluginManager - Loading external plugin "skills-tab-progress-bars" version "0.8" commit "edad37606858fb22dcea07ac9bb1f9324d737a80"
2021-11-03 12:35:55 [RuneLite] INFO  n.r.c.e.ExternalPluginManager - Loading external plugin "117hd" version "1.0.7" commit "079053ba31911b76eb931cccc3db7efed1c56d99"
2021-11-03 12:35:55 [RuneLite] INFO  n.r.c.e.ExternalPluginManager - Loading external plugin "spring-garden" version "1.1.0" commit "a107035b8e77cd82ea5a2c007c913531611130ed"
2021-11-03 12:35:55 [RuneLite] INFO  n.r.c.e.ExternalPluginManager - Loading external plugin "picture-in-picture" version "1.4.1" commit "32688a78c119187be8c33c62cf56f990fe9bb688"
2021-11-03 12:35:55 [RuneLite] INFO  n.r.c.e.ExternalPluginManager - Loading external plugin "bank-memory" version "1.1.2" commit "9521135d3c696071c018f48d9709320f389eda89"
2021-11-03 12:35:55 [RuneLite] INFO  n.r.c.e.ExternalPluginManager - Loading external plugin "not-empty" version "1.0" commit "e49ec7cc3927e911337ad48bd530cb52f5365183"
2021-11-03 12:35:55 [RuneLite] INFO  n.r.c.e.ExternalPluginManager - Loading external plugin "c-engineer-completed" version "0.2.1" commit "f7eafb03e65639fddd214d701fdf2cd262189ac1"
2021-11-03 12:35:55 [RuneLite] INFO  n.r.c.e.ExternalPluginManager - Loading external plugin "kitten-tracker" version "10e37f7e" commit "10e37f7ed5f2a171310987c44530878db4b8d011"
2021-11-03 12:35:55 [RuneLite] INFO  n.r.c.e.ExternalPluginManager - Loading external plugin "bats-locator" version "890cefa0" commit "890cefa0a95a734abc15a6b1f0681276c5c78c4d"
2021-11-03 12:35:55 [RuneLite] INFO  n.r.c.e.ExternalPluginManager - Loading external plugin "bank-tag-layouts" version "1.4.7" commit "efad26a27e73da4a80e482980383afb433a85be0"
2021-11-03 12:35:55 [RuneLite] INFO  n.r.c.e.ExternalPluginManager - Loading external plugin "bank-xp-value" version "1.1" commit "076d21a191b5cec70ae9b6a78c42d0f848c337d7"
2021-11-03 12:35:55 [RuneLite] WARN  n.r.client.plugins.PluginManager - Error instantiating plugin!
net.runelite.client.plugins.PluginInstantiationException: com.google.inject.CreationException: Unable to create injector, see the following errors:

1) null returned by binding at net.runelite.client.RuneLiteModule.provideClient()
 but the 1st parameter of com.bankxpvalue.BankXpValueItemOverlay.<init>(Unknown Source) is not @Nullable
  while locating net.runelite.api.Client
    for the 1st parameter of com.bankxpvalue.BankXpValueItemOverlay.<init>(Unknown Source)
  while locating com.bankxpvalue.BankXpValueItemOverlay
    for field at com.bankxpvalue.BankXpValuePlugin.itemOverlay(Unknown Source)
  at net.runelite.client.plugins.PluginManager.lambda$instantiate$6(PluginManager.java:544)

2) null returned by binding at net.runelite.client.RuneLiteModule.provideClient()
 but the 1st parameter of com.bankxpvalue.BankXpValueOverlay.<init>(Unknown Source) is not @Nullable
  while locating net.runelite.api.Client
    for the 1st parameter of com.bankxpvalue.BankXpValueOverlay.<init>(Unknown Source)
  while locating com.bankxpvalue.BankXpValueOverlay
    for field at com.bankxpvalue.BankXpValuePlugin.overlay(Unknown Source)
  at net.runelite.client.plugins.PluginManager.lambda$instantiate$6(PluginManager.java:544)

3) null returned by binding at net.runelite.client.RuneLiteModule.provideClient()
 but com.bankxpvalue.BankXpValuePlugin.client(Unknown Source) is not @Nullable
  while locating net.runelite.api.Client
    for field at com.bankxpvalue.BankXpValuePlugin.client(Unknown Source)
  at net.runelite.client.plugins.PluginManager.lambda$instantiate$6(PluginManager.java:544)

4) null returned by binding at net.runelite.client.RuneLiteModule.provideClient()
 but the 1st parameter of com.bankxpvalue.BankXpValueTutorialOverlay.<init>(Unknown Source) is not @Nullable
  while locating net.runelite.api.Client
    for the 1st parameter of com.bankxpvalue.BankXpValueTutorialOverlay.<init>(Unknown Source)
  while locating com.bankxpvalue.BankXpValueTutorialOverlay
    for the 5th parameter of com.bankxpvalue.BankXpValueOverlay.<init>(Unknown Source)
  while locating com.bankxpvalue.BankXpValueOverlay
    for field at com.bankxpvalue.BankXpValuePlugin.overlay(Unknown Source)
  at net.runelite.client.plugins.PluginManager.lambda$instantiate$6(PluginManager.java:544)

5) null returned by binding at net.runelite.client.RuneLiteModule.provideClient()
 but the 1st parameter of com.bankxpvalue.BankXpValueTutorialOverlay.<init>(Unknown Source) is not @Nullable
  while locating net.runelite.api.Client
    for the 1st parameter of com.bankxpvalue.BankXpValueTutorialOverlay.<init>(Unknown Source)
  while locating com.bankxpvalue.BankXpValueTutorialOverlay
    for field at com.bankxpvalue.BankXpValuePlugin.tutorialOverlay(Unknown Source)
  at net.runelite.client.plugins.PluginManager.lambda$instantiate$6(PluginManager.java:544)

6) null returned by binding at net.runelite.client.RuneLiteModule.provideClient()
 but net.runelite.client.callback.ClientThread.client(Unknown Source) is not @Nullable
  while locating net.runelite.api.Client
    for field at net.runelite.client.callback.ClientThread.client(Unknown Source)
  at net.runelite.client.callback.ClientThread.class(Unknown Source)
  while locating net.runelite.client.callback.ClientThread
    for the 3rd parameter of net.runelite.client.game.ItemManager.<init>(Unknown Source)
  at net.runelite.client.RuneLiteModule.configure(RuneLiteModule.java:86)
  while locating net.runelite.client.game.ItemManager
    for the 1st parameter of com.bankxpvalue.ItemDataCache.<init>(Unknown Source)
  while locating com.bankxpvalue.ItemDataCache
    for field at com.bankxpvalue.BankXpValuePlugin.data(Unknown Source)
  at net.runelite.client.plugins.PluginManager.lambda$instantiate$6(PluginManager.java:544)

7) null returned by binding at net.runelite.client.RuneLiteModule.provideClient()
 but the 1st parameter of net.runelite.client.game.ItemManager.<init>(Unknown Source) is not @Nullable
  while locating net.runelite.api.Client
    for the 1st parameter of net.runelite.client.game.ItemManager.<init>(Unknown Source)
  at net.runelite.client.RuneLiteModule.configure(RuneLiteModule.java:86)
  while locating net.runelite.client.game.ItemManager
    for the 1st parameter of com.bankxpvalue.ItemDataCache.<init>(Unknown Source)
  while locating com.bankxpvalue.ItemDataCache
    for field at com.bankxpvalue.BankXpValuePlugin.data(Unknown Source)
  at net.runelite.client.plugins.PluginManager.lambda$instantiate$6(PluginManager.java:544)

7 errors
	at net.runelite.client.plugins.PluginManager.instantiate(PluginManager.java:552)
	at net.runelite.client.plugins.PluginManager.loadPlugins(PluginManager.java:356)
	at net.runelite.client.externalplugins.ExternalPluginManager.refreshPlugins(ExternalPluginManager.java:313)
	at net.runelite.client.externalplugins.ExternalPluginManager.loadExternalPlugins(ExternalPluginManager.java:115)
	at net.runelite.client.RuneLite.start(RuneLite.java:296)
	at net.runelite.client.RuneLite.main(RuneLite.java:251)
	at java.base/jdk.internal.reflect.NativeMethodAccessorImpl.invoke0(Native Method)
	at java.base/jdk.internal.reflect.NativeMethodAccessorImpl.invoke(Unknown Source)
	at java.base/jdk.internal.reflect.DelegatingMethodAccessorImpl.invoke(Unknown Source)
	at java.base/java.lang.reflect.Method.invoke(Unknown Source)
	at net.runelite.launcher.ReflectionLauncher$1.run(ReflectionLauncher.java:63)
Caused by: com.google.inject.CreationException: Unable to create injector, see the following errors:

1) null returned by binding at net.runelite.client.RuneLiteModule.provideClient()
 but the 1st parameter of com.bankxpvalue.BankXpValueItemOverlay.<init>(Unknown Source) is not @Nullable
  while locating net.runelite.api.Client
    for the 1st parameter of com.bankxpvalue.BankXpValueItemOverlay.<init>(Unknown Source)
  while locating com.bankxpvalue.BankXpValueItemOverlay
    for field at com.bankxpvalue.BankXpValuePlugin.itemOverlay(Unknown Source)
  at net.runelite.client.plugins.PluginManager.lambda$instantiate$6(PluginManager.java:544)

2) null returned by binding at net.runelite.client.RuneLiteModule.provideClient()
 but the 1st parameter of com.bankxpvalue.BankXpValueOverlay.<init>(Unknown Source) is not @Nullable
  while locating net.runelite.api.Client
    for the 1st parameter of com.bankxpvalue.BankXpValueOverlay.<init>(Unknown Source)
  while locating com.bankxpvalue.BankXpValueOverlay
    for field at com.bankxpvalue.BankXpValuePlugin.overlay(Unknown Source)
  at net.runelite.client.plugins.PluginManager.lambda$instantiate$6(PluginManager.java:544)

3) null returned by binding at net.runelite.client.RuneLiteModule.provideClient()
 but com.bankxpvalue.BankXpValuePlugin.client(Unknown Source) is not @Nullable
  while locating net.runelite.api.Client
    for field at com.bankxpvalue.BankXpValuePlugin.client(Unknown Source)
  at net.runelite.client.plugins.PluginManager.lambda$instantiate$6(PluginManager.java:544)

4) null returned by binding at net.runelite.client.RuneLiteModule.provideClient()
 but the 1st parameter of com.bankxpvalue.BankXpValueTutorialOverlay.<init>(Unknown Source) is not @Nullable
  while locating net.runelite.api.Client
    for the 1st parameter of com.bankxpvalue.BankXpValueTutorialOverlay.<init>(Unknown Source)
  while locating com.bankxpvalue.BankXpValueTutorialOverlay
    for the 5th parameter of com.bankxpvalue.BankXpValueOverlay.<init>(Unknown Source)
  while locating com.bankxpvalue.BankXpValueOverlay
    for field at com.bankxpvalue.BankXpValuePlugin.overlay(Unknown Source)
  at net.runelite.client.plugins.PluginManager.lambda$instantiate$6(PluginManager.java:544)

5) null returned by binding at net.runelite.client.RuneLiteModule.provideClient()
 but the 1st parameter of com.bankxpvalue.BankXpValueTutorialOverlay.<init>(Unknown Source) is not @Nullable
  while locating net.runelite.api.Client
    for the 1st parameter of com.bankxpvalue.BankXpValueTutorialOverlay.<init>(Unknown Source)
  while locating com.bankxpvalue.BankXpValueTutorialOverlay
    for field at com.bankxpvalue.BankXpValuePlugin.tutorialOverlay(Unknown Source)
  at net.runelite.client.plugins.PluginManager.lambda$instantiate$6(PluginManager.java:544)

6) null returned by binding at net.runelite.client.RuneLiteModule.provideClient()
 but net.runelite.client.callback.ClientThread.client(Unknown Source) is not @Nullable
  while locating net.runelite.api.Client
    for field at net.runelite.client.callback.ClientThread.client(Unknown Source)
  at net.runelite.client.callback.ClientThread.class(Unknown Source)
  while locating net.runelite.client.callback.ClientThread
    for the 3rd parameter of net.runelite.client.game.ItemManager.<init>(Unknown Source)
  at net.runelite.client.RuneLiteModule.configure(RuneLiteModule.java:86)
  while locating net.runelite.client.game.ItemManager
    for the 1st parameter of com.bankxpvalue.ItemDataCache.<init>(Unknown Source)
  while locating com.bankxpvalue.ItemDataCache
    for field at com.bankxpvalue.BankXpValuePlugin.data(Unknown Source)
  at net.runelite.client.plugins.PluginManager.lambda$instantiate$6(PluginManager.java:544)

7) null returned by binding at net.runelite.client.RuneLiteModule.provideClient()
 but the 1st parameter of net.runelite.client.game.ItemManager.<init>(Unknown Source) is not @Nullable
  while locating net.runelite.api.Client
    for the 1st parameter of net.runelite.client.game.ItemManager.<init>(Unknown Source)
  at net.runelite.client.RuneLiteModule.configure(RuneLiteModule.java:86)
  while locating net.runelite.client.game.ItemManager
    for the 1st parameter of com.bankxpvalue.ItemDataCache.<init>(Unknown Source)
  while locating com.bankxpvalue.ItemDataCache
    for field at com.bankxpvalue.BankXpValuePlugin.data(Unknown Source)
  at net.runelite.client.plugins.PluginManager.lambda$instantiate$6(PluginManager.java:544)

7 errors
	at com.google.inject.internal.Errors.throwCreationExceptionIfErrorsExist(Errors.java:470)
	at com.google.inject.internal.InternalInjectorCreator.injectDynamically(InternalInjectorCreator.java:176)
	at com.google.inject.internal.InternalInjectorCreator.build(InternalInjectorCreator.java:110)
	at com.google.inject.internal.InjectorImpl.createChildInjector(InjectorImpl.java:232)
	at com.google.inject.internal.InjectorImpl.createChildInjector(InjectorImpl.java:236)
	at net.runelite.client.plugins.PluginManager.instantiate(PluginManager.java:547)
	... 10 common frames omitted
2021-11-03 12:35:55 [RuneLite] INFO  n.r.c.e.ExternalPluginManager - Loading external plugin "bank-value-tracker" version "757b7b33" commit "757b7b33bdfc27ba24d57fd22a15456f75558d00"
2021-11-03 12:35:55 [RuneLite] INFO  n.r.c.e.ExternalPluginManager - Loading external plugin "ba-minigame" version "1.42" commit "92da92790bd4657bb14e99cde01308bec94a2809"
2021-11-03 12:35:55 [RuneLite] INFO  n.r.c.e.ExternalPluginManager - Loading external plugin "quest-helper" version "2.6.1" commit "68a62a0f64174b4ddfeac810557f1e04ec54423b"
2021-11-03 12:35:55 [RuneLite] INFO  n.r.c.e.ExternalPluginManager - Loading external plugin "tempoross" version "1.2" commit "af72eacca6df48b132232cb4dd5775b225fa2e5e"
2021-11-03 12:35:55 [RuneLite] INFO  n.r.c.e.ExternalPluginManager - Loading external plugin "bank-tab-names" version "1.0.0" commit "524316bc3b36abca7ca0ecbf84636f79f54b376a"
2021-11-03 12:35:56 [RuneLite] INFO  n.r.client.discord.DiscordService - Initializing Discord RPC service.
2021-11-03 12:35:57 [RuneLite] INFO  net.runelite.client.RuneLite - Client initialization took 6175ms. Uptime: 9319ms
2021-11-03 12:35:57 [AWT-EventQueue-0] INFO  net.runelite.client.ui.ClientUI - Showing frame net.runelite.client.ui.ContainableFrame[frame0,-1920,0,1920x1040,layout=java.awt.BorderLayout,title=RuneLite,resizable,maximized,defaultCloseOperation=DO_NOTHING_ON_CLOSE,rootPane=javax.swing.JRootPane[,0,0,1920x1040,layout=org.pushingpixels.substance.internal.ui.SubstanceRootPaneUI$SubstanceRootLayout,alignmentX=0.0,alignmentY=0.0,border=org.pushingpixels.substance.internal.utils.border.SubstancePaneBorder@343f03b1,flags=16777673,maximumSize=,minimumSize=,preferredSize=],rootPaneCheckingEnabled=true]
2021-11-03 12:35:58 [pool-3-thread-1] INFO  n.r.client.discord.DiscordService - Discord RPC service is ready with user Victor.
2021-11-03 12:55:48 [RuneLite] INFO  net.runelite.client.RuneLite - RuneLite 1.8.1 (launcher version 2.1.3) starting up, args: none
2021-11-03 12:55:49 [Preloader] INFO  net.runelite.client.rs.ClientLoader - Using cached vanilla client
2021-11-03 12:55:49 [Preloader] WARN  net.runelite.client.rs.ClientLoader - Cached patch hash mismatches, regenerating patch
2021-11-03 12:55:50 [Preloader] INFO  net.runelite.client.rs.ClientLoader - client-patch 1743293556.307
2021-11-03 12:55:51 [RuneLite] INFO  n.r.client.account.SessionManager - No session file exists
2021-11-03 12:55:52 [RuneLite] INFO  n.r.c.plugins.kourendlibrary.Library - Library is now reset
2021-11-03 12:55:52 [RuneLite] INFO  n.r.c.e.ExternalPluginManager - Loading external plugin "skills-tab-progress-bars" version "0.8" commit "edad37606858fb22dcea07ac9bb1f9324d737a80"
2021-11-03 12:55:52 [RuneLite] INFO  n.r.c.e.ExternalPluginManager - Loading external plugin "117hd" version "1.0.7" commit "079053ba31911b76eb931cccc3db7efed1c56d99"
2021-11-03 12:55:52 [RuneLite] INFO  n.r.c.e.ExternalPluginManager - Loading external plugin "spring-garden" version "1.1.0" commit "a107035b8e77cd82ea5a2c007c913531611130ed"
2021-11-03 12:55:52 [RuneLite] INFO  n.r.c.e.ExternalPluginManager - Loading external plugin "picture-in-picture" version "1.4.1" commit "32688a78c119187be8c33c62cf56f990fe9bb688"
2021-11-03 12:55:52 [RuneLite] INFO  n.r.c.e.ExternalPluginManager - Loading external plugin "bank-memory" version "1.1.2" commit "9521135d3c696071c018f48d9709320f389eda89"
2021-11-03 12:55:52 [RuneLite] INFO  n.r.c.e.ExternalPluginManager - Loading external plugin "not-empty" version "1.0" commit "e49ec7cc3927e911337ad48bd530cb52f5365183"
2021-11-03 12:55:52 [RuneLite] INFO  n.r.c.e.ExternalPluginManager - Loading external plugin "c-engineer-completed" version "0.2.1" commit "f7eafb03e65639fddd214d701fdf2cd262189ac1"
2021-11-03 12:55:52 [RuneLite] INFO  n.r.c.e.ExternalPluginManager - Loading external plugin "kitten-tracker" version "10e37f7e" commit "10e37f7ed5f2a171310987c44530878db4b8d011"
2021-11-03 12:55:52 [RuneLite] INFO  n.r.c.e.ExternalPluginManager - Loading external plugin "bats-locator" version "890cefa0" commit "890cefa0a95a734abc15a6b1f0681276c5c78c4d"
2021-11-03 12:55:52 [RuneLite] INFO  n.r.c.e.ExternalPluginManager - Loading external plugin "bank-tag-layouts" version "1.4.7" commit "efad26a27e73da4a80e482980383afb433a85be0"
2021-11-03 12:55:52 [RuneLite] INFO  n.r.c.e.ExternalPluginManager - Loading external plugin "bank-xp-value" version "1.1" commit "076d21a191b5cec70ae9b6a78c42d0f848c337d7"
2021-11-03 12:55:52 [RuneLite] INFO  n.r.c.e.ExternalPluginManager - Loading external plugin "bank-value-tracker" version "757b7b33" commit "757b7b33bdfc27ba24d57fd22a15456f75558d00"
2021-11-03 12:55:52 [RuneLite] INFO  n.r.c.e.ExternalPluginManager - Loading external plugin "ba-minigame" version "1.42" commit "92da92790bd4657bb14e99cde01308bec94a2809"
2021-11-03 12:55:52 [RuneLite] INFO  n.r.c.e.ExternalPluginManager - Loading external plugin "quest-helper" version "2.6.1" commit "68a62a0f64174b4ddfeac810557f1e04ec54423b"
2021-11-03 12:55:52 [RuneLite] INFO  n.r.c.e.ExternalPluginManager - Loading external plugin "tempoross" version "1.2" commit "af72eacca6df48b132232cb4dd5775b225fa2e5e"
2021-11-03 12:55:52 [RuneLite] INFO  n.r.c.e.ExternalPluginManager - Loading external plugin "bank-tab-names" version "1.0.0" commit "524316bc3b36abca7ca0ecbf84636f79f54b376a"
2021-11-03 12:55:53 [RuneLite] INFO  n.r.client.discord.DiscordService - Initializing Discord RPC service.
2021-11-03 12:55:54 [AWT-EventQueue-0] INFO  dekvall.notempty.NotEmptyPlugin - Not Empty started!
2021-11-03 12:55:55 [pool-3-thread-1] INFO  n.r.client.discord.DiscordService - Discord RPC service is ready with user Victor.
2021-11-03 12:55:55 [RuneLite] INFO  net.runelite.client.RuneLite - Client initialization took 7032ms. Uptime: 10611ms
2021-11-03 12:55:55 [AWT-EventQueue-0] INFO  net.runelite.client.ui.ClientUI - Showing frame net.runelite.client.ui.ContainableFrame[frame0,-1920,0,1920x1040,layout=java.awt.BorderLayout,title=RuneLite,resizable,maximized,defaultCloseOperation=DO_NOTHING_ON_CLOSE,rootPane=javax.swing.JRootPane[,0,0,1920x1040,layout=org.pushingpixels.substance.internal.ui.SubstanceRootPaneUI$SubstanceRootLayout,alignmentX=0.0,alignmentY=0.0,border=org.pushingpixels.substance.internal.utils.border.SubstancePaneBorder@5394d917,flags=16777673,maximumSize=,minimumSize=,preferredSize=],rootPaneCheckingEnabled=true]
2021-11-03 12:55:56 [Client] INFO  n.r.client.plugins.gpu.GpuPlugin - Using device: NVIDIA GeForce RTX 2080/PCIe/SSE2
2021-11-03 12:55:56 [Client] INFO  n.r.client.plugins.gpu.GpuPlugin - Using driver: 4.6.0 NVIDIA 496.49
2021-11-03 13:39:05 [Client] ERROR n.r.c.p.t.farming.FarmingTracker - Offset error! Observed new offset of 1, previous observed offset was 32 (2) Player Loc:WorldPoint(x=3597, y=3524, plane=0)
2021-11-03 13:54:08 [Client] ERROR n.r.c.p.t.farming.FarmingTracker - Offset error! Observed new offset of 1, previous observed offset was 32 (2) Player Loc:WorldPoint(x=2662, y=3376, plane=0)
2021-11-03 20:49:33 [RuneLite] INFO  net.runelite.client.RuneLite - RuneLite 1.8.1 (launcher version 2.1.3) starting up, args: none
2021-11-03 20:49:35 [Preloader] INFO  net.runelite.client.rs.ClientLoader - Using cached vanilla client
2021-11-03 20:49:35 [Preloader] INFO  net.runelite.client.rs.ClientLoader - Using cached patched client
2021-11-03 20:49:36 [Preloader] INFO  net.runelite.client.rs.ClientLoader - client-patch 1743293556.307
2021-11-03 20:49:36 [RuneLite] INFO  n.r.client.account.SessionManager - No session file exists
2021-11-03 20:49:38 [RuneLite] INFO  n.r.c.plugins.kourendlibrary.Library - Library is now reset
2021-11-03 20:49:38 [RuneLite] INFO  n.r.c.e.ExternalPluginManager - Loading external plugin "skills-tab-progress-bars" version "0.8" commit "edad37606858fb22dcea07ac9bb1f9324d737a80"
2021-11-03 20:49:39 [RuneLite] INFO  n.r.c.e.ExternalPluginManager - Loading external plugin "117hd" version "1.0.7" commit "079053ba31911b76eb931cccc3db7efed1c56d99"
2021-11-03 20:49:39 [RuneLite] INFO  n.r.c.e.ExternalPluginManager - Loading external plugin "spring-garden" version "1.1.0" commit "a107035b8e77cd82ea5a2c007c913531611130ed"
2021-11-03 20:49:39 [RuneLite] INFO  n.r.c.e.ExternalPluginManager - Loading external plugin "picture-in-picture" version "1.4.1" commit "32688a78c119187be8c33c62cf56f990fe9bb688"
2021-11-03 20:49:39 [RuneLite] INFO  n.r.c.e.ExternalPluginManager - Loading external plugin "bank-memory" version "1.1.2" commit "9521135d3c696071c018f48d9709320f389eda89"
2021-11-03 20:49:39 [RuneLite] INFO  n.r.c.e.ExternalPluginManager - Loading external plugin "not-empty" version "1.0" commit "e49ec7cc3927e911337ad48bd530cb52f5365183"
2021-11-03 20:49:39 [RuneLite] INFO  n.r.c.e.ExternalPluginManager - Loading external plugin "c-engineer-completed" version "0.2.1" commit "f7eafb03e65639fddd214d701fdf2cd262189ac1"
2021-11-03 20:49:39 [RuneLite] INFO  n.r.c.e.ExternalPluginManager - Loading external plugin "kitten-tracker" version "10e37f7e" commit "10e37f7ed5f2a171310987c44530878db4b8d011"
2021-11-03 20:49:39 [RuneLite] INFO  n.r.c.e.ExternalPluginManager - Loading external plugin "bats-locator" version "890cefa0" commit "890cefa0a95a734abc15a6b1f0681276c5c78c4d"
2021-11-03 20:49:39 [RuneLite] INFO  n.r.c.e.ExternalPluginManager - Loading external plugin "bank-tag-layouts" version "1.4.7" commit "efad26a27e73da4a80e482980383afb433a85be0"
2021-11-03 20:49:39 [RuneLite] INFO  n.r.c.e.ExternalPluginManager - Loading external plugin "bank-xp-value" version "1.1" commit "076d21a191b5cec70ae9b6a78c42d0f848c337d7"
2021-11-03 20:49:39 [RuneLite] INFO  n.r.c.e.ExternalPluginManager - Loading external plugin "bank-value-tracker" version "757b7b33" commit "757b7b33bdfc27ba24d57fd22a15456f75558d00"
2021-11-03 20:49:39 [RuneLite] INFO  n.r.c.e.ExternalPluginManager - Loading external plugin "ba-minigame" version "1.42" commit "92da92790bd4657bb14e99cde01308bec94a2809"
2021-11-03 20:49:39 [RuneLite] INFO  n.r.c.e.ExternalPluginManager - Loading external plugin "quest-helper" version "2.6.1" commit "68a62a0f64174b4ddfeac810557f1e04ec54423b"
2021-11-03 20:49:39 [RuneLite] INFO  n.r.c.e.ExternalPluginManager - Loading external plugin "tempoross" version "1.2" commit "af72eacca6df48b132232cb4dd5775b225fa2e5e"
2021-11-03 20:49:39 [RuneLite] INFO  n.r.c.e.ExternalPluginManager - Loading external plugin "bank-tab-names" version "1.0.0" commit "524316bc3b36abca7ca0ecbf84636f79f54b376a"
2021-11-03 20:49:39 [RuneLite] INFO  n.r.client.discord.DiscordService - Initializing Discord RPC service.
2021-11-03 20:49:41 [AWT-EventQueue-0] INFO  dekvall.notempty.NotEmptyPlugin - Not Empty started!
2021-11-03 20:49:41 [pool-3-thread-1] INFO  n.r.client.discord.DiscordService - Discord RPC service is ready with user Victor.
2021-11-03 20:49:42 [RuneLite] INFO  net.runelite.client.RuneLite - Client initialization took 8407ms. Uptime: 11924ms
2021-11-03 20:49:42 [AWT-EventQueue-0] INFO  net.runelite.client.ui.ClientUI - Showing frame net.runelite.client.ui.ContainableFrame[frame0,0,0,1920x1040,layout=java.awt.BorderLayout,title=RuneLite,resizable,maximized,defaultCloseOperation=DO_NOTHING_ON_CLOSE,rootPane=javax.swing.JRootPane[,0,0,1920x1040,layout=org.pushingpixels.substance.internal.ui.SubstanceRootPaneUI$SubstanceRootLayout,alignmentX=0.0,alignmentY=0.0,border=org.pushingpixels.substance.internal.utils.border.SubstancePaneBorder@7334176b,flags=16777673,maximumSize=,minimumSize=,preferredSize=],rootPaneCheckingEnabled=true]
2021-11-03 20:49:43 [Client] INFO  n.r.client.plugins.gpu.GpuPlugin - Using device: NVIDIA GeForce RTX 2080/PCIe/SSE2
2021-11-03 20:49:43 [Client] INFO  n.r.client.plugins.gpu.GpuPlugin - Using driver: 4.6.0 NVIDIA 496.49
2021-11-03 20:52:48 [OkHttp https://api.runelite.net/...] WARN  n.runelite.http.api.xtea.XteaClient - unable to submit xtea keys
java.net.SocketTimeoutException: timeout
	at okhttp3.internal.http2.Http2Stream$StreamTimeout.newTimeoutException(Http2Stream.java:678)
	at okhttp3.internal.http2.Http2Stream$StreamTimeout.exitAndThrowIfTimedOut(Http2Stream.java:686)
	at okhttp3.internal.http2.Http2Stream.takeHeaders(Http2Stream.java:154)
	at okhttp3.internal.http2.Http2ExchangeCodec.readResponseHeaders(Http2ExchangeCodec.java:136)
	at okhttp3.internal.connection.Exchange.readResponseHeaders(Exchange.java:115)
	at okhttp3.internal.http.CallServerInterceptor.intercept(CallServerInterceptor.java:94)
	at okhttp3.internal.http.RealInterceptorChain.proceed(RealInterceptorChain.java:142)
	at okhttp3.internal.http.RealInterceptorChain.proceed(RealInterceptorChain.java:117)
	at net.runelite.client.RuneLite.lambda$setupCache$4(RuneLite.java:393)
	at okhttp3.internal.http.RealInterceptorChain.proceed(RealInterceptorChain.java:142)
	at okhttp3.internal.http.RealInterceptorChain.proceed(RealInterceptorChain.java:117)
	at net.runelite.http.api.RuneLiteAPI$1.intercept(RuneLiteAPI.java:99)
	at okhttp3.internal.http.RealInterceptorChain.proceed(RealInterceptorChain.java:142)
	at okhttp3.internal.connection.ConnectInterceptor.intercept(ConnectInterceptor.java:43)
	at okhttp3.internal.http.RealInterceptorChain.proceed(RealInterceptorChain.java:142)
	at okhttp3.internal.http.RealInterceptorChain.proceed(RealInterceptorChain.java:117)
	at okhttp3.internal.cache.CacheInterceptor.intercept(CacheInterceptor.java:94)
	at okhttp3.internal.http.RealInterceptorChain.proceed(RealInterceptorChain.java:142)
	at okhttp3.internal.http.RealInterceptorChain.proceed(RealInterceptorChain.java:117)
	at okhttp3.internal.http.BridgeInterceptor.intercept(BridgeInterceptor.java:93)
	at okhttp3.internal.http.RealInterceptorChain.proceed(RealInterceptorChain.java:142)
	at okhttp3.internal.http.RetryAndFollowUpInterceptor.intercept(RetryAndFollowUpInterceptor.java:88)
	at okhttp3.internal.http.RealInterceptorChain.proceed(RealInterceptorChain.java:142)
	at okhttp3.internal.http.RealInterceptorChain.proceed(RealInterceptorChain.java:117)
	at okhttp3.RealCall.getResponseWithInterceptorChain(RealCall.java:229)
	at okhttp3.RealCall$AsyncCall.execute(RealCall.java:172)
	at okhttp3.internal.NamedRunnable.run(NamedRunnable.java:32)
	at java.base/java.util.concurrent.ThreadPoolExecutor.runWorker(Unknown Source)
	at java.base/java.util.concurrent.ThreadPoolExecutor$Worker.run(Unknown Source)
	at java.base/java.lang.Thread.run(Unknown Source)
2021-11-03 22:27:50 [pool-5-thread-1] WARN  n.r.c.plugins.worldhopper.ping.Ping - error resolving host for world ping
java.net.UnknownHostException: No such host is known (oldschool274.runescape.com)
	at java.base/java.net.Inet6AddressImpl.lookupAllHostAddr(Native Method)
	at java.base/java.net.InetAddress$PlatformNameService.lookupAllHostAddr(Unknown Source)
	at java.base/java.net.InetAddress.getAddressesFromNameService(Unknown Source)
	at java.base/java.net.InetAddress$NameServiceAddresses.get(Unknown Source)
	at java.base/java.net.InetAddress.getAllByName0(Unknown Source)
	at java.base/java.net.InetAddress.getAllByName(Unknown Source)
	at java.base/java.net.InetAddress.getAllByName(Unknown Source)
	at java.base/java.net.InetAddress.getByName(Unknown Source)
	at net.runelite.client.plugins.worldhopper.ping.Ping.ping(Ping.java:56)
	at net.runelite.client.plugins.worldhopper.WorldHopperPlugin.ping(WorldHopperPlugin.java:878)
	at net.runelite.client.plugins.worldhopper.WorldHopperPlugin.pingNextWorld(WorldHopperPlugin.java:836)
	at java.base/java.util.concurrent.Executors$RunnableAdapter.call(Unknown Source)
	at java.base/java.util.concurrent.FutureTask.runAndReset(Unknown Source)
	at java.base/java.util.concurrent.ScheduledThreadPoolExecutor$ScheduledFutureTask.run(Unknown Source)
	at java.base/java.util.concurrent.ThreadPoolExecutor.runWorker(Unknown Source)
	at java.base/java.util.concurrent.ThreadPoolExecutor$Worker.run(Unknown Source)
	at java.base/java.lang.Thread.run(Unknown Source)
2021-11-03 22:27:53 [pool-5-thread-1] WARN  n.r.c.plugins.worldhopper.ping.Ping - error resolving host for world ping
java.net.UnknownHostException: No such host is known (oldschool275.runescape.com)
	at java.base/java.net.Inet6AddressImpl.lookupAllHostAddr(Native Method)
	at java.base/java.net.InetAddress$PlatformNameService.lookupAllHostAddr(Unknown Source)
	at java.base/java.net.InetAddress.getAddressesFromNameService(Unknown Source)
	at java.base/java.net.InetAddress$NameServiceAddresses.get(Unknown Source)
	at java.base/java.net.InetAddress.getAllByName0(Unknown Source)
	at java.base/java.net.InetAddress.getAllByName(Unknown Source)
	at java.base/java.net.InetAddress.getAllByName(Unknown Source)
	at java.base/java.net.InetAddress.getByName(Unknown Source)
	at net.runelite.client.plugins.worldhopper.ping.Ping.ping(Ping.java:56)
	at net.runelite.client.plugins.worldhopper.WorldHopperPlugin.ping(WorldHopperPlugin.java:878)
	at net.runelite.client.plugins.worldhopper.WorldHopperPlugin.pingNextWorld(WorldHopperPlugin.java:836)
	at java.base/java.util.concurrent.Executors$RunnableAdapter.call(Unknown Source)
	at java.base/java.util.concurrent.FutureTask.runAndReset(Unknown Source)
	at java.base/java.util.concurrent.ScheduledThreadPoolExecutor$ScheduledFutureTask.run(Unknown Source)
	at java.base/java.util.concurrent.ThreadPoolExecutor.runWorker(Unknown Source)
	at java.base/java.util.concurrent.ThreadPoolExecutor$Worker.run(Unknown Source)
	at java.base/java.lang.Thread.run(Unknown Source)
2021-11-03 22:27:56 [pool-5-thread-1] WARN  n.r.c.plugins.worldhopper.ping.Ping - error resolving host for world ping
java.net.UnknownHostException: No such host is known (oldschool276.runescape.com)
	at java.base/java.net.Inet6AddressImpl.lookupAllHostAddr(Native Method)
	at java.base/java.net.InetAddress$PlatformNameService.lookupAllHostAddr(Unknown Source)
	at java.base/java.net.InetAddress.getAddressesFromNameService(Unknown Source)
	at java.base/java.net.InetAddress$NameServiceAddresses.get(Unknown Source)
	at java.base/java.net.InetAddress.getAllByName0(Unknown Source)
	at java.base/java.net.InetAddress.getAllByName(Unknown Source)
	at java.base/java.net.InetAddress.getAllByName(Unknown Source)
	at java.base/java.net.InetAddress.getByName(Unknown Source)
	at net.runelite.client.plugins.worldhopper.ping.Ping.ping(Ping.java:56)
	at net.runelite.client.plugins.worldhopper.WorldHopperPlugin.ping(WorldHopperPlugin.java:878)
	at net.runelite.client.plugins.worldhopper.WorldHopperPlugin.pingNextWorld(WorldHopperPlugin.java:836)
	at java.base/java.util.concurrent.Executors$RunnableAdapter.call(Unknown Source)
	at java.base/java.util.concurrent.FutureTask.runAndReset(Unknown Source)
	at java.base/java.util.concurrent.ScheduledThreadPoolExecutor$ScheduledFutureTask.run(Unknown Source)
	at java.base/java.util.concurrent.ThreadPoolExecutor.runWorker(Unknown Source)
	at java.base/java.util.concurrent.ThreadPoolExecutor$Worker.run(Unknown Source)
	at java.base/java.lang.Thread.run(Unknown Source)
2021-11-03 22:27:59 [pool-5-thread-1] WARN  n.r.c.plugins.worldhopper.ping.Ping - error resolving host for world ping
java.net.UnknownHostException: No such host is known (oldschool277.runescape.com)
	at java.base/java.net.Inet6AddressImpl.lookupAllHostAddr(Native Method)
	at java.base/java.net.InetAddress$PlatformNameService.lookupAllHostAddr(Unknown Source)
	at java.base/java.net.InetAddress.getAddressesFromNameService(Unknown Source)
	at java.base/java.net.InetAddress$NameServiceAddresses.get(Unknown Source)
	at java.base/java.net.InetAddress.getAllByName0(Unknown Source)
	at java.base/java.net.InetAddress.getAllByName(Unknown Source)
	at java.base/java.net.InetAddress.getAllByName(Unknown Source)
	at java.base/java.net.InetAddress.getByName(Unknown Source)
	at net.runelite.client.plugins.worldhopper.ping.Ping.ping(Ping.java:56)
	at net.runelite.client.plugins.worldhopper.WorldHopperPlugin.ping(WorldHopperPlugin.java:878)
	at net.runelite.client.plugins.worldhopper.WorldHopperPlugin.pingNextWorld(WorldHopperPlugin.java:836)
	at java.base/java.util.concurrent.Executors$RunnableAdapter.call(Unknown Source)
	at java.base/java.util.concurrent.FutureTask.runAndReset(Unknown Source)
	at java.base/java.util.concurrent.ScheduledThreadPoolExecutor$ScheduledFutureTask.run(Unknown Source)
	at java.base/java.util.concurrent.ThreadPoolExecutor.runWorker(Unknown Source)
	at java.base/java.util.concurrent.ThreadPoolExecutor$Worker.run(Unknown Source)
	at java.base/java.lang.Thread.run(Unknown Source)
2021-11-03 22:28:02 [pool-5-thread-1] WARN  n.r.c.plugins.worldhopper.ping.Ping - error resolving host for world ping
java.net.UnknownHostException: No such host is known (oldschool-gim-event.runescape.com)
	at java.base/java.net.Inet6AddressImpl.lookupAllHostAddr(Native Method)
	at java.base/java.net.InetAddress$PlatformNameService.lookupAllHostAddr(Unknown Source)
	at java.base/java.net.InetAddress.getAddressesFromNameService(Unknown Source)
	at java.base/java.net.InetAddress$NameServiceAddresses.get(Unknown Source)
	at java.base/java.net.InetAddress.getAllByName0(Unknown Source)
	at java.base/java.net.InetAddress.getAllByName(Unknown Source)
	at java.base/java.net.InetAddress.getAllByName(Unknown Source)
	at java.base/java.net.InetAddress.getByName(Unknown Source)
	at net.runelite.client.plugins.worldhopper.ping.Ping.ping(Ping.java:56)
	at net.runelite.client.plugins.worldhopper.WorldHopperPlugin.ping(WorldHopperPlugin.java:878)
	at net.runelite.client.plugins.worldhopper.WorldHopperPlugin.pingNextWorld(WorldHopperPlugin.java:836)
	at java.base/java.util.concurrent.Executors$RunnableAdapter.call(Unknown Source)
	at java.base/java.util.concurrent.FutureTask.runAndReset(Unknown Source)
	at java.base/java.util.concurrent.ScheduledThreadPoolExecutor$ScheduledFutureTask.run(Unknown Source)
	at java.base/java.util.concurrent.ThreadPoolExecutor.runWorker(Unknown Source)
	at java.base/java.util.concurrent.ThreadPoolExecutor$Worker.run(Unknown Source)
	at java.base/java.lang.Thread.run(Unknown Source)
2021-11-03 22:28:05 [pool-5-thread-1] WARN  n.r.c.plugins.worldhopper.ping.Ping - error resolving host for world ping
java.net.UnknownHostException: No such host is known (oldschool1.runescape.com)
	at java.base/java.net.Inet6AddressImpl.lookupAllHostAddr(Native Method)
	at java.base/java.net.InetAddress$PlatformNameService.lookupAllHostAddr(Unknown Source)
	at java.base/java.net.InetAddress.getAddressesFromNameService(Unknown Source)
	at java.base/java.net.InetAddress$NameServiceAddresses.get(Unknown Source)
	at java.base/java.net.InetAddress.getAllByName0(Unknown Source)
	at java.base/java.net.InetAddress.getAllByName(Unknown Source)
	at java.base/java.net.InetAddress.getAllByName(Unknown Source)
	at java.base/java.net.InetAddress.getByName(Unknown Source)
	at net.runelite.client.plugins.worldhopper.ping.Ping.ping(Ping.java:56)
	at net.runelite.client.plugins.worldhopper.WorldHopperPlugin.ping(WorldHopperPlugin.java:878)
	at net.runelite.client.plugins.worldhopper.WorldHopperPlugin.pingNextWorld(WorldHopperPlugin.java:836)
	at java.base/java.util.concurrent.Executors$RunnableAdapter.call(Unknown Source)
	at java.base/java.util.concurrent.FutureTask.runAndReset(Unknown Source)
	at java.base/java.util.concurrent.ScheduledThreadPoolExecutor$ScheduledFutureTask.run(Unknown Source)
	at java.base/java.util.concurrent.ThreadPoolExecutor.runWorker(Unknown Source)
	at java.base/java.util.concurrent.ThreadPoolExecutor$Worker.run(Unknown Source)
	at java.base/java.lang.Thread.run(Unknown Source)
2021-11-03 22:28:08 [OkHttp https://templeosrs.com/...] WARN  n.r.c.p.xpupdater.XpUpdaterPlugin - Error submitting TempleOSRS update, caused by No such host is known (templeosrs.com).
2021-11-03 22:28:08 [OkHttp https://api.runelite.net/...] WARN  net.runelite.http.api.xp.XpClient - Error submitting xp track
java.net.UnknownHostException: No such host is known (api.runelite.net)
	at java.base/java.net.Inet6AddressImpl.lookupAllHostAddr(Native Method)
	at java.base/java.net.InetAddress$PlatformNameService.lookupAllHostAddr(Unknown Source)
	at java.base/java.net.InetAddress.getAddressesFromNameService(Unknown Source)
	at java.base/java.net.InetAddress$NameServiceAddresses.get(Unknown Source)
	at java.base/java.net.InetAddress.getAllByName0(Unknown Source)
	at java.base/java.net.InetAddress.getAllByName(Unknown Source)
	at java.base/java.net.InetAddress.getAllByName(Unknown Source)
	at okhttp3.Dns.lambda$static$0(Dns.java:39)
	at okhttp3.internal.connection.RouteSelector.resetNextInetSocketAddress(RouteSelector.java:171)
	at okhttp3.internal.connection.RouteSelector.nextProxy(RouteSelector.java:135)
	at okhttp3.internal.connection.RouteSelector.next(RouteSelector.java:84)
	at okhttp3.internal.connection.ExchangeFinder.findConnection(ExchangeFinder.java:187)
	at okhttp3.internal.connection.ExchangeFinder.findHealthyConnection(ExchangeFinder.java:108)
	at okhttp3.internal.connection.ExchangeFinder.find(ExchangeFinder.java:88)
	at okhttp3.internal.connection.Transmitter.newExchange(Transmitter.java:169)
	at okhttp3.internal.connection.ConnectInterceptor.intercept(ConnectInterceptor.java:41)
	at okhttp3.internal.http.RealInterceptorChain.proceed(RealInterceptorChain.java:142)
	at okhttp3.internal.http.RealInterceptorChain.proceed(RealInterceptorChain.java:117)
	at okhttp3.internal.cache.CacheInterceptor.intercept(CacheInterceptor.java:94)
	at okhttp3.internal.http.RealInterceptorChain.proceed(RealInterceptorChain.java:142)
	at okhttp3.internal.http.RealInterceptorChain.proceed(RealInterceptorChain.java:117)
	at okhttp3.internal.http.BridgeInterceptor.intercept(BridgeInterceptor.java:93)
	at okhttp3.internal.http.RealInterceptorChain.proceed(RealInterceptorChain.java:142)
	at okhttp3.internal.http.RetryAndFollowUpInterceptor.intercept(RetryAndFollowUpInterceptor.java:88)
	at okhttp3.internal.http.RealInterceptorChain.proceed(RealInterceptorChain.java:142)
	at okhttp3.internal.http.RealInterceptorChain.proceed(RealInterceptorChain.java:117)
	at okhttp3.RealCall.getResponseWithInterceptorChain(RealCall.java:229)
	at okhttp3.RealCall$AsyncCall.execute(RealCall.java:172)
	at okhttp3.internal.NamedRunnable.run(NamedRunnable.java:32)
	at java.base/java.util.concurrent.ThreadPoolExecutor.runWorker(Unknown Source)
	at java.base/java.util.concurrent.ThreadPoolExecutor$Worker.run(Unknown Source)
	at java.base/java.lang.Thread.run(Unknown Source)
2021-11-03 22:28:08 [OkHttp https://wiseoldman.net/...] WARN  n.r.c.p.xpupdater.XpUpdaterPlugin - Error submitting Wise Old Man update, caused by No such host is known (wiseoldman.net).
2021-11-03 22:28:08 [OkHttp https://crystalmathlabs.com/...] WARN  n.r.c.p.xpupdater.XpUpdaterPlugin - Error submitting CrystalMathLabs update, caused by No such host is known (crystalmathlabs.com).
2021-11-03 22:28:08 [pool-5-thread-1] WARN  n.r.c.plugins.worldhopper.ping.Ping - error resolving host for world ping
java.net.UnknownHostException: No such host is known (oldschool2a.runescape.com)
	at java.base/java.net.Inet6AddressImpl.lookupAllHostAddr(Native Method)
	at java.base/java.net.InetAddress$PlatformNameService.lookupAllHostAddr(Unknown Source)
	at java.base/java.net.InetAddress.getAddressesFromNameService(Unknown Source)
	at java.base/java.net.InetAddress$NameServiceAddresses.get(Unknown Source)
	at java.base/java.net.InetAddress.getAllByName0(Unknown Source)
	at java.base/java.net.InetAddress.getAllByName(Unknown Source)
	at java.base/java.net.InetAddress.getAllByName(Unknown Source)
	at java.base/java.net.InetAddress.getByName(Unknown Source)
	at net.runelite.client.plugins.worldhopper.ping.Ping.ping(Ping.java:56)
	at net.runelite.client.plugins.worldhopper.WorldHopperPlugin.ping(WorldHopperPlugin.java:878)
	at net.runelite.client.plugins.worldhopper.WorldHopperPlugin.pingNextWorld(WorldHopperPlugin.java:836)
	at java.base/java.util.concurrent.Executors$RunnableAdapter.call(Unknown Source)
	at java.base/java.util.concurrent.FutureTask.runAndReset(Unknown Source)
	at java.base/java.util.concurrent.ScheduledThreadPoolExecutor$ScheduledFutureTask.run(Unknown Source)
	at java.base/java.util.concurrent.ThreadPoolExecutor.runWorker(Unknown Source)
	at java.base/java.util.concurrent.ThreadPoolExecutor$Worker.run(Unknown Source)
	at java.base/java.lang.Thread.run(Unknown Source)
2021-11-03 22:28:11 [pool-5-thread-1] WARN  n.r.c.plugins.worldhopper.ping.Ping - error resolving host for world ping
java.net.UnknownHostException: No such host is known (oldschool3.runescape.com)
	at java.base/java.net.Inet6AddressImpl.lookupAllHostAddr(Native Method)
	at java.base/java.net.InetAddress$PlatformNameService.lookupAllHostAddr(Unknown Source)
	at java.base/java.net.InetAddress.getAddressesFromNameService(Unknown Source)
	at java.base/java.net.InetAddress$NameServiceAddresses.get(Unknown Source)
	at java.base/java.net.InetAddress.getAllByName0(Unknown Source)
	at java.base/java.net.InetAddress.getAllByName(Unknown Source)
	at java.base/java.net.InetAddress.getAllByName(Unknown Source)
	at java.base/java.net.InetAddress.getByName(Unknown Source)
	at net.runelite.client.plugins.worldhopper.ping.Ping.ping(Ping.java:56)
	at net.runelite.client.plugins.worldhopper.WorldHopperPlugin.ping(WorldHopperPlugin.java:878)
	at net.runelite.client.plugins.worldhopper.WorldHopperPlugin.pingNextWorld(WorldHopperPlugin.java:836)
	at java.base/java.util.concurrent.Executors$RunnableAdapter.call(Unknown Source)
	at java.base/java.util.concurrent.FutureTask.runAndReset(Unknown Source)
	at java.base/java.util.concurrent.ScheduledThreadPoolExecutor$ScheduledFutureTask.run(Unknown Source)
	at java.base/java.util.concurrent.ThreadPoolExecutor.runWorker(Unknown Source)
	at java.base/java.util.concurrent.ThreadPoolExecutor$Worker.run(Unknown Source)
	at java.base/java.lang.Thread.run(Unknown Source)
2021-11-03 22:28:14 [pool-5-thread-1] WARN  n.r.c.plugins.worldhopper.ping.Ping - error resolving host for world ping
java.net.UnknownHostException: No such host is known (oldschool4.runescape.com)
	at java.base/java.net.Inet6AddressImpl.lookupAllHostAddr(Native Method)
	at java.base/java.net.InetAddress$PlatformNameService.lookupAllHostAddr(Unknown Source)
	at java.base/java.net.InetAddress.getAddressesFromNameService(Unknown Source)
	at java.base/java.net.InetAddress$NameServiceAddresses.get(Unknown Source)
	at java.base/java.net.InetAddress.getAllByName0(Unknown Source)
	at java.base/java.net.InetAddress.getAllByName(Unknown Source)
	at java.base/java.net.InetAddress.getAllByName(Unknown Source)
	at java.base/java.net.InetAddress.getByName(Unknown Source)
	at net.runelite.client.plugins.worldhopper.ping.Ping.ping(Ping.java:56)
	at net.runelite.client.plugins.worldhopper.WorldHopperPlugin.ping(WorldHopperPlugin.java:878)
	at net.runelite.client.plugins.worldhopper.WorldHopperPlugin.pingNextWorld(WorldHopperPlugin.java:836)
	at java.base/java.util.concurrent.Executors$RunnableAdapter.call(Unknown Source)
	at java.base/java.util.concurrent.FutureTask.runAndReset(Unknown Source)
	at java.base/java.util.concurrent.ScheduledThreadPoolExecutor$ScheduledFutureTask.run(Unknown Source)
	at java.base/java.util.concurrent.ThreadPoolExecutor.runWorker(Unknown Source)
	at java.base/java.util.concurrent.ThreadPoolExecutor$Worker.run(Unknown Source)
	at java.base/java.lang.Thread.run(Unknown Source)
2021-11-03 22:28:17 [pool-5-thread-1] WARN  n.r.c.plugins.worldhopper.ping.Ping - error resolving host for world ping
java.net.UnknownHostException: No such host is known (oldschool5.runescape.com)
	at java.base/java.net.Inet6AddressImpl.lookupAllHostAddr(Native Method)
	at java.base/java.net.InetAddress$PlatformNameService.lookupAllHostAddr(Unknown Source)
	at java.base/java.net.InetAddress.getAddressesFromNameService(Unknown Source)
	at java.base/java.net.InetAddress$NameServiceAddresses.get(Unknown Source)
	at java.base/java.net.InetAddress.getAllByName0(Unknown Source)
	at java.base/java.net.InetAddress.getAllByName(Unknown Source)
	at java.base/java.net.InetAddress.getAllByName(Unknown Source)
	at java.base/java.net.InetAddress.getByName(Unknown Source)
	at net.runelite.client.plugins.worldhopper.ping.Ping.ping(Ping.java:56)
	at net.runelite.client.plugins.worldhopper.WorldHopperPlugin.ping(WorldHopperPlugin.java:878)
	at net.runelite.client.plugins.worldhopper.WorldHopperPlugin.pingNextWorld(WorldHopperPlugin.java:836)
	at java.base/java.util.concurrent.Executors$RunnableAdapter.call(Unknown Source)
	at java.base/java.util.concurrent.FutureTask.runAndReset(Unknown Source)
	at java.base/java.util.concurrent.ScheduledThreadPoolExecutor$ScheduledFutureTask.run(Unknown Source)
	at java.base/java.util.concurrent.ThreadPoolExecutor.runWorker(Unknown Source)
	at java.base/java.util.concurrent.ThreadPoolExecutor$Worker.run(Unknown Source)
	at java.base/java.lang.Thread.run(Unknown Source)
2021-11-03 22:28:20 [pool-5-thread-1] WARN  n.r.c.plugins.worldhopper.ping.Ping - error resolving host for world ping
java.net.UnknownHostException: No such host is known (oldschool6b.runescape.com)
	at java.base/java.net.Inet6AddressImpl.lookupAllHostAddr(Native Method)
	at java.base/java.net.InetAddress$PlatformNameService.lookupAllHostAddr(Unknown Source)
	at java.base/java.net.InetAddress.getAddressesFromNameService(Unknown Source)
	at java.base/java.net.InetAddress$NameServiceAddresses.get(Unknown Source)
	at java.base/java.net.InetAddress.getAllByName0(Unknown Source)
	at java.base/java.net.InetAddress.getAllByName(Unknown Source)
	at java.base/java.net.InetAddress.getAllByName(Unknown Source)
	at java.base/java.net.InetAddress.getByName(Unknown Source)
	at net.runelite.client.plugins.worldhopper.ping.Ping.ping(Ping.java:56)
	at net.runelite.client.plugins.worldhopper.WorldHopperPlugin.ping(WorldHopperPlugin.java:878)
	at net.runelite.client.plugins.worldhopper.WorldHopperPlugin.pingNextWorld(WorldHopperPlugin.java:836)
	at java.base/java.util.concurrent.Executors$RunnableAdapter.call(Unknown Source)
	at java.base/java.util.concurrent.FutureTask.runAndReset(Unknown Source)
	at java.base/java.util.concurrent.ScheduledThreadPoolExecutor$ScheduledFutureTask.run(Unknown Source)
	at java.base/java.util.concurrent.ThreadPoolExecutor.runWorker(Unknown Source)
	at java.base/java.util.concurrent.ThreadPoolExecutor$Worker.run(Unknown Source)
	at java.base/java.lang.Thread.run(Unknown Source)
2021-11-03 22:28:23 [pool-5-thread-1] WARN  n.r.c.plugins.worldhopper.ping.Ping - error resolving host for world ping
java.net.UnknownHostException: No such host is known (oldschool7.runescape.com)
	at java.base/java.net.Inet6AddressImpl.lookupAllHostAddr(Native Method)
	at java.base/java.net.InetAddress$PlatformNameService.lookupAllHostAddr(Unknown Source)
	at java.base/java.net.InetAddress.getAddressesFromNameService(Unknown Source)
	at java.base/java.net.InetAddress$NameServiceAddresses.get(Unknown Source)
	at java.base/java.net.InetAddress.getAllByName0(Unknown Source)
	at java.base/java.net.InetAddress.getAllByName(Unknown Source)
	at java.base/java.net.InetAddress.getAllByName(Unknown Source)
	at java.base/java.net.InetAddress.getByName(Unknown Source)
	at net.runelite.client.plugins.worldhopper.ping.Ping.ping(Ping.java:56)
	at net.runelite.client.plugins.worldhopper.WorldHopperPlugin.ping(WorldHopperPlugin.java:878)
	at net.runelite.client.plugins.worldhopper.WorldHopperPlugin.pingNextWorld(WorldHopperPlugin.java:836)
	at java.base/java.util.concurrent.Executors$RunnableAdapter.call(Unknown Source)
	at java.base/java.util.concurrent.FutureTask.runAndReset(Unknown Source)
	at java.base/java.util.concurrent.ScheduledThreadPoolExecutor$ScheduledFutureTask.run(Unknown Source)
	at java.base/java.util.concurrent.ThreadPoolExecutor.runWorker(Unknown Source)
	at java.base/java.util.concurrent.ThreadPoolExecutor$Worker.run(Unknown Source)
	at java.base/java.lang.Thread.run(Unknown Source)
2021-11-03 22:28:26 [pool-5-thread-1] WARN  n.r.c.plugins.worldhopper.ping.Ping - error resolving host for world ping
java.net.UnknownHostException: No such host is known (oldschool8a.runescape.com)
	at java.base/java.net.Inet6AddressImpl.lookupAllHostAddr(Native Method)
	at java.base/java.net.InetAddress$PlatformNameService.lookupAllHostAddr(Unknown Source)
	at java.base/java.net.InetAddress.getAddressesFromNameService(Unknown Source)
	at java.base/java.net.InetAddress$NameServiceAddresses.get(Unknown Source)
	at java.base/java.net.InetAddress.getAllByName0(Unknown Source)
	at java.base/java.net.InetAddress.getAllByName(Unknown Source)
	at java.base/java.net.InetAddress.getAllByName(Unknown Source)
	at java.base/java.net.InetAddress.getByName(Unknown Source)
	at net.runelite.client.plugins.worldhopper.ping.Ping.ping(Ping.java:56)
	at net.runelite.client.plugins.worldhopper.WorldHopperPlugin.ping(WorldHopperPlugin.java:878)
	at net.runelite.client.plugins.worldhopper.WorldHopperPlugin.pingNextWorld(WorldHopperPlugin.java:836)
	at java.base/java.util.concurrent.Executors$RunnableAdapter.call(Unknown Source)
	at java.base/java.util.concurrent.FutureTask.runAndReset(Unknown Source)
	at java.base/java.util.concurrent.ScheduledThreadPoolExecutor$ScheduledFutureTask.run(Unknown Source)
	at java.base/java.util.concurrent.ThreadPoolExecutor.runWorker(Unknown Source)
	at java.base/java.util.concurrent.ThreadPoolExecutor$Worker.run(Unknown Source)
	at java.base/java.lang.Thread.run(Unknown Source)
2021-11-03 22:29:53 [pool-3-thread-1] WARN  n.r.client.plugins.feed.FeedPlugin - null
javax.net.ssl.SSLHandshakeException: PKIX path building failed: sun.security.provider.certpath.SunCertPathBuilderException: unable to find valid certification path to requested target
	at java.base/sun.security.ssl.Alert.createSSLException(Unknown Source)
	at java.base/sun.security.ssl.TransportContext.fatal(Unknown Source)
	at java.base/sun.security.ssl.TransportContext.fatal(Unknown Source)
	at java.base/sun.security.ssl.TransportContext.fatal(Unknown Source)
	at java.base/sun.security.ssl.CertificateMessage$T12CertificateConsumer.checkServerCerts(Unknown Source)
	at java.base/sun.security.ssl.CertificateMessage$T12CertificateConsumer.onCertificate(Unknown Source)
	at java.base/sun.security.ssl.CertificateMessage$T12CertificateConsumer.consume(Unknown Source)
	at java.base/sun.security.ssl.SSLHandshake.consume(Unknown Source)
	at java.base/sun.security.ssl.HandshakeContext.dispatch(Unknown Source)
	at java.base/sun.security.ssl.HandshakeContext.dispatch(Unknown Source)
	at java.base/sun.security.ssl.TransportContext.dispatch(Unknown Source)
	at java.base/sun.security.ssl.SSLTransport.decode(Unknown Source)
	at java.base/sun.security.ssl.SSLSocketImpl.decode(Unknown Source)
	at java.base/sun.security.ssl.SSLSocketImpl.readHandshakeRecord(Unknown Source)
	at java.base/sun.security.ssl.SSLSocketImpl.startHandshake(Unknown Source)
	at okhttp3.internal.connection.RealConnection.connectTls(RealConnection.java:336)
	at okhttp3.internal.connection.RealConnection.establishProtocol(RealConnection.java:300)
	at okhttp3.internal.connection.RealConnection.connect(RealConnection.java:185)
	at okhttp3.internal.connection.ExchangeFinder.findConnection(ExchangeFinder.java:224)
	at okhttp3.internal.connection.ExchangeFinder.findHealthyConnection(ExchangeFinder.java:108)
	at okhttp3.internal.connection.ExchangeFinder.find(ExchangeFinder.java:88)
	at okhttp3.internal.connection.Transmitter.newExchange(Transmitter.java:169)
	at okhttp3.internal.connection.ConnectInterceptor.intercept(ConnectInterceptor.java:41)
	at okhttp3.internal.http.RealInterceptorChain.proceed(RealInterceptorChain.java:142)
	at okhttp3.internal.http.RealInterceptorChain.proceed(RealInterceptorChain.java:117)
	at okhttp3.internal.cache.CacheInterceptor.intercept(CacheInterceptor.java:94)
	at okhttp3.internal.http.RealInterceptorChain.proceed(RealInterceptorChain.java:142)
	at okhttp3.internal.http.RealInterceptorChain.proceed(RealInterceptorChain.java:117)
	at okhttp3.internal.http.BridgeInterceptor.intercept(BridgeInterceptor.java:93)
	at okhttp3.internal.http.RealInterceptorChain.proceed(RealInterceptorChain.java:142)
	at okhttp3.internal.http.RetryAndFollowUpInterceptor.intercept(RetryAndFollowUpInterceptor.java:88)
	at okhttp3.internal.http.RealInterceptorChain.proceed(RealInterceptorChain.java:142)
	at okhttp3.internal.http.RealInterceptorChain.proceed(RealInterceptorChain.java:117)
	at okhttp3.RealCall.getResponseWithInterceptorChain(RealCall.java:229)
	at okhttp3.RealCall.execute(RealCall.java:81)
	at net.runelite.http.api.feed.FeedClient.lookupFeed(FeedClient.java:58)
	at net.runelite.client.plugins.feed.FeedPlugin.lambda$new$0(FeedPlugin.java:77)
	at com.google.common.base.Suppliers$ExpiringMemoizingSupplier.get(Suppliers.java:235)
	at net.runelite.client.plugins.feed.FeedPanel.rebuildFeed(FeedPanel.java:127)
	at net.runelite.client.plugins.feed.FeedPlugin.updateFeed(FeedPlugin.java:121)
	at net.runelite.client.plugins.feed.FeedPlugin.updateFeedTask(FeedPlugin.java:140)
	at net.runelite.client.task.Scheduler.run(Scheduler.java:101)
	at net.runelite.client.task.Scheduler.lambda$tick$0(Scheduler.java:84)
	at net.runelite.client.util.RunnableExceptionLogger.run(RunnableExceptionLogger.java:41)
	at java.base/java.util.concurrent.Executors$RunnableAdapter.call(Unknown Source)
	at java.base/java.util.concurrent.FutureTask.run(Unknown Source)
	at java.base/java.util.concurrent.ScheduledThreadPoolExecutor$ScheduledFutureTask.run(Unknown Source)
	at java.base/java.util.concurrent.ThreadPoolExecutor.runWorker(Unknown Source)
	at java.base/java.util.concurrent.ThreadPoolExecutor$Worker.run(Unknown Source)
	at java.base/java.lang.Thread.run(Unknown Source)
Caused by: sun.security.validator.ValidatorException: PKIX path building failed: sun.security.provider.certpath.SunCertPathBuilderException: unable to find valid certification path to requested target
	at java.base/sun.security.validator.PKIXValidator.doBuild(Unknown Source)
	at java.base/sun.security.validator.PKIXValidator.engineValidate(Unknown Source)
	at java.base/sun.security.validator.Validator.validate(Unknown Source)
	at java.base/sun.security.ssl.X509TrustManagerImpl.validate(Unknown Source)
	at java.base/sun.security.ssl.X509TrustManagerImpl.checkTrusted(Unknown Source)
	at java.base/sun.security.ssl.X509TrustManagerImpl.checkServerTrusted(Unknown Source)
	... 46 common frames omitted
Caused by: sun.security.provider.certpath.SunCertPathBuilderException: unable to find valid certification path to requested target
	at java.base/sun.security.provider.certpath.SunCertPathBuilder.build(Unknown Source)
	at java.base/sun.security.provider.certpath.SunCertPathBuilder.engineBuild(Unknown Source)
	at java.base/java.security.cert.CertPathBuilder.build(Unknown Source)
	... 52 common frames omitted
2021-11-03 22:53:44 [RuneLite] INFO  net.runelite.client.RuneLite - RuneLite 1.8.1 (launcher version 2.1.3) starting up, args: none
2021-11-03 22:53:45 [Preloader] INFO  net.runelite.client.rs.ClientLoader - Using cached vanilla client
2021-11-03 22:53:45 [Preloader] INFO  net.runelite.client.rs.ClientLoader - Using cached patched client
2021-11-03 22:53:46 [Preloader] INFO  net.runelite.client.rs.ClientLoader - client-patch 1743293556.307
2021-11-03 22:53:46 [RuneLite] INFO  n.r.client.account.SessionManager - No session file exists
2021-11-03 22:53:48 [RuneLite] INFO  n.r.c.plugins.kourendlibrary.Library - Library is now reset
2021-11-03 22:53:48 [RuneLite] INFO  n.r.c.e.ExternalPluginManager - Loading external plugin "skills-tab-progress-bars" version "0.8" commit "edad37606858fb22dcea07ac9bb1f9324d737a80"
2021-11-03 22:53:48 [RuneLite] INFO  n.r.c.e.ExternalPluginManager - Loading external plugin "117hd" version "1.0.7" commit "079053ba31911b76eb931cccc3db7efed1c56d99"
2021-11-03 22:53:48 [RuneLite] INFO  n.r.c.e.ExternalPluginManager - Loading external plugin "spring-garden" version "1.1.0" commit "a107035b8e77cd82ea5a2c007c913531611130ed"
2021-11-03 22:53:48 [RuneLite] INFO  n.r.c.e.ExternalPluginManager - Loading external plugin "picture-in-picture" version "1.4.1" commit "32688a78c119187be8c33c62cf56f990fe9bb688"
2021-11-03 22:53:48 [RuneLite] INFO  n.r.c.e.ExternalPluginManager - Loading external plugin "bank-memory" version "1.1.2" commit "9521135d3c696071c018f48d9709320f389eda89"
2021-11-03 22:53:48 [RuneLite] INFO  n.r.c.e.ExternalPluginManager - Loading external plugin "not-empty" version "1.0" commit "e49ec7cc3927e911337ad48bd530cb52f5365183"
2021-11-03 22:53:48 [RuneLite] INFO  n.r.c.e.ExternalPluginManager - Loading external plugin "c-engineer-completed" version "0.2.1" commit "f7eafb03e65639fddd214d701fdf2cd262189ac1"
2021-11-03 22:53:48 [RuneLite] INFO  n.r.c.e.ExternalPluginManager - Loading external plugin "kitten-tracker" version "10e37f7e" commit "10e37f7ed5f2a171310987c44530878db4b8d011"
2021-11-03 22:53:48 [RuneLite] INFO  n.r.c.e.ExternalPluginManager - Loading external plugin "bats-locator" version "890cefa0" commit "890cefa0a95a734abc15a6b1f0681276c5c78c4d"
2021-11-03 22:53:48 [RuneLite] INFO  n.r.c.e.ExternalPluginManager - Loading external plugin "bank-tag-layouts" version "1.4.7" commit "efad26a27e73da4a80e482980383afb433a85be0"
2021-11-03 22:53:48 [RuneLite] INFO  n.r.c.e.ExternalPluginManager - Loading external plugin "bank-xp-value" version "1.1" commit "076d21a191b5cec70ae9b6a78c42d0f848c337d7"
2021-11-03 22:53:48 [RuneLite] INFO  n.r.c.e.ExternalPluginManager - Loading external plugin "bank-value-tracker" version "757b7b33" commit "757b7b33bdfc27ba24d57fd22a15456f75558d00"
2021-11-03 22:53:48 [RuneLite] INFO  n.r.c.e.ExternalPluginManager - Loading external plugin "ba-minigame" version "1.42" commit "92da92790bd4657bb14e99cde01308bec94a2809"
2021-11-03 22:53:48 [RuneLite] INFO  n.r.c.e.ExternalPluginManager - Loading external plugin "quest-helper" version "2.6.1" commit "68a62a0f64174b4ddfeac810557f1e04ec54423b"
2021-11-03 22:53:48 [RuneLite] INFO  n.r.c.e.ExternalPluginManager - Loading external plugin "tempoross" version "1.2" commit "af72eacca6df48b132232cb4dd5775b225fa2e5e"
2021-11-03 22:53:48 [RuneLite] INFO  n.r.c.e.ExternalPluginManager - Loading external plugin "bank-tab-names" version "1.0.0" commit "524316bc3b36abca7ca0ecbf84636f79f54b376a"
2021-11-03 22:53:49 [RuneLite] INFO  n.r.client.discord.DiscordService - Initializing Discord RPC service.
2021-11-03 22:53:51 [AWT-EventQueue-0] INFO  dekvall.notempty.NotEmptyPlugin - Not Empty started!
2021-11-03 22:53:51 [pool-3-thread-1] INFO  n.r.client.discord.DiscordService - Discord RPC service is ready with user Victor.
2021-11-03 22:53:52 [RuneLite] INFO  net.runelite.client.RuneLite - Client initialization took 8189ms. Uptime: 11411ms
2021-11-03 22:53:52 [AWT-EventQueue-0] INFO  net.runelite.client.ui.ClientUI - Showing frame net.runelite.client.ui.ContainableFrame[frame0,0,0,1920x1040,layout=java.awt.BorderLayout,title=RuneLite,resizable,maximized,defaultCloseOperation=DO_NOTHING_ON_CLOSE,rootPane=javax.swing.JRootPane[,0,0,1920x1040,layout=org.pushingpixels.substance.internal.ui.SubstanceRootPaneUI$SubstanceRootLayout,alignmentX=0.0,alignmentY=0.0,border=org.pushingpixels.substance.internal.utils.border.SubstancePaneBorder@49a1f7e4,flags=16777673,maximumSize=,minimumSize=,preferredSize=],rootPaneCheckingEnabled=true]
2021-11-03 22:53:53 [Client] INFO  n.r.client.plugins.gpu.GpuPlugin - Using device: NVIDIA GeForce RTX 2080/PCIe/SSE2
2021-11-03 22:53:53 [Client] INFO  n.r.client.plugins.gpu.GpuPlugin - Using driver: 4.6.0 NVIDIA 496.49
2021-11-03 22:54:10 [OkHttp https://api.runelite.net/...] INFO  net.runelite.client.ws.WSClient - Websocket okhttp3.internal.ws.RealWebSocket@73a3b9dd opened
2021-11-03 22:54:23 [pool-3-thread-1] INFO  n.r.c.e.ExternalPluginManager - Stopping external plugin "class com.majesty373.springgarden.SpringGardenPlugin"
2021-11-03 22:54:23 [pool-3-thread-1] INFO  n.r.c.e.ExternalPluginManager - Stopping external plugin "class com.bankmemory.BankMemoryPlugin"
2021-11-03 22:54:23 [pool-3-thread-1] INFO  n.r.c.e.ExternalPluginManager - Stopping external plugin "class com.kittentracker.KittenPlugin"
2021-11-03 22:54:23 [pool-3-thread-1] INFO  n.r.c.e.ExternalPluginManager - Stopping external plugin "class com.banktaglayouts.BankTagLayoutsPlugin"
2021-11-03 22:54:23 [pool-3-thread-1] INFO  n.r.c.e.ExternalPluginManager - Stopping external plugin "class com.bankxpvalue.BankXpValuePlugin"
2021-11-03 22:54:23 [pool-3-thread-1] INFO  n.r.c.e.ExternalPluginManager - Loading external plugin "chatbox-opacity" version "dbee9ba4" commit "dbee9ba4e138cae2467354fc169d9c34dcac3162"
2021-11-03 22:54:23 [pool-3-thread-1] INFO  n.r.c.e.ExternalPluginManager - Loading external plugin "menu-swapper-extended" version "1.8" commit "c4c71b4e24b9e6de9c894eba44a1709203e3b661"
2021-11-03 22:54:23 [pool-3-thread-1] INFO  n.r.c.e.ExternalPluginManager - Loading external plugin "zalcano" version "e7fde457" commit "e7fde4576c9dbeb76efe5796f656dfe66f3d6fcb"
2021-11-03 22:54:23 [AWT-EventQueue-0] INFO  com.zalcano.ZalcanoPlugin - Zalcano plugin started
2021-11-03 22:54:23 [pool-3-thread-1] INFO  n.r.c.e.ExternalPluginManager - Loading external plugin "stealing-artefacts" version "1.1" commit "d4ccb8955208137981bf636121ba1c87ab453108"
2021-11-03 22:54:23 [pool-3-thread-1] INFO  n.r.c.e.ExternalPluginManager - Loading external plugin "profiles-panel" version "1.1.4" commit "c2dd59dcdf324df01c54aeba4cce4577c645f642"
2021-11-03 22:54:23 [pool-3-thread-1] INFO  n.r.c.e.ExternalPluginManager - Loading external plugin "crab-solver" version "1.2" commit "a81701ff28b1c0f0790bd0bd9a927c140d3a3e97"
2021-11-03 22:54:23 [pool-3-thread-1] INFO  n.r.c.e.ExternalPluginManager - Loading external plugin "banked-experience" version "2.0.9" commit "288bc92bc61e623a7466c31702bdda2488843489"
2021-11-03 22:54:23 [pool-3-thread-1] INFO  n.r.c.e.ExternalPluginManager - Loading external plugin "watson-clue-tracker" version "1.0.4" commit "7c098357d4cc593e77df77f5377ad77af676f1ee"
2021-11-03 22:54:23 [pool-3-thread-1] INFO  n.r.c.e.ExternalPluginManager - Loading external plugin "equipment-inspector" version "1.2" commit "c0018d299bb4a3dd4ef971a72bfdc776a42f0ff8"
2021-11-03 22:54:23 [pool-3-thread-1] INFO  n.r.c.e.ExternalPluginManager - Loading external plugin "cox-additions" version "40d2ba90" commit "40d2ba90edd8ad23a578c40e8e6ecaaa5eb226fd"
2021-11-03 22:54:23 [pool-3-thread-1] INFO  n.r.c.e.ExternalPluginManager - Loading external plugin "gauntlet" version "1.0.0" commit "e928b24970bd234aad16c3ec3d9005735b852c08"
2021-11-03 22:54:23 [pool-3-thread-1] INFO  n.r.c.e.ExternalPluginManager - Loading external plugin "inventory-setups" version "v1.12.2" commit "5e6c6686ff2e62880c3225904a274351cbb05983"
2021-11-03 22:54:23 [pool-3-thread-1] INFO  n.r.c.e.ExternalPluginManager - Loading external plugin "the-gauntlet" version "4e13d3eb" commit "4e13d3ebdf7da91f96c3a47856b2ac19de1e48c8"
2021-11-03 22:54:23 [pool-3-thread-1] INFO  n.r.c.e.ExternalPluginManager - Loading external plugin "slash-swapper" version "0870d527" commit "0870d527aa88e8c75ec110127d533b21f0e6b83a"
2021-11-03 22:54:23 [pool-3-thread-1] INFO  n.r.c.e.ExternalPluginManager - Loading external plugin "pet-info" version "4.0" commit "dce286070830a322969f2024856c5e65fca9c89a"
2021-11-03 22:54:23 [pool-3-thread-1] INFO  n.r.c.e.ExternalPluginManager - Loading external plugin "wom-utils" version "1.3.2" commit "d90ffe1067b582a32bc75a4fc944bc6a9202e00b"
2021-11-03 22:54:23 [AWT-EventQueue-0] INFO  dev.dkvl.womutils.WomUtilsPlugin - Wise Old Man started!
2021-11-03 22:54:24 [pool-3-thread-1] INFO  n.r.c.e.ExternalPluginManager - Loading external plugin "zulrah-helper" version "1.2.1" commit "a10c7242ee25809705985883ad297e89962b9b85"
2021-11-03 22:54:24 [pool-3-thread-1] INFO  n.r.c.e.ExternalPluginManager - Loading external plugin "chompy-hunter" version "1.2" commit "dd55d418a7412bfb169fb74e7a27fc872a3dbe01"
2021-11-03 22:54:24 [pool-3-thread-1] INFO  n.r.c.e.ExternalPluginManager - Loading external plugin "gnome-restaurant" version "1.3" commit "558256e0763eb13f4a032810b6c4ee5227880e26"
2021-11-03 22:54:24 [pool-3-thread-1] INFO  n.r.c.e.ExternalPluginManager - Loading external plugin "supplies-tracker" version "2.01" commit "79432ec85d1aafa0d1f8f66451a6c1c6f6f7303e"
2021-11-03 22:54:24 [pool-3-thread-1] INFO  n.r.c.e.ExternalPluginManager - Loading external plugin "resource-packs" version "1.4.4" commit "febc83db0fbb19172d9fa4a5d740e490cd8cd428"
2021-11-03 22:54:24 [pool-3-thread-1] INFO  n.r.c.e.ExternalPluginManager - Loading external plugin "transmog" version "1.2.1" commit "ba64c8ad20fe00f663ef69dfb6f9213efe441cf8"
2021-11-03 22:54:24 [pool-3-thread-1] INFO  n.r.c.e.ExternalPluginManager - Loading external plugin "ping-grapher" version "1.3.1" commit "8b4eb39187d0f59e585d06b4abb7ac4c464da2d2"
2021-11-03 22:54:24 [pool-3-thread-1] INFO  n.r.c.e.ExternalPluginManager - Loading external plugin "cox-light-colors" version "1.3.2" commit "6a45d1c702f56bfb9ce146efc4160312fae5d963"
2021-11-03 22:54:24 [pool-3-thread-1] INFO  n.r.c.e.ExternalPluginManager - Loading external plugin "damage-counter" version "1.6" commit "393187db8d2554ff47e7022b05f379bc31c38663"
2021-11-03 22:54:24 [pool-3-thread-1] INFO  n.r.c.e.ExternalPluginManager - Loading external plugin "raid-reloader" version "415a4b71" commit "415a4b71a6f94f9f10345f5c825ab1109bc7cb07"
2021-11-03 22:54:24 [pool-3-thread-1] INFO  n.r.c.e.ExternalPluginManager - Loading external plugin "elysiumevents-plugin" version "857ab9e3" commit "857ab9e310e22a83a00d5de55024c94166c1834f"
2021-11-03 22:54:24 [pool-3-thread-1] INFO  n.r.c.e.ExternalPluginManager - Loading external plugin "fight-cave-waves" version "1.2" commit "51790d94159cbb85893de04d90efc5c0c20d819a"
2021-11-03 22:54:24 [pool-3-thread-1] INFO  n.r.c.e.ExternalPluginManager - Loading external plugin "loot-table" version "1.0.1" commit "1f17b17c7e0b6a6843b27e4305029a0d2ebb2260"
2021-11-03 22:54:24 [pool-3-thread-1] INFO  n.r.c.e.ExternalPluginManager - Loading external plugin "optimal-quest-guide" version "cbafa444" commit "cbafa4440bc08f6f93727730cd27fe5f15083d87"
2021-11-03 22:54:24 [pool-3-thread-1] INFO  n.r.c.e.ExternalPluginManager - Loading external plugin "improved-tears-of-guthix-interface" version "1.1" commit "adaae7dbe3ff3710e47eba12a32dfe1d71dd14c9"
2021-11-03 22:54:24 [pool-3-thread-1] INFO  n.r.c.e.ExternalPluginManager - Loading external plugin "crab-stun-timers" version "b0e7ad22" commit "b0e7ad22a6018fed3cdcd105d6a1873a242e75e3"
