2021-09-14 00:34:28 [pool-6-thread-1] WARN  n.r.c.plugins.worldhopper.ping.Ping - error resolving host for world ping
java.net.UnknownHostException: The requested name is valid, but no data of the requested type was found (oldschool7.runescape.com)
	at java.base/java.net.Inet6AddressImpl.lookupAllHostAddr(Native Method)
	at java.base/java.net.InetAddress$PlatformNameService.lookupAllHostAddr(Unknown Source)
	at java.base/java.net.InetAddress.getAddressesFromNameService(Unknown Source)
	at java.base/java.net.InetAddress$NameServiceAddresses.get(Unknown Source)
	at java.base/java.net.InetAddress.getAllByName0(Unknown Source)
	at java.base/java.net.InetAddress.getAllByName(Unknown Source)
	at java.base/java.net.InetAddress.getAllByName(Unknown Source)
	at java.base/java.net.InetAddress.getByName(Unknown Source)
	at net.runelite.client.plugins.worldhopper.ping.Ping.ping(Ping.java:56)
	at net.runelite.client.plugins.worldhopper.WorldHopperPlugin.ping(WorldHopperPlugin.java:878)
	at net.runelite.client.plugins.worldhopper.WorldHopperPlugin.pingNextWorld(WorldHopperPlugin.java:836)
	at java.base/java.util.concurrent.Executors$RunnableAdapter.call(Unknown Source)
	at java.base/java.util.concurrent.FutureTask.runAndReset(Unknown Source)
	at java.base/java.util.concurrent.ScheduledThreadPoolExecutor$ScheduledFutureTask.run(Unknown Source)
	at java.base/java.util.concurrent.ThreadPoolExecutor.runWorker(Unknown Source)
	at java.base/java.util.concurrent.ThreadPoolExecutor$Worker.run(Unknown Source)
	at java.base/java.lang.Thread.run(Unknown Source)
2021-09-14 00:34:37 [OkHttp https://crystalmathlabs.com/...] WARN  n.r.c.p.xpupdater.XpUpdaterPlugin - Error submitting CrystalMathLabs update, caused by No such host is known (crystalmathlabs.com).
2021-09-14 00:34:37 [OkHttp https://api.runelite.net/...] WARN  n.r.http.api.config.ConfigClient - Unable to synchronize configuration item
java.net.UnknownHostException: api.runelite.net
	at java.base/java.net.InetAddress$CachedAddresses.get(Unknown Source)
	at java.base/java.net.InetAddress$NameServiceAddresses.get(Unknown Source)
	at java.base/java.net.InetAddress.getAllByName0(Unknown Source)
	at java.base/java.net.InetAddress.getAllByName(Unknown Source)
	at java.base/java.net.InetAddress.getAllByName(Unknown Source)
	at okhttp3.Dns$1.lookup(Dns.java:39)
	at okhttp3.internal.connection.RouteSelector.resetNextInetSocketAddress(RouteSelector.java:170)
	at okhttp3.internal.connection.RouteSelector.nextProxy(RouteSelector.java:136)
	at okhttp3.internal.connection.RouteSelector.next(RouteSelector.java:81)
	at okhttp3.internal.connection.StreamAllocation.findConnection(StreamAllocation.java:171)
	at okhttp3.internal.connection.StreamAllocation.findHealthyConnection(StreamAllocation.java:121)
	at okhttp3.internal.connection.StreamAllocation.newStream(StreamAllocation.java:100)
	at okhttp3.internal.connection.ConnectInterceptor.intercept(ConnectInterceptor.java:42)
	at okhttp3.internal.http.RealInterceptorChain.proceed(RealInterceptorChain.java:92)
	at okhttp3.internal.http.RealInterceptorChain.proceed(RealInterceptorChain.java:67)
	at okhttp3.internal.cache.CacheInterceptor.intercept(CacheInterceptor.java:93)
	at okhttp3.internal.http.RealInterceptorChain.proceed(RealInterceptorChain.java:92)
	at okhttp3.internal.http.RealInterceptorChain.proceed(RealInterceptorChain.java:67)
	at okhttp3.internal.http.BridgeInterceptor.intercept(BridgeInterceptor.java:93)
	at okhttp3.internal.http.RealInterceptorChain.proceed(RealInterceptorChain.java:92)
	at okhttp3.internal.http.RetryAndFollowUpInterceptor.intercept(RetryAndFollowUpInterceptor.java:120)
	at okhttp3.internal.http.RealInterceptorChain.proceed(RealInterceptorChain.java:92)
	at okhttp3.internal.http.RealInterceptorChain.proceed(RealInterceptorChain.java:67)
	at okhttp3.RealCall.getResponseWithInterceptorChain(RealCall.java:185)
	at okhttp3.RealCall$AsyncCall.execute(RealCall.java:135)
	at okhttp3.internal.NamedRunnable.run(NamedRunnable.java:32)
	at java.base/java.util.concurrent.ThreadPoolExecutor.runWorker(Unknown Source)
	at java.base/java.util.concurrent.ThreadPoolExecutor$Worker.run(Unknown Source)
	at java.base/java.lang.Thread.run(Unknown Source)
2021-09-14 00:34:37 [OkHttp https://wiseoldman.net/...] WARN  n.r.c.p.xpupdater.XpUpdaterPlugin - Error submitting Wise Old Man update, caused by No such host is known (wiseoldman.net).
2021-09-14 00:34:37 [OkHttp https://templeosrs.com/...] WARN  n.r.c.p.xpupdater.XpUpdaterPlugin - Error submitting TempleOSRS update, caused by No such host is known (templeosrs.com).
2021-09-14 00:34:37 [OkHttp https://api.runelite.net/...] WARN  net.runelite.http.api.xp.XpClient - Error submitting xp track
java.net.UnknownHostException: No such host is known (api.runelite.net)
	at java.base/java.net.Inet6AddressImpl.lookupAllHostAddr(Native Method)
	at java.base/java.net.InetAddress$PlatformNameService.lookupAllHostAddr(Unknown Source)
	at java.base/java.net.InetAddress.getAddressesFromNameService(Unknown Source)
	at java.base/java.net.InetAddress$NameServiceAddresses.get(Unknown Source)
	at java.base/java.net.InetAddress.getAllByName0(Unknown Source)
	at java.base/java.net.InetAddress.getAllByName(Unknown Source)
	at java.base/java.net.InetAddress.getAllByName(Unknown Source)
	at okhttp3.Dns$1.lookup(Dns.java:39)
	at okhttp3.internal.connection.RouteSelector.resetNextInetSocketAddress(RouteSelector.java:170)
	at okhttp3.internal.connection.RouteSelector.nextProxy(RouteSelector.java:136)
	at okhttp3.internal.connection.RouteSelector.next(RouteSelector.java:81)
	at okhttp3.internal.connection.StreamAllocation.findConnection(StreamAllocation.java:171)
	at okhttp3.internal.connection.StreamAllocation.findHealthyConnection(StreamAllocation.java:121)
	at okhttp3.internal.connection.StreamAllocation.newStream(StreamAllocation.java:100)
	at okhttp3.internal.connection.ConnectInterceptor.intercept(ConnectInterceptor.java:42)
	at okhttp3.internal.http.RealInterceptorChain.proceed(RealInterceptorChain.java:92)
	at okhttp3.internal.http.RealInterceptorChain.proceed(RealInterceptorChain.java:67)
	at okhttp3.internal.cache.CacheInterceptor.intercept(CacheInterceptor.java:93)
	at okhttp3.internal.http.RealInterceptorChain.proceed(RealInterceptorChain.java:92)
	at okhttp3.internal.http.RealInterceptorChain.proceed(RealInterceptorChain.java:67)
	at okhttp3.internal.http.BridgeInterceptor.intercept(BridgeInterceptor.java:93)
	at okhttp3.internal.http.RealInterceptorChain.proceed(RealInterceptorChain.java:92)
	at okhttp3.internal.http.RetryAndFollowUpInterceptor.intercept(RetryAndFollowUpInterceptor.java:120)
	at okhttp3.internal.http.RealInterceptorChain.proceed(RealInterceptorChain.java:92)
	at okhttp3.internal.http.RealInterceptorChain.proceed(RealInterceptorChain.java:67)
	at okhttp3.RealCall.getResponseWithInterceptorChain(RealCall.java:185)
	at okhttp3.RealCall$AsyncCall.execute(RealCall.java:135)
	at okhttp3.internal.NamedRunnable.run(NamedRunnable.java:32)
	at java.base/java.util.concurrent.ThreadPoolExecutor.runWorker(Unknown Source)
	at java.base/java.util.concurrent.ThreadPoolExecutor$Worker.run(Unknown Source)
	at java.base/java.lang.Thread.run(Unknown Source)
2021-09-14 00:35:23 [pool-6-thread-1] WARN  n.r.c.plugins.worldhopper.ping.Ping - error resolving host for world ping
java.net.UnknownHostException: No such host is known (oldschool20a.runescape.com)
	at java.base/java.net.Inet6AddressImpl.lookupAllHostAddr(Native Method)
	at java.base/java.net.InetAddress$PlatformNameService.lookupAllHostAddr(Unknown Source)
	at java.base/java.net.InetAddress.getAddressesFromNameService(Unknown Source)
	at java.base/java.net.InetAddress$NameServiceAddresses.get(Unknown Source)
	at java.base/java.net.InetAddress.getAllByName0(Unknown Source)
	at java.base/java.net.InetAddress.getAllByName(Unknown Source)
	at java.base/java.net.InetAddress.getAllByName(Unknown Source)
	at java.base/java.net.InetAddress.getByName(Unknown Source)
	at net.runelite.client.plugins.worldhopper.ping.Ping.ping(Ping.java:56)
	at net.runelite.client.plugins.worldhopper.WorldHopperPlugin.ping(WorldHopperPlugin.java:878)
	at net.runelite.client.plugins.worldhopper.WorldHopperPlugin.pingNextWorld(WorldHopperPlugin.java:836)
	at java.base/java.util.concurrent.Executors$RunnableAdapter.call(Unknown Source)
	at java.base/java.util.concurrent.FutureTask.runAndReset(Unknown Source)
	at java.base/java.util.concurrent.ScheduledThreadPoolExecutor$ScheduledFutureTask.run(Unknown Source)
	at java.base/java.util.concurrent.ThreadPoolExecutor.runWorker(Unknown Source)
	at java.base/java.util.concurrent.ThreadPoolExecutor$Worker.run(Unknown Source)
	at java.base/java.lang.Thread.run(Unknown Source)
2021-09-14 00:35:51 [pool-6-thread-1] WARN  n.r.c.plugins.worldhopper.ping.Ping - error resolving host for world ping
java.net.UnknownHostException: No such host is known (oldschool25a.runescape.com)
	at java.base/java.net.Inet6AddressImpl.lookupAllHostAddr(Native Method)
	at java.base/java.net.InetAddress$PlatformNameService.lookupAllHostAddr(Unknown Source)
	at java.base/java.net.InetAddress.getAddressesFromNameService(Unknown Source)
	at java.base/java.net.InetAddress$NameServiceAddresses.get(Unknown Source)
	at java.base/java.net.InetAddress.getAllByName0(Unknown Source)
	at java.base/java.net.InetAddress.getAllByName(Unknown Source)
	at java.base/java.net.InetAddress.getAllByName(Unknown Source)
	at java.base/java.net.InetAddress.getByName(Unknown Source)
	at net.runelite.client.plugins.worldhopper.ping.Ping.ping(Ping.java:56)
	at net.runelite.client.plugins.worldhopper.WorldHopperPlugin.ping(WorldHopperPlugin.java:878)
	at net.runelite.client.plugins.worldhopper.WorldHopperPlugin.pingNextWorld(WorldHopperPlugin.java:836)
	at java.base/java.util.concurrent.Executors$RunnableAdapter.call(Unknown Source)
	at java.base/java.util.concurrent.FutureTask.runAndReset(Unknown Source)
	at java.base/java.util.concurrent.ScheduledThreadPoolExecutor$ScheduledFutureTask.run(Unknown Source)
	at java.base/java.util.concurrent.ThreadPoolExecutor.runWorker(Unknown Source)
	at java.base/java.util.concurrent.ThreadPoolExecutor$Worker.run(Unknown Source)
	at java.base/java.lang.Thread.run(Unknown Source)
2021-09-14 00:36:46 [pool-6-thread-1] WARN  n.r.c.plugins.worldhopper.ping.Ping - error resolving host for world ping
java.net.UnknownHostException: No such host is known (oldschool38a.runescape.com)
	at java.base/java.net.Inet6AddressImpl.lookupAllHostAddr(Native Method)
	at java.base/java.net.InetAddress$PlatformNameService.lookupAllHostAddr(Unknown Source)
	at java.base/java.net.InetAddress.getAddressesFromNameService(Unknown Source)
	at java.base/java.net.InetAddress$NameServiceAddresses.get(Unknown Source)
	at java.base/java.net.InetAddress.getAllByName0(Unknown Source)
	at java.base/java.net.InetAddress.getAllByName(Unknown Source)
	at java.base/java.net.InetAddress.getAllByName(Unknown Source)
	at java.base/java.net.InetAddress.getByName(Unknown Source)
	at net.runelite.client.plugins.worldhopper.ping.Ping.ping(Ping.java:56)
	at net.runelite.client.plugins.worldhopper.WorldHopperPlugin.ping(WorldHopperPlugin.java:878)
	at net.runelite.client.plugins.worldhopper.WorldHopperPlugin.pingNextWorld(WorldHopperPlugin.java:836)
	at java.base/java.util.concurrent.Executors$RunnableAdapter.call(Unknown Source)
	at java.base/java.util.concurrent.FutureTask.runAndReset(Unknown Source)
	at java.base/java.util.concurrent.ScheduledThreadPoolExecutor$ScheduledFutureTask.run(Unknown Source)
	at java.base/java.util.concurrent.ThreadPoolExecutor.runWorker(Unknown Source)
	at java.base/java.util.concurrent.ThreadPoolExecutor$Worker.run(Unknown Source)
	at java.base/java.lang.Thread.run(Unknown Source)
2021-09-14 00:41:02 [pool-3-thread-1] INFO  n.r.client.discord.DiscordService - Discord RPC service is ready with user Victor.
2021-09-14 01:06:01 [OkHttp https://api.runelite.net/...] WARN  n.r.http.api.config.ConfigClient - failed to synchronize some of 2 configuration values: <html>
<head><title>502 Bad Gateway</title></head>
<body>
<center><h1>502 Bad Gateway</h1></center>
<hr><center>nginx/1.16.1</center>
</body>
</html>

2021-09-14 10:43:51 [RuneLite] INFO  net.runelite.client.RuneLite - RuneLite 1.7.24 (launcher version 2.1.3) starting up, args: none
2021-09-14 10:43:55 [Preloader] INFO  net.runelite.client.rs.ClientLoader - Using cached vanilla client
2021-09-14 10:43:55 [Preloader] INFO  net.runelite.client.rs.ClientLoader - Using cached patched client
2021-09-14 10:43:55 [Preloader] INFO  net.runelite.client.rs.ClientLoader - client-patch 1583155852.255
2021-09-14 10:43:56 [RuneLite] INFO  n.r.c.plugins.kourendlibrary.Library - Library is now reset
2021-09-14 10:43:58 [RuneLite] INFO  n.r.c.e.ExternalPluginManager - Loading external plugin "skills-tab-progress-bars" version "0.8" commit "edad37606858fb22dcea07ac9bb1f9324d737a80"
2021-09-14 10:43:58 [RuneLite] INFO  n.r.c.e.ExternalPluginManager - Loading external plugin "chatbox-opacity" version "dbee9ba4" commit "dbee9ba4e138cae2467354fc169d9c34dcac3162"
2021-09-14 10:43:58 [RuneLite] INFO  n.r.c.e.ExternalPluginManager - Loading external plugin "banked-experience" version "2.0.7" commit "098f0cedaf34973dc2baf2d74958eac2d60f2118"
2021-09-14 10:43:58 [RuneLite] INFO  n.r.c.e.ExternalPluginManager - Loading external plugin "zalcano" version "e7fde457" commit "e7fde4576c9dbeb76efe5796f656dfe66f3d6fcb"
2021-09-14 10:43:58 [RuneLite] INFO  n.r.c.e.ExternalPluginManager - Loading external plugin "stealing-artefacts" version "1.1" commit "d4ccb8955208137981bf636121ba1c87ab453108"
2021-09-14 10:43:58 [RuneLite] INFO  n.r.c.e.ExternalPluginManager - Loading external plugin "not-empty" version "1.0" commit "e49ec7cc3927e911337ad48bd530cb52f5365183"
2021-09-14 10:43:58 [RuneLite] INFO  n.r.c.e.ExternalPluginManager - Loading external plugin "profiles-panel" version "1.1.4" commit "c2dd59dcdf324df01c54aeba4cce4577c645f642"
2021-09-14 10:43:58 [RuneLite] INFO  n.r.c.e.ExternalPluginManager - Loading external plugin "picture-in-picture" version "1.3" commit "f5fc2717a13c85e3964154ead0e14f23f199e455"
2021-09-14 10:43:58 [RuneLite] INFO  n.r.c.e.ExternalPluginManager - Loading external plugin "crab-solver" version "1.2" commit "a81701ff28b1c0f0790bd0bd9a927c140d3a3e97"
2021-09-14 10:43:58 [RuneLite] INFO  n.r.c.e.ExternalPluginManager - Loading external plugin "watson-clue-tracker" version "1.0.4" commit "7c098357d4cc593e77df77f5377ad77af676f1ee"
2021-09-14 10:43:58 [RuneLite] INFO  n.r.c.e.ExternalPluginManager - Loading external plugin "quest-helper" version "2.5.1" commit "c8359864f798c9557a2ecc83e589438b9d7a7414"
2021-09-14 10:43:58 [RuneLite] INFO  n.r.c.e.ExternalPluginManager - Loading external plugin "equipment-inspector" version "1.2" commit "c0018d299bb4a3dd4ef971a72bfdc776a42f0ff8"
2021-09-14 10:43:58 [RuneLite] INFO  n.r.c.e.ExternalPluginManager - Loading external plugin "cox-additions" version "40d2ba90" commit "40d2ba90edd8ad23a578c40e8e6ecaaa5eb226fd"
2021-09-14 10:43:58 [RuneLite] INFO  n.r.c.e.ExternalPluginManager - Loading external plugin "gauntlet" version "1.0.0" commit "e928b24970bd234aad16c3ec3d9005735b852c08"
2021-09-14 10:43:58 [RuneLite] INFO  n.r.c.e.ExternalPluginManager - Loading external plugin "the-gauntlet" version "4e13d3eb" commit "4e13d3ebdf7da91f96c3a47856b2ac19de1e48c8"
2021-09-14 10:43:58 [RuneLite] INFO  n.r.c.e.ExternalPluginManager - Loading external plugin "slash-swapper" version "0870d527" commit "0870d527aa88e8c75ec110127d533b21f0e6b83a"
2021-09-14 10:43:58 [RuneLite] INFO  n.r.c.e.ExternalPluginManager - Loading external plugin "pet-info" version "4.0" commit "dce286070830a322969f2024856c5e65fca9c89a"
2021-09-14 10:43:58 [RuneLite] INFO  n.r.c.e.ExternalPluginManager - Loading external plugin "bank-tab-names" version "1.0.0" commit "524316bc3b36abca7ca0ecbf84636f79f54b376a"
2021-09-14 10:43:58 [RuneLite] INFO  n.r.c.e.ExternalPluginManager - Loading external plugin "zulrah-helper" version "1.2.1" commit "a10c7242ee25809705985883ad297e89962b9b85"
2021-09-14 10:43:58 [RuneLite] INFO  n.r.c.e.ExternalPluginManager - Loading external plugin "inventory-setups" version "v1.11" commit "1057b3453d51b02d5f48e37bd702ce4da6ed0eaf"
2021-09-14 10:43:58 [RuneLite] INFO  n.r.c.e.ExternalPluginManager - Loading external plugin "chompy-hunter" version "1.2" commit "dd55d418a7412bfb169fb74e7a27fc872a3dbe01"
2021-09-14 10:43:58 [RuneLite] INFO  n.r.c.e.ExternalPluginManager - Loading external plugin "tempoross" version "1.1" commit "d25d396318e7646171deceabaaae66b9e4059ba3"
2021-09-14 10:43:58 [RuneLite] INFO  n.r.c.e.ExternalPluginManager - Loading external plugin "supplies-tracker" version "2.01" commit "79432ec85d1aafa0d1f8f66451a6c1c6f6f7303e"
2021-09-14 10:43:58 [RuneLite] INFO  n.r.c.e.ExternalPluginManager - Loading external plugin "resource-packs" version "1.4.3" commit "c97b20634e7976d35cfd2d73a8ca6cf8866b55dd"
2021-09-14 10:43:58 [RuneLite] INFO  n.r.c.e.ExternalPluginManager - Loading external plugin "117hd" version "1.0.2" commit "3cc7b618e1a7841bffcdfb0f1c674f11f2c72887"
2021-09-14 10:43:58 [RuneLite] INFO  n.r.c.e.ExternalPluginManager - Loading external plugin "transmog" version "1.2.1" commit "ba64c8ad20fe00f663ef69dfb6f9213efe441cf8"
2021-09-14 10:43:58 [RuneLite] INFO  n.r.c.e.ExternalPluginManager - Loading external plugin "bats-locator" version "890cefa0" commit "890cefa0a95a734abc15a6b1f0681276c5c78c4d"
2021-09-14 10:43:58 [RuneLite] INFO  n.r.c.e.ExternalPluginManager - Loading external plugin "cox-light-colors" version "1.3.2" commit "6a45d1c702f56bfb9ce146efc4160312fae5d963"
2021-09-14 10:43:58 [RuneLite] INFO  n.r.c.e.ExternalPluginManager - Loading external plugin "damage-counter" version "1.6" commit "393187db8d2554ff47e7022b05f379bc31c38663"
2021-09-14 10:43:58 [RuneLite] INFO  n.r.c.e.ExternalPluginManager - Loading external plugin "raid-reloader" version "415a4b71" commit "415a4b71a6f94f9f10345f5c825ab1109bc7cb07"
2021-09-14 10:43:58 [RuneLite] INFO  n.r.c.e.ExternalPluginManager - Loading external plugin "menu-swapper-extended" version "1.8" commit "3d39d5bedf4d8c423c4532b8cd611e70b7e98257"
2021-09-14 10:43:58 [RuneLite] INFO  n.r.c.e.ExternalPluginManager - Loading external plugin "optimal-quest-guide" version "e4d86684" commit "e4d86684a8168a742c89cd2fe79def2b1d33b086"
2021-09-14 10:43:58 [RuneLite] INFO  n.r.c.e.ExternalPluginManager - Loading external plugin "bank-value-tracker" version "757b7b33" commit "757b7b33bdfc27ba24d57fd22a15456f75558d00"
2021-09-14 10:43:58 [RuneLite] INFO  n.r.c.e.ExternalPluginManager - Loading external plugin "elysiumevents-plugin" version "857ab9e3" commit "857ab9e310e22a83a00d5de55024c94166c1834f"
2021-09-14 10:43:58 [RuneLite] INFO  n.r.c.e.ExternalPluginManager - Loading external plugin "fight-cave-waves" version "1.2" commit "51790d94159cbb85893de04d90efc5c0c20d819a"
2021-09-14 10:43:58 [RuneLite] INFO  n.r.c.e.ExternalPluginManager - Loading external plugin "loot-table" version "1.0.1" commit "1f17b17c7e0b6a6843b27e4305029a0d2ebb2260"
2021-09-14 10:43:58 [RuneLite] INFO  n.r.c.e.ExternalPluginManager - Loading external plugin "ba-minigame" version "1.42" commit "92da92790bd4657bb14e99cde01308bec94a2809"
2021-09-14 10:43:58 [RuneLite] INFO  n.r.c.e.ExternalPluginManager - Loading external plugin "improved-tears-of-guthix-interface" version "1.1" commit "adaae7dbe3ff3710e47eba12a32dfe1d71dd14c9"
2021-09-14 10:43:58 [RuneLite] INFO  n.r.c.e.ExternalPluginManager - Loading external plugin "crab-stun-timers" version "b0e7ad22" commit "b0e7ad22a6018fed3cdcd105d6a1873a242e75e3"
2021-09-14 10:43:59 [RuneLite] INFO  n.r.client.discord.DiscordService - Initializing Discord RPC service.
2021-09-14 10:44:00 [AWT-EventQueue-0] INFO  dekvall.notempty.NotEmptyPlugin - Not Empty started!
2021-09-14 10:44:01 [pool-3-thread-1] INFO  n.r.client.discord.DiscordService - Discord RPC service is ready with user Victor.
2021-09-14 10:44:03 [AWT-EventQueue-0] INFO  com.zalcano.ZalcanoPlugin - Zalcano plugin started
2021-09-14 10:44:04 [RuneLite] INFO  net.runelite.client.RuneLite - Client initialization took 12959ms. Uptime: 16366ms
2021-09-14 10:44:04 [AWT-EventQueue-0] INFO  net.runelite.client.ui.ClientUI - Showing frame net.runelite.client.ui.ContainableFrame[frame0,0,0,1920x1040,layout=java.awt.BorderLayout,title=RuneLite,resizable,maximized,defaultCloseOperation=DO_NOTHING_ON_CLOSE,rootPane=javax.swing.JRootPane[,0,0,1920x1040,layout=org.pushingpixels.substance.internal.ui.SubstanceRootPaneUI$SubstanceRootLayout,alignmentX=0.0,alignmentY=0.0,border=org.pushingpixels.substance.internal.utils.border.SubstancePaneBorder@6a3d133,flags=16777673,maximumSize=,minimumSize=,preferredSize=],rootPaneCheckingEnabled=true]
2021-09-14 18:49:04 [RuneLite] INFO  net.runelite.client.RuneLite - RuneLite 1.7.24 (launcher version 2.1.3) starting up, args: none
2021-09-14 18:49:05 [Preloader] INFO  net.runelite.client.rs.ClientLoader - Using cached vanilla client
2021-09-14 18:49:05 [Preloader] INFO  net.runelite.client.rs.ClientLoader - Using cached patched client
2021-09-14 18:49:06 [Preloader] INFO  net.runelite.client.rs.ClientLoader - client-patch 1583155852.255
2021-09-14 18:49:07 [RuneLite] INFO  n.r.c.plugins.kourendlibrary.Library - Library is now reset
2021-09-14 18:49:09 [RuneLite] INFO  n.r.c.e.ExternalPluginManager - Loading external plugin "skills-tab-progress-bars" version "0.8" commit "edad37606858fb22dcea07ac9bb1f9324d737a80"
2021-09-14 18:49:09 [RuneLite] INFO  n.r.c.e.ExternalPluginManager - Loading external plugin "chatbox-opacity" version "dbee9ba4" commit "dbee9ba4e138cae2467354fc169d9c34dcac3162"
2021-09-14 18:49:09 [RuneLite] INFO  n.r.c.e.ExternalPluginManager - Loading external plugin "banked-experience" version "2.0.7" commit "098f0cedaf34973dc2baf2d74958eac2d60f2118"
2021-09-14 18:49:09 [RuneLite] INFO  n.r.c.e.ExternalPluginManager - Loading external plugin "zalcano" version "e7fde457" commit "e7fde4576c9dbeb76efe5796f656dfe66f3d6fcb"
2021-09-14 18:49:09 [RuneLite] INFO  n.r.c.e.ExternalPluginManager - Loading external plugin "stealing-artefacts" version "1.1" commit "d4ccb8955208137981bf636121ba1c87ab453108"
2021-09-14 18:49:09 [RuneLite] INFO  n.r.c.e.ExternalPluginManager - Loading external plugin "not-empty" version "1.0" commit "e49ec7cc3927e911337ad48bd530cb52f5365183"
2021-09-14 18:49:09 [RuneLite] INFO  n.r.c.e.ExternalPluginManager - Loading external plugin "profiles-panel" version "1.1.4" commit "c2dd59dcdf324df01c54aeba4cce4577c645f642"
2021-09-14 18:49:09 [RuneLite] INFO  n.r.c.e.ExternalPluginManager - Loading external plugin "picture-in-picture" version "1.3" commit "f5fc2717a13c85e3964154ead0e14f23f199e455"
2021-09-14 18:49:09 [RuneLite] INFO  n.r.c.e.ExternalPluginManager - Loading external plugin "crab-solver" version "1.2" commit "a81701ff28b1c0f0790bd0bd9a927c140d3a3e97"
2021-09-14 18:49:09 [RuneLite] INFO  n.r.c.e.ExternalPluginManager - Loading external plugin "watson-clue-tracker" version "1.0.4" commit "7c098357d4cc593e77df77f5377ad77af676f1ee"
2021-09-14 18:49:09 [RuneLite] INFO  n.r.c.e.ExternalPluginManager - Loading external plugin "quest-helper" version "2.5.1" commit "c8359864f798c9557a2ecc83e589438b9d7a7414"
2021-09-14 18:49:09 [RuneLite] INFO  n.r.c.e.ExternalPluginManager - Loading external plugin "equipment-inspector" version "1.2" commit "c0018d299bb4a3dd4ef971a72bfdc776a42f0ff8"
2021-09-14 18:49:09 [RuneLite] INFO  n.r.c.e.ExternalPluginManager - Loading external plugin "cox-additions" version "40d2ba90" commit "40d2ba90edd8ad23a578c40e8e6ecaaa5eb226fd"
2021-09-14 18:49:09 [RuneLite] INFO  n.r.c.e.ExternalPluginManager - Loading external plugin "gauntlet" version "1.0.0" commit "e928b24970bd234aad16c3ec3d9005735b852c08"
2021-09-14 18:49:09 [RuneLite] INFO  n.r.c.e.ExternalPluginManager - Loading external plugin "the-gauntlet" version "4e13d3eb" commit "4e13d3ebdf7da91f96c3a47856b2ac19de1e48c8"
2021-09-14 18:49:09 [RuneLite] INFO  n.r.c.e.ExternalPluginManager - Loading external plugin "slash-swapper" version "0870d527" commit "0870d527aa88e8c75ec110127d533b21f0e6b83a"
2021-09-14 18:49:09 [RuneLite] INFO  n.r.c.e.ExternalPluginManager - Loading external plugin "pet-info" version "4.0" commit "dce286070830a322969f2024856c5e65fca9c89a"
2021-09-14 18:49:09 [RuneLite] INFO  n.r.c.e.ExternalPluginManager - Loading external plugin "bank-tab-names" version "1.0.0" commit "524316bc3b36abca7ca0ecbf84636f79f54b376a"
2021-09-14 18:49:09 [RuneLite] INFO  n.r.c.e.ExternalPluginManager - Loading external plugin "zulrah-helper" version "1.2.1" commit "a10c7242ee25809705985883ad297e89962b9b85"
2021-09-14 18:49:09 [RuneLite] INFO  n.r.c.e.ExternalPluginManager - Loading external plugin "inventory-setups" version "v1.11" commit "1057b3453d51b02d5f48e37bd702ce4da6ed0eaf"
2021-09-14 18:49:09 [RuneLite] INFO  n.r.c.e.ExternalPluginManager - Loading external plugin "chompy-hunter" version "1.2" commit "dd55d418a7412bfb169fb74e7a27fc872a3dbe01"
2021-09-14 18:49:09 [RuneLite] INFO  n.r.c.e.ExternalPluginManager - Loading external plugin "tempoross" version "1.1" commit "d25d396318e7646171deceabaaae66b9e4059ba3"
2021-09-14 18:49:09 [RuneLite] INFO  n.r.c.e.ExternalPluginManager - Loading external plugin "supplies-tracker" version "2.01" commit "79432ec85d1aafa0d1f8f66451a6c1c6f6f7303e"
2021-09-14 18:49:09 [RuneLite] INFO  n.r.c.e.ExternalPluginManager - Loading external plugin "resource-packs" version "1.4.3" commit "c97b20634e7976d35cfd2d73a8ca6cf8866b55dd"
2021-09-14 18:49:09 [RuneLite] INFO  n.r.c.e.ExternalPluginManager - Loading external plugin "117hd" version "1.0.2" commit "3cc7b618e1a7841bffcdfb0f1c674f11f2c72887"
2021-09-14 18:49:09 [RuneLite] INFO  n.r.c.e.ExternalPluginManager - Loading external plugin "transmog" version "1.2.1" commit "ba64c8ad20fe00f663ef69dfb6f9213efe441cf8"
2021-09-14 18:49:09 [RuneLite] INFO  n.r.c.e.ExternalPluginManager - Loading external plugin "bats-locator" version "890cefa0" commit "890cefa0a95a734abc15a6b1f0681276c5c78c4d"
2021-09-14 18:49:09 [RuneLite] INFO  n.r.c.e.ExternalPluginManager - Loading external plugin "cox-light-colors" version "1.3.2" commit "6a45d1c702f56bfb9ce146efc4160312fae5d963"
2021-09-14 18:49:09 [RuneLite] INFO  n.r.c.e.ExternalPluginManager - Loading external plugin "damage-counter" version "1.6" commit "393187db8d2554ff47e7022b05f379bc31c38663"
2021-09-14 18:49:09 [RuneLite] INFO  n.r.c.e.ExternalPluginManager - Loading external plugin "raid-reloader" version "415a4b71" commit "415a4b71a6f94f9f10345f5c825ab1109bc7cb07"
2021-09-14 18:49:09 [RuneLite] INFO  n.r.c.e.ExternalPluginManager - Loading external plugin "menu-swapper-extended" version "1.8" commit "3d39d5bedf4d8c423c4532b8cd611e70b7e98257"
2021-09-14 18:49:09 [RuneLite] INFO  n.r.c.e.ExternalPluginManager - Loading external plugin "optimal-quest-guide" version "e4d86684" commit "e4d86684a8168a742c89cd2fe79def2b1d33b086"
2021-09-14 18:49:09 [RuneLite] INFO  n.r.c.e.ExternalPluginManager - Loading external plugin "bank-value-tracker" version "757b7b33" commit "757b7b33bdfc27ba24d57fd22a15456f75558d00"
2021-09-14 18:49:09 [RuneLite] INFO  n.r.c.e.ExternalPluginManager - Loading external plugin "elysiumevents-plugin" version "857ab9e3" commit "857ab9e310e22a83a00d5de55024c94166c1834f"
2021-09-14 18:49:09 [RuneLite] INFO  n.r.c.e.ExternalPluginManager - Loading external plugin "fight-cave-waves" version "1.2" commit "51790d94159cbb85893de04d90efc5c0c20d819a"
2021-09-14 18:49:09 [RuneLite] INFO  n.r.c.e.ExternalPluginManager - Loading external plugin "loot-table" version "1.0.1" commit "1f17b17c7e0b6a6843b27e4305029a0d2ebb2260"
2021-09-14 18:49:09 [RuneLite] INFO  n.r.c.e.ExternalPluginManager - Loading external plugin "ba-minigame" version "1.42" commit "92da92790bd4657bb14e99cde01308bec94a2809"
2021-09-14 18:49:09 [RuneLite] INFO  n.r.c.e.ExternalPluginManager - Loading external plugin "improved-tears-of-guthix-interface" version "1.1" commit "adaae7dbe3ff3710e47eba12a32dfe1d71dd14c9"
2021-09-14 18:49:09 [RuneLite] INFO  n.r.c.e.ExternalPluginManager - Loading external plugin "crab-stun-timers" version "b0e7ad22" commit "b0e7ad22a6018fed3cdcd105d6a1873a242e75e3"
2021-09-14 18:49:10 [RuneLite] INFO  n.r.client.discord.DiscordService - Initializing Discord RPC service.
2021-09-14 18:49:12 [pool-3-thread-1] INFO  n.r.client.discord.DiscordService - Discord RPC service is ready with user Victor.
2021-09-14 18:49:12 [AWT-EventQueue-0] INFO  dekvall.notempty.NotEmptyPlugin - Not Empty started!
2021-09-14 18:49:14 [AWT-EventQueue-0] INFO  com.zalcano.ZalcanoPlugin - Zalcano plugin started
2021-09-14 18:49:14 [RuneLite] INFO  net.runelite.client.RuneLite - Client initialization took 10575ms. Uptime: 14001ms
2021-09-14 18:49:15 [AWT-EventQueue-0] INFO  net.runelite.client.ui.ClientUI - Showing frame net.runelite.client.ui.ContainableFrame[frame0,0,0,1920x1040,layout=java.awt.BorderLayout,title=RuneLite,resizable,maximized,defaultCloseOperation=DO_NOTHING_ON_CLOSE,rootPane=javax.swing.JRootPane[,0,0,1920x1040,layout=org.pushingpixels.substance.internal.ui.SubstanceRootPaneUI$SubstanceRootLayout,alignmentX=0.0,alignmentY=0.0,border=org.pushingpixels.substance.internal.utils.border.SubstancePaneBorder@4626552a,flags=16777673,maximumSize=,minimumSize=,preferredSize=],rootPaneCheckingEnabled=true]
2021-09-14 19:33:44 [Client] WARN  n.runelite.client.eventbus.EventBus - Uncaught exception in event subscriber
java.lang.NullPointerException: null
	at net.runelite.client.util.Text.sanitizeMultilineText(Text.java:146)
	at com.watsoncluetracker.WatsonPlugin.optionSelected(WatsonPlugin.java:149)
	at com.watsoncluetracker.NpcDialogTracker.optionSelected(NpcDialogTracker.java:254)
	at com.watsoncluetracker.NpcDialogTracker.onScriptPostFired(NpcDialogTracker.java:214)
	at net.runelite.client.eventbus.EventBus$Subscriber.invoke(EventBus.java:70)
	at net.runelite.client.eventbus.EventBus.post(EventBus.java:223)
	at net.runelite.client.callback.Hooks.post(Hooks.java:169)
	at client.lx(client.java:54109)
	at hm.c(hm.java:59960)
	at eh.n(eh.java:110)
	at client.fz(client.java:4062)
	at client.i(client.java:1893)
	at at.jr(at.java:380)
	at at.run(at.java:359)
	at java.base/java.lang.Thread.run(Unknown Source)
2021-09-14 20:52:33 [pool-3-thread-1] INFO  n.r.client.discord.DiscordService - Discord RPC service is ready with user Victor.
2021-09-14 20:52:52 [pool-3-thread-1] INFO  n.r.client.discord.DiscordService - Discord RPC service is ready with user Victor.
2021-09-14 21:38:29 [Client] WARN  n.runelite.client.eventbus.EventBus - Uncaught exception in event subscriber
java.lang.NullPointerException: null
	at net.runelite.client.util.Text.sanitizeMultilineText(Text.java:146)
	at com.watsoncluetracker.WatsonPlugin.optionSelected(WatsonPlugin.java:149)
	at com.watsoncluetracker.NpcDialogTracker.optionSelected(NpcDialogTracker.java:254)
	at com.watsoncluetracker.NpcDialogTracker.onScriptPostFired(NpcDialogTracker.java:221)
	at net.runelite.client.eventbus.EventBus$Subscriber.invoke(EventBus.java:70)
	at net.runelite.client.eventbus.EventBus.post(EventBus.java:223)
	at net.runelite.client.callback.Hooks.post(Hooks.java:169)
	at client.lx(client.java:54109)
	at hm.c(hm.java:59960)
	at eh.n(eh.java:110)
	at client.fz(client.java:4062)
	at client.i(client.java:1893)
	at at.jr(at.java:380)
	at at.run(at.java:359)
	at java.base/java.lang.Thread.run(Unknown Source)
2021-09-14 21:38:37 [Client] WARN  n.r.c.p.c.clues.HotColdClue - Hot cold solver could not be initialized, clue type is unknown; text: Buried beneath the ground, who knows where it's found. Lucky for you, A man called Reldo may have a clue., npc: Reldo, solution: Speak to Reldo to receive a strange device.
2021-09-14 21:38:37 [Client] WARN  n.r.c.p.c.clues.HotColdClue - Hot cold solver could not be initialized, clue type is unknown; text: Buried beneath the ground, who knows where it's found. Lucky for you, A man called Jorral may have a clue., npc: Jorral, solution: Speak to Jorral to receive a strange device.
2021-09-14 21:38:37 [Client] WARN  n.r.c.p.c.clues.HotColdClue - Hot cold solver could not be initialized, clue type is unknown; text: Buried beneath the ground, who knows where it's found. Lucky for you, A man called Watson may have a clue., npc: Watson, solution: Speak to Watson to receive a strange device.
2021-09-14 21:42:00 [Client] WARN  n.runelite.client.eventbus.EventBus - Uncaught exception in event subscriber
java.lang.NullPointerException: null
	at net.runelite.client.plugins.cluescrolls.ClueScrollPlugin.highlightObjectsForLocation(ClueScrollPlugin.java:903)
	at net.runelite.client.plugins.cluescrolls.ClueScrollPlugin.onGameTick(ClueScrollPlugin.java:559)
	at net.runelite.client.eventbus.EventBus$Subscriber.invoke(EventBus.java:70)
	at net.runelite.client.eventbus.EventBus.post(EventBus.java:223)
	at net.runelite.client.callback.Hooks.clientMainLoop(Hooks.java:187)
	at client.tq(client.java:43502)
	at client.aq(client.java)
	at at.b(at.java:406)
	at at.run(at.java:360)
	at java.base/java.lang.Thread.run(Unknown Source)
2021-09-14 22:53:25 [Client] WARN  n.runelite.client.eventbus.EventBus - Uncaught exception in event subscriber
java.lang.NullPointerException: null
	at net.runelite.client.util.Text.sanitizeMultilineText(Text.java:146)
	at com.watsoncluetracker.WatsonPlugin.optionSelected(WatsonPlugin.java:149)
	at com.watsoncluetracker.NpcDialogTracker.optionSelected(NpcDialogTracker.java:254)
	at com.watsoncluetracker.NpcDialogTracker.onScriptPostFired(NpcDialogTracker.java:226)
	at net.runelite.client.eventbus.EventBus$Subscriber.invoke(EventBus.java:70)
	at net.runelite.client.eventbus.EventBus.post(EventBus.java:223)
	at net.runelite.client.callback.Hooks.post(Hooks.java:169)
	at client.lx(client.java:54109)
	at hm.c(hm.java:59960)
	at eh.n(eh.java:110)
	at client.fz(client.java:4062)
	at client.i(client.java:1893)
	at at.jr(at.java:380)
	at at.run(at.java:359)
	at java.base/java.lang.Thread.run(Unknown Source)
