2021-11-14 00:04:08 [Client] INFO  client-patch - cache itemModelCache thrashing, enlarging to 128 entries
2021-11-14 00:04:08 [Client] INFO  client-patch - cache itemSpriteCache thrashing, enlarging to 512 entries
2021-11-14 02:05:29 [OkHttp https://crystalmathlabs.com/...] WARN  n.r.c.p.xpupdater.XpUpdaterPlugin - Error submitting CrystalMathLabs update, caused by timeout.
2021-11-14 02:14:55 [Client] ERROR client-patch - Client error: null
com.jogamp.opengl.GLException: Error swapping buffers
	at jogamp.opengl.windows.wgl.WindowsWGLDrawable.swapBuffersImpl(WindowsWGLDrawable.java:93)
	at jogamp.opengl.GLDrawableImpl.swapBuffers(GLDrawableImpl.java:88)
	at net.runelite.client.plugins.gpu.GpuPlugin.drawFrame(GpuPlugin.java:1333)
	at net.runelite.client.plugins.gpu.GpuPlugin.lambda$draw$9(GpuPlugin.java:1054)
	at net.runelite.client.plugins.gpu.GpuPlugin.invokeOnMainThread(GpuPlugin.java:1745)
	at net.runelite.client.plugins.gpu.GpuPlugin.draw(GpuPlugin.java:1054)
	at ai.eo(ai.java:49961)
	at ai.run(ai.java:368)
	at java.base/java.lang.Thread.run(Unknown Source)
2021-11-14 11:32:39 [RuneLite] INFO  net.runelite.client.RuneLite - RuneLite 1.8.2 (launcher version 2.1.3) starting up, args: none
2021-11-14 11:32:40 [Preloader] INFO  net.runelite.client.rs.ClientLoader - Using cached vanilla client
2021-11-14 11:32:40 [Preloader] INFO  net.runelite.client.rs.ClientLoader - Using cached patched client
2021-11-14 11:32:40 [Preloader] INFO  net.runelite.client.rs.ClientLoader - client-patch 1768740142.314
2021-11-14 11:32:40 [RuneLite] INFO  n.r.client.account.SessionManager - No session file exists
2021-11-14 11:32:42 [RuneLite] INFO  n.r.c.plugins.kourendlibrary.Library - Library is now reset
2021-11-14 11:32:43 [RuneLite] INFO  n.r.c.e.ExternalPluginManager - Loading external plugin "menuhp" version "1.1.1" commit "5217b8f9f14ddadad739527c33e609a2c1b8b3fd"
2021-11-14 11:32:43 [RuneLite] INFO  n.r.c.e.ExternalPluginManager - Loading external plugin "spring-garden" version "1.1.0" commit "a107035b8e77cd82ea5a2c007c913531611130ed"
2021-11-14 11:32:43 [RuneLite] INFO  n.r.c.e.ExternalPluginManager - Loading external plugin "emote-clue-items" version "3.2.1" commit "a4ae4ad4e62801234bd71fe3ff981e67b74c9dc9"
2021-11-14 11:32:43 [RuneLite] INFO  n.r.c.e.ExternalPluginManager - Loading external plugin "picture-in-picture" version "1.4.1" commit "32688a78c119187be8c33c62cf56f990fe9bb688"
2021-11-14 11:32:43 [RuneLite] INFO  n.r.c.e.ExternalPluginManager - Loading external plugin "bank-memory" version "1.1.2" commit "9521135d3c696071c018f48d9709320f389eda89"
2021-11-14 11:32:43 [RuneLite] INFO  n.r.c.e.ExternalPluginManager - Loading external plugin "not-empty" version "1.0" commit "e49ec7cc3927e911337ad48bd530cb52f5365183"
2021-11-14 11:32:43 [RuneLite] INFO  n.r.c.e.ExternalPluginManager - Loading external plugin "c-engineer-completed" version "0.2.1" commit "f7eafb03e65639fddd214d701fdf2cd262189ac1"
2021-11-14 11:32:43 [RuneLite] INFO  n.r.c.e.ExternalPluginManager - Loading external plugin "kitten-tracker" version "10e37f7e" commit "10e37f7ed5f2a171310987c44530878db4b8d011"
2021-11-14 11:32:43 [RuneLite] INFO  n.r.c.e.ExternalPluginManager - Loading external plugin "bats-locator" version "890cefa0" commit "890cefa0a95a734abc15a6b1f0681276c5c78c4d"
2021-11-14 11:32:43 [RuneLite] INFO  n.r.c.e.ExternalPluginManager - Loading external plugin "banked-experience" version "2.0.9" commit "288bc92bc61e623a7466c31702bdda2488843489"
2021-11-14 11:32:43 [RuneLite] INFO  n.r.c.e.ExternalPluginManager - Loading external plugin "bank-tag-layouts" version "1.4.7" commit "efad26a27e73da4a80e482980383afb433a85be0"
2021-11-14 11:32:43 [RuneLite] INFO  n.r.c.e.ExternalPluginManager - Loading external plugin "bank-value-tracker" version "757b7b33" commit "757b7b33bdfc27ba24d57fd22a15456f75558d00"
2021-11-14 11:32:43 [RuneLite] INFO  n.r.c.e.ExternalPluginManager - Loading external plugin "fight-cave-waves" version "1.2" commit "51790d94159cbb85893de04d90efc5c0c20d819a"
2021-11-14 11:32:43 [RuneLite] INFO  n.r.c.e.ExternalPluginManager - Loading external plugin "skills-tab-progress-bars" version "1.1" commit "18047c3808d093a5f906036db1ae7f9a137f653e"
2021-11-14 11:32:43 [RuneLite] INFO  n.r.c.e.ExternalPluginManager - Loading external plugin "ba-minigame" version "1.42" commit "92da92790bd4657bb14e99cde01308bec94a2809"
2021-11-14 11:32:43 [RuneLite] INFO  n.r.c.e.ExternalPluginManager - Loading external plugin "117hd" version "1.0.8" commit "1d290f6d64c44acd306dfdc84553952ebc96b03e"
2021-11-14 11:32:43 [RuneLite] INFO  n.r.c.e.ExternalPluginManager - Loading external plugin "quest-helper" version "2.6.1" commit "68a62a0f64174b4ddfeac810557f1e04ec54423b"
2021-11-14 11:32:43 [RuneLite] INFO  n.r.c.e.ExternalPluginManager - Loading external plugin "tempoross" version "1.2" commit "af72eacca6df48b132232cb4dd5775b225fa2e5e"
2021-11-14 11:32:43 [RuneLite] INFO  n.r.c.e.ExternalPluginManager - Loading external plugin "bank-tab-names" version "1.0.0" commit "524316bc3b36abca7ca0ecbf84636f79f54b376a"
2021-11-14 11:32:44 [RuneLite] INFO  n.r.client.discord.DiscordService - Initializing Discord RPC service.
2021-11-14 11:32:46 [AWT-EventQueue-0] INFO  dekvall.notempty.NotEmptyPlugin - Not Empty started!
2021-11-14 11:32:46 [pool-3-thread-1] INFO  n.r.client.discord.DiscordService - Discord RPC service is ready with user Victor.
2021-11-14 11:32:47 [RuneLite] INFO  net.runelite.client.RuneLite - Client initialization took 7980ms. Uptime: 11130ms
2021-11-14 11:32:47 [AWT-EventQueue-0] INFO  net.runelite.client.ui.ClientUI - Showing frame net.runelite.client.ui.ContainableFrame[frame0,0,0,2560x1400,layout=java.awt.BorderLayout,title=RuneLite,resizable,maximized,defaultCloseOperation=DO_NOTHING_ON_CLOSE,rootPane=javax.swing.JRootPane[,0,0,2560x1400,layout=org.pushingpixels.substance.internal.ui.SubstanceRootPaneUI$SubstanceRootLayout,alignmentX=0.0,alignmentY=0.0,border=org.pushingpixels.substance.internal.utils.border.SubstancePaneBorder@4fa191d9,flags=16777673,maximumSize=,minimumSize=,preferredSize=],rootPaneCheckingEnabled=true]
2021-11-14 11:32:48 [Client] INFO  n.r.client.plugins.gpu.GpuPlugin - Using device: NVIDIA GeForce RTX 2080/PCIe/SSE2
2021-11-14 11:32:48 [Client] INFO  n.r.client.plugins.gpu.GpuPlugin - Using driver: 4.6.0 NVIDIA 496.49
2021-11-14 14:03:45 [RuneLite] INFO  net.runelite.client.RuneLite - RuneLite 1.8.2 (launcher version 2.1.3) starting up, args: none
2021-11-14 14:03:46 [Preloader] INFO  net.runelite.client.rs.ClientLoader - Using cached vanilla client
2021-11-14 14:03:46 [Preloader] INFO  net.runelite.client.rs.ClientLoader - Using cached patched client
2021-11-14 14:03:46 [Preloader] INFO  net.runelite.client.rs.ClientLoader - client-patch 1768740142.314
2021-11-14 14:03:46 [RuneLite] INFO  n.r.client.account.SessionManager - No session file exists
2021-11-14 14:03:47 [RuneLite] INFO  n.r.c.plugins.kourendlibrary.Library - Library is now reset
2021-11-14 14:03:47 [RuneLite] INFO  n.r.c.e.ExternalPluginManager - Loading external plugin "menuhp" version "1.1.1" commit "5217b8f9f14ddadad739527c33e609a2c1b8b3fd"
2021-11-14 14:03:47 [RuneLite] INFO  n.r.c.e.ExternalPluginManager - Loading external plugin "spring-garden" version "1.1.0" commit "a107035b8e77cd82ea5a2c007c913531611130ed"
2021-11-14 14:03:47 [RuneLite] INFO  n.r.c.e.ExternalPluginManager - Loading external plugin "emote-clue-items" version "3.2.1" commit "a4ae4ad4e62801234bd71fe3ff981e67b74c9dc9"
2021-11-14 14:03:47 [RuneLite] INFO  n.r.c.e.ExternalPluginManager - Loading external plugin "picture-in-picture" version "1.4.1" commit "32688a78c119187be8c33c62cf56f990fe9bb688"
2021-11-14 14:03:47 [RuneLite] INFO  n.r.c.e.ExternalPluginManager - Loading external plugin "bank-memory" version "1.1.2" commit "9521135d3c696071c018f48d9709320f389eda89"
2021-11-14 14:03:47 [RuneLite] INFO  n.r.c.e.ExternalPluginManager - Loading external plugin "not-empty" version "1.0" commit "e49ec7cc3927e911337ad48bd530cb52f5365183"
2021-11-14 14:03:47 [RuneLite] INFO  n.r.c.e.ExternalPluginManager - Loading external plugin "c-engineer-completed" version "0.2.1" commit "f7eafb03e65639fddd214d701fdf2cd262189ac1"
2021-11-14 14:03:47 [RuneLite] INFO  n.r.c.e.ExternalPluginManager - Loading external plugin "kitten-tracker" version "10e37f7e" commit "10e37f7ed5f2a171310987c44530878db4b8d011"
2021-11-14 14:03:47 [RuneLite] INFO  n.r.c.e.ExternalPluginManager - Loading external plugin "bats-locator" version "890cefa0" commit "890cefa0a95a734abc15a6b1f0681276c5c78c4d"
2021-11-14 14:03:47 [RuneLite] INFO  n.r.c.e.ExternalPluginManager - Loading external plugin "banked-experience" version "2.0.9" commit "288bc92bc61e623a7466c31702bdda2488843489"
2021-11-14 14:03:47 [RuneLite] INFO  n.r.c.e.ExternalPluginManager - Loading external plugin "bank-tag-layouts" version "1.4.7" commit "efad26a27e73da4a80e482980383afb433a85be0"
2021-11-14 14:03:47 [RuneLite] INFO  n.r.c.e.ExternalPluginManager - Loading external plugin "bank-value-tracker" version "757b7b33" commit "757b7b33bdfc27ba24d57fd22a15456f75558d00"
2021-11-14 14:03:47 [RuneLite] INFO  n.r.c.e.ExternalPluginManager - Loading external plugin "fight-cave-waves" version "1.2" commit "51790d94159cbb85893de04d90efc5c0c20d819a"
2021-11-14 14:03:47 [RuneLite] INFO  n.r.c.e.ExternalPluginManager - Loading external plugin "skills-tab-progress-bars" version "1.1" commit "18047c3808d093a5f906036db1ae7f9a137f653e"
2021-11-14 14:03:47 [RuneLite] INFO  n.r.c.e.ExternalPluginManager - Loading external plugin "ba-minigame" version "1.42" commit "92da92790bd4657bb14e99cde01308bec94a2809"
2021-11-14 14:03:47 [RuneLite] INFO  n.r.c.e.ExternalPluginManager - Loading external plugin "117hd" version "1.0.8" commit "1d290f6d64c44acd306dfdc84553952ebc96b03e"
2021-11-14 14:03:47 [RuneLite] INFO  n.r.c.e.ExternalPluginManager - Loading external plugin "quest-helper" version "2.6.1" commit "68a62a0f64174b4ddfeac810557f1e04ec54423b"
2021-11-14 14:03:47 [RuneLite] INFO  n.r.c.e.ExternalPluginManager - Loading external plugin "tempoross" version "1.2" commit "af72eacca6df48b132232cb4dd5775b225fa2e5e"
2021-11-14 14:03:47 [RuneLite] INFO  n.r.c.e.ExternalPluginManager - Loading external plugin "bank-tab-names" version "1.0.0" commit "524316bc3b36abca7ca0ecbf84636f79f54b376a"
2021-11-14 14:03:48 [RuneLite] INFO  n.r.client.discord.DiscordService - Initializing Discord RPC service.
2021-11-14 14:03:50 [AWT-EventQueue-0] INFO  dekvall.notempty.NotEmptyPlugin - Not Empty started!
2021-11-14 14:03:50 [pool-3-thread-1] INFO  n.r.client.discord.DiscordService - Discord RPC service is ready with user Victor.
2021-11-14 14:03:51 [RuneLite] INFO  net.runelite.client.RuneLite - Client initialization took 6363ms. Uptime: 8669ms
2021-11-14 14:03:51 [AWT-EventQueue-0] INFO  net.runelite.client.ui.ClientUI - Showing frame net.runelite.client.ui.ContainableFrame[frame0,0,0,2560x1400,layout=java.awt.BorderLayout,title=RuneLite,resizable,maximized,defaultCloseOperation=DO_NOTHING_ON_CLOSE,rootPane=javax.swing.JRootPane[,0,0,2560x1400,layout=org.pushingpixels.substance.internal.ui.SubstanceRootPaneUI$SubstanceRootLayout,alignmentX=0.0,alignmentY=0.0,border=org.pushingpixels.substance.internal.utils.border.SubstancePaneBorder@7fa6e8df,flags=16777673,maximumSize=,minimumSize=,preferredSize=],rootPaneCheckingEnabled=true]
2021-11-14 14:03:53 [Client] INFO  n.r.client.plugins.gpu.GpuPlugin - Using device: NVIDIA GeForce RTX 2080/PCIe/SSE2
2021-11-14 14:03:53 [Client] INFO  n.r.client.plugins.gpu.GpuPlugin - Using driver: 4.6.0 NVIDIA 496.49
2021-11-14 15:06:56 [Client] INFO  client-patch - cache itemModelCache thrashing, enlarging to 128 entries
2021-11-14 15:06:56 [Client] INFO  client-patch - cache itemSpriteCache thrashing, enlarging to 512 entries
2021-11-14 15:23:16 [RuneLite] INFO  net.runelite.client.RuneLite - RuneLite 1.8.2 (launcher version 2.1.3) starting up, args: none
2021-11-14 15:23:17 [Preloader] INFO  net.runelite.client.rs.ClientLoader - Using cached vanilla client
2021-11-14 15:23:17 [Preloader] INFO  net.runelite.client.rs.ClientLoader - Using cached patched client
2021-11-14 15:23:17 [Preloader] INFO  net.runelite.client.rs.ClientLoader - client-patch 1768740142.314
2021-11-14 15:23:18 [RuneLite] INFO  n.r.client.account.SessionManager - No session file exists
2021-11-14 15:23:18 [RuneLite] INFO  n.r.c.plugins.kourendlibrary.Library - Library is now reset
2021-11-14 15:23:19 [RuneLite] INFO  n.r.c.e.ExternalPluginManager - Loading external plugin "menuhp" version "1.1.1" commit "5217b8f9f14ddadad739527c33e609a2c1b8b3fd"
2021-11-14 15:23:19 [RuneLite] INFO  n.r.c.e.ExternalPluginManager - Loading external plugin "spring-garden" version "1.1.0" commit "a107035b8e77cd82ea5a2c007c913531611130ed"
2021-11-14 15:23:19 [RuneLite] INFO  n.r.c.e.ExternalPluginManager - Loading external plugin "emote-clue-items" version "3.2.1" commit "a4ae4ad4e62801234bd71fe3ff981e67b74c9dc9"
2021-11-14 15:23:19 [RuneLite] INFO  n.r.c.e.ExternalPluginManager - Loading external plugin "picture-in-picture" version "1.4.1" commit "32688a78c119187be8c33c62cf56f990fe9bb688"
2021-11-14 15:23:19 [RuneLite] INFO  n.r.c.e.ExternalPluginManager - Loading external plugin "bank-memory" version "1.1.2" commit "9521135d3c696071c018f48d9709320f389eda89"
2021-11-14 15:23:19 [RuneLite] INFO  n.r.c.e.ExternalPluginManager - Loading external plugin "not-empty" version "1.0" commit "e49ec7cc3927e911337ad48bd530cb52f5365183"
2021-11-14 15:23:19 [RuneLite] INFO  n.r.c.e.ExternalPluginManager - Loading external plugin "c-engineer-completed" version "0.2.1" commit "f7eafb03e65639fddd214d701fdf2cd262189ac1"
2021-11-14 15:23:19 [RuneLite] INFO  n.r.c.e.ExternalPluginManager - Loading external plugin "kitten-tracker" version "10e37f7e" commit "10e37f7ed5f2a171310987c44530878db4b8d011"
2021-11-14 15:23:19 [RuneLite] INFO  n.r.c.e.ExternalPluginManager - Loading external plugin "bats-locator" version "890cefa0" commit "890cefa0a95a734abc15a6b1f0681276c5c78c4d"
2021-11-14 15:23:19 [RuneLite] INFO  n.r.c.e.ExternalPluginManager - Loading external plugin "banked-experience" version "2.0.9" commit "288bc92bc61e623a7466c31702bdda2488843489"
2021-11-14 15:23:19 [RuneLite] INFO  n.r.c.e.ExternalPluginManager - Loading external plugin "bank-tag-layouts" version "1.4.7" commit "efad26a27e73da4a80e482980383afb433a85be0"
2021-11-14 15:23:19 [RuneLite] INFO  n.r.c.e.ExternalPluginManager - Loading external plugin "bank-value-tracker" version "757b7b33" commit "757b7b33bdfc27ba24d57fd22a15456f75558d00"
2021-11-14 15:23:19 [RuneLite] INFO  n.r.c.e.ExternalPluginManager - Loading external plugin "fight-cave-waves" version "1.2" commit "51790d94159cbb85893de04d90efc5c0c20d819a"
2021-11-14 15:23:19 [RuneLite] INFO  n.r.c.e.ExternalPluginManager - Loading external plugin "skills-tab-progress-bars" version "1.1" commit "18047c3808d093a5f906036db1ae7f9a137f653e"
2021-11-14 15:23:19 [RuneLite] INFO  n.r.c.e.ExternalPluginManager - Loading external plugin "ba-minigame" version "1.42" commit "92da92790bd4657bb14e99cde01308bec94a2809"
2021-11-14 15:23:19 [RuneLite] INFO  n.r.c.e.ExternalPluginManager - Loading external plugin "117hd" version "1.0.8" commit "1d290f6d64c44acd306dfdc84553952ebc96b03e"
2021-11-14 15:23:19 [RuneLite] INFO  n.r.c.e.ExternalPluginManager - Loading external plugin "quest-helper" version "2.6.1" commit "68a62a0f64174b4ddfeac810557f1e04ec54423b"
2021-11-14 15:23:19 [RuneLite] INFO  n.r.c.e.ExternalPluginManager - Loading external plugin "tempoross" version "1.2" commit "af72eacca6df48b132232cb4dd5775b225fa2e5e"
2021-11-14 15:23:19 [RuneLite] INFO  n.r.c.e.ExternalPluginManager - Loading external plugin "bank-tab-names" version "1.0.0" commit "524316bc3b36abca7ca0ecbf84636f79f54b376a"
2021-11-14 15:23:20 [RuneLite] INFO  n.r.client.discord.DiscordService - Initializing Discord RPC service.
2021-11-14 15:23:22 [pool-3-thread-1] INFO  n.r.client.discord.DiscordService - Discord RPC service is ready with user Victor.
2021-11-14 15:23:22 [AWT-EventQueue-0] INFO  dekvall.notempty.NotEmptyPlugin - Not Empty started!
2021-11-14 15:23:23 [RuneLite] INFO  net.runelite.client.RuneLite - Client initialization took 7283ms. Uptime: 9888ms
2021-11-14 15:23:24 [AWT-EventQueue-0] INFO  net.runelite.client.ui.ClientUI - Showing frame net.runelite.client.ui.ContainableFrame[frame0,0,0,2560x1400,layout=java.awt.BorderLayout,title=RuneLite,resizable,maximized,defaultCloseOperation=DO_NOTHING_ON_CLOSE,rootPane=javax.swing.JRootPane[,0,0,2560x1400,layout=org.pushingpixels.substance.internal.ui.SubstanceRootPaneUI$SubstanceRootLayout,alignmentX=0.0,alignmentY=0.0,border=org.pushingpixels.substance.internal.utils.border.SubstancePaneBorder@4fa191d9,flags=16777673,maximumSize=,minimumSize=,preferredSize=],rootPaneCheckingEnabled=true]
2021-11-14 15:23:25 [Client] INFO  n.r.client.plugins.gpu.GpuPlugin - Using device: NVIDIA GeForce RTX 2080/PCIe/SSE2
2021-11-14 15:23:25 [Client] INFO  n.r.client.plugins.gpu.GpuPlugin - Using driver: 4.6.0 NVIDIA 496.49
2021-11-14 16:11:51 [RuneLite] INFO  net.runelite.client.RuneLite - RuneLite 1.8.2 (launcher version 2.1.3) starting up, args: none
2021-11-14 16:11:53 [Preloader] INFO  net.runelite.client.rs.ClientLoader - Using cached vanilla client
2021-11-14 16:11:53 [Preloader] INFO  net.runelite.client.rs.ClientLoader - Using cached patched client
2021-11-14 16:11:53 [Preloader] INFO  net.runelite.client.rs.ClientLoader - client-patch 1768740142.314
2021-11-14 16:11:53 [RuneLite] INFO  n.r.client.account.SessionManager - No session file exists
2021-11-14 16:11:54 [RuneLite] INFO  n.r.c.plugins.kourendlibrary.Library - Library is now reset
2021-11-14 16:11:54 [RuneLite] INFO  n.r.c.e.ExternalPluginManager - Loading external plugin "menuhp" version "1.1.1" commit "5217b8f9f14ddadad739527c33e609a2c1b8b3fd"
2021-11-14 16:11:54 [RuneLite] INFO  n.r.c.e.ExternalPluginManager - Loading external plugin "spring-garden" version "1.1.0" commit "a107035b8e77cd82ea5a2c007c913531611130ed"
2021-11-14 16:11:54 [RuneLite] INFO  n.r.c.e.ExternalPluginManager - Loading external plugin "emote-clue-items" version "3.2.1" commit "a4ae4ad4e62801234bd71fe3ff981e67b74c9dc9"
2021-11-14 16:11:54 [RuneLite] INFO  n.r.c.e.ExternalPluginManager - Loading external plugin "picture-in-picture" version "1.4.1" commit "32688a78c119187be8c33c62cf56f990fe9bb688"
2021-11-14 16:11:54 [RuneLite] INFO  n.r.c.e.ExternalPluginManager - Loading external plugin "bank-memory" version "1.1.2" commit "9521135d3c696071c018f48d9709320f389eda89"
2021-11-14 16:11:54 [RuneLite] INFO  n.r.c.e.ExternalPluginManager - Loading external plugin "not-empty" version "1.0" commit "e49ec7cc3927e911337ad48bd530cb52f5365183"
2021-11-14 16:11:54 [RuneLite] INFO  n.r.c.e.ExternalPluginManager - Loading external plugin "c-engineer-completed" version "0.2.1" commit "f7eafb03e65639fddd214d701fdf2cd262189ac1"
2021-11-14 16:11:54 [RuneLite] INFO  n.r.c.e.ExternalPluginManager - Loading external plugin "kitten-tracker" version "10e37f7e" commit "10e37f7ed5f2a171310987c44530878db4b8d011"
2021-11-14 16:11:55 [RuneLite] INFO  n.r.c.e.ExternalPluginManager - Loading external plugin "bats-locator" version "890cefa0" commit "890cefa0a95a734abc15a6b1f0681276c5c78c4d"
2021-11-14 16:11:55 [RuneLite] INFO  n.r.c.e.ExternalPluginManager - Loading external plugin "banked-experience" version "2.0.9" commit "288bc92bc61e623a7466c31702bdda2488843489"
2021-11-14 16:11:55 [RuneLite] INFO  n.r.c.e.ExternalPluginManager - Loading external plugin "bank-tag-layouts" version "1.4.7" commit "efad26a27e73da4a80e482980383afb433a85be0"
2021-11-14 16:11:55 [RuneLite] INFO  n.r.c.e.ExternalPluginManager - Loading external plugin "bank-value-tracker" version "757b7b33" commit "757b7b33bdfc27ba24d57fd22a15456f75558d00"
2021-11-14 16:11:55 [RuneLite] INFO  n.r.c.e.ExternalPluginManager - Loading external plugin "fight-cave-waves" version "1.2" commit "51790d94159cbb85893de04d90efc5c0c20d819a"
2021-11-14 16:11:55 [RuneLite] INFO  n.r.c.e.ExternalPluginManager - Loading external plugin "skills-tab-progress-bars" version "1.1" commit "18047c3808d093a5f906036db1ae7f9a137f653e"
2021-11-14 16:11:55 [RuneLite] INFO  n.r.c.e.ExternalPluginManager - Loading external plugin "ba-minigame" version "1.42" commit "92da92790bd4657bb14e99cde01308bec94a2809"
2021-11-14 16:11:55 [RuneLite] INFO  n.r.c.e.ExternalPluginManager - Loading external plugin "117hd" version "1.0.8" commit "1d290f6d64c44acd306dfdc84553952ebc96b03e"
2021-11-14 16:11:55 [RuneLite] INFO  n.r.c.e.ExternalPluginManager - Loading external plugin "quest-helper" version "2.6.1" commit "68a62a0f64174b4ddfeac810557f1e04ec54423b"
2021-11-14 16:11:55 [RuneLite] INFO  n.r.c.e.ExternalPluginManager - Loading external plugin "tempoross" version "1.2" commit "af72eacca6df48b132232cb4dd5775b225fa2e5e"
2021-11-14 16:11:55 [RuneLite] INFO  n.r.c.e.ExternalPluginManager - Loading external plugin "bank-tab-names" version "1.0.0" commit "524316bc3b36abca7ca0ecbf84636f79f54b376a"
2021-11-14 16:11:55 [RuneLite] INFO  n.r.client.discord.DiscordService - Initializing Discord RPC service.
2021-11-14 16:11:57 [pool-3-thread-1] INFO  n.r.client.discord.DiscordService - Discord RPC service is ready with user Victor.
2021-11-14 16:11:58 [AWT-EventQueue-0] INFO  dekvall.notempty.NotEmptyPlugin - Not Empty started!
2021-11-14 16:12:00 [RuneLite] INFO  net.runelite.client.RuneLite - Client initialization took 8276ms. Uptime: 11027ms
2021-11-14 16:12:00 [AWT-EventQueue-0] INFO  net.runelite.client.ui.ClientUI - Showing frame net.runelite.client.ui.ContainableFrame[frame0,0,0,2560x1400,layout=java.awt.BorderLayout,title=RuneLite,resizable,maximized,defaultCloseOperation=DO_NOTHING_ON_CLOSE,rootPane=javax.swing.JRootPane[,0,0,2560x1400,layout=org.pushingpixels.substance.internal.ui.SubstanceRootPaneUI$SubstanceRootLayout,alignmentX=0.0,alignmentY=0.0,border=org.pushingpixels.substance.internal.utils.border.SubstancePaneBorder@55ad476a,flags=16777673,maximumSize=,minimumSize=,preferredSize=],rootPaneCheckingEnabled=true]
2021-11-14 16:12:01 [Client] INFO  n.r.client.plugins.gpu.GpuPlugin - Using device: NVIDIA GeForce RTX 2080/PCIe/SSE2
2021-11-14 16:12:01 [Client] INFO  n.r.client.plugins.gpu.GpuPlugin - Using driver: 4.6.0 NVIDIA 496.49
2021-11-14 16:24:57 [RuneLite] INFO  net.runelite.client.RuneLite - RuneLite 1.8.2 (launcher version 2.1.3) starting up, args: none
2021-11-14 16:24:58 [Preloader] INFO  net.runelite.client.rs.ClientLoader - Using cached vanilla client
2021-11-14 16:24:58 [Preloader] INFO  net.runelite.client.rs.ClientLoader - Using cached patched client
2021-11-14 16:24:59 [Preloader] INFO  net.runelite.client.rs.ClientLoader - client-patch 1768740142.314
2021-11-14 16:24:59 [RuneLite] INFO  n.r.client.account.SessionManager - No session file exists
2021-11-14 16:24:59 [RuneLite] INFO  n.r.c.plugins.kourendlibrary.Library - Library is now reset
2021-11-14 16:25:00 [RuneLite] INFO  n.r.c.e.ExternalPluginManager - Loading external plugin "menuhp" version "1.1.1" commit "5217b8f9f14ddadad739527c33e609a2c1b8b3fd"
2021-11-14 16:25:00 [RuneLite] INFO  n.r.c.e.ExternalPluginManager - Loading external plugin "spring-garden" version "1.1.0" commit "a107035b8e77cd82ea5a2c007c913531611130ed"
2021-11-14 16:25:00 [RuneLite] INFO  n.r.c.e.ExternalPluginManager - Loading external plugin "emote-clue-items" version "3.2.1" commit "a4ae4ad4e62801234bd71fe3ff981e67b74c9dc9"
2021-11-14 16:25:00 [RuneLite] INFO  n.r.c.e.ExternalPluginManager - Loading external plugin "picture-in-picture" version "1.4.1" commit "32688a78c119187be8c33c62cf56f990fe9bb688"
2021-11-14 16:25:00 [RuneLite] INFO  n.r.c.e.ExternalPluginManager - Loading external plugin "bank-memory" version "1.1.2" commit "9521135d3c696071c018f48d9709320f389eda89"
2021-11-14 16:25:00 [RuneLite] INFO  n.r.c.e.ExternalPluginManager - Loading external plugin "not-empty" version "1.0" commit "e49ec7cc3927e911337ad48bd530cb52f5365183"
2021-11-14 16:25:00 [RuneLite] INFO  n.r.c.e.ExternalPluginManager - Loading external plugin "c-engineer-completed" version "0.2.1" commit "f7eafb03e65639fddd214d701fdf2cd262189ac1"
2021-11-14 16:25:00 [RuneLite] INFO  n.r.c.e.ExternalPluginManager - Loading external plugin "kitten-tracker" version "10e37f7e" commit "10e37f7ed5f2a171310987c44530878db4b8d011"
2021-11-14 16:25:00 [RuneLite] INFO  n.r.c.e.ExternalPluginManager - Loading external plugin "bats-locator" version "890cefa0" commit "890cefa0a95a734abc15a6b1f0681276c5c78c4d"
2021-11-14 16:25:00 [RuneLite] INFO  n.r.c.e.ExternalPluginManager - Loading external plugin "banked-experience" version "2.0.9" commit "288bc92bc61e623a7466c31702bdda2488843489"
2021-11-14 16:25:00 [RuneLite] INFO  n.r.c.e.ExternalPluginManager - Loading external plugin "bank-tag-layouts" version "1.4.7" commit "efad26a27e73da4a80e482980383afb433a85be0"
2021-11-14 16:25:00 [RuneLite] INFO  n.r.c.e.ExternalPluginManager - Loading external plugin "bank-value-tracker" version "757b7b33" commit "757b7b33bdfc27ba24d57fd22a15456f75558d00"
2021-11-14 16:25:00 [RuneLite] INFO  n.r.c.e.ExternalPluginManager - Loading external plugin "fight-cave-waves" version "1.2" commit "51790d94159cbb85893de04d90efc5c0c20d819a"
2021-11-14 16:25:00 [RuneLite] INFO  n.r.c.e.ExternalPluginManager - Loading external plugin "skills-tab-progress-bars" version "1.1" commit "18047c3808d093a5f906036db1ae7f9a137f653e"
2021-11-14 16:25:00 [RuneLite] INFO  n.r.c.e.ExternalPluginManager - Loading external plugin "ba-minigame" version "1.42" commit "92da92790bd4657bb14e99cde01308bec94a2809"
2021-11-14 16:25:00 [RuneLite] INFO  n.r.c.e.ExternalPluginManager - Loading external plugin "117hd" version "1.0.8" commit "1d290f6d64c44acd306dfdc84553952ebc96b03e"
2021-11-14 16:25:00 [RuneLite] INFO  n.r.c.e.ExternalPluginManager - Loading external plugin "quest-helper" version "2.6.1" commit "68a62a0f64174b4ddfeac810557f1e04ec54423b"
2021-11-14 16:25:00 [RuneLite] INFO  n.r.c.e.ExternalPluginManager - Loading external plugin "tempoross" version "1.2" commit "af72eacca6df48b132232cb4dd5775b225fa2e5e"
2021-11-14 16:25:00 [RuneLite] INFO  n.r.c.e.ExternalPluginManager - Loading external plugin "bank-tab-names" version "1.0.0" commit "524316bc3b36abca7ca0ecbf84636f79f54b376a"
2021-11-14 16:25:01 [RuneLite] INFO  n.r.client.discord.DiscordService - Initializing Discord RPC service.
2021-11-14 16:25:03 [pool-3-thread-1] INFO  n.r.client.discord.DiscordService - Discord RPC service is ready with user Victor.
2021-11-14 16:25:04 [AWT-EventQueue-0] INFO  dekvall.notempty.NotEmptyPlugin - Not Empty started!
2021-11-14 16:25:05 [RuneLite] INFO  net.runelite.client.RuneLite - Client initialization took 7690ms. Uptime: 10210ms
2021-11-14 16:25:05 [AWT-EventQueue-0] INFO  net.runelite.client.ui.ClientUI - Showing frame net.runelite.client.ui.ContainableFrame[frame0,0,0,2560x1400,layout=java.awt.BorderLayout,title=RuneLite,resizable,maximized,defaultCloseOperation=DO_NOTHING_ON_CLOSE,rootPane=javax.swing.JRootPane[,0,0,2560x1400,layout=org.pushingpixels.substance.internal.ui.SubstanceRootPaneUI$SubstanceRootLayout,alignmentX=0.0,alignmentY=0.0,border=org.pushingpixels.substance.internal.utils.border.SubstancePaneBorder@2b50c9b3,flags=16777673,maximumSize=,minimumSize=,preferredSize=],rootPaneCheckingEnabled=true]
2021-11-14 16:25:06 [Client] INFO  n.r.client.plugins.gpu.GpuPlugin - Using device: NVIDIA GeForce RTX 2080/PCIe/SSE2
2021-11-14 16:25:06 [Client] INFO  n.r.client.plugins.gpu.GpuPlugin - Using driver: 4.6.0 NVIDIA 496.49
2021-11-14 17:06:12 [OkHttp https://api.runelite.net/...] INFO  net.runelite.client.ws.WSClient - Websocket okhttp3.internal.ws.RealWebSocket@2564be07 opened
2021-11-14 17:06:18 [OkHttp https://api.runelite.net/...] INFO  n.r.client.config.ConfigManager - creating new salt as there is no existing one kFTdGIP5qDtTGmseOATb
2021-11-14 17:06:18 [Client] WARN  n.r.c.ui.overlay.OverlayRenderer - Error during overlay rendering
java.lang.NullPointerException: null
	at com.larsvansoest.runelite.clueitems.progress.StashMonitor.getStashFilled(StashMonitor.java:40)
	at com.larsvansoest.runelite.clueitems.progress.ProgressManager.getStashUnitFilled(ProgressManager.java:155)
	at com.larsvansoest.runelite.clueitems.overlay.EmoteClueItemsOverlay.lambda$renderItemOverlay$1(EmoteClueItemsOverlay.java:99)
	at java.base/java.util.stream.ReferencePipeline$2$1.accept(Unknown Source)
	at java.base/java.util.Spliterators$ArraySpliterator.forEachRemaining(Unknown Source)
	at java.base/java.util.stream.AbstractPipeline.copyInto(Unknown Source)
	at java.base/java.util.stream.AbstractPipeline.wrapAndCopyInto(Unknown Source)
	at java.base/java.util.stream.ForEachOps$ForEachOp.evaluateSequential(Unknown Source)
	at java.base/java.util.stream.ForEachOps$ForEachOp$OfRef.evaluateSequential(Unknown Source)
	at java.base/java.util.stream.AbstractPipeline.evaluate(Unknown Source)
	at java.base/java.util.stream.ReferencePipeline.forEach(Unknown Source)
	at com.larsvansoest.runelite.clueitems.overlay.EmoteClueItemsOverlay.renderItemOverlay(EmoteClueItemsOverlay.java:106)
	at net.runelite.client.ui.overlay.WidgetItemOverlay.render(WidgetItemOverlay.java:112)
	at net.runelite.client.ui.overlay.OverlayRenderer.safeRender(OverlayRenderer.java:750)
	at net.runelite.client.ui.overlay.OverlayRenderer.renderOverlays(OverlayRenderer.java:262)
	at net.runelite.client.ui.overlay.OverlayRenderer.renderAfterInterface(OverlayRenderer.java:203)
	at net.runelite.client.callback.Hooks.drawInterface(Hooks.java:502)
	at client.si(client.java:21114)
	at aq.ij(aq.java:10151)
	at fj.iy(fj.java:9684)
	at aq.ij(aq.java:9830)
	at aq.ij(aq.java:9826)
	at aq.ij(aq.java:9826)
	at aq.ij(aq.java:9826)
	at aq.ij(aq.java:9826)
	at fj.iy(fj.java:9684)
	at client.gg(client.java:4609)
	at client.v(client.java:1609)
	at ai.q(ai.java:413)
	at ai.run(ai.java:367)
	at java.base/java.lang.Thread.run(Unknown Source)
2021-11-14 17:06:18 [OkHttp https://api.runelite.net/...] WARN  n.runelite.client.eventbus.EventBus - Uncaught exception in event subscriber
java.lang.NullPointerException: null
	at com.google.common.base.Preconditions.checkNotNull(Preconditions.java:871)
	at com.google.common.base.Splitter.splitToList(Splitter.java:408)
	at net.runelite.client.util.Text.fromCSV(Text.java:62)
	at com.banktaglayouts.BankTagLayoutsPlugin.handlePotentialTagRename(BankTagLayoutsPlugin.java:297)
	at com.banktaglayouts.BankTagLayoutsPlugin.onConfigChanged(BankTagLayoutsPlugin.java:291)
	at net.runelite.client.eventbus.EventBus$Subscriber.invoke(EventBus.java:70)
	at net.runelite.client.eventbus.EventBus.post(EventBus.java:223)
	at net.runelite.client.config.ConfigManager.swapProperties(ConfigManager.java:294)
	at net.runelite.client.config.ConfigManager.loadFromFile(ConfigManager.java:367)
	at net.runelite.client.config.ConfigManager.load(ConfigManager.java:226)
	at net.runelite.client.config.ConfigManager.switchSession(ConfigManager.java:180)
	at net.runelite.client.account.SessionManager.openSession(SessionManager.java:165)
	at net.runelite.client.account.SessionManager.onLoginResponse(SessionManager.java:236)
	at net.runelite.client.eventbus.EventBus$Subscriber.invoke(EventBus.java:70)
	at net.runelite.client.eventbus.EventBus.post(EventBus.java:223)
	at net.runelite.client.ws.WSClient.onMessage(WSClient.java:181)
	at okhttp3.internal.ws.RealWebSocket.onReadMessage(RealWebSocket.java:322)
	at okhttp3.internal.ws.WebSocketReader.readMessageFrame(WebSocketReader.java:219)
	at okhttp3.internal.ws.WebSocketReader.processNextFrame(WebSocketReader.java:105)
	at okhttp3.internal.ws.RealWebSocket.loopReader(RealWebSocket.java:273)
	at okhttp3.internal.ws.RealWebSocket$1.onResponse(RealWebSocket.java:209)
	at okhttp3.RealCall$AsyncCall.execute(RealCall.java:174)
	at okhttp3.internal.NamedRunnable.run(NamedRunnable.java:32)
	at java.base/java.util.concurrent.ThreadPoolExecutor.runWorker(Unknown Source)
	at java.base/java.util.concurrent.ThreadPoolExecutor$Worker.run(Unknown Source)
	at java.base/java.lang.Thread.run(Unknown Source)
2021-11-14 17:06:18 [OkHttp https://api.runelite.net/...] WARN  n.runelite.client.eventbus.EventBus - Uncaught exception in event subscriber
java.lang.NullPointerException: null
	at begosrs.barbarianassault.BaMinigamePlugin.onConfigChanged(BaMinigamePlugin.java:416)
	at net.runelite.client.eventbus.EventBus$Subscriber.invoke(EventBus.java:70)
	at net.runelite.client.eventbus.EventBus.post(EventBus.java:223)
	at net.runelite.client.config.ConfigManager.swapProperties(ConfigManager.java:294)
	at net.runelite.client.config.ConfigManager.loadFromFile(ConfigManager.java:367)
	at net.runelite.client.config.ConfigManager.load(ConfigManager.java:226)
	at net.runelite.client.config.ConfigManager.switchSession(ConfigManager.java:180)
	at net.runelite.client.account.SessionManager.openSession(SessionManager.java:165)
	at net.runelite.client.account.SessionManager.onLoginResponse(SessionManager.java:236)
	at net.runelite.client.eventbus.EventBus$Subscriber.invoke(EventBus.java:70)
	at net.runelite.client.eventbus.EventBus.post(EventBus.java:223)
	at net.runelite.client.ws.WSClient.onMessage(WSClient.java:181)
	at okhttp3.internal.ws.RealWebSocket.onReadMessage(RealWebSocket.java:322)
	at okhttp3.internal.ws.WebSocketReader.readMessageFrame(WebSocketReader.java:219)
	at okhttp3.internal.ws.WebSocketReader.processNextFrame(WebSocketReader.java:105)
	at okhttp3.internal.ws.RealWebSocket.loopReader(RealWebSocket.java:273)
	at okhttp3.internal.ws.RealWebSocket$1.onResponse(RealWebSocket.java:209)
	at okhttp3.RealCall$AsyncCall.execute(RealCall.java:174)
	at okhttp3.internal.NamedRunnable.run(NamedRunnable.java:32)
	at java.base/java.util.concurrent.ThreadPoolExecutor.runWorker(Unknown Source)
	at java.base/java.util.concurrent.ThreadPoolExecutor$Worker.run(Unknown Source)
	at java.base/java.lang.Thread.run(Unknown Source)
2021-11-14 17:06:18 [OkHttp https://api.runelite.net/...] WARN  n.runelite.client.eventbus.EventBus - Uncaught exception in event subscriber
java.lang.NullPointerException: null
	at begosrs.barbarianassault.BaMinigamePlugin.onConfigChanged(BaMinigamePlugin.java:400)
	at net.runelite.client.eventbus.EventBus$Subscriber.invoke(EventBus.java:70)
	at net.runelite.client.eventbus.EventBus.post(EventBus.java:223)
	at net.runelite.client.config.ConfigManager.setConfiguration(ConfigManager.java:525)
	at net.runelite.client.config.ConfigManager.setConfiguration(ConfigManager.java:487)
	at net.runelite.client.config.ConfigInvocationHandler.invoke(ConfigInvocationHandler.java:159)
	at com.sun.proxy.$Proxy162.setGroundItemsPluginHighlightedList(Unknown Source)
	at begosrs.barbarianassault.BaMinigamePlugin.setGroundItemsPluginLists(BaMinigamePlugin.java:1439)
	at begosrs.barbarianassault.BaMinigamePlugin.onConfigChanged(BaMinigamePlugin.java:390)
	at net.runelite.client.eventbus.EventBus$Subscriber.invoke(EventBus.java:70)
	at net.runelite.client.eventbus.EventBus.post(EventBus.java:223)
	at net.runelite.client.config.ConfigManager.swapProperties(ConfigManager.java:294)
	at net.runelite.client.config.ConfigManager.loadFromFile(ConfigManager.java:367)
	at net.runelite.client.config.ConfigManager.load(ConfigManager.java:226)
	at net.runelite.client.config.ConfigManager.switchSession(ConfigManager.java:180)
	at net.runelite.client.account.SessionManager.openSession(SessionManager.java:165)
	at net.runelite.client.account.SessionManager.onLoginResponse(SessionManager.java:236)
	at net.runelite.client.eventbus.EventBus$Subscriber.invoke(EventBus.java:70)
	at net.runelite.client.eventbus.EventBus.post(EventBus.java:223)
	at net.runelite.client.ws.WSClient.onMessage(WSClient.java:181)
	at okhttp3.internal.ws.RealWebSocket.onReadMessage(RealWebSocket.java:322)
	at okhttp3.internal.ws.WebSocketReader.readMessageFrame(WebSocketReader.java:219)
	at okhttp3.internal.ws.WebSocketReader.processNextFrame(WebSocketReader.java:105)
	at okhttp3.internal.ws.RealWebSocket.loopReader(RealWebSocket.java:273)
	at okhttp3.internal.ws.RealWebSocket$1.onResponse(RealWebSocket.java:209)
	at okhttp3.RealCall$AsyncCall.execute(RealCall.java:174)
	at okhttp3.internal.NamedRunnable.run(NamedRunnable.java:32)
	at java.base/java.util.concurrent.ThreadPoolExecutor.runWorker(Unknown Source)
	at java.base/java.util.concurrent.ThreadPoolExecutor$Worker.run(Unknown Source)
	at java.base/java.lang.Thread.run(Unknown Source)
2021-11-14 17:06:18 [OkHttp https://api.runelite.net/...] WARN  n.runelite.client.eventbus.EventBus - Uncaught exception in event subscriber
java.lang.NullPointerException: null
	at begosrs.barbarianassault.BaMinigamePlugin.onConfigChanged(BaMinigamePlugin.java:408)
	at net.runelite.client.eventbus.EventBus$Subscriber.invoke(EventBus.java:70)
	at net.runelite.client.eventbus.EventBus.post(EventBus.java:223)
	at net.runelite.client.config.ConfigManager.setConfiguration(ConfigManager.java:525)
	at net.runelite.client.config.ConfigManager.setConfiguration(ConfigManager.java:487)
	at net.runelite.client.config.ConfigInvocationHandler.invoke(ConfigInvocationHandler.java:159)
	at com.sun.proxy.$Proxy162.setGroundItemsPluginHiddenList(Unknown Source)
	at begosrs.barbarianassault.BaMinigamePlugin.setGroundItemsPluginLists(BaMinigamePlugin.java:1440)
	at begosrs.barbarianassault.BaMinigamePlugin.onConfigChanged(BaMinigamePlugin.java:390)
	at net.runelite.client.eventbus.EventBus$Subscriber.invoke(EventBus.java:70)
	at net.runelite.client.eventbus.EventBus.post(EventBus.java:223)
	at net.runelite.client.config.ConfigManager.swapProperties(ConfigManager.java:294)
	at net.runelite.client.config.ConfigManager.loadFromFile(ConfigManager.java:367)
	at net.runelite.client.config.ConfigManager.load(ConfigManager.java:226)
	at net.runelite.client.config.ConfigManager.switchSession(ConfigManager.java:180)
	at net.runelite.client.account.SessionManager.openSession(SessionManager.java:165)
	at net.runelite.client.account.SessionManager.onLoginResponse(SessionManager.java:236)
	at net.runelite.client.eventbus.EventBus$Subscriber.invoke(EventBus.java:70)
	at net.runelite.client.eventbus.EventBus.post(EventBus.java:223)
	at net.runelite.client.ws.WSClient.onMessage(WSClient.java:181)
	at okhttp3.internal.ws.RealWebSocket.onReadMessage(RealWebSocket.java:322)
	at okhttp3.internal.ws.WebSocketReader.readMessageFrame(WebSocketReader.java:219)
	at okhttp3.internal.ws.WebSocketReader.processNextFrame(WebSocketReader.java:105)
	at okhttp3.internal.ws.RealWebSocket.loopReader(RealWebSocket.java:273)
	at okhttp3.internal.ws.RealWebSocket$1.onResponse(RealWebSocket.java:209)
	at okhttp3.RealCall$AsyncCall.execute(RealCall.java:174)
	at okhttp3.internal.NamedRunnable.run(NamedRunnable.java:32)
	at java.base/java.util.concurrent.ThreadPoolExecutor.runWorker(Unknown Source)
	at java.base/java.util.concurrent.ThreadPoolExecutor$Worker.run(Unknown Source)
	at java.base/java.lang.Thread.run(Unknown Source)
2021-11-14 17:06:18 [OkHttp https://api.runelite.net/...] WARN  n.runelite.client.eventbus.EventBus - Uncaught exception in event subscriber
java.lang.NullPointerException: null
	at begosrs.barbarianassault.BaMinigamePlugin.onConfigChanged(BaMinigamePlugin.java:416)
	at net.runelite.client.eventbus.EventBus$Subscriber.invoke(EventBus.java:70)
	at net.runelite.client.eventbus.EventBus.post(EventBus.java:223)
	at net.runelite.client.config.ConfigManager.setConfiguration(ConfigManager.java:525)
	at net.runelite.client.config.ConfigManager.setConfiguration(ConfigManager.java:487)
	at net.runelite.client.config.ConfigInvocationHandler.invoke(ConfigInvocationHandler.java:159)
	at com.sun.proxy.$Proxy162.setBarbarianAssaultConfigs(Unknown Source)
	at begosrs.barbarianassault.BaMinigamePlugin.onConfigChanged(BaMinigamePlugin.java:305)
	at net.runelite.client.eventbus.EventBus$Subscriber.invoke(EventBus.java:70)
	at net.runelite.client.eventbus.EventBus.post(EventBus.java:223)
	at net.runelite.client.config.ConfigManager.swapProperties(ConfigManager.java:294)
	at net.runelite.client.config.ConfigManager.loadFromFile(ConfigManager.java:367)
	at net.runelite.client.config.ConfigManager.load(ConfigManager.java:226)
	at net.runelite.client.config.ConfigManager.switchSession(ConfigManager.java:180)
	at net.runelite.client.account.SessionManager.openSession(SessionManager.java:165)
	at net.runelite.client.account.SessionManager.onLoginResponse(SessionManager.java:236)
	at net.runelite.client.eventbus.EventBus$Subscriber.invoke(EventBus.java:70)
	at net.runelite.client.eventbus.EventBus.post(EventBus.java:223)
	at net.runelite.client.ws.WSClient.onMessage(WSClient.java:181)
	at okhttp3.internal.ws.RealWebSocket.onReadMessage(RealWebSocket.java:322)
	at okhttp3.internal.ws.WebSocketReader.readMessageFrame(WebSocketReader.java:219)
	at okhttp3.internal.ws.WebSocketReader.processNextFrame(WebSocketReader.java:105)
	at okhttp3.internal.ws.RealWebSocket.loopReader(RealWebSocket.java:273)
	at okhttp3.internal.ws.RealWebSocket$1.onResponse(RealWebSocket.java:209)
	at okhttp3.RealCall$AsyncCall.execute(RealCall.java:174)
	at okhttp3.internal.NamedRunnable.run(NamedRunnable.java:32)
	at java.base/java.util.concurrent.ThreadPoolExecutor.runWorker(Unknown Source)
	at java.base/java.util.concurrent.ThreadPoolExecutor$Worker.run(Unknown Source)
	at java.base/java.lang.Thread.run(Unknown Source)
2021-11-14 17:06:19 [Client] INFO  n.r.client.config.ConfigManager - creating new profile rsprofile.PxemYzLA for user victorrunescapelol1@gmail.com (STANDARD) salt kFTdGIP5qDtTGmseOATb
2021-11-14 17:06:19 [pool-3-thread-1] INFO  n.r.c.e.ExternalPluginManager - Stopping external plugin "class com.menuhp.MenuHpPlugin"
2021-11-14 17:06:19 [pool-3-thread-1] INFO  n.r.c.e.ExternalPluginManager - Stopping external plugin "class com.majesty373.springgarden.SpringGardenPlugin"
2021-11-14 17:06:20 [pool-3-thread-1] INFO  n.r.c.e.ExternalPluginManager - Stopping external plugin "class com.larsvansoest.runelite.clueitems.EmoteClueItemsPlugin"
2021-11-14 17:06:20 [pool-3-thread-1] INFO  n.r.c.e.ExternalPluginManager - Stopping external plugin "class com.pip.PictureInPicturePlugin"
2021-11-14 17:06:20 [pool-3-thread-1] INFO  n.r.c.e.ExternalPluginManager - Stopping external plugin "class com.bankmemory.BankMemoryPlugin"
2021-11-14 17:06:20 [pool-3-thread-1] INFO  n.r.c.e.ExternalPluginManager - Stopping external plugin "class dekvall.notempty.NotEmptyPlugin"
2021-11-14 17:06:20 [AWT-EventQueue-0] INFO  dekvall.notempty.NotEmptyPlugin - Not Empty stopped!
2021-11-14 17:06:20 [pool-3-thread-1] INFO  n.r.c.e.ExternalPluginManager - Stopping external plugin "class com.github.m0bilebtw.CEngineerCompletedPlugin"
2021-11-14 17:06:20 [pool-3-thread-1] INFO  n.r.c.e.ExternalPluginManager - Stopping external plugin "class com.kittentracker.KittenPlugin"
2021-11-14 17:06:20 [pool-3-thread-1] INFO  n.r.c.e.ExternalPluginManager - Stopping external plugin "class chestnut1693.batslocator.BatsLocatorPlugin"
2021-11-14 17:06:20 [pool-3-thread-1] INFO  n.r.c.e.ExternalPluginManager - Stopping external plugin "class thestonedturtle.bankedexperience.BankedExperiencePlugin"
2021-11-14 17:06:20 [pool-3-thread-1] INFO  n.r.c.e.ExternalPluginManager - Stopping external plugin "class com.banktaglayouts.BankTagLayoutsPlugin"
2021-11-14 17:06:20 [pool-3-thread-1] INFO  n.r.c.e.ExternalPluginManager - Stopping external plugin "class com.adriansoftware.BankHistoryPlugin"
2021-11-14 17:06:20 [pool-3-thread-1] INFO  n.r.c.e.ExternalPluginManager - Stopping external plugin "class at.nightfirec.fightcavewaves.FightCaveWavesPlugin"
2021-11-14 17:06:20 [pool-3-thread-1] INFO  n.r.c.e.ExternalPluginManager - Stopping external plugin "class com.github.m0bilebtw.SkillsTabProgressBarsPlugin"
2021-11-14 17:06:20 [pool-3-thread-1] INFO  n.r.c.e.ExternalPluginManager - Stopping external plugin "class begosrs.barbarianassault.BaMinigamePlugin"
2021-11-14 17:06:20 [pool-3-thread-1] INFO  n.r.c.e.ExternalPluginManager - Stopping external plugin "class rs117.hd.HdPlugin"
2021-11-14 17:06:20 [pool-3-thread-1] INFO  n.r.c.e.ExternalPluginManager - Stopping external plugin "class com.questhelper.QuestHelperPlugin"
2021-11-14 17:06:20 [pool-3-thread-1] INFO  n.r.c.e.ExternalPluginManager - Stopping external plugin "class com.tempoross.TemporossPlugin"
2021-11-14 17:06:20 [pool-3-thread-1] INFO  n.r.c.e.ExternalPluginManager - Stopping external plugin "class psyda.banktabnames.BankTabNamesPlugin"
2021-11-14 17:06:23 [Client] INFO  rs117.hd.HdPlugin - Using device: NVIDIA GeForce RTX 2080/PCIe/SSE2
2021-11-14 17:06:23 [Client] INFO  rs117.hd.HdPlugin - Using driver: 4.6.0 NVIDIA 496.49
2021-11-14 17:06:52 [OkHttp https://api.runelite.net/...] INFO  net.runelite.client.ws.WSClient - Websocket okhttp3.internal.ws.RealWebSocket@2564be07 closed: 1000/
2021-11-14 17:06:52 [pool-3-thread-1] INFO  n.r.c.e.ExternalPluginManager - Loading external plugin "menuhp" version "1.1.1" commit "5217b8f9f14ddadad739527c33e609a2c1b8b3fd"
2021-11-14 17:06:52 [pool-3-thread-1] INFO  n.r.c.e.ExternalPluginManager - Loading external plugin "spring-garden" version "1.1.0" commit "a107035b8e77cd82ea5a2c007c913531611130ed"
2021-11-14 17:06:52 [pool-3-thread-1] INFO  n.r.c.e.ExternalPluginManager - Loading external plugin "emote-clue-items" version "3.2.1" commit "a4ae4ad4e62801234bd71fe3ff981e67b74c9dc9"
2021-11-14 17:06:54 [pool-3-thread-1] INFO  n.r.c.e.ExternalPluginManager - Loading external plugin "picture-in-picture" version "1.4.1" commit "32688a78c119187be8c33c62cf56f990fe9bb688"
2021-11-14 17:06:54 [pool-3-thread-1] INFO  n.r.c.e.ExternalPluginManager - Loading external plugin "bank-memory" version "1.1.2" commit "9521135d3c696071c018f48d9709320f389eda89"
2021-11-14 17:06:54 [pool-3-thread-1] INFO  n.r.c.e.ExternalPluginManager - Loading external plugin "not-empty" version "1.0" commit "e49ec7cc3927e911337ad48bd530cb52f5365183"
2021-11-14 17:06:54 [AWT-EventQueue-0] INFO  dekvall.notempty.NotEmptyPlugin - Not Empty started!
2021-11-14 17:06:54 [pool-3-thread-1] INFO  n.r.c.e.ExternalPluginManager - Loading external plugin "c-engineer-completed" version "0.2.1" commit "f7eafb03e65639fddd214d701fdf2cd262189ac1"
2021-11-14 17:06:54 [pool-3-thread-1] INFO  n.r.c.e.ExternalPluginManager - Loading external plugin "kitten-tracker" version "10e37f7e" commit "10e37f7ed5f2a171310987c44530878db4b8d011"
2021-11-14 17:06:54 [pool-3-thread-1] INFO  n.r.c.e.ExternalPluginManager - Loading external plugin "bats-locator" version "890cefa0" commit "890cefa0a95a734abc15a6b1f0681276c5c78c4d"
2021-11-14 17:06:54 [pool-3-thread-1] INFO  n.r.c.e.ExternalPluginManager - Loading external plugin "banked-experience" version "2.0.9" commit "288bc92bc61e623a7466c31702bdda2488843489"
2021-11-14 17:06:54 [pool-3-thread-1] INFO  n.r.c.e.ExternalPluginManager - Loading external plugin "bank-tag-layouts" version "1.4.7" commit "efad26a27e73da4a80e482980383afb433a85be0"
2021-11-14 17:06:54 [pool-3-thread-1] INFO  n.r.c.e.ExternalPluginManager - Loading external plugin "bank-value-tracker" version "757b7b33" commit "757b7b33bdfc27ba24d57fd22a15456f75558d00"
2021-11-14 17:06:54 [pool-3-thread-1] INFO  n.r.c.e.ExternalPluginManager - Loading external plugin "fight-cave-waves" version "1.2" commit "51790d94159cbb85893de04d90efc5c0c20d819a"
2021-11-14 17:06:54 [pool-3-thread-1] INFO  n.r.c.e.ExternalPluginManager - Loading external plugin "skills-tab-progress-bars" version "1.1" commit "18047c3808d093a5f906036db1ae7f9a137f653e"
2021-11-14 17:06:54 [pool-3-thread-1] INFO  n.r.c.e.ExternalPluginManager - Loading external plugin "ba-minigame" version "1.42" commit "92da92790bd4657bb14e99cde01308bec94a2809"
2021-11-14 17:06:54 [pool-3-thread-1] INFO  n.r.c.e.ExternalPluginManager - Loading external plugin "117hd" version "1.0.8" commit "1d290f6d64c44acd306dfdc84553952ebc96b03e"
2021-11-14 17:06:55 [pool-3-thread-1] INFO  n.r.c.e.ExternalPluginManager - Loading external plugin "quest-helper" version "2.6.1" commit "68a62a0f64174b4ddfeac810557f1e04ec54423b"
2021-11-14 17:06:56 [pool-3-thread-1] INFO  n.r.c.e.ExternalPluginManager - Loading external plugin "tempoross" version "1.2" commit "af72eacca6df48b132232cb4dd5775b225fa2e5e"
2021-11-14 17:06:56 [pool-3-thread-1] INFO  n.r.c.e.ExternalPluginManager - Loading external plugin "bank-tab-names" version "1.0.0" commit "524316bc3b36abca7ca0ecbf84636f79f54b376a"
2021-11-14 17:06:57 [Client] INFO  n.r.client.plugins.gpu.GpuPlugin - Using device: NVIDIA GeForce RTX 2080/PCIe/SSE2
2021-11-14 17:06:57 [Client] INFO  n.r.client.plugins.gpu.GpuPlugin - Using driver: 4.6.0 NVIDIA 496.49
2021-11-14 17:06:57 [Client] WARN  n.r.client.callback.ClientThread - Exception in invoke
java.lang.NullPointerException: null
	at com.banktaglayouts.BankTagLayoutsPlugin.updateButton(BankTagLayoutsPlugin.java:188)
	at com.banktaglayouts.BankTagLayoutsPlugin.lambda$startUp$4(BankTagLayoutsPlugin.java:254)
	at net.runelite.client.callback.ClientThread.lambda$invokeLater$1(ClientThread.java:79)
	at net.runelite.client.callback.ClientThread.invoke(ClientThread.java:99)
	at net.runelite.client.callback.Hooks.tick(Hooks.java:193)
	at client.rj(client.java:5730)
	at client.h(client.java)
	at ai.oz(ai.java:387)
	at ai.run(ai.java:366)
	at java.base/java.lang.Thread.run(Unknown Source)
2021-11-14 17:07:06 [OkHttp https://api.runelite.net/...] INFO  net.runelite.client.ws.WSClient - Websocket okhttp3.internal.ws.RealWebSocket@743e2182 opened
2021-11-14 19:05:21 [OkHttp https://crystalmathlabs.com/...] WARN  n.r.c.p.xpupdater.XpUpdaterPlugin - Error submitting CrystalMathLabs update, caused by timeout.
