2021-09-23 15:17:50 [RuneLite] INFO  net.runelite.client.RuneLite - RuneLite 1.7.24 (launcher version 2.1.3) starting up, args: none
2021-09-23 15:17:51 [Preloader] INFO  net.runelite.client.rs.ClientLoader - Using cached vanilla client
2021-09-23 15:17:51 [Preloader] INFO  net.runelite.client.rs.ClientLoader - Using cached patched client
2021-09-23 15:17:52 [Preloader] INFO  net.runelite.client.rs.ClientLoader - client-patch 1583155852.255
2021-09-23 15:17:54 [RuneLite] INFO  n.r.c.plugins.kourendlibrary.Library - Library is now reset
2021-09-23 15:17:56 [RuneLite] INFO  n.r.c.e.ExternalPluginManager - Loading external plugin "skills-tab-progress-bars" version "0.8" commit "edad37606858fb22dcea07ac9bb1f9324d737a80"
2021-09-23 15:17:56 [RuneLite] INFO  n.r.c.e.ExternalPluginManager - Loading external plugin "chatbox-opacity" version "dbee9ba4" commit "dbee9ba4e138cae2467354fc169d9c34dcac3162"
2021-09-23 15:17:56 [RuneLite] INFO  n.r.c.e.ExternalPluginManager - Loading external plugin "zalcano" version "e7fde457" commit "e7fde4576c9dbeb76efe5796f656dfe66f3d6fcb"
2021-09-23 15:17:56 [RuneLite] INFO  n.r.c.e.ExternalPluginManager - Loading external plugin "stealing-artefacts" version "1.1" commit "d4ccb8955208137981bf636121ba1c87ab453108"
2021-09-23 15:17:56 [RuneLite] INFO  n.r.c.e.ExternalPluginManager - Loading external plugin "not-empty" version "1.0" commit "e49ec7cc3927e911337ad48bd530cb52f5365183"
2021-09-23 15:17:56 [RuneLite] INFO  n.r.c.e.ExternalPluginManager - Loading external plugin "profiles-panel" version "1.1.4" commit "c2dd59dcdf324df01c54aeba4cce4577c645f642"
2021-09-23 15:17:56 [RuneLite] INFO  n.r.c.e.ExternalPluginManager - Loading external plugin "crab-solver" version "1.2" commit "a81701ff28b1c0f0790bd0bd9a927c140d3a3e97"
2021-09-23 15:17:56 [RuneLite] INFO  n.r.c.e.ExternalPluginManager - Loading external plugin "watson-clue-tracker" version "1.0.4" commit "7c098357d4cc593e77df77f5377ad77af676f1ee"
2021-09-23 15:17:56 [RuneLite] INFO  n.r.c.e.ExternalPluginManager - Loading external plugin "quest-helper" version "2.5.1" commit "c8359864f798c9557a2ecc83e589438b9d7a7414"
2021-09-23 15:17:56 [RuneLite] INFO  n.r.c.e.ExternalPluginManager - Loading external plugin "equipment-inspector" version "1.2" commit "c0018d299bb4a3dd4ef971a72bfdc776a42f0ff8"
2021-09-23 15:17:56 [RuneLite] INFO  n.r.c.e.ExternalPluginManager - Loading external plugin "cox-additions" version "40d2ba90" commit "40d2ba90edd8ad23a578c40e8e6ecaaa5eb226fd"
2021-09-23 15:17:56 [RuneLite] INFO  n.r.c.e.ExternalPluginManager - Loading external plugin "gauntlet" version "1.0.0" commit "e928b24970bd234aad16c3ec3d9005735b852c08"
2021-09-23 15:17:56 [RuneLite] INFO  n.r.c.e.ExternalPluginManager - Loading external plugin "the-gauntlet" version "4e13d3eb" commit "4e13d3ebdf7da91f96c3a47856b2ac19de1e48c8"
2021-09-23 15:17:56 [RuneLite] INFO  n.r.c.e.ExternalPluginManager - Loading external plugin "117hd" version "1.0.3" commit "58772d5fc057c04b06eb6377ed85a70215153e32"
2021-09-23 15:17:56 [RuneLite] INFO  n.r.c.e.ExternalPluginManager - Loading external plugin "slash-swapper" version "0870d527" commit "0870d527aa88e8c75ec110127d533b21f0e6b83a"
2021-09-23 15:17:56 [RuneLite] INFO  n.r.c.e.ExternalPluginManager - Loading external plugin "pet-info" version "4.0" commit "dce286070830a322969f2024856c5e65fca9c89a"
2021-09-23 15:17:56 [RuneLite] INFO  n.r.c.e.ExternalPluginManager - Loading external plugin "bank-tab-names" version "1.0.0" commit "524316bc3b36abca7ca0ecbf84636f79f54b376a"
2021-09-23 15:17:56 [RuneLite] INFO  n.r.c.e.ExternalPluginManager - Loading external plugin "zulrah-helper" version "1.2.1" commit "a10c7242ee25809705985883ad297e89962b9b85"
2021-09-23 15:17:56 [RuneLite] INFO  n.r.c.e.ExternalPluginManager - Loading external plugin "picture-in-picture" version "1.4" commit "8549d0a901a4f448a9d49ae91966357bfc97455b"
2021-09-23 15:17:56 [RuneLite] INFO  n.r.c.e.ExternalPluginManager - Loading external plugin "inventory-setups" version "v1.11" commit "1057b3453d51b02d5f48e37bd702ce4da6ed0eaf"
2021-09-23 15:17:56 [RuneLite] INFO  n.r.c.e.ExternalPluginManager - Loading external plugin "chompy-hunter" version "1.2" commit "dd55d418a7412bfb169fb74e7a27fc872a3dbe01"
2021-09-23 15:17:56 [RuneLite] INFO  n.r.c.e.ExternalPluginManager - Loading external plugin "tempoross" version "1.1" commit "d25d396318e7646171deceabaaae66b9e4059ba3"
2021-09-23 15:17:56 [RuneLite] INFO  n.r.c.e.ExternalPluginManager - Loading external plugin "banked-experience" version "2.0.8" commit "cb7235902f37254d24699c38971f9f58c5a4c991"
2021-09-23 15:17:56 [RuneLite] INFO  n.r.c.e.ExternalPluginManager - Loading external plugin "supplies-tracker" version "2.01" commit "79432ec85d1aafa0d1f8f66451a6c1c6f6f7303e"
2021-09-23 15:17:56 [RuneLite] INFO  n.r.c.e.ExternalPluginManager - Loading external plugin "resource-packs" version "1.4.3" commit "c97b20634e7976d35cfd2d73a8ca6cf8866b55dd"
2021-09-23 15:17:56 [RuneLite] INFO  n.r.c.e.ExternalPluginManager - Loading external plugin "transmog" version "1.2.1" commit "ba64c8ad20fe00f663ef69dfb6f9213efe441cf8"
2021-09-23 15:17:56 [RuneLite] INFO  n.r.c.e.ExternalPluginManager - Loading external plugin "bats-locator" version "890cefa0" commit "890cefa0a95a734abc15a6b1f0681276c5c78c4d"
2021-09-23 15:17:56 [RuneLite] INFO  n.r.c.e.ExternalPluginManager - Loading external plugin "cox-light-colors" version "1.3.2" commit "6a45d1c702f56bfb9ce146efc4160312fae5d963"
2021-09-23 15:17:56 [RuneLite] INFO  n.r.c.e.ExternalPluginManager - Loading external plugin "damage-counter" version "1.6" commit "393187db8d2554ff47e7022b05f379bc31c38663"
2021-09-23 15:17:56 [RuneLite] INFO  n.r.c.e.ExternalPluginManager - Loading external plugin "raid-reloader" version "415a4b71" commit "415a4b71a6f94f9f10345f5c825ab1109bc7cb07"
2021-09-23 15:17:56 [RuneLite] INFO  n.r.c.e.ExternalPluginManager - Loading external plugin "menu-swapper-extended" version "1.8" commit "3d39d5bedf4d8c423c4532b8cd611e70b7e98257"
2021-09-23 15:17:56 [RuneLite] INFO  n.r.c.e.ExternalPluginManager - Loading external plugin "bank-value-tracker" version "757b7b33" commit "757b7b33bdfc27ba24d57fd22a15456f75558d00"
2021-09-23 15:17:56 [RuneLite] INFO  n.r.c.e.ExternalPluginManager - Loading external plugin "elysiumevents-plugin" version "857ab9e3" commit "857ab9e310e22a83a00d5de55024c94166c1834f"
2021-09-23 15:17:56 [RuneLite] INFO  n.r.c.e.ExternalPluginManager - Loading external plugin "fight-cave-waves" version "1.2" commit "51790d94159cbb85893de04d90efc5c0c20d819a"
2021-09-23 15:17:56 [RuneLite] INFO  n.r.c.e.ExternalPluginManager - Loading external plugin "loot-table" version "1.0.1" commit "1f17b17c7e0b6a6843b27e4305029a0d2ebb2260"
2021-09-23 15:17:56 [RuneLite] INFO  n.r.c.e.ExternalPluginManager - Loading external plugin "optimal-quest-guide" version "cbafa444" commit "cbafa4440bc08f6f93727730cd27fe5f15083d87"
2021-09-23 15:17:56 [RuneLite] INFO  n.r.c.e.ExternalPluginManager - Loading external plugin "ba-minigame" version "1.42" commit "92da92790bd4657bb14e99cde01308bec94a2809"
2021-09-23 15:17:56 [RuneLite] INFO  n.r.c.e.ExternalPluginManager - Loading external plugin "improved-tears-of-guthix-interface" version "1.1" commit "adaae7dbe3ff3710e47eba12a32dfe1d71dd14c9"
2021-09-23 15:17:56 [RuneLite] INFO  n.r.c.e.ExternalPluginManager - Loading external plugin "crab-stun-timers" version "b0e7ad22" commit "b0e7ad22a6018fed3cdcd105d6a1873a242e75e3"
2021-09-23 15:17:57 [RuneLite] INFO  n.r.client.discord.DiscordService - Initializing Discord RPC service.
2021-09-23 15:17:59 [pool-3-thread-1] INFO  n.r.client.discord.DiscordService - Discord RPC service is ready with user Victor.
2021-09-23 15:18:00 [AWT-EventQueue-0] INFO  dekvall.notempty.NotEmptyPlugin - Not Empty started!
2021-09-23 15:18:01 [AWT-EventQueue-0] INFO  com.zalcano.ZalcanoPlugin - Zalcano plugin started
2021-09-23 15:18:01 [RuneLite] INFO  net.runelite.client.RuneLite - Client initialization took 11204ms. Uptime: 15463ms
2021-09-23 15:18:01 [AWT-EventQueue-0] INFO  net.runelite.client.ui.ClientUI - Showing frame net.runelite.client.ui.ContainableFrame[frame0,735,83,809x854,layout=java.awt.BorderLayout,title=RuneLite,resizable,normal,defaultCloseOperation=DO_NOTHING_ON_CLOSE,rootPane=javax.swing.JRootPane[,0,0,809x854,layout=org.pushingpixels.substance.internal.ui.SubstanceRootPaneUI$SubstanceRootLayout,alignmentX=0.0,alignmentY=0.0,border=org.pushingpixels.substance.internal.utils.border.SubstancePaneBorder@7fa6e8df,flags=16777673,maximumSize=,minimumSize=,preferredSize=],rootPaneCheckingEnabled=true]
2021-09-23 15:18:11 [OkHttp https://api.runelite.net/...] WARN  n.r.http.api.config.ConfigClient - failed to synchronize some of 2 configuration values: {"timestamp":"Sep 23, 2021 1:18:15 PM","status":401,"error":"Unauthorized","message":"Access denied","path":"/runelite-1.7.24/config"}
2021-09-23 15:18:12 [AWT-EventQueue-0] ERROR net.runelite.client.RuneLite - Uncaught exception:
java.lang.NullPointerException: null
	at net.runelite.client.plugins.party.PartyPlugin.lambda$onPartyChanged$7(PartyPlugin.java:590)
	at java.desktop/java.awt.event.InvocationEvent.dispatch(Unknown Source)
	at java.desktop/java.awt.EventQueue.dispatchEventImpl(Unknown Source)
	at java.desktop/java.awt.EventQueue$4.run(Unknown Source)
	at java.desktop/java.awt.EventQueue$4.run(Unknown Source)
	at java.base/java.security.AccessController.doPrivileged(Native Method)
	at java.base/java.security.ProtectionDomain$JavaSecurityAccessImpl.doIntersectionPrivilege(Unknown Source)
	at java.desktop/java.awt.EventQueue.dispatchEvent(Unknown Source)
	at java.desktop/java.awt.EventDispatchThread.pumpOneEventForFilters(Unknown Source)
	at java.desktop/java.awt.EventDispatchThread.pumpEventsForFilter(Unknown Source)
	at java.desktop/java.awt.EventDispatchThread.pumpEventsForHierarchy(Unknown Source)
	at java.desktop/java.awt.EventDispatchThread.pumpEvents(Unknown Source)
	at java.desktop/java.awt.EventDispatchThread.pumpEvents(Unknown Source)
	at java.desktop/java.awt.WaitDispatchSupport$2.run(Unknown Source)
	at java.desktop/java.awt.WaitDispatchSupport$4.run(Unknown Source)
	at java.desktop/java.awt.WaitDispatchSupport$4.run(Unknown Source)
	at java.base/java.security.AccessController.doPrivileged(Native Method)
	at java.desktop/java.awt.WaitDispatchSupport.enter(Unknown Source)
	at net.runelite.client.util.SwingUtil.pumpPendingEvents(SwingUtil.java:311)
	at net.runelite.client.util.SwingUtil.fastRemoveAll(SwingUtil.java:289)
	at net.runelite.client.util.SwingUtil.fastRemoveAll(SwingUtil.java:283)
	at net.runelite.client.util.SwingUtil.fastRemoveAll(SwingUtil.java:283)
	at net.runelite.client.util.SwingUtil.fastRemoveAll(SwingUtil.java:283)
	at net.runelite.client.plugins.loottracker.LootTrackerPanel.rebuild(LootTrackerPanel.java:451)
	at net.runelite.client.plugins.loottracker.LootTrackerPanel.updateIgnoredRecords(LootTrackerPanel.java:443)
	at java.desktop/java.awt.event.InvocationEvent.dispatch(Unknown Source)
	at java.desktop/java.awt.EventQueue.dispatchEventImpl(Unknown Source)
	at java.desktop/java.awt.EventQueue$4.run(Unknown Source)
	at java.desktop/java.awt.EventQueue$4.run(Unknown Source)
	at java.base/java.security.AccessController.doPrivileged(Native Method)
	at java.base/java.security.ProtectionDomain$JavaSecurityAccessImpl.doIntersectionPrivilege(Unknown Source)
	at java.desktop/java.awt.EventQueue.dispatchEvent(Unknown Source)
	at java.desktop/java.awt.EventDispatchThread.pumpOneEventForFilters(Unknown Source)
	at java.desktop/java.awt.EventDispatchThread.pumpEventsForFilter(Unknown Source)
	at java.desktop/java.awt.EventDispatchThread.pumpEventsForHierarchy(Unknown Source)
	at java.desktop/java.awt.EventDispatchThread.pumpEvents(Unknown Source)
	at java.desktop/java.awt.EventDispatchThread.pumpEvents(Unknown Source)
	at java.desktop/java.awt.WaitDispatchSupport$2.run(Unknown Source)
	at java.desktop/java.awt.WaitDispatchSupport$4.run(Unknown Source)
	at java.desktop/java.awt.WaitDispatchSupport$4.run(Unknown Source)
	at java.base/java.security.AccessController.doPrivileged(Native Method)
	at java.desktop/java.awt.WaitDispatchSupport.enter(Unknown Source)
	at net.runelite.client.util.SwingUtil.pumpPendingEvents(SwingUtil.java:311)
	at net.runelite.client.util.SwingUtil.fastRemoveAll(SwingUtil.java:289)
	at net.runelite.client.util.SwingUtil.fastRemoveAll(SwingUtil.java:283)
	at net.runelite.client.util.SwingUtil.fastRemoveAll(SwingUtil.java:283)
	at net.runelite.client.plugins.loottracker.LootTrackerPanel.rebuild(LootTrackerPanel.java:451)
	at net.runelite.client.plugins.loottracker.LootTrackerPanel.updateIgnoredRecords(LootTrackerPanel.java:443)
	at java.desktop/java.awt.event.InvocationEvent.dispatch(Unknown Source)
	at java.desktop/java.awt.EventQueue.dispatchEventImpl(Unknown Source)
	at java.desktop/java.awt.EventQueue$4.run(Unknown Source)
	at java.desktop/java.awt.EventQueue$4.run(Unknown Source)
	at java.base/java.security.AccessController.doPrivileged(Native Method)
	at java.base/java.security.ProtectionDomain$JavaSecurityAccessImpl.doIntersectionPrivilege(Unknown Source)
	at java.desktop/java.awt.EventQueue.dispatchEvent(Unknown Source)
	at java.desktop/java.awt.EventDispatchThread.pumpOneEventForFilters(Unknown Source)
	at java.desktop/java.awt.EventDispatchThread.pumpEventsForFilter(Unknown Source)
	at java.desktop/java.awt.EventDispatchThread.pumpEventsForHierarchy(Unknown Source)
	at java.desktop/java.awt.EventDispatchThread.pumpEvents(Unknown Source)
	at java.desktop/java.awt.EventDispatchThread.pumpEvents(Unknown Source)
	at java.desktop/java.awt.WaitDispatchSupport$2.run(Unknown Source)
	at java.desktop/java.awt.WaitDispatchSupport$4.run(Unknown Source)
	at java.desktop/java.awt.WaitDispatchSupport$4.run(Unknown Source)
	at java.base/java.security.AccessController.doPrivileged(Native Method)
	at java.desktop/java.awt.WaitDispatchSupport.enter(Unknown Source)
	at net.runelite.client.util.SwingUtil.pumpPendingEvents(SwingUtil.java:311)
	at net.runelite.client.util.SwingUtil.fastRemoveAll(SwingUtil.java:289)
	at net.runelite.client.util.SwingUtil.fastRemoveAll(SwingUtil.java:283)
	at net.runelite.client.util.SwingUtil.fastRemoveAll(SwingUtil.java:283)
	at net.runelite.client.plugins.loottracker.LootTrackerPanel.rebuild(LootTrackerPanel.java:451)
	at net.runelite.client.plugins.loottracker.LootTrackerPanel.updateIgnoredRecords(LootTrackerPanel.java:443)
	at java.desktop/java.awt.event.InvocationEvent.dispatch(Unknown Source)
	at java.desktop/java.awt.EventQueue.dispatchEventImpl(Unknown Source)
	at java.desktop/java.awt.EventQueue$4.run(Unknown Source)
	at java.desktop/java.awt.EventQueue$4.run(Unknown Source)
	at java.base/java.security.AccessController.doPrivileged(Native Method)
	at java.base/java.security.ProtectionDomain$JavaSecurityAccessImpl.doIntersectionPrivilege(Unknown Source)
	at java.desktop/java.awt.EventQueue.dispatchEvent(Unknown Source)
	at java.desktop/java.awt.EventDispatchThread.pumpOneEventForFilters(Unknown Source)
	at java.desktop/java.awt.EventDispatchThread.pumpEventsForFilter(Unknown Source)
	at java.desktop/java.awt.EventDispatchThread.pumpEventsForHierarchy(Unknown Source)
	at java.desktop/java.awt.EventDispatchThread.pumpEvents(Unknown Source)
	at java.desktop/java.awt.EventDispatchThread.pumpEvents(Unknown Source)
	at java.desktop/java.awt.EventDispatchThread.run(Unknown Source)
2021-09-23 15:18:12 [pool-3-thread-1] INFO  m.resourcepacks.ResourcePacksManager - Removing pack "pack-dragonframe"
2021-09-23 15:18:12 [pool-3-thread-1] INFO  m.resourcepacks.ResourcePacksManager - Removing pack "pack-crazed"
2021-09-23 15:18:12 [pool-3-thread-1] INFO  m.resourcepacks.ResourcePacksManager - Removing pack "pack-k-purple"
2021-09-23 15:18:12 [pool-3-thread-1] INFO  m.resourcepacks.ResourcePacksManager - Removing pack "pack-pinkvanilla"
2021-09-23 15:18:12 [pool-3-thread-1] INFO  n.r.c.e.ExternalPluginManager - Stopping external plugin "class com.github.m0bilebtw.SkillsTabProgressBarsPlugin"
2021-09-23 15:18:12 [pool-3-thread-1] INFO  n.r.c.e.ExternalPluginManager - Stopping external plugin "class trevor.chatboxopacity.ChatboxOpacityPlugin"
2021-09-23 15:18:12 [pool-3-thread-1] INFO  n.r.c.e.ExternalPluginManager - Stopping external plugin "class com.zalcano.ZalcanoPlugin"
2021-09-23 15:18:12 [AWT-EventQueue-0] INFO  com.zalcano.ZalcanoPlugin - Zalcano plugin stopped
2021-09-23 15:18:12 [pool-3-thread-1] INFO  n.r.c.e.ExternalPluginManager - Stopping external plugin "class io.cbitler.stealingartefacts.StealingArtefactsPlugin"
2021-09-23 15:18:12 [pool-3-thread-1] INFO  n.r.c.e.ExternalPluginManager - Stopping external plugin "class dekvall.notempty.NotEmptyPlugin"
2021-09-23 15:18:13 [AWT-EventQueue-0] INFO  dekvall.notempty.NotEmptyPlugin - Not Empty stopped!
2021-09-23 15:18:13 [pool-3-thread-1] INFO  n.r.c.e.ExternalPluginManager - Stopping external plugin "class com.thenorsepantheon.profiles.ProfilesPlugin"
2021-09-23 15:18:13 [pool-3-thread-1] INFO  n.r.c.e.ExternalPluginManager - Stopping external plugin "class thestonedturtle.crabsolver.CrabSolverPlugin"
2021-09-23 15:18:13 [pool-3-thread-1] INFO  n.r.c.e.ExternalPluginManager - Stopping external plugin "class com.watsoncluetracker.WatsonPlugin"
2021-09-23 15:18:13 [pool-3-thread-1] INFO  n.r.c.e.ExternalPluginManager - Stopping external plugin "class equipmentinspector.EquipmentInspectorPlugin"
2021-09-23 15:18:13 [pool-3-thread-1] INFO  n.r.c.e.ExternalPluginManager - Stopping external plugin "class de0.coxthieving.CoxThievingPlugin"
2021-09-23 15:18:13 [pool-3-thread-1] INFO  n.r.c.e.ExternalPluginManager - Stopping external plugin "class de0.coxvanguards.CoxVanguardsPlugin"
2021-09-23 15:18:13 [pool-3-thread-1] INFO  n.r.c.e.ExternalPluginManager - Stopping external plugin "class de0.coxtimers.CoxTimersPlugin"
2021-09-23 15:18:13 [pool-3-thread-1] INFO  n.r.c.e.ExternalPluginManager - Stopping external plugin "class com.gauntlet.GauntletPlugin"
2021-09-23 15:18:13 [pool-3-thread-1] INFO  n.r.c.e.ExternalPluginManager - Stopping external plugin "class ca.gauntlet.TheGauntletPlugin"
2021-09-23 15:18:13 [pool-3-thread-1] INFO  n.r.c.e.ExternalPluginManager - Stopping external plugin "class rs117.hd.HdPlugin"
2021-09-23 15:18:13 [pool-3-thread-1] INFO  n.r.c.e.ExternalPluginManager - Stopping external plugin "class com.SlashSwapper.SlashSwapperPlugin"
2021-09-23 15:18:13 [pool-3-thread-1] INFO  n.r.c.e.ExternalPluginManager - Stopping external plugin "class com.micro.petinfo.PetInfoPlugin"
2021-09-23 15:18:13 [pool-3-thread-1] INFO  n.r.c.e.ExternalPluginManager - Stopping external plugin "class com.zulrahhelper.ZulrahHelperPlugin"
2021-09-23 15:18:13 [pool-3-thread-1] INFO  n.r.c.e.ExternalPluginManager - Stopping external plugin "class com.pip.PictureInPicturePlugin"
2021-09-23 15:18:13 [pool-3-thread-1] INFO  n.r.c.e.ExternalPluginManager - Stopping external plugin "class inventorysetups.InventorySetupsPlugin"
2021-09-23 15:18:13 [pool-3-thread-1] INFO  n.r.c.e.ExternalPluginManager - Stopping external plugin "class ejedev.chompyhunter.ChompyHunterPlugin"
2021-09-23 15:18:13 [pool-3-thread-1] INFO  n.r.c.e.ExternalPluginManager - Stopping external plugin "class com.tempoross.TemporossPlugin"
2021-09-23 15:18:13 [pool-3-thread-1] INFO  n.r.c.e.ExternalPluginManager - Stopping external plugin "class thestonedturtle.bankedexperience.BankedExperiencePlugin"
2021-09-23 15:18:13 [pool-3-thread-1] INFO  n.r.c.e.ExternalPluginManager - Stopping external plugin "class com.suppliestracker.SuppliesTrackerPlugin"
2021-09-23 15:18:13 [pool-3-thread-1] INFO  n.r.c.e.ExternalPluginManager - Stopping external plugin "class melky.resourcepacks.ResourcePacksPlugin"
2021-09-23 15:18:13 [pool-3-thread-1] INFO  n.r.c.e.ExternalPluginManager - Stopping external plugin "class io.hydrox.transmog.TransmogrificationPlugin"
2021-09-23 15:18:13 [AWT-EventQueue-0] WARN  n.r.client.config.ConfigManager - trying to create profile without display name
2021-09-23 15:18:13 [AWT-EventQueue-0] WARN  n.r.client.config.ConfigManager - trying to create profile without a set username
2021-09-23 15:18:13 [pool-3-thread-1] WARN  n.r.c.e.ExternalPluginManager - Unable to stop external plugin "io.hydrox.transmog.TransmogrificationPlugin"
java.lang.reflect.InvocationTargetException: null
	at java.desktop/java.awt.EventQueue.invokeAndWait(Unknown Source)
	at java.desktop/java.awt.EventQueue.invokeAndWait(Unknown Source)
	at java.desktop/javax.swing.SwingUtilities.invokeAndWait(Unknown Source)
	at net.runelite.client.externalplugins.ExternalPluginManager.refreshPlugins(ExternalPluginManager.java:273)
	at net.runelite.client.util.RunnableExceptionLogger.run(RunnableExceptionLogger.java:41)
	at java.base/java.util.concurrent.Executors$RunnableAdapter.call(Unknown Source)
	at java.base/java.util.concurrent.FutureTask.run(Unknown Source)
	at java.base/java.util.concurrent.ScheduledThreadPoolExecutor$ScheduledFutureTask.run(Unknown Source)
	at java.base/java.util.concurrent.ThreadPoolExecutor.runWorker(Unknown Source)
	at java.base/java.util.concurrent.ThreadPoolExecutor$Worker.run(Unknown Source)
	at java.base/java.lang.Thread.run(Unknown Source)
Caused by: java.lang.RuntimeException: net.runelite.client.plugins.PluginInstantiationException: java.lang.NullPointerException
	at net.runelite.client.externalplugins.ExternalPluginManager.lambda$refreshPlugins$2(ExternalPluginManager.java:281)
	at java.desktop/java.awt.event.InvocationEvent.dispatch(Unknown Source)
	at java.desktop/java.awt.EventQueue.dispatchEventImpl(Unknown Source)
	at java.desktop/java.awt.EventQueue$4.run(Unknown Source)
	at java.desktop/java.awt.EventQueue$4.run(Unknown Source)
	at java.base/java.security.AccessController.doPrivileged(Native Method)
	at java.base/java.security.ProtectionDomain$JavaSecurityAccessImpl.doIntersectionPrivilege(Unknown Source)
	at java.desktop/java.awt.EventQueue.dispatchEvent(Unknown Source)
	at java.desktop/java.awt.EventDispatchThread.pumpOneEventForFilters(Unknown Source)
	at java.desktop/java.awt.EventDispatchThread.pumpEventsForFilter(Unknown Source)
	at java.desktop/java.awt.EventDispatchThread.pumpEventsForHierarchy(Unknown Source)
	at java.desktop/java.awt.EventDispatchThread.pumpEvents(Unknown Source)
	at java.desktop/java.awt.EventDispatchThread.pumpEvents(Unknown Source)
	at java.desktop/java.awt.WaitDispatchSupport$2.run(Unknown Source)
	at java.desktop/java.awt.WaitDispatchSupport$4.run(Unknown Source)
	at java.desktop/java.awt.WaitDispatchSupport$4.run(Unknown Source)
	at java.base/java.security.AccessController.doPrivileged(Native Method)
	at java.desktop/java.awt.WaitDispatchSupport.enter(Unknown Source)
	at net.runelite.client.util.SwingUtil.pumpPendingEvents(SwingUtil.java:311)
	at net.runelite.client.util.SwingUtil.fastRemoveAll(SwingUtil.java:289)
	at net.runelite.client.util.SwingUtil.fastRemoveAll(SwingUtil.java:283)
	at net.runelite.client.util.SwingUtil.fastRemoveAll(SwingUtil.java:283)
	at net.runelite.client.plugins.loottracker.LootTrackerPanel.rebuild(LootTrackerPanel.java:451)
	at net.runelite.client.plugins.loottracker.LootTrackerPanel.updateIgnoredRecords(LootTrackerPanel.java:443)
	at java.desktop/java.awt.event.InvocationEvent.dispatch(Unknown Source)
	at java.desktop/java.awt.EventQueue.dispatchEventImpl(Unknown Source)
	at java.desktop/java.awt.EventQueue$4.run(Unknown Source)
	at java.desktop/java.awt.EventQueue$4.run(Unknown Source)
	at java.base/java.security.AccessController.doPrivileged(Native Method)
	at java.base/java.security.ProtectionDomain$JavaSecurityAccessImpl.doIntersectionPrivilege(Unknown Source)
	at java.desktop/java.awt.EventQueue.dispatchEvent(Unknown Source)
	at java.desktop/java.awt.EventDispatchThread.pumpOneEventForFilters(Unknown Source)
	at java.desktop/java.awt.EventDispatchThread.pumpEventsForFilter(Unknown Source)
	at java.desktop/java.awt.EventDispatchThread.pumpEventsForHierarchy(Unknown Source)
	at java.desktop/java.awt.EventDispatchThread.pumpEvents(Unknown Source)
	at java.desktop/java.awt.EventDispatchThread.pumpEvents(Unknown Source)
	at java.desktop/java.awt.WaitDispatchSupport$2.run(Unknown Source)
	at java.desktop/java.awt.WaitDispatchSupport$4.run(Unknown Source)
	at java.desktop/java.awt.WaitDispatchSupport$4.run(Unknown Source)
	at java.base/java.security.AccessController.doPrivileged(Native Method)
	at java.desktop/java.awt.WaitDispatchSupport.enter(Unknown Source)
	at net.runelite.client.util.SwingUtil.pumpPendingEvents(SwingUtil.java:311)
	at net.runelite.client.util.SwingUtil.fastRemoveAll(SwingUtil.java:289)
	at net.runelite.client.util.SwingUtil.fastRemoveAll(SwingUtil.java:283)
	at net.runelite.client.util.SwingUtil.fastRemoveAll(SwingUtil.java:283)
	at net.runelite.client.plugins.loottracker.LootTrackerPanel.rebuild(LootTrackerPanel.java:451)
	at net.runelite.client.plugins.loottracker.LootTrackerPanel.updateIgnoredRecords(LootTrackerPanel.java:443)
	at java.desktop/java.awt.event.InvocationEvent.dispatch(Unknown Source)
	at java.desktop/java.awt.EventQueue.dispatchEventImpl(Unknown Source)
	at java.desktop/java.awt.EventQueue$4.run(Unknown Source)
	at java.desktop/java.awt.EventQueue$4.run(Unknown Source)
	at java.base/java.security.AccessController.doPrivileged(Native Method)
	at java.base/java.security.ProtectionDomain$JavaSecurityAccessImpl.doIntersectionPrivilege(Unknown Source)
	at java.desktop/java.awt.EventQueue.dispatchEvent(Unknown Source)
	at java.desktop/java.awt.EventDispatchThread.pumpOneEventForFilters(Unknown Source)
	at java.desktop/java.awt.EventDispatchThread.pumpEventsForFilter(Unknown Source)
	at java.desktop/java.awt.EventDispatchThread.pumpEventsForHierarchy(Unknown Source)
	at java.desktop/java.awt.EventDispatchThread.pumpEvents(Unknown Source)
	at java.desktop/java.awt.EventDispatchThread.pumpEvents(Unknown Source)
	at java.desktop/java.awt.WaitDispatchSupport$2.run(Unknown Source)
	at java.desktop/java.awt.WaitDispatchSupport$4.run(Unknown Source)
	at java.desktop/java.awt.WaitDispatchSupport$4.run(Unknown Source)
	at java.base/java.security.AccessController.doPrivileged(Native Method)
	at java.desktop/java.awt.WaitDispatchSupport.enter(Unknown Source)
	at net.runelite.client.util.SwingUtil.pumpPendingEvents(SwingUtil.java:311)
	at net.runelite.client.util.SwingUtil.fastRemoveAll(SwingUtil.java:289)
	at net.runelite.client.util.SwingUtil.fastRemoveAll(SwingUtil.java:283)
	at net.runelite.client.util.SwingUtil.fastRemoveAll(SwingUtil.java:283)
	at net.runelite.client.plugins.loottracker.LootTrackerPanel.rebuild(LootTrackerPanel.java:451)
	at net.runelite.client.plugins.loottracker.LootTrackerPanel.updateIgnoredRecords(LootTrackerPanel.java:443)
	at java.desktop/java.awt.event.InvocationEvent.dispatch(Unknown Source)
	at java.desktop/java.awt.EventQueue.dispatchEventImpl(Unknown Source)
	at java.desktop/java.awt.EventQueue$4.run(Unknown Source)
	at java.desktop/java.awt.EventQueue$4.run(Unknown Source)
	at java.base/java.security.AccessController.doPrivileged(Native Method)
	at java.base/java.security.ProtectionDomain$JavaSecurityAccessImpl.doIntersectionPrivilege(Unknown Source)
	at java.desktop/java.awt.EventQueue.dispatchEvent(Unknown Source)
	at java.desktop/java.awt.EventDispatchThread.pumpOneEventForFilters(Unknown Source)
	at java.desktop/java.awt.EventDispatchThread.pumpEventsForFilter(Unknown Source)
	at java.desktop/java.awt.EventDispatchThread.pumpEventsForHierarchy(Unknown Source)
	at java.desktop/java.awt.EventDispatchThread.pumpEvents(Unknown Source)
	at java.desktop/java.awt.EventDispatchThread.pumpEvents(Unknown Source)
	at java.desktop/java.awt.EventDispatchThread.run(Unknown Source)
Caused by: net.runelite.client.plugins.PluginInstantiationException: java.lang.NullPointerException
	at net.runelite.client.plugins.PluginManager.stopPlugin(PluginManager.java:452)
	at net.runelite.client.externalplugins.ExternalPluginManager.lambda$refreshPlugins$2(ExternalPluginManager.java:277)
	... 82 common frames omitted
Caused by: java.lang.NullPointerException: null
	at io.hydrox.transmog.ui.UIManager.shutDown(UIManager.java:104)
	at io.hydrox.transmog.TransmogrificationPlugin.shutDown(TransmogrificationPlugin.java:128)
	at net.runelite.client.plugins.PluginManager.stopPlugin(PluginManager.java:445)
	... 83 common frames omitted
2021-09-23 15:18:13 [pool-3-thread-1] INFO  n.r.c.e.ExternalPluginManager - Stopping external plugin "class com.coxlightcolors.CoxLightColorsPlugin"
2021-09-23 15:18:13 [pool-3-thread-1] INFO  n.r.c.e.ExternalPluginManager - Stopping external plugin "class com.damagecounter.DamageCounterPlugin"
2021-09-23 15:18:13 [pool-3-thread-1] INFO  n.r.c.e.ExternalPluginManager - Stopping external plugin "class trevor.raidreloader.RaidReloaderPlugin"
2021-09-23 15:18:13 [pool-3-thread-1] INFO  n.r.c.e.ExternalPluginManager - Stopping external plugin "class io.ryoung.menuswapperextended.MenuSwapperPlugin"
2021-09-23 15:18:14 [pool-3-thread-1] INFO  n.r.c.e.ExternalPluginManager - Stopping external plugin "class com.clanevents.ClanEventsPlugin"
2021-09-23 15:18:14 [pool-3-thread-1] INFO  n.r.c.e.ExternalPluginManager - Stopping external plugin "class at.nightfirec.fightcavewaves.FightCaveWavesPlugin"
2021-09-23 15:18:14 [pool-3-thread-1] INFO  n.r.c.e.ExternalPluginManager - Stopping external plugin "class com.loottable.LootTablePlugin"
2021-09-23 15:18:14 [pool-3-thread-1] INFO  n.r.c.e.ExternalPluginManager - Stopping external plugin "class com.optimalquestguide.GuidePlugin"
2021-09-23 15:18:14 [pool-3-thread-1] INFO  n.r.c.e.ExternalPluginManager - Stopping external plugin "class com.improvedtearsinterface.ImprovedTearsInterfacePlugin"
2021-09-23 15:18:14 [pool-3-thread-1] INFO  n.r.c.e.ExternalPluginManager - Stopping external plugin "class com.crabstuntimer.CrabStunPlugin"
2021-09-23 15:18:15 [OkHttp https://api.runelite.net/...] INFO  net.runelite.client.ws.WSClient - Websocket okhttp3.internal.ws.RealWebSocket@65f5b04f opened
2021-09-23 15:18:20 [Client] WARN  n.r.client.callback.ClientThread - Exception in invoke
java.lang.NullPointerException: null
	at io.hydrox.transmog.ui.UIManager.getContainer(UIManager.java:128)
	at io.hydrox.transmog.ui.UIManager.removeCustomUI(UIManager.java:152)
	at net.runelite.client.callback.ClientThread.lambda$invoke$0(ClientThread.java:48)
	at net.runelite.client.callback.ClientThread.invoke(ClientThread.java:99)
	at net.runelite.client.callback.Hooks.clientMainLoop(Hooks.java:195)
	at client.tq(client.java:43502)
	at client.aq(client.java)
	at at.b(at.java:406)
	at at.run(at.java:360)
	at java.base/java.lang.Thread.run(Unknown Source)
2021-09-23 15:18:28 [pool-3-thread-1] INFO  n.r.c.e.ExternalPluginManager - Loading external plugin "skills-tab-progress-bars" version "0.8" commit "edad37606858fb22dcea07ac9bb1f9324d737a80"
2021-09-23 15:18:28 [pool-3-thread-1] INFO  n.r.c.e.ExternalPluginManager - Loading external plugin "chatbox-opacity" version "dbee9ba4" commit "dbee9ba4e138cae2467354fc169d9c34dcac3162"
2021-09-23 15:18:28 [pool-3-thread-1] INFO  n.r.c.e.ExternalPluginManager - Loading external plugin "zalcano" version "e7fde457" commit "e7fde4576c9dbeb76efe5796f656dfe66f3d6fcb"
2021-09-23 15:18:28 [AWT-EventQueue-0] INFO  com.zalcano.ZalcanoPlugin - Zalcano plugin started
2021-09-23 15:18:28 [pool-3-thread-1] INFO  n.r.c.e.ExternalPluginManager - Loading external plugin "stealing-artefacts" version "1.1" commit "d4ccb8955208137981bf636121ba1c87ab453108"
2021-09-23 15:18:28 [pool-3-thread-1] INFO  n.r.c.e.ExternalPluginManager - Loading external plugin "not-empty" version "1.0" commit "e49ec7cc3927e911337ad48bd530cb52f5365183"
2021-09-23 15:18:28 [AWT-EventQueue-0] INFO  dekvall.notempty.NotEmptyPlugin - Not Empty started!
2021-09-23 15:18:28 [pool-3-thread-1] INFO  n.r.c.e.ExternalPluginManager - Loading external plugin "profiles-panel" version "1.1.4" commit "c2dd59dcdf324df01c54aeba4cce4577c645f642"
2021-09-23 15:18:28 [pool-3-thread-1] INFO  n.r.c.e.ExternalPluginManager - Loading external plugin "crab-solver" version "1.2" commit "a81701ff28b1c0f0790bd0bd9a927c140d3a3e97"
2021-09-23 15:18:28 [pool-3-thread-1] INFO  n.r.c.e.ExternalPluginManager - Loading external plugin "watson-clue-tracker" version "1.0.4" commit "7c098357d4cc593e77df77f5377ad77af676f1ee"
2021-09-23 15:18:29 [pool-3-thread-1] INFO  n.r.c.e.ExternalPluginManager - Loading external plugin "equipment-inspector" version "1.2" commit "c0018d299bb4a3dd4ef971a72bfdc776a42f0ff8"
2021-09-23 15:18:29 [pool-3-thread-1] INFO  n.r.c.e.ExternalPluginManager - Loading external plugin "cox-additions" version "40d2ba90" commit "40d2ba90edd8ad23a578c40e8e6ecaaa5eb226fd"
2021-09-23 15:18:29 [pool-3-thread-1] INFO  n.r.c.e.ExternalPluginManager - Loading external plugin "gauntlet" version "1.0.0" commit "e928b24970bd234aad16c3ec3d9005735b852c08"
2021-09-23 15:18:29 [pool-3-thread-1] INFO  n.r.c.e.ExternalPluginManager - Loading external plugin "the-gauntlet" version "4e13d3eb" commit "4e13d3ebdf7da91f96c3a47856b2ac19de1e48c8"
2021-09-23 15:18:29 [pool-3-thread-1] INFO  n.r.c.e.ExternalPluginManager - Loading external plugin "117hd" version "1.0.3" commit "58772d5fc057c04b06eb6377ed85a70215153e32"
2021-09-23 15:18:29 [pool-3-thread-1] INFO  n.r.c.e.ExternalPluginManager - Loading external plugin "slash-swapper" version "0870d527" commit "0870d527aa88e8c75ec110127d533b21f0e6b83a"
2021-09-23 15:18:29 [pool-3-thread-1] INFO  n.r.c.e.ExternalPluginManager - Loading external plugin "pet-info" version "4.0" commit "dce286070830a322969f2024856c5e65fca9c89a"
2021-09-23 15:18:29 [pool-3-thread-1] INFO  n.r.c.e.ExternalPluginManager - Loading external plugin "zulrah-helper" version "1.2.1" commit "a10c7242ee25809705985883ad297e89962b9b85"
2021-09-23 15:18:29 [pool-3-thread-1] INFO  n.r.c.e.ExternalPluginManager - Loading external plugin "picture-in-picture" version "1.4" commit "8549d0a901a4f448a9d49ae91966357bfc97455b"
2021-09-23 15:18:29 [pool-3-thread-1] INFO  n.r.c.e.ExternalPluginManager - Loading external plugin "inventory-setups" version "v1.11" commit "1057b3453d51b02d5f48e37bd702ce4da6ed0eaf"
2021-09-23 15:18:29 [pool-3-thread-1] INFO  n.r.c.e.ExternalPluginManager - Loading external plugin "chompy-hunter" version "1.2" commit "dd55d418a7412bfb169fb74e7a27fc872a3dbe01"
2021-09-23 15:18:29 [pool-3-thread-1] INFO  n.r.c.e.ExternalPluginManager - Loading external plugin "tempoross" version "1.1" commit "d25d396318e7646171deceabaaae66b9e4059ba3"
2021-09-23 15:18:29 [pool-3-thread-1] INFO  n.r.c.e.ExternalPluginManager - Loading external plugin "banked-experience" version "2.0.8" commit "cb7235902f37254d24699c38971f9f58c5a4c991"
2021-09-23 15:18:29 [pool-3-thread-1] INFO  n.r.c.e.ExternalPluginManager - Loading external plugin "supplies-tracker" version "2.01" commit "79432ec85d1aafa0d1f8f66451a6c1c6f6f7303e"
2021-09-23 15:18:29 [pool-3-thread-1] INFO  n.r.c.e.ExternalPluginManager - Loading external plugin "resource-packs" version "1.4.3" commit "c97b20634e7976d35cfd2d73a8ca6cf8866b55dd"
2021-09-23 15:18:29 [pool-3-thread-1] INFO  n.r.c.e.ExternalPluginManager - Loading external plugin "transmog" version "1.2.1" commit "ba64c8ad20fe00f663ef69dfb6f9213efe441cf8"
2021-09-23 15:18:29 [pool-3-thread-1] INFO  n.r.c.e.ExternalPluginManager - Loading external plugin "cox-light-colors" version "1.3.2" commit "6a45d1c702f56bfb9ce146efc4160312fae5d963"
2021-09-23 15:18:29 [pool-3-thread-1] INFO  n.r.c.e.ExternalPluginManager - Loading external plugin "damage-counter" version "1.6" commit "393187db8d2554ff47e7022b05f379bc31c38663"
2021-09-23 15:18:29 [pool-3-thread-1] INFO  n.r.c.e.ExternalPluginManager - Loading external plugin "raid-reloader" version "415a4b71" commit "415a4b71a6f94f9f10345f5c825ab1109bc7cb07"
2021-09-23 15:18:29 [pool-3-thread-1] INFO  n.r.c.e.ExternalPluginManager - Loading external plugin "menu-swapper-extended" version "1.8" commit "3d39d5bedf4d8c423c4532b8cd611e70b7e98257"
2021-09-23 15:18:29 [pool-3-thread-1] INFO  n.r.c.e.ExternalPluginManager - Loading external plugin "elysiumevents-plugin" version "857ab9e3" commit "857ab9e310e22a83a00d5de55024c94166c1834f"
2021-09-23 15:18:29 [pool-3-thread-1] INFO  n.r.c.e.ExternalPluginManager - Loading external plugin "fight-cave-waves" version "1.2" commit "51790d94159cbb85893de04d90efc5c0c20d819a"
2021-09-23 15:18:29 [pool-3-thread-1] INFO  n.r.c.e.ExternalPluginManager - Loading external plugin "loot-table" version "1.0.1" commit "1f17b17c7e0b6a6843b27e4305029a0d2ebb2260"
2021-09-23 15:18:29 [pool-3-thread-1] INFO  n.r.c.e.ExternalPluginManager - Loading external plugin "optimal-quest-guide" version "cbafa444" commit "cbafa4440bc08f6f93727730cd27fe5f15083d87"
2021-09-23 15:18:29 [pool-3-thread-1] INFO  n.r.c.e.ExternalPluginManager - Loading external plugin "improved-tears-of-guthix-interface" version "1.1" commit "adaae7dbe3ff3710e47eba12a32dfe1d71dd14c9"
2021-09-23 15:18:29 [pool-3-thread-1] INFO  n.r.c.e.ExternalPluginManager - Loading external plugin "crab-stun-timers" version "b0e7ad22" commit "b0e7ad22a6018fed3cdcd105d6a1873a242e75e3"
2021-09-23 15:19:37 [Client] INFO  rs117.hd.HdPlugin - Using device: NVIDIA GeForce RTX 2080/PCIe/SSE2
2021-09-23 15:19:37 [Client] INFO  rs117.hd.HdPlugin - Using driver: 4.6.0 NVIDIA 471.96
2021-09-23 15:26:58 [Client] WARN  n.runelite.client.eventbus.EventBus - Uncaught exception in event subscriber
java.lang.NullPointerException: null
	at net.runelite.client.util.Text.sanitizeMultilineText(Text.java:146)
	at com.watsoncluetracker.WatsonPlugin.optionSelected(WatsonPlugin.java:149)
	at com.watsoncluetracker.NpcDialogTracker.optionSelected(NpcDialogTracker.java:254)
	at com.watsoncluetracker.NpcDialogTracker.onScriptPostFired(NpcDialogTracker.java:221)
	at net.runelite.client.eventbus.EventBus$Subscriber.invoke(EventBus.java:70)
	at net.runelite.client.eventbus.EventBus.post(EventBus.java:223)
	at net.runelite.client.callback.Hooks.post(Hooks.java:169)
	at client.lx(client.java:54109)
	at hm.c(hm.java:59960)
	at eh.n(eh.java:110)
	at client.fz(client.java:4062)
	at client.i(client.java:1893)
	at at.jr(at.java:380)
	at at.run(at.java:359)
	at java.base/java.lang.Thread.run(Unknown Source)
2021-09-23 15:30:04 [Client] WARN  n.r.c.p.c.clues.HotColdClue - Hot cold solver could not be initialized, clue type is unknown; text: Buried beneath the ground, who knows where it's found. Lucky for you, A man called Reldo may have a clue., npc: Reldo, solution: Speak to Reldo to receive a strange device.
2021-09-23 15:30:04 [Client] WARN  n.r.c.p.c.clues.HotColdClue - Hot cold solver could not be initialized, clue type is unknown; text: Buried beneath the ground, who knows where it's found. Lucky for you, A man called Jorral may have a clue., npc: Jorral, solution: Speak to Jorral to receive a strange device.
2021-09-23 15:30:04 [Client] WARN  n.r.c.p.c.clues.HotColdClue - Hot cold solver could not be initialized, clue type is unknown; text: Buried beneath the ground, who knows where it's found. Lucky for you, A man called Watson may have a clue., npc: Watson, solution: Speak to Watson to receive a strange device.
2021-09-23 15:59:45 [OkHttp WebSocket https://api.runelite.net/...] WARN  net.runelite.client.ws.WSClient - Error in websocket: null
javax.net.ssl.SSLException: Software caused connection abort: socket write error
	at java.base/sun.security.ssl.Alert.createSSLException(Unknown Source)
	at java.base/sun.security.ssl.TransportContext.fatal(Unknown Source)
	at java.base/sun.security.ssl.TransportContext.fatal(Unknown Source)
	at java.base/sun.security.ssl.TransportContext.fatal(Unknown Source)
	at java.base/sun.security.ssl.SSLSocketImpl$AppOutputStream.write(Unknown Source)
	at okio.Okio$1.write(Okio.java:78)
	at okio.AsyncTimeout$1.write(AsyncTimeout.java:179)
	at okio.RealBufferedSink.flush(RealBufferedSink.java:216)
	at okhttp3.internal.ws.WebSocketWriter.writeControlFrameSynchronized(WebSocketWriter.java:150)
	at okhttp3.internal.ws.WebSocketWriter.writePing(WebSocketWriter.java:79)
	at okhttp3.internal.ws.RealWebSocket.writePingFrame(RealWebSocket.java:525)
	at okhttp3.internal.ws.RealWebSocket$PingRunnable.run(RealWebSocket.java:513)
	at java.base/java.util.concurrent.Executors$RunnableAdapter.call(Unknown Source)
	at java.base/java.util.concurrent.FutureTask.runAndReset(Unknown Source)
	at java.base/java.util.concurrent.ScheduledThreadPoolExecutor$ScheduledFutureTask.run(Unknown Source)
	at java.base/java.util.concurrent.ThreadPoolExecutor.runWorker(Unknown Source)
	at java.base/java.util.concurrent.ThreadPoolExecutor$Worker.run(Unknown Source)
	at java.base/java.lang.Thread.run(Unknown Source)
	Suppressed: java.net.SocketException: Software caused connection abort: socket write error
		at java.base/java.net.SocketOutputStream.socketWrite0(Native Method)
		at java.base/java.net.SocketOutputStream.socketWrite(Unknown Source)
		at java.base/java.net.SocketOutputStream.write(Unknown Source)
		at java.base/sun.security.ssl.SSLSocketOutputRecord.encodeAlert(Unknown Source)
		... 17 common frames omitted
Caused by: java.net.SocketException: Software caused connection abort: socket write error
	at java.base/java.net.SocketOutputStream.socketWrite0(Native Method)
	at java.base/java.net.SocketOutputStream.socketWrite(Unknown Source)
	at java.base/java.net.SocketOutputStream.write(Unknown Source)
	at java.base/sun.security.ssl.SSLSocketOutputRecord.deliver(Unknown Source)
	... 14 common frames omitted
2021-09-23 23:13:39 [Client] INFO  rs117.hd.HdPlugin - Using device: NVIDIA GeForce RTX 2080/PCIe/SSE2
2021-09-23 23:13:39 [Client] INFO  rs117.hd.HdPlugin - Using driver: 4.6.0 NVIDIA 471.96
