#
# A fatal error has been detected by the Java Runtime Environment:
#
#  EXCEPTION_ACCESS_VIOLATION (0xc0000005) at pc=0x0000019dd5aaf0fb, pid=7556, tid=7484
#
# JRE version: OpenJDK Runtime Environment (11.0.7+10) (build 11.0.7+10)
# Java VM: OpenJDK 64-Bit Server VM (11.0.7+10, mixed mode, tiered, compressed oops, g1 gc, windows-amd64)
# Problematic frame:
# J 22698 c2 hl.<init>([Lhl;I)V (1192 bytes) @ 0x0000019dd5aaf0fb [0x0000019dd5aada00+0x00000000000016fb]
#
# No core dump will be written. Minidumps are not enabled by default on client versions of Windows
#
# If you would like to submit a bug report, please visit:
#   https://github.com/AdoptOpenJDK/openjdk-support/issues
#

---------------  S U M M A R Y ------------

Command Line: -XX:+DisableAttachMechanism -Drunelite.launcher.nojvm=true -Xmx512m -Xss2m -XX:CompileThreshold=1500 -Djna.nosys=true -XX:ErrorFile=C:\Users\Victur\.runelite\logs\jvm_crash_pid_%p.log -Xmx10G 

Host: Intel(R) Core(TM) i7-8700K CPU @ 3.70GHz, 12 cores, 31G,  Windows 10 , 64 bit Build 19041 (10.0.19041.1202)
Time: Tue Nov  2 10:34:38 2021 Romance Standard Time elapsed time: 1149 seconds (0d 0h 19m 9s)

---------------  T H R E A D  ---------------

Current thread (0x0000019d85d46800):  JavaThread "Client" daemon [_thread_in_Java, id=7484, stack(0x0000006a39e00000,0x0000006a3a000000)]

Stack: [0x0000006a39e00000,0x0000006a3a000000],  sp=0x0000006a39ffe500,  free space=2041k
Native frames: (J=compiled Java code, j=interpreted, Vv=VM code, C=native code)
C  0x0000019dd5aaf0fb


siginfo: EXCEPTION_ACCESS_VIOLATION (0xc0000005), reading address 0x000000000000000c


Register to memory mapping:

RIP=0x0000019dd5aaf0fb is at entry_point+5883 in (nmethod*)0x0000019dd5aad790
RAX=0x0 is NULL
RBX=3029453404 is a compressed pointer to object: [B 
{0x00000005a48e52e0} - klass: {type array byte}
 - length: 1392
RCX=0x0000000000000570 is an unknown value
RDX=0x00000000000002f4 is an unknown value
RSP=0x0000006a39ffe500 is pointing into the stack for thread: 0x0000019d85d46800
RBP=0x0 is NULL
RSI=0x0000000000000002 is an unknown value
RDI=0x0000000000000570 is an unknown value
R8 =0x0 is NULL
R9 =0x0000000000000570 is an unknown value
R10=0x0 is NULL
R11=0x0000000000000001 is an unknown value
R12=0x0 is NULL
R13=0x0000000000000001 is an unknown value
R14=0x0 is NULL
R15=0x0000019d85d46800 is a thread


Registers:
RAX=0x0000000000000000, RBX=0x00000000b491ca5c, RCX=0x0000000000000570, RDX=0x00000000000002f4
RSP=0x0000006a39ffe500, RBP=0x0000000000000000, RSI=0x0000000000000002, RDI=0x0000000000000570
R8 =0x0000000000000000, R9 =0x0000000000000570, R10=0x0000000000000000, R11=0x0000000000000001
R12=0x0000000000000000, R13=0x0000000000000001, R14=0x0000000000000000, R15=0x0000019d85d46800
RIP=0x0000019dd5aaf0fb, EFLAGS=0x0000000000010246

Top of Stack: (sp=0x0000006a39ffe500)
0x0000006a39ffe500:   00000000b0523b28 000000058291d9b8
0x0000006a39ffe510:   000000058291d918 000000058291dc68
0x0000006a39ffe520:   000002f400000000 000002f4000002f4
0x0000006a39ffe530:   0000000200000570 00000005a48dab78
0x0000006a39ffe540:   0000057000000570 0000057000000570
0x0000006a39ffe550:   00000005a48dab90 0000057000000570
0x0000006a39ffe560:   00000005a48dd000 00000005a48de5d0
0x0000006a39ffe570:   00000005a48dfba0 00000005a48e1170
0x0000006a39ffe580:   00000005a48e2740 00000005a48e3d10
0x0000006a39ffe590:   00000005a48e52e0 00000000b03e495a
0x0000006a39ffe5a0:   0000000000000000 00000005a5092c58
0x0000006a39ffe5b0:   00000000b04f7243 00000005827b9290
0x0000006a39ffe5c0:   0000019d85d46800 0000000080000000
0x0000006a39ffe5d0:   0000000000000048 0000000000000000
0x0000006a39ffe5e0:   00000000b03e497b 00000005a48dab90
0x0000006a39ffe5f0:   0000000000000002 00000005a48dab78 

Instructions: (pc=0x0000019dd5aaf0fb)
0x0000019dd5aaeffb:   03 c4 41 f9 6e e2 c4 c1 79 7e c3 4f 8d 14 dc c4
0x0000019dd5aaf00b:   41 f9 6e f2 c4 c1 79 7e ea 49 c1 e2 03 c4 41 f9
0x0000019dd5aaf01b:   6e fa c4 c1 79 7e e3 4f 8d 14 dc 4c 89 54 24 60
0x0000019dd5aaf02b:   c4 c1 79 7e fa 49 c1 e2 03 4c 89 54 24 68 c4 c1
0x0000019dd5aaf03b:   79 7e f2 49 c1 e2 03 4c 89 54 24 70 c4 41 79 7e
0x0000019dd5aaf04b:   c2 49 c1 e2 03 4c 89 54 24 78 c4 41 79 7e ca 49
0x0000019dd5aaf05b:   c1 e2 03 4c 89 94 24 80 00 00 00 c4 41 79 7e d2
0x0000019dd5aaf06b:   49 c1 e2 03 4c 89 94 24 88 00 00 00 4d 8d 14 dc
0x0000019dd5aaf07b:   4c 89 94 24 90 00 00 00 45 33 d2 45 33 db 45 33
0x0000019dd5aaf08b:   c0 44 89 94 24 30 01 00 00 44 89 9c 24 28 01 00
0x0000019dd5aaf09b:   00 44 89 84 24 2c 01 00 00 4c 8b 5c 24 38 44 8b
0x0000019dd5aaf0ab:   94 24 30 01 00 00 47 8b 54 93 10 44 89 94 24 98
0x0000019dd5aaf0bb:   00 00 00 47 8b 5c d4 38 45 85 db 0f 8e 30 0e 00
0x0000019dd5aaf0cb:   00 47 8b 94 d4 98 00 00 00 44 89 94 24 9c 00 00
0x0000019dd5aaf0db:   00 44 8b 9c 24 2c 01 00 00 41 ff c3 49 c1 e2 03
0x0000019dd5aaf0eb:   4c 89 94 24 a0 00 00 00 44 8b 94 24 9c 00 00 00
0x0000019dd5aaf0fb:   47 8b 54 d4 0c 44 89 94 24 a8 00 00 00 44 8b b4
0x0000019dd5aaf10b:   24 2c 01 00 00 41 f7 de 45 3b f6 41 8b de 41 0f
0x0000019dd5aaf11b:   4c de 41 3b de 41 0f 4c de 41 3b de 41 0f 4c de
0x0000019dd5aaf12b:   41 3b de 41 0f 4c de 41 3b de 41 0f 4c de 41 3b
0x0000019dd5aaf13b:   de 41 0f 4c de 41 ba 02 00 00 00 41 3b da 41 b8
0x0000019dd5aaf14b:   02 00 00 00 41 0f 4c d8 4c 63 8c 24 2c 01 00 00
0x0000019dd5aaf15b:   4c 63 94 24 2c 01 00 00 4c 89 94 24 b0 00 00 00
0x0000019dd5aaf16b:   8b 7c 24 30 2b bc 24 2c 01 00 00 8b 6c 24 40 2b
0x0000019dd5aaf17b:   ac 24 2c 01 00 00 44 8b 6c 24 44 44 2b ac 24 2c
0x0000019dd5aaf18b:   01 00 00 8b 44 24 48 2b 84 24 2c 01 00 00 44 8b
0x0000019dd5aaf19b:   54 24 4c 44 2b 94 24 2c 01 00 00 44 8b 44 24 58
0x0000019dd5aaf1ab:   44 2b 84 24 2c 01 00 00 8b 54 24 5c 2b 94 24 2c
0x0000019dd5aaf1bb:   01 00 00 3b d0 8b ca 0f 4f c8 41 3b c8 41 0f 4f
0x0000019dd5aaf1cb:   c8 41 3b ca 41 0f 4f ca 41 3b cd 41 0f 4f cd 3b
0x0000019dd5aaf1db:   cd 0f 4f cd 3b cf 0f 4f cf 89 8c 24 ac 00 00 00
0x0000019dd5aaf1eb:   8b 8c 24 98 00 00 00 41 8b 8c cc 84 00 00 00 89 


Stack slot to memory mapping:
stack at sp + 0 slots: 2958179112 is a compressed pointer to object: lh 
{0x000000058291d940} - klass: 'lh'
stack at sp + 1 slots: 0x000000058291d9b8 is an oop: nz 
{0x000000058291d9b8} - klass: 'nz'
stack at sp + 2 slots: 0x000000058291d918 is an oop: ii 
{0x000000058291d918} - klass: 'ii'
stack at sp + 3 slots: 0x000000058291dc68 is an oop: nv 
{0x000000058291dc68} - klass: 'nv'
stack at sp + 4 slots: 0x000002f400000000 is an unknown value
stack at sp + 5 slots: 0x000002f4000002f4 is an unknown value
stack at sp + 6 slots: 0x0000000200000570 is an unknown value
stack at sp + 7 slots: 0x00000005a48dab78 is an oop: [Lhl; 
{0x00000005a48dab78} - klass: 'hl'[]
 - length: 2



---------------  P R O C E S S  ---------------

Threads class SMR info:
_java_thread_list=0x0000019d8d8adba0, length=34, elements={
0x0000019dc5dfa800, 0x0000019df8161800, 0x0000019df8162800, 0x0000019df81af000,
0x0000019df81b0000, 0x0000019df81b1800, 0x0000019df81c0800, 0x0000019df8336800,
0x0000019df8341000, 0x0000019df8b5f800, 0x0000019df8b85000, 0x0000019df8b85800,
0x0000019df8c63000, 0x0000019dfba42800, 0x0000019dfba9a000, 0x0000019dfbaa0800,
0x0000019dfefea000, 0x0000019dfed6e000, 0x0000019dfed71000, 0x0000019d85d45800,
0x0000019d85d46800, 0x0000019d85d44000, 0x0000019d85d48000, 0x0000019d85d45000,
0x0000019d85d49000, 0x0000019d85d43800, 0x0000019d85d4a000, 0x0000019d870cf000,
0x0000019d870d2000, 0x0000019d870d8800, 0x0000019d870d6800, 0x0000019d865ea000,
0x0000019d865eb000, 0x0000019d865e8800
}

Java Threads: ( => current thread )
  0x0000019dc5dfa800 JavaThread "main" [_thread_blocked, id=17024, stack(0x0000006a2de00000,0x0000006a2e2d0000)]
  0x0000019df8161800 JavaThread "Reference Handler" daemon [_thread_blocked, id=10656, stack(0x0000006a30e20000,0x0000006a31020000)]
  0x0000019df8162800 JavaThread "Finalizer" daemon [_thread_blocked, id=17180, stack(0x0000006a31020000,0x0000006a31220000)]
  0x0000019df81af000 JavaThread "Signal Dispatcher" daemon [_thread_blocked, id=1960, stack(0x0000006a31220000,0x0000006a31420000)]
  0x0000019df81b0000 JavaThread "C2 CompilerThread0" daemon [_thread_blocked, id=4204, stack(0x0000006a31420000,0x0000006a318f0000)]
  0x0000019df81b1800 JavaThread "C1 CompilerThread0" daemon [_thread_blocked, id=1608, stack(0x0000006a318f0000,0x0000006a31dc0000)]
  0x0000019df81c0800 JavaThread "Sweeper thread" daemon [_thread_blocked, id=5980, stack(0x0000006a31dc0000,0x0000006a31fc0000)]
  0x0000019df8336800 JavaThread "Service Thread" daemon [_thread_blocked, id=16492, stack(0x0000006a31fc0000,0x0000006a321c0000)]
  0x0000019df8341000 JavaThread "Common-Cleaner" daemon [_thread_blocked, id=10796, stack(0x0000006a32690000,0x0000006a32890000)]
  0x0000019df8b5f800 JavaThread "Java2D Disposer" daemon [_thread_blocked, id=15904, stack(0x0000006a32d60000,0x0000006a32f60000)]
  0x0000019df8b85000 JavaThread "AWT-Shutdown" [_thread_blocked, id=17396, stack(0x0000006a32f60000,0x0000006a33160000)]
  0x0000019df8b85800 JavaThread "AWT-Windows" daemon [_thread_in_native, id=15252, stack(0x0000006a33160000,0x0000006a33360000)]
  0x0000019df8c63000 JavaThread "AWT-EventQueue-0" [_thread_blocked, id=1752, stack(0x0000006a33360000,0x0000006a33560000)]
  0x0000019dfba42800 JavaThread "TimerQueue" daemon [_thread_blocked, id=12428, stack(0x0000006a32890000,0x0000006a32a90000)]
  0x0000019dfba9a000 JavaThread "D3D Screen Updater" daemon [_thread_blocked, id=12424, stack(0x0000006a32a90000,0x0000006a32c90000)]
  0x0000019dfbaa0800 JavaThread "logback-1" daemon [_thread_blocked, id=12420, stack(0x0000006a33f00000,0x0000006a34100000)]
  0x0000019dfefea000 JavaThread "logback-1" daemon [_thread_blocked, id=2156, stack(0x0000006a38b30000,0x0000006a38d30000)]
  0x0000019dfed6e000 JavaThread "OkHttp ConnectionPool" daemon [_thread_blocked, id=940, stack(0x0000006a39200000,0x0000006a39400000)]
  0x0000019dfed71000 JavaThread "pool-3-thread-1" [_thread_blocked, id=4452, stack(0x0000006a38190000,0x0000006a38390000)]
  0x0000019d85d45800 JavaThread "Thread-2" daemon [_thread_blocked, id=12092, stack(0x0000006a39c00000,0x0000006a39e00000)]
=>0x0000019d85d46800 JavaThread "Client" daemon [_thread_in_Java, id=7484, stack(0x0000006a39e00000,0x0000006a3a000000)]
  0x0000019d85d44000 JavaThread "Thread-4" daemon [_thread_blocked, id=3624, stack(0x0000006a38390000,0x0000006a38590000)]
  0x0000019d85d48000 JavaThread "Substance heap status" daemon [_thread_blocked, id=12616, stack(0x0000006a38590000,0x0000006a38790000)]
  0x0000019d85d45000 JavaThread "Thread-7" daemon [_thread_blocked, id=14464, stack(0x0000006a3b340000,0x0000006a3b540000)]
  0x0000019d85d49000 JavaThread "pool-5-thread-1" [_thread_blocked, id=10784, stack(0x0000006a3b540000,0x0000006a3b740000)]
  0x0000019d85d43800 JavaThread "Trident callback thread" daemon [_thread_blocked, id=14048, stack(0x0000006a3bc10000,0x0000006a3be10000)]
  0x0000019d85d4a000 JavaThread "Trident pulse source thread" daemon [_thread_blocked, id=13816, stack(0x0000006a3be10000,0x0000006a3c010000)]
  0x0000019d870cf000 JavaThread "Java Sound Event Dispatcher" daemon [_thread_blocked, id=15612, stack(0x0000006a3ec90000,0x0000006a3ee90000)]
  0x0000019d870d2000 JavaThread "pool-6-thread-1" [_thread_blocked, id=13020, stack(0x0000006a3f830000,0x0000006a3fa30000)]
  0x0000019d870d8800 JavaThread "Thread-14" daemon [_thread_blocked, id=7856, stack(0x0000006a41300000,0x0000006a41500000)]
  0x0000019d870d6800 JavaThread "Client-SharedResourceRunner" daemon [_thread_blocked, id=17300, stack(0x0000006a34100000,0x0000006a34300000)]
  0x0000019d865ea000 JavaThread "Bank Memory config writer" daemon [_thread_blocked, id=15780, stack(0x0000006a347d0000,0x0000006a349d0000)]
  0x0000019d865eb000 JavaThread "Thread-17" daemon [_thread_in_native, id=13640, stack(0x0000006a2e2d0000,0x0000006a2e4d0000)]
  0x0000019d865e8800 JavaThread "Thread-18" daemon [_thread_blocked, id=604, stack(0x0000006a2e4d0000,0x0000006a2e6d0000)]

Other Threads:
  0x0000019df815e000 VMThread "VM Thread" [stack: 0x0000006a30950000,0x0000006a30e20000] [id=7440]
  0x0000019df833b800 WatcherThread [stack: 0x0000006a321c0000,0x0000006a32690000] [id=4296]
  0x0000019dc7794000 GCTaskThread "GC Thread#0" [stack: 0x0000006a2f140000,0x0000006a2f610000] [id=1924]
  0x0000019dfe834000 GCTaskThread "GC Thread#1" [stack: 0x0000006a34aa0000,0x0000006a34f70000] [id=2360]
  0x0000019dfe835000 GCTaskThread "GC Thread#2" [stack: 0x0000006a34f70000,0x0000006a35440000] [id=9548]
  0x0000019dfbaf8800 GCTaskThread "GC Thread#3" [stack: 0x0000006a35440000,0x0000006a35910000] [id=15192]
  0x0000019dfbaf9000 GCTaskThread "GC Thread#4" [stack: 0x0000006a35910000,0x0000006a35de0000] [id=6240]
  0x0000019dfbad6000 GCTaskThread "GC Thread#5" [stack: 0x0000006a35de0000,0x0000006a362b0000] [id=1688]
  0x0000019dfbad6800 GCTaskThread "GC Thread#6" [stack: 0x0000006a362b0000,0x0000006a36780000] [id=14368]
  0x0000019dfbad8800 GCTaskThread "GC Thread#7" [stack: 0x0000006a36780000,0x0000006a36c50000] [id=13048]
  0x0000019dfbc1f800 GCTaskThread "GC Thread#8" [stack: 0x0000006a36c50000,0x0000006a37120000] [id=5228]
  0x0000019dfbc21000 GCTaskThread "GC Thread#9" [stack: 0x0000006a37120000,0x0000006a375f0000] [id=11668]
  0x0000019dc7836000 ConcurrentGCThread "G1 Main Marker" [stack: 0x0000006a2f610000,0x0000006a2fae0000] [id=3124]
  0x0000019dc7838800 ConcurrentGCThread "G1 Conc#0" [stack: 0x0000006a2fae0000,0x0000006a2ffb0000] [id=3952]
  0x0000019dfbb7c000 ConcurrentGCThread "G1 Conc#1" [stack: 0x0000006a375f0000,0x0000006a37ac0000] [id=13536]
  0x0000019dfbb7c800 ConcurrentGCThread "G1 Conc#2" [stack: 0x0000006a37ac0000,0x0000006a37f90000] [id=12724]
  0x0000019df77ce800 ConcurrentGCThread "G1 Refine#0" [stack: 0x0000006a2ffb0000,0x0000006a30480000] [id=5484]
  0x0000019df8953000 ConcurrentGCThread "G1 Refine#1" [stack: 0x0000006a3c210000,0x0000006a3c6e0000] [id=8700]
  0x0000019d85b11800 ConcurrentGCThread "G1 Refine#2" [stack: 0x0000006a3c6e0000,0x0000006a3cbb0000] [id=17084]
  0x0000019d85983800 ConcurrentGCThread "G1 Refine#3" [stack: 0x0000006a3cbb0000,0x0000006a3d080000] [id=788]
  0x0000019d85d8d800 ConcurrentGCThread "G1 Refine#4" [stack: 0x0000006a3d080000,0x0000006a3d550000] [id=3652]
  0x0000019dfa3b6800 ConcurrentGCThread "G1 Refine#5" [stack: 0x0000006a3d550000,0x0000006a3da20000] [id=9552]
  0x0000019d85a62000 ConcurrentGCThread "G1 Refine#6" [stack: 0x0000006a3da20000,0x0000006a3def0000] [id=9568]
  0x0000019df77cf800 ConcurrentGCThread "G1 Young RemSet Sampling" [stack: 0x0000006a30480000,0x0000006a30950000] [id=10396]

Threads with active compile tasks:

VM state:not at safepoint (normal execution)

VM Mutex/Monitor currently owned by a thread: None

Heap address: 0x0000000580000000, size: 10240 MB, Compressed Oops mode: Zero based, Oop shift amount: 3
Narrow klass base: 0x0000000800000000, Narrow klass shift: 0
Compressed class space size: 1073741824 Address: 0x0000000800000000

Heap:
 garbage-first heap   total 630784K, used 281497K [0x0000000580000000, 0x0000000800000000)
  region size 2048K, 18 young (36864K), 2 survivors (4096K)
 Metaspace       used 101554K, capacity 106857K, committed 107672K, reserved 1142784K
  class space    used 11289K, capacity 13236K, committed 13568K, reserved 1048576K
Heap Regions: E=young(eden), S=young(survivor), O=old, HS=humongous(starts), HC=humongous(continues), CS=collection set, F=free, A=archive, TAMS=top-at-mark-start (previous, next)
|   0|0x0000000580000000, 0x0000000580200000, 0x0000000580200000|100%| O|  |TAMS 0x0000000580200000, 0x0000000580000000| Untracked 
|   1|0x0000000580200000, 0x0000000580400000, 0x0000000580400000|100%| O|  |TAMS 0x0000000580400000, 0x0000000580200000| Untracked 
|   2|0x0000000580400000, 0x0000000580600000, 0x0000000580600000|100%| O|  |TAMS 0x0000000580600000, 0x0000000580400000| Untracked 
|   3|0x0000000580600000, 0x0000000580800000, 0x0000000580800000|100%|HS|  |TAMS 0x0000000580800000, 0x0000000580600000| Complete 
|   4|0x0000000580800000, 0x0000000580a00000, 0x0000000580a00000|100%|HC|  |TAMS 0x0000000580a00000, 0x0000000580800000| Complete 
|   5|0x0000000580a00000, 0x0000000580c00000, 0x0000000580c00000|100%| O|  |TAMS 0x0000000580c00000, 0x0000000580a00000| Untracked 
|   6|0x0000000580c00000, 0x0000000580e00000, 0x0000000580e00000|100%| O|  |TAMS 0x0000000580e00000, 0x0000000580c00000| Untracked 
|   7|0x0000000580e00000, 0x0000000581000000, 0x0000000581000000|100%| O|  |TAMS 0x0000000581000000, 0x0000000580e00000| Untracked 
|   8|0x0000000581000000, 0x0000000581200000, 0x0000000581200000|100%| O|  |TAMS 0x0000000581200000, 0x0000000581000000| Untracked 
|   9|0x0000000581200000, 0x0000000581400000, 0x0000000581400000|100%| O|  |TAMS 0x0000000581400000, 0x0000000581200000| Untracked 
|  10|0x0000000581400000, 0x0000000581600000, 0x0000000581600000|100%| O|  |TAMS 0x0000000581600000, 0x0000000581400000| Untracked 
|  11|0x0000000581600000, 0x0000000581800000, 0x0000000581800000|100%|HS|  |TAMS 0x0000000581800000, 0x0000000581600000| Complete 
|  12|0x0000000581800000, 0x0000000581a00000, 0x0000000581a00000|100%| O|  |TAMS 0x0000000581a00000, 0x0000000581800000| Untracked 
|  13|0x0000000581a00000, 0x0000000581c00000, 0x0000000581c00000|100%| O|  |TAMS 0x0000000581c00000, 0x0000000581a00000| Untracked 
|  14|0x0000000581c00000, 0x0000000581e00000, 0x0000000581e00000|100%| O|  |TAMS 0x0000000581e00000, 0x0000000581c00000| Untracked 
|  15|0x0000000581e00000, 0x0000000582000000, 0x0000000582000000|100%| O|  |TAMS 0x0000000581e00000, 0x0000000581e00000| Untracked 
|  16|0x0000000582000000, 0x0000000582200000, 0x0000000582200000|100%| O|  |TAMS 0x0000000582000000, 0x0000000582000000| Untracked 
|  17|0x0000000582200000, 0x0000000582400000, 0x0000000582400000|100%| O|  |TAMS 0x0000000582400000, 0x0000000582200000| Untracked 
|  18|0x0000000582400000, 0x0000000582600000, 0x0000000582600000|100%| O|  |TAMS 0x0000000582600000, 0x0000000582400000| Untracked 
|  19|0x0000000582600000, 0x0000000582800000, 0x0000000582800000|100%| O|  |TAMS 0x0000000582800000, 0x0000000582600000| Untracked 
|  20|0x0000000582800000, 0x0000000582a00000, 0x0000000582a00000|100%| O|  |TAMS 0x0000000582a00000, 0x0000000582800000| Untracked 
|  21|0x0000000582a00000, 0x0000000582c00000, 0x0000000582c00000|100%| O|  |TAMS 0x0000000582a00000, 0x0000000582a00000| Untracked 
|  22|0x0000000582c00000, 0x0000000582e00000, 0x0000000582e00000|100%| O|  |TAMS 0x0000000582c00000, 0x0000000582c00000| Untracked 
|  23|0x0000000582e00000, 0x0000000583000000, 0x0000000583000000|100%| O|  |TAMS 0x0000000582e00000, 0x0000000582e00000| Untracked 
|  24|0x0000000583000000, 0x0000000583200000, 0x0000000583200000|100%| O|  |TAMS 0x0000000583000000, 0x0000000583000000| Untracked 
|  25|0x0000000583200000, 0x0000000583400000, 0x0000000583400000|100%| O|  |TAMS 0x0000000583400000, 0x0000000583200000| Untracked 
|  26|0x0000000583400000, 0x0000000583600000, 0x0000000583600000|100%| O|  |TAMS 0x0000000583400000, 0x0000000583400000| Untracked 
|  27|0x0000000583600000, 0x0000000583800000, 0x0000000583800000|100%| O|  |TAMS 0x0000000583800000, 0x0000000583600000| Untracked 
|  28|0x0000000583800000, 0x0000000583a00000, 0x0000000583a00000|100%| O|  |TAMS 0x0000000583a00000, 0x0000000583800000| Untracked 
|  29|0x0000000583a00000, 0x0000000583c00000, 0x0000000583c00000|100%| O|  |TAMS 0x0000000583c00000, 0x0000000583a00000| Untracked 
|  30|0x0000000583c00000, 0x0000000583e00000, 0x0000000583e00000|100%| O|  |TAMS 0x0000000583e00000, 0x0000000583c00000| Untracked 
|  31|0x0000000583e00000, 0x0000000584000000, 0x0000000584000000|100%| O|  |TAMS 0x0000000584000000, 0x0000000583e00000| Untracked 
|  32|0x0000000584000000, 0x0000000584200000, 0x0000000584200000|100%| O|  |TAMS 0x0000000584200000, 0x0000000584000000| Untracked 
|  33|0x0000000584200000, 0x0000000584400000, 0x0000000584400000|100%| O|  |TAMS 0x0000000584200000, 0x0000000584200000| Untracked 
|  34|0x0000000584400000, 0x0000000584600000, 0x0000000584600000|100%| O|  |TAMS 0x0000000584600000, 0x0000000584400000| Untracked 
|  35|0x0000000584600000, 0x0000000584800000, 0x0000000584800000|100%| O|  |TAMS 0x0000000584800000, 0x0000000584600000| Untracked 
|  36|0x0000000584800000, 0x0000000584a00000, 0x0000000584a00000|100%| O|  |TAMS 0x0000000584a00000, 0x0000000584800000| Untracked 
|  37|0x0000000584a00000, 0x0000000584c00000, 0x0000000584c00000|100%| O|  |TAMS 0x0000000584c00000, 0x0000000584a00000| Untracked 
|  38|0x0000000584c00000, 0x0000000584e00000, 0x0000000584e00000|100%| O|  |TAMS 0x0000000584e00000, 0x0000000584c00000| Untracked 
|  39|0x0000000584e00000, 0x0000000585000000, 0x0000000585000000|100%| O|  |TAMS 0x0000000584e00000, 0x0000000584e00000| Untracked 
|  40|0x0000000585000000, 0x0000000585200000, 0x0000000585200000|100%| O|  |TAMS 0x0000000585000000, 0x0000000585000000| Untracked 
|  41|0x0000000585200000, 0x0000000585400000, 0x0000000585400000|100%| O|  |TAMS 0x0000000585400000, 0x0000000585200000| Untracked 
|  42|0x0000000585400000, 0x0000000585600000, 0x0000000585600000|100%| O|  |TAMS 0x0000000585600000, 0x0000000585400000| Untracked 
|  43|0x0000000585600000, 0x0000000585800000, 0x0000000585800000|100%| O|  |TAMS 0x0000000585600000, 0x0000000585600000| Untracked 
|  44|0x0000000585800000, 0x0000000585a00000, 0x0000000585a00000|100%| O|  |TAMS 0x0000000585800000, 0x0000000585800000| Untracked 
|  45|0x0000000585a00000, 0x0000000585c00000, 0x0000000585c00000|100%| O|  |TAMS 0x0000000585a00000, 0x0000000585a00000| Untracked 
|  46|0x0000000585c00000, 0x0000000585e00000, 0x0000000585e00000|100%| O|  |TAMS 0x0000000585e00000, 0x0000000585c00000| Untracked 
|  47|0x0000000585e00000, 0x0000000586000000, 0x0000000586000000|100%| O|  |TAMS 0x0000000585e00000, 0x0000000585e00000| Untracked 
|  48|0x0000000586000000, 0x0000000586200000, 0x0000000586200000|100%| O|  |TAMS 0x0000000586000000, 0x0000000586000000| Untracked 
|  49|0x0000000586200000, 0x0000000586400000, 0x0000000586400000|100%| O|  |TAMS 0x0000000586200000, 0x0000000586200000| Untracked 
|  50|0x0000000586400000, 0x0000000586600000, 0x0000000586600000|100%| O|  |TAMS 0x0000000586400000, 0x0000000586400000| Untracked 
|  51|0x0000000586600000, 0x0000000586800000, 0x0000000586800000|100%| O|  |TAMS 0x0000000586600000, 0x0000000586600000| Untracked 
|  52|0x0000000586800000, 0x0000000586a00000, 0x0000000586a00000|100%| O|  |TAMS 0x0000000586a00000, 0x0000000586800000| Untracked 
|  53|0x0000000586a00000, 0x0000000586c00000, 0x0000000586c00000|100%| O|  |TAMS 0x0000000586a00000, 0x0000000586a00000| Untracked 
|  54|0x0000000586c00000, 0x0000000586e00000, 0x0000000586e00000|100%| O|  |TAMS 0x0000000586e00000, 0x0000000586c00000| Untracked 
|  55|0x0000000586e00000, 0x0000000587000000, 0x0000000587000000|100%| O|  |TAMS 0x0000000586e00000, 0x0000000586e00000| Untracked 
|  56|0x0000000587000000, 0x0000000587200000, 0x0000000587200000|100%| O|  |TAMS 0x0000000587000000, 0x0000000587000000| Untracked 
|  57|0x0000000587200000, 0x0000000587400000, 0x0000000587400000|100%| O|  |TAMS 0x0000000587200000, 0x0000000587200000| Untracked 
|  58|0x0000000587400000, 0x0000000587600000, 0x0000000587600000|100%| O|  |TAMS 0x0000000587400000, 0x0000000587400000| Untracked 
|  59|0x0000000587600000, 0x0000000587800000, 0x0000000587800000|100%| O|  |TAMS 0x0000000587600000, 0x0000000587600000| Untracked 
|  60|0x0000000587800000, 0x0000000587a00000, 0x0000000587a00000|100%| O|  |TAMS 0x0000000587800000, 0x0000000587800000| Untracked 
|  61|0x0000000587a00000, 0x0000000587c00000, 0x0000000587c00000|100%| O|  |TAMS 0x0000000587a00000, 0x0000000587a00000| Untracked 
|  62|0x0000000587c00000, 0x0000000587e00000, 0x0000000587e00000|100%| O|  |TAMS 0x0000000587c00000, 0x0000000587c00000| Untracked 
|  63|0x0000000587e00000, 0x0000000588000000, 0x0000000588000000|100%| O|  |TAMS 0x0000000587e00000, 0x0000000587e00000| Untracked 
|  64|0x0000000588000000, 0x0000000588200000, 0x0000000588200000|100%| O|  |TAMS 0x0000000588200000, 0x0000000588000000| Untracked 
|  65|0x0000000588200000, 0x0000000588400000, 0x0000000588400000|100%| O|  |TAMS 0x0000000588400000, 0x0000000588200000| Untracked 
|  66|0x0000000588400000, 0x0000000588600000, 0x0000000588600000|100%| O|  |TAMS 0x0000000588600000, 0x0000000588400000| Untracked 
|  67|0x0000000588600000, 0x0000000588800000, 0x0000000588800000|100%| O|  |TAMS 0x0000000588800000, 0x0000000588600000| Untracked 
|  68|0x0000000588800000, 0x0000000588a00000, 0x0000000588a00000|100%| O|  |TAMS 0x0000000588800000, 0x0000000588800000| Untracked 
|  69|0x0000000588a00000, 0x0000000588c00000, 0x0000000588c00000|100%| O|  |TAMS 0x0000000588a00000, 0x0000000588a00000| Untracked 
|  70|0x0000000588c00000, 0x0000000588e00000, 0x0000000588e00000|100%| O|  |TAMS 0x0000000588c00000, 0x0000000588c00000| Untracked 
|  71|0x0000000588e00000, 0x0000000589000000, 0x0000000589000000|100%| O|  |TAMS 0x0000000588e00000, 0x0000000588e00000| Untracked 
|  72|0x0000000589000000, 0x0000000589200000, 0x0000000589200000|100%| O|  |TAMS 0x0000000589000000, 0x0000000589000000| Untracked 
|  73|0x0000000589200000, 0x0000000589400000, 0x0000000589400000|100%| O|  |TAMS 0x0000000589200000, 0x0000000589200000| Untracked 
|  74|0x0000000589400000, 0x0000000589600000, 0x0000000589600000|100%| O|  |TAMS 0x0000000589600000, 0x0000000589400000| Untracked 
|  75|0x0000000589600000, 0x0000000589800000, 0x0000000589800000|100%| O|  |TAMS 0x0000000589800000, 0x0000000589600000| Untracked 
|  76|0x0000000589800000, 0x0000000589a00000, 0x0000000589a00000|100%| O|  |TAMS 0x0000000589800000, 0x0000000589800000| Untracked 
|  77|0x0000000589a00000, 0x0000000589c00000, 0x0000000589c00000|100%| O|  |TAMS 0x0000000589c00000, 0x0000000589a00000| Untracked 
|  78|0x0000000589c00000, 0x0000000589e00000, 0x0000000589e00000|100%| O|  |TAMS 0x0000000589c00000, 0x0000000589c00000| Untracked 
|  79|0x0000000589e00000, 0x000000058a000000, 0x000000058a000000|100%| O|  |TAMS 0x000000058a000000, 0x0000000589e00000| Untracked 
|  80|0x000000058a000000, 0x000000058a200000, 0x000000058a200000|100%| O|  |TAMS 0x000000058a200000, 0x000000058a000000| Untracked 
|  81|0x000000058a200000, 0x000000058a400000, 0x000000058a400000|100%| O|  |TAMS 0x000000058a200000, 0x000000058a200000| Untracked 
|  82|0x000000058a400000, 0x000000058a5eae00, 0x000000058a600000| 95%| O|  |TAMS 0x000000058a400000, 0x000000058a400000| Untracked 
|  83|0x000000058a600000, 0x000000058a800000, 0x000000058a800000|100%| O|  |TAMS 0x000000058a800000, 0x000000058a600000| Untracked 
|  84|0x000000058a800000, 0x000000058a800000, 0x000000058aa00000|  0%| F|  |TAMS 0x000000058a800000, 0x000000058a800000| Untracked 
|  85|0x000000058aa00000, 0x000000058aa00000, 0x000000058ac00000|  0%| F|  |TAMS 0x000000058aa00000, 0x000000058aa00000| Untracked 
|  86|0x000000058ac00000, 0x000000058ac00000, 0x000000058ae00000|  0%| F|  |TAMS 0x000000058ac00000, 0x000000058ac00000| Untracked 
|  87|0x000000058ae00000, 0x000000058ae00000, 0x000000058b000000|  0%| F|  |TAMS 0x000000058ae00000, 0x000000058ae00000| Untracked 
|  88|0x000000058b000000, 0x000000058b200000, 0x000000058b200000|100%| O|  |TAMS 0x000000058b200000, 0x000000058b000000| Untracked 
|  89|0x000000058b200000, 0x000000058b400000, 0x000000058b400000|100%| O|  |TAMS 0x000000058b400000, 0x000000058b200000| Untracked 
|  90|0x000000058b400000, 0x000000058b600000, 0x000000058b600000|100%| O|  |TAMS 0x000000058b600000, 0x000000058b400000| Untracked 
|  91|0x000000058b600000, 0x000000058b800000, 0x000000058b800000|100%| O|  |TAMS 0x000000058b800000, 0x000000058b600000| Untracked 
|  92|0x000000058b800000, 0x000000058b800000, 0x000000058ba00000|  0%| F|  |TAMS 0x000000058b800000, 0x000000058b800000| Untracked 
|  93|0x000000058ba00000, 0x000000058ba00000, 0x000000058bc00000|  0%| F|  |TAMS 0x000000058ba00000, 0x000000058ba00000| Untracked 
|  94|0x000000058bc00000, 0x000000058be00000, 0x000000058be00000|100%| O|  |TAMS 0x000000058be00000, 0x000000058bc00000| Untracked 
|  95|0x000000058be00000, 0x000000058c000000, 0x000000058c000000|100%| O|  |TAMS 0x000000058c000000, 0x000000058be00000| Untracked 
|  96|0x000000058c000000, 0x000000058c200000, 0x000000058c200000|100%| O|  |TAMS 0x000000058c200000, 0x000000058c000000| Untracked 
|  97|0x000000058c200000, 0x000000058c400000, 0x000000058c400000|100%| O|  |TAMS 0x000000058c400000, 0x000000058c200000| Untracked 
|  98|0x000000058c400000, 0x000000058c600000, 0x000000058c600000|100%| O|  |TAMS 0x000000058c600000, 0x000000058c400000| Untracked 
|  99|0x000000058c600000, 0x000000058c800000, 0x000000058c800000|100%| O|  |TAMS 0x000000058c800000, 0x000000058c600000| Untracked 
| 100|0x000000058c800000, 0x000000058ca00000, 0x000000058ca00000|100%| O|  |TAMS 0x000000058ca00000, 0x000000058c800000| Untracked 
| 101|0x000000058ca00000, 0x000000058ca00000, 0x000000058cc00000|  0%| F|  |TAMS 0x000000058ca00000, 0x000000058ca00000| Untracked 
| 102|0x000000058cc00000, 0x000000058cc00000, 0x000000058ce00000|  0%| F|  |TAMS 0x000000058cc00000, 0x000000058cc00000| Untracked 
| 103|0x000000058ce00000, 0x000000058ce00000, 0x000000058d000000|  0%| F|  |TAMS 0x000000058ce00000, 0x000000058ce00000| Untracked 
| 104|0x000000058d000000, 0x000000058d000000, 0x000000058d200000|  0%| F|  |TAMS 0x000000058d000000, 0x000000058d000000| Untracked 
| 105|0x000000058d200000, 0x000000058d200000, 0x000000058d400000|  0%| F|  |TAMS 0x000000058d200000, 0x000000058d200000| Untracked 
| 106|0x000000058d400000, 0x000000058d400000, 0x000000058d600000|  0%| F|  |TAMS 0x000000058d400000, 0x000000058d400000| Untracked 
| 107|0x000000058d600000, 0x000000058d600000, 0x000000058d800000|  0%| F|  |TAMS 0x000000058d600000, 0x000000058d600000| Untracked 
| 108|0x000000058d800000, 0x000000058d800000, 0x000000058da00000|  0%| F|  |TAMS 0x000000058d800000, 0x000000058d800000| Untracked 
| 109|0x000000058da00000, 0x000000058dc00000, 0x000000058dc00000|100%| O|  |TAMS 0x000000058dc00000, 0x000000058da00000| Untracked 
| 110|0x000000058dc00000, 0x000000058de00000, 0x000000058de00000|100%| O|  |TAMS 0x000000058de00000, 0x000000058dc00000| Untracked 
| 111|0x000000058de00000, 0x000000058e000000, 0x000000058e000000|100%| O|  |TAMS 0x000000058e000000, 0x000000058de00000| Untracked 
| 112|0x000000058e000000, 0x000000058e200000, 0x000000058e200000|100%| O|  |TAMS 0x000000058e200000, 0x000000058e000000| Untracked 
| 113|0x000000058e200000, 0x000000058e400000, 0x000000058e400000|100%| O|  |TAMS 0x000000058e400000, 0x000000058e200000| Untracked 
| 114|0x000000058e400000, 0x000000058e600000, 0x000000058e600000|100%| O|  |TAMS 0x000000058e600000, 0x000000058e400000| Untracked 
| 115|0x000000058e600000, 0x000000058e800000, 0x000000058e800000|100%| O|  |TAMS 0x000000058e800000, 0x000000058e600000| Untracked 
| 116|0x000000058e800000, 0x000000058ea00000, 0x000000058ea00000|100%| O|  |TAMS 0x000000058ea00000, 0x000000058e800000| Untracked 
| 117|0x000000058ea00000, 0x000000058ec00000, 0x000000058ec00000|100%| O|  |TAMS 0x000000058ec00000, 0x000000058ea00000| Untracked 
| 118|0x000000058ec00000, 0x000000058ee00000, 0x000000058ee00000|100%| O|  |TAMS 0x000000058ee00000, 0x000000058ec00000| Untracked 
| 119|0x000000058ee00000, 0x000000058ee00000, 0x000000058f000000|  0%| F|  |TAMS 0x000000058ee00000, 0x000000058ee00000| Untracked 
| 120|0x000000058f000000, 0x000000058f000000, 0x000000058f200000|  0%| F|  |TAMS 0x000000058f000000, 0x000000058f000000| Untracked 
| 121|0x000000058f200000, 0x000000058f200000, 0x000000058f400000|  0%| F|  |TAMS 0x000000058f200000, 0x000000058f200000| Untracked 
| 122|0x000000058f400000, 0x000000058f600000, 0x000000058f600000|100%| O|  |TAMS 0x000000058f600000, 0x000000058f400000| Untracked 
| 123|0x000000058f600000, 0x000000058f800000, 0x000000058f800000|100%| O|  |TAMS 0x000000058f800000, 0x000000058f600000| Untracked 
| 124|0x000000058f800000, 0x000000058fa00000, 0x000000058fa00000|100%| O|  |TAMS 0x000000058fa00000, 0x000000058f800000| Untracked 
| 125|0x000000058fa00000, 0x000000058fc00000, 0x000000058fc00000|100%| O|  |TAMS 0x000000058fc00000, 0x000000058fa00000| Untracked 
| 126|0x000000058fc00000, 0x000000058fe00000, 0x000000058fe00000|100%| O|  |TAMS 0x000000058fe00000, 0x000000058fc00000| Untracked 
| 127|0x000000058fe00000, 0x0000000590000000, 0x0000000590000000|100%| O|  |TAMS 0x0000000590000000, 0x000000058fe00000| Untracked 
| 128|0x0000000590000000, 0x0000000590200000, 0x0000000590200000|100%| O|  |TAMS 0x0000000590200000, 0x0000000590000000| Untracked 
| 129|0x0000000590200000, 0x0000000590400000, 0x0000000590400000|100%| O|  |TAMS 0x0000000590400000, 0x0000000590200000| Untracked 
| 130|0x0000000590400000, 0x0000000590600000, 0x0000000590600000|100%| O|  |TAMS 0x0000000590600000, 0x0000000590400000| Untracked 
| 131|0x0000000590600000, 0x0000000590600000, 0x0000000590800000|  0%| F|  |TAMS 0x0000000590600000, 0x0000000590600000| Untracked 
| 132|0x0000000590800000, 0x0000000590a00000, 0x0000000590a00000|100%|HS|  |TAMS 0x0000000590a00000, 0x0000000590800000| Complete 
| 133|0x0000000590a00000, 0x0000000590c00000, 0x0000000590c00000|100%|HC|  |TAMS 0x0000000590c00000, 0x0000000590a00000| Complete 
| 134|0x0000000590c00000, 0x0000000590e00000, 0x0000000590e00000|100%|HS|  |TAMS 0x0000000590e00000, 0x0000000590c00000| Complete 
| 135|0x0000000590e00000, 0x0000000591000000, 0x0000000591000000|100%|HC|  |TAMS 0x0000000591000000, 0x0000000590e00000| Complete 
| 136|0x0000000591000000, 0x0000000591200000, 0x0000000591200000|100%|HC|  |TAMS 0x0000000591200000, 0x0000000591000000| Complete 
| 137|0x0000000591200000, 0x0000000591400000, 0x0000000591400000|100%|HC|  |TAMS 0x0000000591400000, 0x0000000591200000| Complete 
| 138|0x0000000591400000, 0x0000000591600000, 0x0000000591600000|100%| O|  |TAMS 0x0000000591491600, 0x0000000591400000| Untracked 
| 139|0x0000000591600000, 0x0000000591600000, 0x0000000591800000|  0%| F|  |TAMS 0x0000000591600000, 0x0000000591600000| Untracked 
| 140|0x0000000591800000, 0x0000000591800000, 0x0000000591a00000|  0%| F|  |TAMS 0x0000000591800000, 0x0000000591800000| Untracked 
| 141|0x0000000591a00000, 0x0000000591a00000, 0x0000000591c00000|  0%| F|  |TAMS 0x0000000591a00000, 0x0000000591a00000| Untracked 
| 142|0x0000000591c00000, 0x0000000591c00000, 0x0000000591e00000|  0%| F|  |TAMS 0x0000000591c00000, 0x0000000591c00000| Untracked 
| 143|0x0000000591e00000, 0x0000000591e00000, 0x0000000592000000|  0%| F|  |TAMS 0x0000000591e00000, 0x0000000591e00000| Untracked 
| 144|0x0000000592000000, 0x0000000592000000, 0x0000000592200000|  0%| F|  |TAMS 0x0000000592000000, 0x0000000592000000| Untracked 
| 145|0x0000000592200000, 0x0000000592200000, 0x0000000592400000|  0%| F|  |TAMS 0x0000000592200000, 0x0000000592200000| Untracked 
| 146|0x0000000592400000, 0x0000000592400000, 0x0000000592600000|  0%| F|  |TAMS 0x0000000592400000, 0x0000000592400000| Untracked 
| 147|0x0000000592600000, 0x0000000592600000, 0x0000000592800000|  0%| F|  |TAMS 0x0000000592600000, 0x0000000592600000| Untracked 
| 148|0x0000000592800000, 0x0000000592800000, 0x0000000592a00000|  0%| F|  |TAMS 0x0000000592800000, 0x0000000592800000| Untracked 
| 149|0x0000000592a00000, 0x0000000592a00000, 0x0000000592c00000|  0%| F|  |TAMS 0x0000000592a00000, 0x0000000592a00000| Untracked 
| 150|0x0000000592c00000, 0x0000000592c00000, 0x0000000592e00000|  0%| F|  |TAMS 0x0000000592c00000, 0x0000000592c00000| Untracked 
| 151|0x0000000592e00000, 0x0000000592e00000, 0x0000000593000000|  0%| F|  |TAMS 0x0000000592e00000, 0x0000000592e00000| Untracked 
| 152|0x0000000593000000, 0x0000000593000000, 0x0000000593200000|  0%| F|  |TAMS 0x0000000593000000, 0x0000000593000000| Untracked 
| 153|0x0000000593200000, 0x0000000593200000, 0x0000000593400000|  0%| F|  |TAMS 0x0000000593200000, 0x0000000593200000| Untracked 
| 154|0x0000000593400000, 0x0000000593400000, 0x0000000593600000|  0%| F|  |TAMS 0x0000000593400000, 0x0000000593400000| Untracked 
| 155|0x0000000593600000, 0x0000000593600000, 0x0000000593800000|  0%| F|  |TAMS 0x0000000593600000, 0x0000000593600000| Untracked 
| 156|0x0000000593800000, 0x0000000593800000, 0x0000000593a00000|  0%| F|  |TAMS 0x0000000593800000, 0x0000000593800000| Untracked 
| 157|0x0000000593a00000, 0x0000000593afb868, 0x0000000593c00000| 49%| S|CS|TAMS 0x0000000593a00000, 0x0000000593a00000| Complete 
| 158|0x0000000593c00000, 0x0000000593c00000, 0x0000000593e00000|  0%| F|  |TAMS 0x0000000593c00000, 0x0000000593c00000| Untracked 
| 159|0x0000000593e00000, 0x0000000594000000, 0x0000000594000000|100%| S|CS|TAMS 0x0000000593e00000, 0x0000000593e00000| Complete 
| 160|0x0000000594000000, 0x0000000594000000, 0x0000000594200000|  0%| F|  |TAMS 0x0000000594000000, 0x0000000594000000| Untracked 
| 161|0x0000000594200000, 0x0000000594200000, 0x0000000594400000|  0%| F|  |TAMS 0x0000000594200000, 0x0000000594200000| Untracked 
| 162|0x0000000594400000, 0x0000000594400000, 0x0000000594600000|  0%| F|  |TAMS 0x0000000594400000, 0x0000000594400000| Untracked 
| 163|0x0000000594600000, 0x0000000594600000, 0x0000000594800000|  0%| F|  |TAMS 0x0000000594600000, 0x0000000594600000| Untracked 
| 164|0x0000000594800000, 0x0000000594800000, 0x0000000594a00000|  0%| F|  |TAMS 0x0000000594800000, 0x0000000594800000| Untracked 
| 165|0x0000000594a00000, 0x0000000594a00000, 0x0000000594c00000|  0%| F|  |TAMS 0x0000000594a00000, 0x0000000594a00000| Untracked 
| 166|0x0000000594c00000, 0x0000000594c00000, 0x0000000594e00000|  0%| F|  |TAMS 0x0000000594c00000, 0x0000000594c00000| Untracked 
| 167|0x0000000594e00000, 0x0000000594e00000, 0x0000000595000000|  0%| F|  |TAMS 0x0000000594e00000, 0x0000000594e00000| Untracked 
| 168|0x0000000595000000, 0x0000000595000000, 0x0000000595200000|  0%| F|  |TAMS 0x0000000595000000, 0x0000000595000000| Untracked 
| 169|0x0000000595200000, 0x0000000595200000, 0x0000000595400000|  0%| F|  |TAMS 0x0000000595200000, 0x0000000595200000| Untracked 
| 170|0x0000000595400000, 0x0000000595400000, 0x0000000595600000|  0%| F|  |TAMS 0x0000000595400000, 0x0000000595400000| Untracked 
| 171|0x0000000595600000, 0x0000000595600000, 0x0000000595800000|  0%| F|  |TAMS 0x0000000595600000, 0x0000000595600000| Untracked 
| 172|0x0000000595800000, 0x0000000595800000, 0x0000000595a00000|  0%| F|  |TAMS 0x0000000595800000, 0x0000000595800000| Untracked 
| 173|0x0000000595a00000, 0x0000000595a00000, 0x0000000595c00000|  0%| F|  |TAMS 0x0000000595a00000, 0x0000000595a00000| Untracked 
| 174|0x0000000595c00000, 0x0000000595c00000, 0x0000000595e00000|  0%| F|  |TAMS 0x0000000595c00000, 0x0000000595c00000| Untracked 
| 175|0x0000000595e00000, 0x0000000595e00000, 0x0000000596000000|  0%| F|  |TAMS 0x0000000595e00000, 0x0000000595e00000| Untracked 
| 176|0x0000000596000000, 0x0000000596000000, 0x0000000596200000|  0%| F|  |TAMS 0x0000000596000000, 0x0000000596000000| Untracked 
| 177|0x0000000596200000, 0x0000000596200000, 0x0000000596400000|  0%| F|  |TAMS 0x0000000596200000, 0x0000000596200000| Untracked 
| 178|0x0000000596400000, 0x0000000596400000, 0x0000000596600000|  0%| F|  |TAMS 0x0000000596400000, 0x0000000596400000| Untracked 
| 179|0x0000000596600000, 0x0000000596600000, 0x0000000596800000|  0%| F|  |TAMS 0x0000000596600000, 0x0000000596600000| Untracked 
| 180|0x0000000596800000, 0x0000000596800000, 0x0000000596a00000|  0%| F|  |TAMS 0x0000000596800000, 0x0000000596800000| Untracked 
| 181|0x0000000596a00000, 0x0000000596a00000, 0x0000000596c00000|  0%| F|  |TAMS 0x0000000596a00000, 0x0000000596a00000| Untracked 
| 182|0x0000000596c00000, 0x0000000596c00000, 0x0000000596e00000|  0%| F|  |TAMS 0x0000000596c00000, 0x0000000596c00000| Untracked 
| 183|0x0000000596e00000, 0x0000000596e00000, 0x0000000597000000|  0%| F|  |TAMS 0x0000000596e00000, 0x0000000596e00000| Untracked 
| 184|0x0000000597000000, 0x0000000597000000, 0x0000000597200000|  0%| F|  |TAMS 0x0000000597000000, 0x0000000597000000| Untracked 
| 185|0x0000000597200000, 0x0000000597200000, 0x0000000597400000|  0%| F|  |TAMS 0x0000000597200000, 0x0000000597200000| Untracked 
| 186|0x0000000597400000, 0x0000000597400000, 0x0000000597600000|  0%| F|  |TAMS 0x0000000597400000, 0x0000000597400000| Untracked 
| 187|0x0000000597600000, 0x0000000597600000, 0x0000000597800000|  0%| F|  |TAMS 0x0000000597600000, 0x0000000597600000| Untracked 
| 188|0x0000000597800000, 0x0000000597800000, 0x0000000597a00000|  0%| F|  |TAMS 0x0000000597800000, 0x0000000597800000| Untracked 
| 189|0x0000000597a00000, 0x0000000597a00000, 0x0000000597c00000|  0%| F|  |TAMS 0x0000000597a00000, 0x0000000597a00000| Untracked 
| 190|0x0000000597c00000, 0x0000000597c00000, 0x0000000597e00000|  0%| F|  |TAMS 0x0000000597c00000, 0x0000000597c00000| Untracked 
| 191|0x0000000597e00000, 0x0000000597e00000, 0x0000000598000000|  0%| F|  |TAMS 0x0000000597e00000, 0x0000000597e00000| Untracked 
| 192|0x0000000598000000, 0x0000000598000000, 0x0000000598200000|  0%| F|  |TAMS 0x0000000598000000, 0x0000000598000000| Untracked 
| 193|0x0000000598200000, 0x0000000598200000, 0x0000000598400000|  0%| F|  |TAMS 0x0000000598200000, 0x0000000598200000| Untracked 
| 194|0x0000000598400000, 0x0000000598400000, 0x0000000598600000|  0%| F|  |TAMS 0x0000000598400000, 0x0000000598400000| Untracked 
| 195|0x0000000598600000, 0x0000000598600000, 0x0000000598800000|  0%| F|  |TAMS 0x0000000598600000, 0x0000000598600000| Untracked 
| 196|0x0000000598800000, 0x0000000598800000, 0x0000000598a00000|  0%| F|  |TAMS 0x0000000598800000, 0x0000000598800000| Untracked 
| 197|0x0000000598a00000, 0x0000000598a00000, 0x0000000598c00000|  0%| F|  |TAMS 0x0000000598a00000, 0x0000000598a00000| Untracked 
| 198|0x0000000598c00000, 0x0000000598c00000, 0x0000000598e00000|  0%| F|  |TAMS 0x0000000598c00000, 0x0000000598c00000| Untracked 
| 199|0x0000000598e00000, 0x0000000598e00000, 0x0000000599000000|  0%| F|  |TAMS 0x0000000598e00000, 0x0000000598e00000| Untracked 
| 200|0x0000000599000000, 0x0000000599000000, 0x0000000599200000|  0%| F|  |TAMS 0x0000000599000000, 0x0000000599000000| Untracked 
| 201|0x0000000599200000, 0x0000000599200000, 0x0000000599400000|  0%| F|  |TAMS 0x0000000599200000, 0x0000000599200000| Untracked 
| 202|0x0000000599400000, 0x0000000599400000, 0x0000000599600000|  0%| F|  |TAMS 0x0000000599400000, 0x0000000599400000| Untracked 
| 203|0x0000000599600000, 0x0000000599600000, 0x0000000599800000|  0%| F|  |TAMS 0x0000000599600000, 0x0000000599600000| Untracked 
| 204|0x0000000599800000, 0x0000000599800000, 0x0000000599a00000|  0%| F|  |TAMS 0x0000000599800000, 0x0000000599800000| Untracked 
| 205|0x0000000599a00000, 0x0000000599a00000, 0x0000000599c00000|  0%| F|  |TAMS 0x0000000599a00000, 0x0000000599a00000| Untracked 
| 206|0x0000000599c00000, 0x0000000599c00000, 0x0000000599e00000|  0%| F|  |TAMS 0x0000000599c00000, 0x0000000599c00000| Untracked 
| 207|0x0000000599e00000, 0x0000000599e00000, 0x000000059a000000|  0%| F|  |TAMS 0x0000000599e00000, 0x0000000599e00000| Untracked 
| 208|0x000000059a000000, 0x000000059a000000, 0x000000059a200000|  0%| F|  |TAMS 0x000000059a000000, 0x000000059a000000| Untracked 
| 209|0x000000059a200000, 0x000000059a200000, 0x000000059a400000|  0%| F|  |TAMS 0x000000059a200000, 0x000000059a200000| Untracked 
| 210|0x000000059a400000, 0x000000059a400000, 0x000000059a600000|  0%| F|  |TAMS 0x000000059a400000, 0x000000059a400000| Untracked 
| 211|0x000000059a600000, 0x000000059a600000, 0x000000059a800000|  0%| F|  |TAMS 0x000000059a600000, 0x000000059a600000| Untracked 
| 212|0x000000059a800000, 0x000000059a800000, 0x000000059aa00000|  0%| F|  |TAMS 0x000000059a800000, 0x000000059a800000| Untracked 
| 213|0x000000059aa00000, 0x000000059aa00000, 0x000000059ac00000|  0%| F|  |TAMS 0x000000059aa00000, 0x000000059aa00000| Untracked 
| 214|0x000000059ac00000, 0x000000059ac00000, 0x000000059ae00000|  0%| F|  |TAMS 0x000000059ac00000, 0x000000059ac00000| Untracked 
| 215|0x000000059ae00000, 0x000000059ae00000, 0x000000059b000000|  0%| F|  |TAMS 0x000000059ae00000, 0x000000059ae00000| Untracked 
| 216|0x000000059b000000, 0x000000059b000000, 0x000000059b200000|  0%| F|  |TAMS 0x000000059b000000, 0x000000059b000000| Untracked 
| 217|0x000000059b200000, 0x000000059b200000, 0x000000059b400000|  0%| F|  |TAMS 0x000000059b200000, 0x000000059b200000| Untracked 
| 218|0x000000059b400000, 0x000000059b400000, 0x000000059b600000|  0%| F|  |TAMS 0x000000059b400000, 0x000000059b400000| Untracked 
| 219|0x000000059b600000, 0x000000059b600000, 0x000000059b800000|  0%| F|  |TAMS 0x000000059b600000, 0x000000059b600000| Untracked 
| 220|0x000000059b800000, 0x000000059b800000, 0x000000059ba00000|  0%| F|  |TAMS 0x000000059b800000, 0x000000059b800000| Untracked 
| 221|0x000000059ba00000, 0x000000059ba00000, 0x000000059bc00000|  0%| F|  |TAMS 0x000000059ba00000, 0x000000059ba00000| Untracked 
| 222|0x000000059bc00000, 0x000000059bc00000, 0x000000059be00000|  0%| F|  |TAMS 0x000000059bc00000, 0x000000059bc00000| Untracked 
| 223|0x000000059be00000, 0x000000059be00000, 0x000000059c000000|  0%| F|  |TAMS 0x000000059be00000, 0x000000059be00000| Untracked 
| 224|0x000000059c000000, 0x000000059c000000, 0x000000059c200000|  0%| F|  |TAMS 0x000000059c000000, 0x000000059c000000| Untracked 
| 225|0x000000059c200000, 0x000000059c200000, 0x000000059c400000|  0%| F|  |TAMS 0x000000059c200000, 0x000000059c200000| Untracked 
| 226|0x000000059c400000, 0x000000059c400000, 0x000000059c600000|  0%| F|  |TAMS 0x000000059c400000, 0x000000059c400000| Untracked 
| 227|0x000000059c600000, 0x000000059c600000, 0x000000059c800000|  0%| F|  |TAMS 0x000000059c600000, 0x000000059c600000| Untracked 
| 228|0x000000059c800000, 0x000000059c800000, 0x000000059ca00000|  0%| F|  |TAMS 0x000000059c800000, 0x000000059c800000| Untracked 
| 229|0x000000059ca00000, 0x000000059ca00000, 0x000000059cc00000|  0%| F|  |TAMS 0x000000059ca00000, 0x000000059ca00000| Untracked 
| 230|0x000000059cc00000, 0x000000059cc00000, 0x000000059ce00000|  0%| F|  |TAMS 0x000000059cc00000, 0x000000059cc00000| Untracked 
| 231|0x000000059ce00000, 0x000000059ce00000, 0x000000059d000000|  0%| F|  |TAMS 0x000000059ce00000, 0x000000059ce00000| Untracked 
| 232|0x000000059d000000, 0x000000059d000000, 0x000000059d200000|  0%| F|  |TAMS 0x000000059d000000, 0x000000059d000000| Untracked 
| 233|0x000000059d200000, 0x000000059d200000, 0x000000059d400000|  0%| F|  |TAMS 0x000000059d200000, 0x000000059d200000| Untracked 
| 234|0x000000059d400000, 0x000000059d400000, 0x000000059d600000|  0%| F|  |TAMS 0x000000059d400000, 0x000000059d400000| Untracked 
| 235|0x000000059d600000, 0x000000059d600000, 0x000000059d800000|  0%| F|  |TAMS 0x000000059d600000, 0x000000059d600000| Untracked 
| 236|0x000000059d800000, 0x000000059d800000, 0x000000059da00000|  0%| F|  |TAMS 0x000000059d800000, 0x000000059d800000| Untracked 
| 237|0x000000059da00000, 0x000000059da00000, 0x000000059dc00000|  0%| F|  |TAMS 0x000000059da00000, 0x000000059da00000| Untracked 
| 238|0x000000059dc00000, 0x000000059dc00000, 0x000000059de00000|  0%| F|  |TAMS 0x000000059dc00000, 0x000000059dc00000| Untracked 
| 239|0x000000059de00000, 0x000000059de00000, 0x000000059e000000|  0%| F|  |TAMS 0x000000059de00000, 0x000000059de00000| Untracked 
| 240|0x000000059e000000, 0x000000059e000000, 0x000000059e200000|  0%| F|  |TAMS 0x000000059e000000, 0x000000059e000000| Untracked 
| 241|0x000000059e200000, 0x000000059e200000, 0x000000059e400000|  0%| F|  |TAMS 0x000000059e200000, 0x000000059e200000| Untracked 
| 242|0x000000059e400000, 0x000000059e400000, 0x000000059e600000|  0%| F|  |TAMS 0x000000059e400000, 0x000000059e400000| Untracked 
| 243|0x000000059e600000, 0x000000059e600000, 0x000000059e800000|  0%| F|  |TAMS 0x000000059e600000, 0x000000059e600000| Untracked 
| 244|0x000000059e800000, 0x000000059e800000, 0x000000059ea00000|  0%| F|  |TAMS 0x000000059e800000, 0x000000059e800000| Untracked 
| 245|0x000000059ea00000, 0x000000059ea00000, 0x000000059ec00000|  0%| F|  |TAMS 0x000000059ea00000, 0x000000059ea00000| Untracked 
| 246|0x000000059ec00000, 0x000000059ec00000, 0x000000059ee00000|  0%| F|  |TAMS 0x000000059ec00000, 0x000000059ec00000| Untracked 
| 247|0x000000059ee00000, 0x000000059ee00000, 0x000000059f000000|  0%| F|  |TAMS 0x000000059ee00000, 0x000000059ee00000| Untracked 
| 248|0x000000059f000000, 0x000000059f000000, 0x000000059f200000|  0%| F|  |TAMS 0x000000059f000000, 0x000000059f000000| Untracked 
| 249|0x000000059f200000, 0x000000059f200000, 0x000000059f400000|  0%| F|  |TAMS 0x000000059f200000, 0x000000059f200000| Untracked 
| 250|0x000000059f400000, 0x000000059f400000, 0x000000059f600000|  0%| F|  |TAMS 0x000000059f400000, 0x000000059f400000| Untracked 
| 251|0x000000059f600000, 0x000000059f600000, 0x000000059f800000|  0%| F|  |TAMS 0x000000059f600000, 0x000000059f600000| Untracked 
| 252|0x000000059f800000, 0x000000059f800000, 0x000000059fa00000|  0%| F|  |TAMS 0x000000059f800000, 0x000000059f800000| Untracked 
| 253|0x000000059fa00000, 0x000000059fa00000, 0x000000059fc00000|  0%| F|  |TAMS 0x000000059fa00000, 0x000000059fa00000| Untracked 
| 254|0x000000059fc00000, 0x000000059fc00000, 0x000000059fe00000|  0%| F|  |TAMS 0x000000059fc00000, 0x000000059fc00000| Untracked 
| 255|0x000000059fe00000, 0x000000059fe00000, 0x00000005a0000000|  0%| F|  |TAMS 0x000000059fe00000, 0x000000059fe00000| Untracked 
| 256|0x00000005a0000000, 0x00000005a0000000, 0x00000005a0200000|  0%| F|  |TAMS 0x00000005a0000000, 0x00000005a0000000| Untracked 
| 257|0x00000005a0200000, 0x00000005a0200000, 0x00000005a0400000|  0%| F|  |TAMS 0x00000005a0200000, 0x00000005a0200000| Untracked 
| 258|0x00000005a0400000, 0x00000005a0400000, 0x00000005a0600000|  0%| F|  |TAMS 0x00000005a0400000, 0x00000005a0400000| Untracked 
| 259|0x00000005a0600000, 0x00000005a0600000, 0x00000005a0800000|  0%| F|  |TAMS 0x00000005a0600000, 0x00000005a0600000| Untracked 
| 260|0x00000005a0800000, 0x00000005a0800000, 0x00000005a0a00000|  0%| F|  |TAMS 0x00000005a0800000, 0x00000005a0800000| Untracked 
| 261|0x00000005a0a00000, 0x00000005a0a00000, 0x00000005a0c00000|  0%| F|  |TAMS 0x00000005a0a00000, 0x00000005a0a00000| Untracked 
| 262|0x00000005a0c00000, 0x00000005a0c00000, 0x00000005a0e00000|  0%| F|  |TAMS 0x00000005a0c00000, 0x00000005a0c00000| Untracked 
| 263|0x00000005a0e00000, 0x00000005a0e00000, 0x00000005a1000000|  0%| F|  |TAMS 0x00000005a0e00000, 0x00000005a0e00000| Untracked 
| 264|0x00000005a1000000, 0x00000005a1000000, 0x00000005a1200000|  0%| F|  |TAMS 0x00000005a1000000, 0x00000005a1000000| Untracked 
| 265|0x00000005a1200000, 0x00000005a1200000, 0x00000005a1400000|  0%| F|  |TAMS 0x00000005a1200000, 0x00000005a1200000| Untracked 
| 266|0x00000005a1400000, 0x00000005a1400000, 0x00000005a1600000|  0%| F|  |TAMS 0x00000005a1400000, 0x00000005a1400000| Untracked 
| 267|0x00000005a1600000, 0x00000005a1600000, 0x00000005a1800000|  0%| F|  |TAMS 0x00000005a1600000, 0x00000005a1600000| Untracked 
| 268|0x00000005a1800000, 0x00000005a1800000, 0x00000005a1a00000|  0%| F|  |TAMS 0x00000005a1800000, 0x00000005a1800000| Untracked 
| 269|0x00000005a1a00000, 0x00000005a1a00000, 0x00000005a1c00000|  0%| F|  |TAMS 0x00000005a1a00000, 0x00000005a1a00000| Untracked 
| 270|0x00000005a1c00000, 0x00000005a1c00000, 0x00000005a1e00000|  0%| F|  |TAMS 0x00000005a1c00000, 0x00000005a1c00000| Untracked 
| 271|0x00000005a1e00000, 0x00000005a1e00000, 0x00000005a2000000|  0%| F|  |TAMS 0x00000005a1e00000, 0x00000005a1e00000| Untracked 
| 272|0x00000005a2000000, 0x00000005a2000000, 0x00000005a2200000|  0%| F|  |TAMS 0x00000005a2000000, 0x00000005a2000000| Untracked 
| 273|0x00000005a2200000, 0x00000005a2200000, 0x00000005a2400000|  0%| F|  |TAMS 0x00000005a2200000, 0x00000005a2200000| Untracked 
| 274|0x00000005a2400000, 0x00000005a2400000, 0x00000005a2600000|  0%| F|  |TAMS 0x00000005a2400000, 0x00000005a2400000| Untracked 
| 275|0x00000005a2600000, 0x00000005a2600000, 0x00000005a2800000|  0%| F|  |TAMS 0x00000005a2600000, 0x00000005a2600000| Untracked 
| 276|0x00000005a2800000, 0x00000005a2800000, 0x00000005a2a00000|  0%| F|  |TAMS 0x00000005a2800000, 0x00000005a2800000| Untracked 
| 277|0x00000005a2a00000, 0x00000005a2a00000, 0x00000005a2c00000|  0%| F|  |TAMS 0x00000005a2a00000, 0x00000005a2a00000| Untracked 
| 278|0x00000005a2c00000, 0x00000005a2c00000, 0x00000005a2e00000|  0%| F|  |TAMS 0x00000005a2c00000, 0x00000005a2c00000| Untracked 
| 279|0x00000005a2e00000, 0x00000005a2e00000, 0x00000005a3000000|  0%| F|  |TAMS 0x00000005a2e00000, 0x00000005a2e00000| Untracked 
| 280|0x00000005a3000000, 0x00000005a3000000, 0x00000005a3200000|  0%| F|  |TAMS 0x00000005a3000000, 0x00000005a3000000| Untracked 
| 281|0x00000005a3200000, 0x00000005a3200000, 0x00000005a3400000|  0%| F|  |TAMS 0x00000005a3200000, 0x00000005a3200000| Untracked 
| 282|0x00000005a3400000, 0x00000005a3400000, 0x00000005a3600000|  0%| F|  |TAMS 0x00000005a3400000, 0x00000005a3400000| Untracked 
| 283|0x00000005a3600000, 0x00000005a3600000, 0x00000005a3800000|  0%| F|  |TAMS 0x00000005a3600000, 0x00000005a3600000| Untracked 
| 284|0x00000005a3800000, 0x00000005a3800000, 0x00000005a3a00000|  0%| F|  |TAMS 0x00000005a3800000, 0x00000005a3800000| Untracked 
| 285|0x00000005a3a00000, 0x00000005a3a00000, 0x00000005a3c00000|  0%| F|  |TAMS 0x00000005a3a00000, 0x00000005a3a00000| Untracked 
| 286|0x00000005a3c00000, 0x00000005a3c00000, 0x00000005a3e00000|  0%| F|  |TAMS 0x00000005a3c00000, 0x00000005a3c00000| Untracked 
| 287|0x00000005a3e00000, 0x00000005a3e00000, 0x00000005a4000000|  0%| F|  |TAMS 0x00000005a3e00000, 0x00000005a3e00000| Untracked 
| 288|0x00000005a4000000, 0x00000005a4000000, 0x00000005a4200000|  0%| F|  |TAMS 0x00000005a4000000, 0x00000005a4000000| Untracked 
| 289|0x00000005a4200000, 0x00000005a4200000, 0x00000005a4400000|  0%| F|  |TAMS 0x00000005a4200000, 0x00000005a4200000| Untracked 
| 290|0x00000005a4400000, 0x00000005a4400000, 0x00000005a4600000|  0%| F|  |TAMS 0x00000005a4400000, 0x00000005a4400000| Untracked 
| 291|0x00000005a4600000, 0x00000005a4600000, 0x00000005a4800000|  0%| F|  |TAMS 0x00000005a4600000, 0x00000005a4600000| Untracked 
| 292|0x00000005a4800000, 0x00000005a493af48, 0x00000005a4a00000| 61%| E|  |TAMS 0x00000005a4800000, 0x00000005a4800000| Complete 
| 293|0x00000005a4a00000, 0x00000005a4c00000, 0x00000005a4c00000|100%| E|CS|TAMS 0x00000005a4a00000, 0x00000005a4a00000| Complete 
| 294|0x00000005a4c00000, 0x00000005a4e00000, 0x00000005a4e00000|100%| E|CS|TAMS 0x00000005a4c00000, 0x00000005a4c00000| Complete 
| 295|0x00000005a4e00000, 0x00000005a5000000, 0x00000005a5000000|100%| E|CS|TAMS 0x00000005a4e00000, 0x00000005a4e00000| Complete 
| 296|0x00000005a5000000, 0x00000005a5200000, 0x00000005a5200000|100%| E|CS|TAMS 0x00000005a5000000, 0x00000005a5000000| Complete 
| 297|0x00000005a5200000, 0x00000005a5400000, 0x00000005a5400000|100%| E|CS|TAMS 0x00000005a5200000, 0x00000005a5200000| Complete 
| 298|0x00000005a5400000, 0x00000005a5600000, 0x00000005a5600000|100%| E|CS|TAMS 0x00000005a5400000, 0x00000005a5400000| Complete 
| 299|0x00000005a5600000, 0x00000005a5800000, 0x00000005a5800000|100%| E|CS|TAMS 0x00000005a5600000, 0x00000005a5600000| Complete 
| 300|0x00000005a5800000, 0x00000005a5a00000, 0x00000005a5a00000|100%| E|CS|TAMS 0x00000005a5800000, 0x00000005a5800000| Complete 
| 301|0x00000005a5a00000, 0x00000005a5c00000, 0x00000005a5c00000|100%| E|CS|TAMS 0x00000005a5a00000, 0x00000005a5a00000| Complete 
| 302|0x00000005a5c00000, 0x00000005a5e00000, 0x00000005a5e00000|100%| E|CS|TAMS 0x00000005a5c00000, 0x00000005a5c00000| Complete 
| 303|0x00000005a5e00000, 0x00000005a6000000, 0x00000005a6000000|100%| E|CS|TAMS 0x00000005a5e00000, 0x00000005a5e00000| Complete 
| 304|0x00000005a6000000, 0x00000005a6200000, 0x00000005a6200000|100%| E|CS|TAMS 0x00000005a6000000, 0x00000005a6000000| Complete 
| 305|0x00000005a6200000, 0x00000005a6400000, 0x00000005a6400000|100%| E|CS|TAMS 0x00000005a6200000, 0x00000005a6200000| Complete 
| 306|0x00000005a6400000, 0x00000005a6600000, 0x00000005a6600000|100%| E|CS|TAMS 0x00000005a6400000, 0x00000005a6400000| Complete 
| 307|0x00000005a6600000, 0x00000005a6800000, 0x00000005a6800000|100%| E|CS|TAMS 0x00000005a6600000, 0x00000005a6600000| Complete 

Card table byte_map: [0x0000019dde260000,0x0000019ddf660000] _byte_map_base: 0x0000019ddb660000

Marking Bits (Prev, Next): (CMBitMap*) 0x0000019dc78212e8, (CMBitMap*) 0x0000019dc7821320
 Prev Bits: [0x0000019de0a60000, 0x0000019deaa60000)
 Next Bits: [0x0000019deaa60000, 0x0000019df4a60000)

Polling page: 0x0000019dc5cf0000

Metaspace:

Usage:
  Non-class:     91.43 MB capacity,    88.15 MB ( 96%) used,     2.84 MB (  3%) free+waste,   446.06 KB ( <1%) overhead. 
      Class:     12.93 MB capacity,    11.02 MB ( 85%) used,     1.70 MB ( 13%) free+waste,   201.38 KB (  2%) overhead. 
       Both:    104.35 MB capacity,    99.17 MB ( 95%) used,     4.55 MB (  4%) free+waste,   647.44 KB ( <1%) overhead. 

Virtual space:
  Non-class space:       92.00 MB reserved,      91.90 MB (>99%) committed 
      Class space:        1.00 GB reserved,      13.25 MB (  1%) committed 
             Both:        1.09 GB reserved,     105.15 MB (  9%) committed 

Chunk freelists:
   Non-Class:  419.00 KB
       Class:  205.00 KB
        Both:  624.00 KB

MaxMetaspaceSize: 17179869184.00 GB
CompressedClassSpaceSize: 1.00 GB

CodeHeap 'non-profiled nmethods': size=120000Kb used=21486Kb max_used=22639Kb free=98513Kb
 bounds [0x0000019dd4ca0000, 0x0000019dd62d0000, 0x0000019ddc1d0000]
CodeHeap 'profiled nmethods': size=120000Kb used=37857Kb max_used=43315Kb free=82142Kb
 bounds [0x0000019dcd770000, 0x0000019dd0370000, 0x0000019dd4ca0000]
CodeHeap 'non-nmethods': size=5760Kb used=1794Kb max_used=1874Kb free=3965Kb
 bounds [0x0000019dcd1d0000, 0x0000019dcd440000, 0x0000019dcd770000]
 total_blobs=35049 nmethods=15472 adapters=1331
 compilation: enabled
              stopped_count=0, restarted_count=0
 full_count=0

Compilation events (20 events):
Event: 1149.348 Thread 0x0000019df81b0000 22689       4       jt::getTextColor (9 bytes)
Event: 1149.349 Thread 0x0000019df81b0000 nmethod 22689 0x0000019dd5518190 code [0x0000019dd5518320, 0x0000019dd5518398]
Event: 1149.356 Thread 0x0000019df81b0000 22690 %     4       hl::<init> @ 614 (1192 bytes)
Event: 1149.366 Thread 0x0000019df81b1800 22691 % !   3       fb::j @ 190 (391 bytes)
Event: 1149.367 Thread 0x0000019df81b1800 nmethod 22691% 0x0000019dce56d710 code [0x0000019dce56db80, 0x0000019dce5702f0]
Event: 1149.385 Thread 0x0000019df81b0000 nmethod 22690% 0x0000019dd5822290 code [0x0000019dd58224c0, 0x0000019dd58243e8]
Event: 1149.386 Thread 0x0000019df81b1800 22692 %     3       hl::<init> @ 249 (1192 bytes)
Event: 1149.388 Thread 0x0000019df81b1800 nmethod 22692% 0x0000019dce847f10 code [0x0000019dce8484c0, 0x0000019dce84c170]
Event: 1149.406 Thread 0x0000019df81b1800 22693       3       hl::<init> (1192 bytes)
Event: 1149.408 Thread 0x0000019df81b1800 nmethod 22693 0x0000019dcea38690 code [0x0000019dcea38c20, 0x0000019dcea3c5d0]
Event: 1149.504 Thread 0x0000019df81b0000 22694 %     4       hl::<init> @ 656 (1192 bytes)
Event: 1149.565 Thread 0x0000019df81b0000 nmethod 22694% 0x0000019dd581e390 code [0x0000019dd581e5c0, 0x0000019dd5821768]
Event: 1149.566 Thread 0x0000019df81b0000 22695 %     4       hl::<init> @ 328 (1192 bytes)
Event: 1149.582 Thread 0x0000019df81b0000 nmethod 22695% 0x0000019dd59e0810 code [0x0000019dd59e0a40, 0x0000019dd59e1fe8]
Event: 1149.587 Thread 0x0000019df81b0000 22696 %     4       hl::<init> @ 367 (1192 bytes)
Event: 1149.603 Thread 0x0000019df81b0000 nmethod 22696% 0x0000019dd59faa90 code [0x0000019dd59faca0, 0x0000019dd59fc308]
Event: 1149.605 Thread 0x0000019df81b0000 22697 %     4       hl::<init> @ 669 (1192 bytes)
Event: 1149.623 Thread 0x0000019df81b0000 nmethod 22697% 0x0000019dd5a6f390 code [0x0000019dd5a6f5a0, 0x0000019dd5a70b28]
Event: 1149.625 Thread 0x0000019df81b0000 22698       4       hl::<init> (1192 bytes)
Event: 1149.776 Thread 0x0000019df81b0000 nmethod 22698 0x0000019dd5aad790 code [0x0000019dd5aada00, 0x0000019dd5ab3108]

GC Heap History (20 events):
Event: 839.418 GC heap before
{Heap before GC invocations=48 (full 0):
 garbage-first heap   total 630784K, used 537601K [0x0000000580000000, 0x0000000800000000)
  region size 2048K, 154 young (315392K), 9 survivors (18432K)
 Metaspace       used 101333K, capacity 106642K, committed 107416K, reserved 1142784K
  class space    used 11279K, capacity 13235K, committed 13568K, reserved 1048576K
}
Event: 839.422 GC heap after
{Heap after GC invocations=49 (full 0):
 garbage-first heap   total 630784K, used 249129K [0x0000000580000000, 0x0000000800000000)
  region size 2048K, 13 young (26624K), 13 survivors (26624K)
 Metaspace       used 101333K, capacity 106642K, committed 107416K, reserved 1142784K
  class space    used 11279K, capacity 13235K, committed 13568K, reserved 1048576K
}
Event: 873.361 GC heap before
{Heap before GC invocations=49 (full 0):
 garbage-first heap   total 630784K, used 521513K [0x0000000580000000, 0x0000000800000000)
  region size 2048K, 146 young (299008K), 13 survivors (26624K)
 Metaspace       used 101351K, capacity 106644K, committed 107416K, reserved 1142784K
  class space    used 11280K, capacity 13235K, committed 13568K, reserved 1048576K
}
Event: 873.368 GC heap after
{Heap after GC invocations=50 (full 0):
 garbage-first heap   total 630784K, used 251819K [0x0000000580000000, 0x0000000800000000)
  region size 2048K, 2 young (4096K), 2 survivors (4096K)
 Metaspace       used 101351K, capacity 106644K, committed 107416K, reserved 1142784K
  class space    used 11280K, capacity 13235K, committed 13568K, reserved 1048576K
}
Event: 907.314 GC heap before
{Heap before GC invocations=50 (full 0):
 garbage-first heap   total 630784K, used 532395K [0x0000000580000000, 0x0000000800000000)
  region size 2048K, 139 young (284672K), 2 survivors (4096K)
 Metaspace       used 101367K, capacity 106648K, committed 107416K, reserved 1142784K
  class space    used 11280K, capacity 13235K, committed 13568K, reserved 1048576K
}
Event: 907.316 GC heap after
{Heap after GC invocations=51 (full 0):
 garbage-first heap   total 630784K, used 249330K [0x0000000580000000, 0x0000000800000000)
  region size 2048K, 1 young (2048K), 1 survivors (2048K)
 Metaspace       used 101367K, capacity 106648K, committed 107416K, reserved 1142784K
  class space    used 11280K, capacity 13235K, committed 13568K, reserved 1048576K
}
Event: 942.400 GC heap before
{Heap before GC invocations=51 (full 0):
 garbage-first heap   total 630784K, used 540146K [0x0000000580000000, 0x0000000800000000)
  region size 2048K, 143 young (292864K), 1 survivors (2048K)
 Metaspace       used 101413K, capacity 106713K, committed 107672K, reserved 1142784K
  class space    used 11281K, capacity 13235K, committed 13568K, reserved 1048576K
}
Event: 942.402 GC heap after
{Heap after GC invocations=52 (full 0):
 garbage-first heap   total 630784K, used 249150K [0x0000000580000000, 0x0000000800000000)
  region size 2048K, 1 young (2048K), 1 survivors (2048K)
 Metaspace       used 101413K, capacity 106713K, committed 107672K, reserved 1142784K
  class space    used 11281K, capacity 13235K, committed 13568K, reserved 1048576K
}
Event: 974.321 GC heap before
{Heap before GC invocations=52 (full 0):
 garbage-first heap   total 630784K, used 542014K [0x0000000580000000, 0x0000000800000000)
  region size 2048K, 144 young (294912K), 1 survivors (2048K)
 Metaspace       used 101430K, capacity 106783K, committed 107672K, reserved 1142784K
  class space    used 11281K, capacity 13235K, committed 13568K, reserved 1048576K
}
Event: 974.323 GC heap after
{Heap after GC invocations=53 (full 0):
 garbage-first heap   total 630784K, used 249305K [0x0000000580000000, 0x0000000800000000)
  region size 2048K, 1 young (2048K), 1 survivors (2048K)
 Metaspace       used 101430K, capacity 106783K, committed 107672K, reserved 1142784K
  class space    used 11281K, capacity 13235K, committed 13568K, reserved 1048576K
}
Event: 1004.469 GC heap before
{Heap before GC invocations=53 (full 0):
 garbage-first heap   total 630784K, used 546265K [0x0000000580000000, 0x0000000800000000)
  region size 2048K, 146 young (299008K), 1 survivors (2048K)
 Metaspace       used 101505K, capacity 106790K, committed 107672K, reserved 1142784K
  class space    used 11287K, capacity 13236K, committed 13568K, reserved 1048576K
}
Event: 1004.471 GC heap after
{Heap after GC invocations=54 (full 0):
 garbage-first heap   total 630784K, used 249643K [0x0000000580000000, 0x0000000800000000)
  region size 2048K, 1 young (2048K), 1 survivors (2048K)
 Metaspace       used 101505K, capacity 106790K, committed 107672K, reserved 1142784K
  class space    used 11287K, capacity 13236K, committed 13568K, reserved 1048576K
}
Event: 1041.384 GC heap before
{Heap before GC invocations=54 (full 0):
 garbage-first heap   total 630784K, used 546603K [0x0000000580000000, 0x0000000800000000)
  region size 2048K, 146 young (299008K), 1 survivors (2048K)
 Metaspace       used 101543K, capacity 106857K, committed 107672K, reserved 1142784K
  class space    used 11288K, capacity 13236K, committed 13568K, reserved 1048576K
}
Event: 1041.386 GC heap after
{Heap after GC invocations=55 (full 0):
 garbage-first heap   total 630784K, used 249873K [0x0000000580000000, 0x0000000800000000)
  region size 2048K, 2 young (4096K), 2 survivors (4096K)
 Metaspace       used 101543K, capacity 106857K, committed 107672K, reserved 1142784K
  class space    used 11288K, capacity 13236K, committed 13568K, reserved 1048576K
}
Event: 1079.657 GC heap before
{Heap before GC invocations=55 (full 0):
 garbage-first heap   total 630784K, used 546833K [0x0000000580000000, 0x0000000800000000)
  region size 2048K, 147 young (301056K), 2 survivors (4096K)
 Metaspace       used 101545K, capacity 106857K, committed 107672K, reserved 1142784K
  class space    used 11288K, capacity 13236K, committed 13568K, reserved 1048576K
}
Event: 1079.658 GC heap after
{Heap after GC invocations=56 (full 0):
 garbage-first heap   total 630784K, used 249924K [0x0000000580000000, 0x0000000800000000)
  region size 2048K, 2 young (4096K), 2 survivors (4096K)
 Metaspace       used 101545K, capacity 106857K, committed 107672K, reserved 1142784K
  class space    used 11288K, capacity 13236K, committed 13568K, reserved 1048576K
}
Event: 1113.901 GC heap before
{Heap before GC invocations=56 (full 0):
 garbage-first heap   total 630784K, used 548932K [0x0000000580000000, 0x0000000800000000)
  region size 2048K, 148 young (303104K), 2 survivors (4096K)
 Metaspace       used 101546K, capacity 106857K, committed 107672K, reserved 1142784K
  class space    used 11289K, capacity 13236K, committed 13568K, reserved 1048576K
}
Event: 1113.903 GC heap after
{Heap after GC invocations=57 (full 0):
 garbage-first heap   total 630784K, used 249937K [0x0000000580000000, 0x0000000800000000)
  region size 2048K, 2 young (4096K), 2 survivors (4096K)
 Metaspace       used 101546K, capacity 106857K, committed 107672K, reserved 1142784K
  class space    used 11289K, capacity 13236K, committed 13568K, reserved 1048576K
}
Event: 1147.211 GC heap before
{Heap before GC invocations=57 (full 0):
 garbage-first heap   total 630784K, used 550993K [0x0000000580000000, 0x0000000800000000)
  region size 2048K, 149 young (305152K), 2 survivors (4096K)
 Metaspace       used 101552K, capacity 106857K, committed 107672K, reserved 1142784K
  class space    used 11289K, capacity 13236K, committed 13568K, reserved 1048576K
}
Event: 1147.213 GC heap after
{Heap after GC invocations=58 (full 0):
 garbage-first heap   total 630784K, used 250777K [0x0000000580000000, 0x0000000800000000)
  region size 2048K, 2 young (4096K), 2 survivors (4096K)
 Metaspace       used 101552K, capacity 106857K, committed 107672K, reserved 1142784K
  class space    used 11289K, capacity 13236K, committed 13568K, reserved 1048576K
}

Deoptimization events (20 events):
Event: 1149.386 Thread 0x0000019d85d46800 Uncommon trap: trap_request=0xffffffbe fr.pc=0x0000019dd5d4a85c relative=0x0000000000004c3c
Event: 1149.386 Thread 0x0000019d85d46800 Uncommon trap: reason=profile_predicate action=maybe_recompile pc=0x0000019dd5d4a85c method=hl.<init>([Lhl;I)V @ 1179 c2
Event: 1149.386 Thread 0x0000019d85d46800 DEOPT PACKING pc=0x0000019dd5d4a85c sp=0x0000006a39ffe520
Event: 1149.386 Thread 0x0000019d85d46800 DEOPT UNPACKING pc=0x0000019dcd1f91af sp=0x0000006a39ffe578 mode 2
Event: 1149.406 Thread 0x0000019d85d46800 Uncommon trap: trap_request=0xffffffbe fr.pc=0x0000019dd5d4a85c relative=0x0000000000004c3c
Event: 1149.406 Thread 0x0000019d85d46800 Uncommon trap: reason=profile_predicate action=maybe_recompile pc=0x0000019dd5d4a85c method=hl.<init>([Lhl;I)V @ 1179 c2
Event: 1149.406 Thread 0x0000019d85d46800 DEOPT PACKING pc=0x0000019dd5d4a85c sp=0x0000006a39ffe520
Event: 1149.406 Thread 0x0000019d85d46800 DEOPT UNPACKING pc=0x0000019dcd1f91af sp=0x0000006a39ffe578 mode 2
Event: 1149.406 Thread 0x0000019d85d46800 Uncommon trap: trap_request=0xffffff4d fr.pc=0x0000019dd5a4fb84 relative=0x0000000000001dc4
Event: 1149.406 Thread 0x0000019d85d46800 Uncommon trap: reason=unstable_if action=reinterpret pc=0x0000019dd5a4fb84 method=hl.<init>([Lhl;I)V @ 763 c2
Event: 1149.406 Thread 0x0000019d85d46800 DEOPT PACKING pc=0x0000019dd5a4fb84 sp=0x0000006a39ffe5e0
Event: 1149.406 Thread 0x0000019d85d46800 DEOPT UNPACKING pc=0x0000019dcd1f91af sp=0x0000006a39ffe580 mode 2
Event: 1149.545 Thread 0x0000019d85d46800 DEOPT PACKING pc=0x0000019dcea3c175 sp=0x0000006a39ffe5b0
Event: 1149.545 Thread 0x0000019d85d46800 DEOPT UNPACKING pc=0x0000019dcd1f8fce sp=0x0000006a39ffda70 mode 0
Event: 1149.625 Thread 0x0000019d85d46800 DEOPT PACKING pc=0x0000019dcea3c175 sp=0x0000006a39ffe5b0
Event: 1149.625 Thread 0x0000019d85d46800 DEOPT UNPACKING pc=0x0000019dcd1f8fce sp=0x0000006a39ffda70 mode 0
Event: 1149.685 Thread 0x0000019d85d46800 DEOPT PACKING pc=0x0000019dcea3bf98 sp=0x0000006a39ffe5b0
Event: 1149.685 Thread 0x0000019d85d46800 DEOPT UNPACKING pc=0x0000019dcd1f8fce sp=0x0000006a39ffda78 mode 0
Event: 1149.744 Thread 0x0000019d85d46800 DEOPT PACKING pc=0x0000019dcea3bf98 sp=0x0000006a39ffe5b0
Event: 1149.744 Thread 0x0000019d85d46800 DEOPT UNPACKING pc=0x0000019dcd1f8fce sp=0x0000006a39ffda78 mode 0

Classes redefined (0 events):
No events

Internal exceptions (20 events):
Event: 519.206 Thread 0x0000019d85d46800 Implicit null exception at 0x0000019dd4f2164c to 0x0000019dd4f216ba
Event: 614.782 Thread 0x0000019d85d46800 Implicit null exception at 0x0000019dd5c9a360 to 0x0000019dd5c9afae
Event: 614.789 Thread 0x0000019d85d46800 Implicit null exception at 0x0000019dd5ddaa7b to 0x0000019dd5ddbda2
Event: 614.789 Thread 0x0000019d85d46800 Implicit null exception at 0x0000019dd571b589 to 0x0000019dd571b62a
Event: 614.789 Thread 0x0000019d85d46800 Implicit null exception at 0x0000019dd571ba35 to 0x0000019dd571bb92
Event: 651.136 Thread 0x0000019dfed71000 Implicit null exception at 0x0000019dd6189446 to 0x0000019dd618a2ce
Event: 813.286 Thread 0x0000019d85d46800 Implicit null exception at 0x0000019dd5a9dab7 to 0x0000019dd5aa0817
Event: 813.286 Thread 0x0000019d85d46800 Implicit null exception at 0x0000019dd59e0a61 to 0x0000019dd59e1fea
Event: 815.097 Thread 0x0000019d85d46800 Implicit null exception at 0x0000019dd56b6bd9 to 0x0000019dd56b9271
Event: 815.097 Thread 0x0000019d85d46800 Implicit null exception at 0x0000019dd56b6bd9 to 0x0000019dd56b9271
Event: 834.265 Thread 0x0000019d85d46800 Implicit null exception at 0x0000019dd5c029c4 to 0x0000019dd5c03aba
Event: 834.566 Thread 0x0000019d85d46800 Implicit null exception at 0x0000019dd527c173 to 0x0000019dd527c1a4
Event: 1115.377 Thread 0x0000019d865ef800 Exception <a 'java/net/SocketException'{0x00000005a5b02c40}: Socket closed> (0x00000005a5b02c40) thrown at [./src/hotspot/share/prims/jni.cpp, line 636]
Event: 1149.356 Thread 0x0000019d85d46800 Implicit null exception at 0x0000019dd5d4773d to 0x0000019dd5d4acee
Event: 1149.372 Thread 0x0000019d85d46800 Implicit null exception at 0x0000019dd5d4773d to 0x0000019dd5d4acee
Event: 1149.372 Thread 0x0000019d85d46800 Implicit null exception at 0x0000019dd5a8dc91 to 0x0000019dd5a8f6a6
Event: 1149.386 Thread 0x0000019d85d46800 Implicit null exception at 0x0000019dd5d4773d to 0x0000019dd5d4acee
Event: 1149.406 Thread 0x0000019d85d46800 Implicit null exception at 0x0000019dd5d4773d to 0x0000019dd5d4acee
Event: 1149.406 Thread 0x0000019d85d46800 Implicit null exception at 0x0000019dd5a4e124 to 0x0000019dd5a4fb42
Event: 1149.784 Thread 0x0000019d85d46800 Implicit null exception at 0x0000019dd5aaf0fb to 0x0000000000000000

Events (20 events):
Event: 1115.377 Executing VM operation: RevokeBias
Event: 1115.377 Executing VM operation: RevokeBias done
Event: 1115.377 Executing VM operation: RevokeBias
Event: 1115.377 Executing VM operation: RevokeBias done
Event: 1115.377 Executing VM operation: RevokeBias
Event: 1115.377 Executing VM operation: RevokeBias done
Event: 1115.377 Executing VM operation: RevokeBias
Event: 1115.377 Executing VM operation: RevokeBias done
Event: 1115.377 Thread 0x0000019d865ef800 Thread exited: 0x0000019d865ef800
Event: 1115.377 Thread 0x0000019d865f4000 Thread exited: 0x0000019d865f4000
Event: 1126.592 Executing VM operation: RevokeBias
Event: 1126.593 Executing VM operation: RevokeBias done
Event: 1129.832 Executing VM operation: RevokeBias
Event: 1129.832 Executing VM operation: RevokeBias done
Event: 1131.902 Executing VM operation: RevokeBias
Event: 1131.902 Executing VM operation: RevokeBias done
Event: 1135.532 Executing VM operation: RevokeBias
Event: 1135.532 Executing VM operation: RevokeBias done
Event: 1147.211 Executing VM operation: G1CollectForAllocation
Event: 1147.213 Executing VM operation: G1CollectForAllocation done


Dynamic libraries:
0x00007ff74d5d0000 - 0x00007ff74d63e000 	D:\RuneLite\RuneLite.exe
0x00007ffd07170000 - 0x00007ffd07365000 	C:\WINDOWS\SYSTEM32\ntdll.dll
0x00007ffd05830000 - 0x00007ffd058ee000 	C:\WINDOWS\System32\KERNEL32.DLL
0x00007ffd04940000 - 0x00007ffd04c09000 	C:\WINDOWS\System32\KERNELBASE.dll
0x00007ffcb5630000 - 0x00007ffcb60ec000 	D:\RuneLite\jre\bin\server\jvm.dll
0x00007ffd058f0000 - 0x00007ffd05a91000 	C:\WINDOWS\System32\USER32.dll
0x00007ffd04d20000 - 0x00007ffd04d42000 	C:\WINDOWS\System32\win32u.dll
0x00007ffd05ff0000 - 0x00007ffd0601b000 	C:\WINDOWS\System32\GDI32.dll
0x00007ffd04c10000 - 0x00007ffd04d1b000 	C:\WINDOWS\System32\gdi32full.dll
0x00007ffd04e70000 - 0x00007ffd04f0d000 	C:\WINDOWS\System32\msvcp_win.dll
0x00007ffd04f10000 - 0x00007ffd05010000 	C:\WINDOWS\System32\ucrtbase.dll
0x00007ffd06d30000 - 0x00007ffd06ddc000 	C:\WINDOWS\System32\ADVAPI32.dll
0x00007ffd06de0000 - 0x00007ffd06e7e000 	C:\WINDOWS\System32\msvcrt.dll
0x00007ffd07090000 - 0x00007ffd0712b000 	C:\WINDOWS\System32\sechost.dll
0x00007ffd05b80000 - 0x00007ffd05caa000 	C:\WINDOWS\System32\RPCRT4.dll
0x00007ffd053e0000 - 0x00007ffd053e8000 	C:\WINDOWS\System32\PSAPI.DLL
0x00007ffcfd390000 - 0x00007ffcfd39a000 	C:\WINDOWS\SYSTEM32\VERSION.dll
0x00007ffcf5970000 - 0x00007ffcf5997000 	C:\WINDOWS\SYSTEM32\WINMM.dll
0x00007ffce67b0000 - 0x00007ffce67b9000 	C:\WINDOWS\SYSTEM32\WSOCK32.dll
0x00007ffce87c0000 - 0x00007ffce87db000 	C:\WINDOWS\SYSTEM32\VCRUNTIME140.dll
0x00007ffd06f10000 - 0x00007ffd06f7b000 	C:\WINDOWS\System32\WS2_32.dll
0x00007ffd06d00000 - 0x00007ffd06d30000 	C:\WINDOWS\System32\IMM32.DLL
0x00007ffd00470000 - 0x00007ffd00480000 	D:\RuneLite\jre\bin\verify.dll
0x00007ffcf3b00000 - 0x00007ffcf3ce4000 	C:\WINDOWS\SYSTEM32\DBGHELP.DLL
0x00007ffce6810000 - 0x00007ffce683c000 	C:\WINDOWS\SYSTEM32\dbgcore.DLL
0x00007ffd04d50000 - 0x00007ffd04dd3000 	C:\WINDOWS\System32\bcryptPrimitives.dll
0x00007ffd00380000 - 0x00007ffd003a8000 	D:\RuneLite\jre\bin\java.dll
0x00007ffd00450000 - 0x00007ffd00466000 	D:\RuneLite\jre\bin\zip.dll
0x00007ffd00370000 - 0x00007ffd0037a000 	D:\RuneLite\jre\bin\jimage.dll
0x00007ffd027b0000 - 0x00007ffd027c2000 	C:\WINDOWS\SYSTEM32\kernel.appcore.dll
0x00007ffd064a0000 - 0x00007ffd06bdf000 	C:\WINDOWS\System32\SHELL32.dll
0x00007ffd029b0000 - 0x00007ffd03140000 	C:\WINDOWS\SYSTEM32\windows.storage.dll
0x00007ffd054d0000 - 0x00007ffd05825000 	C:\WINDOWS\System32\combase.dll
0x00007ffd04210000 - 0x00007ffd0423c000 	C:\WINDOWS\SYSTEM32\Wldp.dll
0x00007ffd05cd0000 - 0x00007ffd05d7e000 	C:\WINDOWS\System32\SHCORE.dll
0x00007ffd05f30000 - 0x00007ffd05f85000 	C:\WINDOWS\System32\shlwapi.dll
0x00007ffd047d0000 - 0x00007ffd047ef000 	C:\WINDOWS\SYSTEM32\profapi.dll
0x00007ffd00350000 - 0x00007ffd00369000 	D:\RuneLite\jre\bin\net.dll
0x00007ffcfd490000 - 0x00007ffcfd598000 	C:\WINDOWS\SYSTEM32\WINHTTP.dll
0x00007ffd03f70000 - 0x00007ffd03fda000 	C:\WINDOWS\system32\mswsock.dll
0x00007ffd00330000 - 0x00007ffd00342000 	D:\RuneLite\jre\bin\nio.dll
0x00007ffcdccc0000 - 0x00007ffcdce59000 	D:\RuneLite\jre\bin\awt.dll
0x00007ffd05aa0000 - 0x00007ffd05b6d000 	C:\WINDOWS\System32\OLEAUT32.dll
0x00007ffce8310000 - 0x00007ffce839d000 	C:\WINDOWS\SYSTEM32\MSVCP140.dll
0x00007ffce7d30000 - 0x00007ffce7d3c000 	C:\WINDOWS\SYSTEM32\VCRUNTIME140_1.dll
0x00007ffd021f0000 - 0x00007ffd02280000 	C:\WINDOWS\SYSTEM32\apphelp.dll
0x00007ffcedad0000 - 0x00007ffcedb80000 	C:\WINDOWS\WinSxS\amd64_microsoft.windows.common-controls_6595b64144ccf1df_5.82.19041.1110_none_792d1c772443f647\COMCTL32.dll
0x00007ffd022f0000 - 0x00007ffd0238e000 	C:\WINDOWS\system32\uxtheme.dll
0x00007ffd06be0000 - 0x00007ffd06cf5000 	C:\WINDOWS\System32\MSCTF.dll
0x00007ffd051c0000 - 0x00007ffd052ea000 	C:\WINDOWS\System32\ole32.dll
0x00007ffd025d0000 - 0x00007ffd025ff000 	C:\WINDOWS\system32\DWMAPI.DLL
0x00007ffcdcb90000 - 0x00007ffcdccb5000 	C:\WINDOWS\system32\opengl32.dll
0x00007ffcffdb0000 - 0x00007ffcffddc000 	C:\WINDOWS\SYSTEM32\GLU32.dll
0x00007ffcf5640000 - 0x00007ffcf580e000 	C:\WINDOWS\system32\d3d9.dll
0x00007ffcf9670000 - 0x00007ffcf9776000 	C:\WINDOWS\System32\DriverStore\FileRepository\nv_dispi.inf_amd64_44dc4eefedc0d082\nvldumdx.dll
0x00007ffd04400000 - 0x00007ffd04412000 	C:\WINDOWS\SYSTEM32\msasn1.dll
0x00007ffcfcaa0000 - 0x00007ffcfcad1000 	C:\WINDOWS\SYSTEM32\cryptnet.dll
0x00007ffd05060000 - 0x00007ffd051b6000 	C:\WINDOWS\System32\CRYPT32.dll
0x00007ffcf9c30000 - 0x00007ffcf9d7a000 	C:\WINDOWS\SYSTEM32\drvstore.dll
0x00007ffd045c0000 - 0x00007ffd045f4000 	C:\WINDOWS\SYSTEM32\devobj.dll
0x00007ffd05010000 - 0x00007ffd0505e000 	C:\WINDOWS\System32\cfgmgr32.dll
0x00007ffd04180000 - 0x00007ffd0418c000 	C:\WINDOWS\SYSTEM32\cryptbase.dll
0x00007ffd04e10000 - 0x00007ffd04e70000 	C:\WINDOWS\System32\WINTRUST.DLL
0x00007ffd05cb0000 - 0x00007ffd05ccd000 	C:\WINDOWS\System32\imagehlp.dll
0x00007ffd04160000 - 0x00007ffd04178000 	C:\WINDOWS\SYSTEM32\CRYPTSP.dll
0x00007ffd038f0000 - 0x00007ffd03924000 	C:\WINDOWS\system32\rsaenh.dll
0x00007ffd04de0000 - 0x00007ffd04e07000 	C:\WINDOWS\System32\bcrypt.dll
0x00007ffcb3e90000 - 0x00007ffcb5625000 	C:\WINDOWS\System32\DriverStore\FileRepository\nv_dispi.inf_amd64_44dc4eefedc0d082\nvd3dumx.dll
0x00007ffcdc8c0000 - 0x00007ffcdcb83000 	C:\WINDOWS\system32\nvspcap64.dll
0x00007ffd03580000 - 0x00007ffd035b3000 	C:\WINDOWS\SYSTEM32\ntmarta.dll
0x00007ffd03150000 - 0x00007ffd03173000 	C:\WINDOWS\SYSTEM32\gpapi.dll
0x00007ffcf9d80000 - 0x00007ffcf9dbb000 	C:\WINDOWS\SYSTEM32\dxcore.dll
0x00007ffd04750000 - 0x00007ffd0477e000 	C:\WINDOWS\SYSTEM32\USERENV.dll
0x00007ffd03c60000 - 0x00007ffd03c9b000 	C:\WINDOWS\SYSTEM32\IPHLPAPI.DLL
0x00007ffd05350000 - 0x00007ffd05358000 	C:\WINDOWS\System32\NSI.dll
0x00007ffcfea60000 - 0x00007ffcfea77000 	C:\WINDOWS\SYSTEM32\dhcpcsvc6.DLL
0x00007ffcfea40000 - 0x00007ffcfea5d000 	C:\WINDOWS\SYSTEM32\dhcpcsvc.DLL
0x00007ffd03ca0000 - 0x00007ffd03d6c000 	C:\WINDOWS\SYSTEM32\DNSAPI.dll
0x00007ffced700000 - 0x00007ffced782000 	D:\RuneLite\jre\bin\freetype.dll
0x00007ffcdecf0000 - 0x00007ffcded96000 	D:\RuneLite\jre\bin\fontmanager.dll
0x00007ffcf98e0000 - 0x00007ffcf99d9000 	C:\WINDOWS\SYSTEM32\textinputframework.dll
0x00007ffd01ae0000 - 0x00007ffd01e3e000 	C:\WINDOWS\System32\CoreUIComponents.dll
0x00007ffd01e90000 - 0x00007ffd01f82000 	C:\WINDOWS\System32\CoreMessaging.dll
0x00007ffd00740000 - 0x00007ffd00894000 	C:\WINDOWS\SYSTEM32\wintypes.dll
0x00007ffcedc40000 - 0x00007ffcedc65000 	D:\RuneLite\jre\bin\sunec.dll
0x00007ffcfd360000 - 0x00007ffcfd36a000 	C:\Windows\System32\rasadhlp.dll
0x00007ffcfc6c0000 - 0x00007ffcfc73f000 	C:\WINDOWS\System32\fwpuclnt.dll
0x00007ffcfc4f0000 - 0x00007ffcfc4fe000 	D:\RuneLite\jre\bin\sunmscapi.dll
0x00007ffd04280000 - 0x00007ffd042a7000 	C:\WINDOWS\SYSTEM32\ncrypt.dll
0x00007ffd04240000 - 0x00007ffd0427b000 	C:\WINDOWS\SYSTEM32\NTASN1.dll
0x00007ffcdeca0000 - 0x00007ffcdece4000 	C:\Users\Victur\AppData\Local\Temp\jna--1732826079\jna6705590894561148723.dll
0x00007ffcdc820000 - 0x00007ffcdc8bc000 	C:\Users\Victur\AppData\Local\Temp\jna--1732826079\jna8711851830019878296.dll
0x00007ffcdcf20000 - 0x00007ffcdcf9f000 	D:\RuneLite\jre\bin\mlib_image.dll
0x00007ffcfeae0000 - 0x00007ffcfeaeb000 	C:\WINDOWS\SYSTEM32\WINNSI.DLL
0x00007ffcedc20000 - 0x00007ffcedc31000 	D:\RuneLite\jre\bin\jsound.dll
0x00007ffcb9580000 - 0x00007ffcb961c000 	C:\WINDOWS\SYSTEM32\DSOUND.dll
0x00007ffd04700000 - 0x00007ffd0474b000 	C:\WINDOWS\SYSTEM32\powrprof.dll
0x00007ffcddc00000 - 0x00007ffcddc26000 	C:\WINDOWS\SYSTEM32\winmmbase.dll
0x00007ffd046e0000 - 0x00007ffd046f2000 	C:\WINDOWS\SYSTEM32\UMPDC.dll
0x00007ffd06f80000 - 0x00007ffd07029000 	C:\WINDOWS\System32\clbcatq.dll
0x00007ffcfc290000 - 0x00007ffcfc315000 	C:\WINDOWS\System32\MMDevApi.dll
0x00007ffcd1550000 - 0x00007ffcd1596000 	C:\WINDOWS\SYSTEM32\wdmaud.drv
0x00007ffcff800000 - 0x00007ffcff809000 	C:\WINDOWS\SYSTEM32\ksuser.dll
0x00007ffcfef20000 - 0x00007ffcfef2a000 	C:\WINDOWS\SYSTEM32\AVRT.dll
0x00007ffcd9190000 - 0x00007ffcd9311000 	C:\WINDOWS\SYSTEM32\AUDIOSES.DLL
0x00007ffcdec70000 - 0x00007ffcdec7d000 	C:\WINDOWS\SYSTEM32\msacm32.drv
0x00007ffcd28c0000 - 0x00007ffcd28de000 	C:\WINDOWS\SYSTEM32\MSACM32.dll
0x00007ffcd71b0000 - 0x00007ffcd71bb000 	C:\WINDOWS\SYSTEM32\midimap.dll
0x00007ffd023c0000 - 0x00007ffd023d4000 	C:\WINDOWS\SYSTEM32\resourcepolicyclient.dll
0x00007ffcf99e0000 - 0x00007ffcf9b21000 	C:\Windows\System32\Windows.UI.dll
0x00007ffcfe890000 - 0x00007ffcfe931000 	C:\Windows\System32\WindowManagementAPI.dll
0x00007ffcf9780000 - 0x00007ffcf98d2000 	C:\Windows\System32\InputHost.dll
0x00007ffcfe620000 - 0x00007ffcfe821000 	C:\WINDOWS\SYSTEM32\twinapi.appcore.dll
0x00007ffd00480000 - 0x00007ffd00576000 	C:\Windows\System32\PROPSYS.dll
0x00007ffced9d0000 - 0x00007ffced9fd000 	D:\RuneLite\jre\bin\javajpeg.dll
0x00007ffce69c0000 - 0x00007ffce69ff000 	D:\RuneLite\jre\bin\lcms.dll
0x00007ffcfc4e0000 - 0x00007ffcfc4e9000 	D:\RuneLite\jre\bin\management.dll
0x00007ffceff30000 - 0x00007ffcf01ca000 	C:\WINDOWS\WinSxS\amd64_microsoft.windows.common-controls_6595b64144ccf1df_6.0.19041.1110_none_60b5254171f9507e\comctl32.dll
0x00007ffcf4200000 - 0x00007ffcf420b000 	D:\RuneLite\jre\bin\management_ext.dll
0x00007ffcfe0b0000 - 0x00007ffcfe264000 	C:\WINDOWS\SYSTEM32\WindowsCodecs.dll
0x00007ffcd7640000 - 0x00007ffcd767e000 	C:\WINDOWS\system32\dataexchange.dll
0x00007ffd00d10000 - 0x00007ffd00f74000 	C:\WINDOWS\system32\d3d11.dll
0x00007ffd01570000 - 0x00007ffd01756000 	C:\WINDOWS\system32\dcomp.dll
0x00007ffd03180000 - 0x00007ffd03274000 	C:\WINDOWS\system32\dxgi.dll
0x000000006e8c0000 - 0x000000006e8cd000 	C:\Users\Victur\AppData\Local\Temp\jogamp_0000\file_cache\jln9842615910393880819\jln10650801802644847071\natives\windows-amd64\gluegen_rt.dll
0x00007ffcfd6e0000 - 0x00007ffcfd78e000 	C:\WINDOWS\SYSTEM32\mscms.dll
0x00007ffcfd6c0000 - 0x00007ffcfd6d1000 	C:\WINDOWS\SYSTEM32\ColorAdapterClient.dll
0x00007ffceda80000 - 0x00007ffcedac3000 	C:\WINDOWS\SYSTEM32\icm32.dll

dbghelp: loaded successfully - version: 4.0.5 - missing functions: none
symbol engine: initialized successfully - sym options: 0x614 - pdb path: .;D:\RuneLite;C:\WINDOWS\SYSTEM32;D:\RuneLite\jre\bin\server;D:\RuneLite\jre\bin;C:\WINDOWS\WinSxS\amd64_microsoft.windows.common-controls_6595b64144ccf1df_5.82.19041.1110_none_792d1c772443f647;C:\WINDOWS\System32\DriverStore\FileRepository\nv_dispi.inf_amd64_44dc4eefedc0d082;C:\Users\Victur\AppData\Local\Temp\jna--1732826079;C:\WINDOWS\WinSxS\amd64_microsoft.windows.common-controls_6595b64144ccf1df_6.0.19041.1110_none_60b5254171f9507e;C:\Users\Victur\AppData\Local\Temp\jogamp_0000\file_cache\jln9842615910393880819\jln10650801802644847071\natives\windows-amd64

VM Arguments:
jvm_args: -XX:+DisableAttachMechanism -Drunelite.launcher.nojvm=true -Xmx512m -Xss2m -XX:CompileThreshold=1500 -Djna.nosys=true -XX:ErrorFile=C:\Users\Victur\.runelite\logs\jvm_crash_pid_%p.log -Xmx10G 
java_command: <unknown>
java_class_path (initial): <not set>
Launcher Type: generic

[Global flags]
     intx CICompilerCount                          = 4                                         {product} {ergonomic}
     intx CompileThreshold                         = 1500                                   {pd product} {command line}
     uint ConcGCThreads                            = 3                                         {product} {ergonomic}
     bool DisableAttachMechanism                   = true                                      {product} {command line}
    ccstr ErrorFile                                = C:\Users\Victur\.runelite\logs\jvm_crash_pid_%p.log            {product} {command line}
     uint G1ConcRefinementThreads                  = 10                                        {product} {ergonomic}
   size_t G1HeapRegionSize                         = 2097152                                   {product} {ergonomic}
    uintx GCDrainStackTargetSize                   = 64                                        {product} {ergonomic}
   size_t InitialHeapSize                          = 536870912                                 {product} {ergonomic}
   size_t MarkStackSize                            = 4194304                                   {product} {ergonomic}
   size_t MaxHeapSize                              = 10737418240                               {product} {command line}
   size_t MaxNewSize                               = 6442450944                                {product} {ergonomic}
   size_t MinHeapDeltaBytes                        = 2097152                                   {product} {ergonomic}
    uintx NonNMethodCodeHeapSize                   = 5836300                                {pd product} {ergonomic}
    uintx NonProfiledCodeHeapSize                  = 122910970                              {pd product} {ergonomic}
    uintx ProfiledCodeHeapSize                     = 122910970                              {pd product} {ergonomic}
    uintx ReservedCodeCacheSize                    = 251658240                              {pd product} {ergonomic}
     bool SegmentedCodeCache                       = true                                      {product} {ergonomic}
     intx ThreadStackSize                          = 2048                                   {pd product} {command line}
     bool UseCompressedClassPointers               = true                                 {lp64_product} {ergonomic}
     bool UseCompressedOops                        = true                                 {lp64_product} {ergonomic}
     bool UseG1GC                                  = true                                      {product} {ergonomic}
     bool UseLargePagesIndividualAllocation        = false                                  {pd product} {ergonomic}

Logging:
Log output configuration:
 #0: stdout all=warning uptime,level,tags
 #1: stderr all=off uptime,level,tags

Environment Variables:
_JAVA_OPTIONS=-Xmx10G
PATH=C:\Program Files (x86)\Common Files\Oracle\Java\javapath;C:\Windows\system32;C:\Windows;C:\Windows\System32\Wbem;C:\Windows\System32\WindowsPowerShell\v1.0\;C:\Windows\System32\OpenSSH\;;C:\Program Files\NVIDIA Corporation\NVIDIA NvDLISR;C:\WINDOWS\system32;C:\WINDOWS;C:\WINDOWS\System32\Wbem;C:\WINDOWS\System32\WindowsPowerShell\v1.0\;C:\WINDOWS\System32\OpenSSH\;C:\Program Files\dotnet\;C:\Program Files (x86)\dotnet\;C:\Program Files (x86)\NVIDIA Corporation\PhysX\Common;C:\Users\Victur\AppData\Local\Microsoft\WindowsApps;C:\Users\Victur\AppData\Local\GitHubDesktop\bin;C:\Users\Victur\.dotnet\tools
USERNAME=Victur
OS=Windows_NT
PROCESSOR_IDENTIFIER=Intel64 Family 6 Model 158 Stepping 10, GenuineIntel



---------------  S Y S T E M  ---------------

OS: Windows 10 , 64 bit Build 19041 (10.0.19041.1202)
OS uptime: 0 days 0:46 hours

CPU:total 12 (initial active 12) (6 cores per cpu, 2 threads per core) family 6 model 158 stepping 10, cmov, cx8, fxsr, mmx, sse, sse2, sse3, ssse3, sse4.1, sse4.2, popcnt, avx, avx2, aes, clmul, erms, rtm, 3dnowpref, lzcnt, ht, tsc, tscinvbit, bmi1, bmi2, adx, fma

Memory: 4k page, system-wide physical 32704M (26071M free)
TotalPageFile size 37568M (AvailPageFile size 27623M)
current process WorkingSet (physical memory assigned to process): 1168M, peak: 1199M
current process commit charge ("private bytes"): 1501M, peak: 1806M

vm_info: OpenJDK 64-Bit Server VM (11.0.7+10) for windows-amd64 JRE (11.0.7+10), built on Apr 22 2020 11:46:09 by "" with MS VC++ 15.9 (VS2017)

END.
