2020-12-12 14:05:32 [main] INFO  net.runelite.launcher.Launcher - RuneLite Launcher version 2.1.3
2020-12-12 14:05:32 [main] INFO  net.runelite.launcher.Launcher - Setting hardware acceleration to DIRECTDRAW
2020-12-12 14:05:34 [main] INFO  net.runelite.launcher.Launcher - Verified hash of client-1.6.35.jar
2020-12-12 14:05:34 [main] INFO  net.runelite.launcher.Launcher - Verified hash of slf4j-api-1.7.25.jar
2020-12-12 14:05:34 [main] INFO  net.runelite.launcher.Launcher - Verified hash of logback-classic-1.2.3.jar
2020-12-12 14:05:34 [main] INFO  net.runelite.launcher.Launcher - Verified hash of logback-core-1.2.3.jar
2020-12-12 14:05:34 [main] INFO  net.runelite.launcher.Launcher - Verified hash of jopt-simple-5.0.1.jar
2020-12-12 14:05:34 [main] INFO  net.runelite.launcher.Launcher - Verified hash of guava-23.2-jre.jar
2020-12-12 14:05:34 [main] INFO  net.runelite.launcher.Launcher - Verified hash of guice-4.1.0-no_aop.jar
2020-12-12 14:05:34 [main] INFO  net.runelite.launcher.Launcher - Verified hash of javax.inject-1.jar
2020-12-12 14:05:34 [main] INFO  net.runelite.launcher.Launcher - Verified hash of aopalliance-1.0.jar
2020-12-12 14:05:34 [main] INFO  net.runelite.launcher.Launcher - Verified hash of gson-2.8.5.jar
2020-12-12 14:05:34 [main] INFO  net.runelite.launcher.Launcher - Verified hash of substance-8.0.02.jar
2020-12-12 14:05:34 [main] INFO  net.runelite.launcher.Launcher - Verified hash of trident-1.5.00.jar
2020-12-12 14:05:34 [main] INFO  net.runelite.launcher.Launcher - Verified hash of commons-text-1.2.jar
2020-12-12 14:05:34 [main] INFO  net.runelite.launcher.Launcher - Verified hash of commons-lang3-3.7.jar
2020-12-12 14:05:34 [main] INFO  net.runelite.launcher.Launcher - Verified hash of jogl-all-2.4.0-rc-20200429.jar
2020-12-12 14:05:34 [main] INFO  net.runelite.launcher.Launcher - Verified hash of jogl-all-2.4.0-rc-20200429-natives-windows-amd64.jar
2020-12-12 14:05:34 [main] INFO  net.runelite.launcher.Launcher - Verified hash of jogl-all-2.4.0-rc-20200429-natives-windows-i586.jar
2020-12-12 14:05:34 [main] INFO  net.runelite.launcher.Launcher - Verified hash of jogl-all-2.4.0-rc-20200429-natives-linux-amd64.jar
2020-12-12 14:05:34 [main] INFO  net.runelite.launcher.Launcher - Verified hash of jogl-all-2.4.0-rc-20200429-natives-macosx-universal.jar
2020-12-12 14:05:34 [main] INFO  net.runelite.launcher.Launcher - Verified hash of gluegen-rt-2.4.0-rc-20200429.jar
2020-12-12 14:05:34 [main] INFO  net.runelite.launcher.Launcher - Verified hash of gluegen-rt-2.4.0-rc-20200429-natives-windows-amd64.jar
2020-12-12 14:05:34 [main] INFO  net.runelite.launcher.Launcher - Verified hash of gluegen-rt-2.4.0-rc-20200429-natives-windows-i586.jar
2020-12-12 14:05:34 [main] INFO  net.runelite.launcher.Launcher - Verified hash of gluegen-rt-2.4.0-rc-20200429-natives-linux-amd64.jar
2020-12-12 14:05:34 [main] INFO  net.runelite.launcher.Launcher - Verified hash of gluegen-rt-2.4.0-rc-20200429-natives-macosx-universal.jar
2020-12-12 14:05:34 [main] INFO  net.runelite.launcher.Launcher - Verified hash of archive-patcher-1.0.jar
2020-12-12 14:05:34 [main] INFO  net.runelite.launcher.Launcher - Verified hash of jna-4.5.1.jar
2020-12-12 14:05:34 [main] INFO  net.runelite.launcher.Launcher - Verified hash of jna-platform-4.5.1.jar
2020-12-12 14:05:34 [main] INFO  net.runelite.launcher.Launcher - Verified hash of jsr305-3.0.2.jar
2020-12-12 14:05:34 [main] INFO  net.runelite.launcher.Launcher - Verified hash of runelite-api-1.6.35.jar
2020-12-12 14:05:34 [main] INFO  net.runelite.launcher.Launcher - Verified hash of client-patch-1.6.35.jar
2020-12-12 14:05:34 [main] INFO  net.runelite.launcher.Launcher - Verified hash of http-api-1.6.35.jar
2020-12-12 14:05:34 [main] INFO  net.runelite.launcher.Launcher - Verified hash of okhttp-3.7.0.jar
2020-12-12 14:05:34 [main] INFO  net.runelite.launcher.Launcher - Verified hash of okio-1.12.0.jar
2020-12-12 14:05:34 [main] INFO  net.runelite.launcher.Launcher - Verified hash of commons-csv-1.4.jar
2020-12-12 14:05:34 [main] INFO  net.runelite.launcher.Launcher - Verified hash of discord-1.2.jar
