2021-11-21 11:50:44 [main] INFO  net.runelite.launcher.Launcher - RuneLite Launcher version 2.1.3
2021-11-21 11:50:44 [main] INFO  net.runelite.launcher.Launcher - Setting hardware acceleration to DIRECTDRAW
2021-11-21 11:50:46 [main] INFO  net.runelite.launcher.Launcher - Verified hash of client-1.8.3.jar
2021-11-21 11:50:46 [main] INFO  net.runelite.launcher.Launcher - Verified hash of slf4j-api-1.7.25.jar
2021-11-21 11:50:46 [main] INFO  net.runelite.launcher.Launcher - Verified hash of logback-classic-1.2.3.jar
2021-11-21 11:50:46 [main] INFO  net.runelite.launcher.Launcher - Verified hash of logback-core-1.2.3.jar
2021-11-21 11:50:46 [main] INFO  net.runelite.launcher.Launcher - Verified hash of jopt-simple-5.0.1.jar
2021-11-21 11:50:46 [main] INFO  net.runelite.launcher.Launcher - Verified hash of guava-23.2-jre.jar
2021-11-21 11:50:46 [main] INFO  net.runelite.launcher.Launcher - Verified hash of guice-4.1.0-no_aop.jar
2021-11-21 11:50:46 [main] INFO  net.runelite.launcher.Launcher - Verified hash of javax.inject-1.jar
2021-11-21 11:50:46 [main] INFO  net.runelite.launcher.Launcher - Verified hash of aopalliance-1.0.jar
2021-11-21 11:50:46 [main] INFO  net.runelite.launcher.Launcher - Verified hash of gson-2.8.5.jar
2021-11-21 11:50:46 [main] INFO  net.runelite.launcher.Launcher - Verified hash of substance-8.0.02.jar
2021-11-21 11:50:46 [main] INFO  net.runelite.launcher.Launcher - Verified hash of trident-1.5.00.jar
2021-11-21 11:50:46 [main] INFO  net.runelite.launcher.Launcher - Verified hash of commons-text-1.2.jar
2021-11-21 11:50:46 [main] INFO  net.runelite.launcher.Launcher - Verified hash of commons-lang3-3.7.jar
2021-11-21 11:50:46 [main] INFO  net.runelite.launcher.Launcher - Verified hash of jogl-all-2.4.0-rc-20200429.jar
2021-11-21 11:50:46 [main] INFO  net.runelite.launcher.Launcher - Verified hash of jogl-all-2.4.0-rc-20200429-natives-windows-amd64.jar
2021-11-21 11:50:46 [main] INFO  net.runelite.launcher.Launcher - Verified hash of jogl-all-2.4.0-rc-20200429-natives-windows-i586.jar
2021-11-21 11:50:46 [main] INFO  net.runelite.launcher.Launcher - Verified hash of jogl-all-2.4.0-rc-20200429-natives-linux-amd64.jar
2021-11-21 11:50:46 [main] INFO  net.runelite.launcher.Launcher - Verified hash of jogl-all-natives-macosx-2.4.0-rc-20210117.jar
2021-11-21 11:50:46 [main] INFO  net.runelite.launcher.Launcher - Verified hash of gluegen-rt-2.4.0-rc-20200429.jar
2021-11-21 11:50:46 [main] INFO  net.runelite.launcher.Launcher - Verified hash of gluegen-rt-2.4.0-rc-20200429-natives-windows-amd64.jar
2021-11-21 11:50:46 [main] INFO  net.runelite.launcher.Launcher - Verified hash of gluegen-rt-2.4.0-rc-20200429-natives-windows-i586.jar
2021-11-21 11:50:46 [main] INFO  net.runelite.launcher.Launcher - Verified hash of gluegen-rt-2.4.0-rc-20200429-natives-linux-amd64.jar
2021-11-21 11:50:46 [main] INFO  net.runelite.launcher.Launcher - Verified hash of gluegen-rt-natives-macosx-2.4.0-rc-20210117.jar
2021-11-21 11:50:46 [main] INFO  net.runelite.launcher.Launcher - Verified hash of jocl-1.0.jar
2021-11-21 11:50:46 [main] INFO  net.runelite.launcher.Launcher - Verified hash of jocl-1.0-macos-x64.jar
2021-11-21 11:50:46 [main] INFO  net.runelite.launcher.Launcher - Verified hash of jocl-1.0-macos-arm64.jar
2021-11-21 11:50:46 [main] INFO  net.runelite.launcher.Launcher - Verified hash of archive-patcher-1.0.jar
2021-11-21 11:50:46 [main] INFO  net.runelite.launcher.Launcher - Verified hash of jna-5.9.0.jar
2021-11-21 11:50:46 [main] INFO  net.runelite.launcher.Launcher - Verified hash of jna-platform-5.9.0.jar
2021-11-21 11:50:46 [main] INFO  net.runelite.launcher.Launcher - Verified hash of jsr305-3.0.2.jar
2021-11-21 11:50:46 [main] INFO  net.runelite.launcher.Launcher - Verified hash of client-patch-1.8.3.jar
2021-11-21 11:50:46 [main] INFO  net.runelite.launcher.Launcher - Verified hash of http-api-1.8.3.jar
2021-11-21 11:50:46 [main] INFO  net.runelite.launcher.Launcher - Verified hash of okhttp-3.14.9.jar
2021-11-21 11:50:46 [main] INFO  net.runelite.launcher.Launcher - Verified hash of okio-1.17.2.jar
2021-11-21 11:50:46 [main] INFO  net.runelite.launcher.Launcher - Verified hash of commons-csv-1.4.jar
2021-11-21 11:50:46 [main] INFO  net.runelite.launcher.Launcher - Verified hash of discord-1.4.jar
2021-11-21 11:50:46 [main] INFO  net.runelite.launcher.Launcher - Verified hash of runelite-api-1.8.3-runtime.jar
2021-11-21 14:44:20 [main] INFO  net.runelite.launcher.Launcher - RuneLite Launcher version 2.1.3
2021-11-21 14:44:20 [main] INFO  net.runelite.launcher.Launcher - Setting hardware acceleration to DIRECTDRAW
2021-11-21 14:44:21 [main] INFO  net.runelite.launcher.Launcher - Verified hash of client-1.8.3.jar
2021-11-21 14:44:21 [main] INFO  net.runelite.launcher.Launcher - Verified hash of slf4j-api-1.7.25.jar
2021-11-21 14:44:21 [main] INFO  net.runelite.launcher.Launcher - Verified hash of logback-classic-1.2.3.jar
2021-11-21 14:44:21 [main] INFO  net.runelite.launcher.Launcher - Verified hash of logback-core-1.2.3.jar
2021-11-21 14:44:21 [main] INFO  net.runelite.launcher.Launcher - Verified hash of jopt-simple-5.0.1.jar
2021-11-21 14:44:21 [main] INFO  net.runelite.launcher.Launcher - Verified hash of guava-23.2-jre.jar
2021-11-21 14:44:21 [main] INFO  net.runelite.launcher.Launcher - Verified hash of guice-4.1.0-no_aop.jar
2021-11-21 14:44:21 [main] INFO  net.runelite.launcher.Launcher - Verified hash of javax.inject-1.jar
2021-11-21 14:44:21 [main] INFO  net.runelite.launcher.Launcher - Verified hash of aopalliance-1.0.jar
2021-11-21 14:44:21 [main] INFO  net.runelite.launcher.Launcher - Verified hash of gson-2.8.5.jar
2021-11-21 14:44:21 [main] INFO  net.runelite.launcher.Launcher - Verified hash of substance-8.0.02.jar
2021-11-21 14:44:21 [main] INFO  net.runelite.launcher.Launcher - Verified hash of trident-1.5.00.jar
2021-11-21 14:44:21 [main] INFO  net.runelite.launcher.Launcher - Verified hash of commons-text-1.2.jar
2021-11-21 14:44:21 [main] INFO  net.runelite.launcher.Launcher - Verified hash of commons-lang3-3.7.jar
2021-11-21 14:44:21 [main] INFO  net.runelite.launcher.Launcher - Verified hash of jogl-all-2.4.0-rc-20200429.jar
2021-11-21 14:44:21 [main] INFO  net.runelite.launcher.Launcher - Verified hash of jogl-all-2.4.0-rc-20200429-natives-windows-amd64.jar
2021-11-21 14:44:21 [main] INFO  net.runelite.launcher.Launcher - Verified hash of jogl-all-2.4.0-rc-20200429-natives-windows-i586.jar
2021-11-21 14:44:21 [main] INFO  net.runelite.launcher.Launcher - Verified hash of jogl-all-2.4.0-rc-20200429-natives-linux-amd64.jar
2021-11-21 14:44:21 [main] INFO  net.runelite.launcher.Launcher - Verified hash of jogl-all-natives-macosx-2.4.0-rc-20210117.jar
2021-11-21 14:44:21 [main] INFO  net.runelite.launcher.Launcher - Verified hash of gluegen-rt-2.4.0-rc-20200429.jar
2021-11-21 14:44:21 [main] INFO  net.runelite.launcher.Launcher - Verified hash of gluegen-rt-2.4.0-rc-20200429-natives-windows-amd64.jar
2021-11-21 14:44:21 [main] INFO  net.runelite.launcher.Launcher - Verified hash of gluegen-rt-2.4.0-rc-20200429-natives-windows-i586.jar
2021-11-21 14:44:21 [main] INFO  net.runelite.launcher.Launcher - Verified hash of gluegen-rt-2.4.0-rc-20200429-natives-linux-amd64.jar
2021-11-21 14:44:21 [main] INFO  net.runelite.launcher.Launcher - Verified hash of gluegen-rt-natives-macosx-2.4.0-rc-20210117.jar
2021-11-21 14:44:21 [main] INFO  net.runelite.launcher.Launcher - Verified hash of jocl-1.0.jar
2021-11-21 14:44:21 [main] INFO  net.runelite.launcher.Launcher - Verified hash of jocl-1.0-macos-x64.jar
2021-11-21 14:44:21 [main] INFO  net.runelite.launcher.Launcher - Verified hash of jocl-1.0-macos-arm64.jar
2021-11-21 14:44:21 [main] INFO  net.runelite.launcher.Launcher - Verified hash of archive-patcher-1.0.jar
2021-11-21 14:44:21 [main] INFO  net.runelite.launcher.Launcher - Verified hash of jna-5.9.0.jar
2021-11-21 14:44:21 [main] INFO  net.runelite.launcher.Launcher - Verified hash of jna-platform-5.9.0.jar
2021-11-21 14:44:21 [main] INFO  net.runelite.launcher.Launcher - Verified hash of jsr305-3.0.2.jar
2021-11-21 14:44:21 [main] INFO  net.runelite.launcher.Launcher - Verified hash of client-patch-1.8.3.jar
2021-11-21 14:44:21 [main] INFO  net.runelite.launcher.Launcher - Verified hash of http-api-1.8.3.jar
2021-11-21 14:44:21 [main] INFO  net.runelite.launcher.Launcher - Verified hash of okhttp-3.14.9.jar
2021-11-21 14:44:21 [main] INFO  net.runelite.launcher.Launcher - Verified hash of okio-1.17.2.jar
2021-11-21 14:44:21 [main] INFO  net.runelite.launcher.Launcher - Verified hash of commons-csv-1.4.jar
2021-11-21 14:44:21 [main] INFO  net.runelite.launcher.Launcher - Verified hash of discord-1.4.jar
2021-11-21 14:44:21 [main] INFO  net.runelite.launcher.Launcher - Verified hash of runelite-api-1.8.3-runtime.jar
2021-11-21 21:30:58 [Thread-0] INFO  net.runelite.launcher.Launcher - OpenOSRS Launcher version 2.2.0
2021-11-21 21:30:58 [Thread-0] INFO  net.runelite.launcher.Launcher - Setting hardware acceleration to DIRECTDRAW
2021-11-21 21:30:58 [Thread-0] INFO  net.runelite.launcher.Launcher - https://raw.githubusercontent.com/open-osrs/hosting/master/bootstrap-stable.json
2021-11-21 21:31:05 [Thread-0] INFO  net.runelite.launcher.Launcher - Verified hash of runescape-api-4.15.3.jar
2021-11-21 21:31:05 [Thread-0] INFO  net.runelite.launcher.Launcher - Verified hash of runelite-api-4.15.3.jar
2021-11-21 21:31:05 [Thread-0] INFO  net.runelite.launcher.Launcher - Verified hash of http-api-4.15.3.jar
2021-11-21 21:31:05 [Thread-0] INFO  net.runelite.launcher.Launcher - Verified hash of runelite-jshell-4.15.3.jar
2021-11-21 21:31:05 [Thread-0] INFO  net.runelite.launcher.Launcher - Verified hash of logback-classic-1.2.3.jar
2021-11-21 21:31:05 [Thread-0] INFO  net.runelite.launcher.Launcher - Verified hash of pf4j-update-2.3.0.jar
2021-11-21 21:31:05 [Thread-0] INFO  net.runelite.launcher.Launcher - Verified hash of gson-2.8.5.jar
2021-11-21 21:31:05 [Thread-0] INFO  net.runelite.launcher.Launcher - Verified hash of guice-5.0.1.jar
2021-11-21 21:31:05 [Thread-0] INFO  net.runelite.launcher.Launcher - Verified hash of guava-30.1.1-jre.jar
2021-11-21 21:31:05 [Thread-0] INFO  net.runelite.launcher.Launcher - Verified hash of h2-1.4.200.jar
2021-11-21 21:31:05 [Thread-0] INFO  net.runelite.launcher.Launcher - Verified hash of rxrelay-3.0.1.jar
2021-11-21 21:31:05 [Thread-0] INFO  net.runelite.launcher.Launcher - Verified hash of okhttp-4.9.1.jar
2021-11-21 21:31:05 [Thread-0] INFO  net.runelite.launcher.Launcher - Verified hash of rxjava-3.1.2.jar
2021-11-21 21:31:05 [Thread-0] INFO  net.runelite.launcher.Launcher - Verified hash of jgroups-5.1.9.Final.jar
2021-11-21 21:31:05 [Thread-0] INFO  net.runelite.launcher.Launcher - Verified hash of jna-platform-5.9.0.jar
2021-11-21 21:31:05 [Thread-0] INFO  net.runelite.launcher.Launcher - Verified hash of discord-1.4.jar
2021-11-21 21:31:05 [Thread-0] INFO  net.runelite.launcher.Launcher - Verified hash of jna-5.9.0.jar
2021-11-21 21:31:05 [Thread-0] INFO  net.runelite.launcher.Launcher - Verified hash of substance-8.0.02.jar
2021-11-21 21:31:05 [Thread-0] INFO  net.runelite.launcher.Launcher - Verified hash of jopt-simple-5.0.4.jar
2021-11-21 21:31:05 [Thread-0] INFO  net.runelite.launcher.Launcher - Verified hash of desktopsupport-0.6.0.jar
2021-11-21 21:31:05 [Thread-0] INFO  net.runelite.launcher.Launcher - Verified hash of commons-text-1.9.jar
2021-11-21 21:31:05 [Thread-0] INFO  net.runelite.launcher.Launcher - Verified hash of commons-io-2.8.0.jar
2021-11-21 21:31:05 [Thread-0] INFO  net.runelite.launcher.Launcher - Verified hash of okio-jvm-2.8.0.jar
2021-11-21 21:31:05 [Thread-0] INFO  net.runelite.launcher.Launcher - Verified hash of kotlin-stdlib-1.4.10.jar
2021-11-21 21:31:05 [Thread-0] INFO  net.runelite.launcher.Launcher - Verified hash of annotations-22.0.0.jar
2021-11-21 21:31:05 [Thread-0] INFO  net.runelite.launcher.Launcher - Verified hash of pf4j-3.6.0.jar
2021-11-21 21:31:05 [Thread-0] INFO  net.runelite.launcher.Launcher - Verified hash of java-semver-0.9.0.jar
2021-11-21 21:31:05 [Thread-0] INFO  net.runelite.launcher.Launcher - Verified hash of slf4j-api-1.7.32.jar
2021-11-21 21:31:05 [Thread-0] INFO  net.runelite.launcher.Launcher - Verified hash of gluegen-rt-2.4.0-rc-20200429.jar
2021-11-21 21:31:05 [Thread-0] INFO  net.runelite.launcher.Launcher - Verified hash of gluegen-rt-2.4.0-rc-20200429-natives-linux-amd64.jar
2021-11-21 21:31:05 [Thread-0] INFO  net.runelite.launcher.Launcher - Verified hash of gluegen-rt-2.4.0-rc-20200429-natives-windows-amd64.jar
2021-11-21 21:31:05 [Thread-0] INFO  net.runelite.launcher.Launcher - Verified hash of gluegen-rt-2.4.0-rc-20200429-natives-windows-i586.jar
2021-11-21 21:31:05 [Thread-0] INFO  net.runelite.launcher.Launcher - Verified hash of jogl-all-2.4.0-rc-20200429.jar
2021-11-21 21:31:05 [Thread-0] INFO  net.runelite.launcher.Launcher - Verified hash of jogl-all-2.4.0-rc-20200429-natives-linux-amd64.jar
2021-11-21 21:31:05 [Thread-0] INFO  net.runelite.launcher.Launcher - Verified hash of jogl-all-2.4.0-rc-20200429-natives-windows-amd64.jar
2021-11-21 21:31:05 [Thread-0] INFO  net.runelite.launcher.Launcher - Verified hash of jogl-all-2.4.0-rc-20200429-natives-windows-i586.jar
2021-11-21 21:31:05 [Thread-0] INFO  net.runelite.launcher.Launcher - Verified hash of jocl-1.0.jar
2021-11-21 21:31:05 [Thread-0] INFO  net.runelite.launcher.Launcher - Verified hash of jocl-1.0-macos-x64.jar
2021-11-21 21:31:05 [Thread-0] INFO  net.runelite.launcher.Launcher - Verified hash of jocl-1.0-macos-arm64.jar
2021-11-21 21:31:05 [Thread-0] INFO  net.runelite.launcher.Launcher - Verified hash of trident-1.5.00.jar
2021-11-21 21:31:05 [Thread-0] INFO  net.runelite.launcher.Launcher - Verified hash of gluegen-rt-natives-macosx-2.4.0-rc-20210117.jar
2021-11-21 21:31:05 [Thread-0] INFO  net.runelite.launcher.Launcher - Verified hash of jogl-all-natives-macosx-2.4.0-rc-20210117.jar
2021-11-21 21:31:05 [Thread-0] INFO  net.runelite.launcher.Launcher - Verified hash of jsr305-3.0.2.jar
2021-11-21 21:31:05 [Thread-0] INFO  net.runelite.launcher.Launcher - Verified hash of commons-csv-1.9.0.jar
2021-11-21 21:31:05 [Thread-0] INFO  net.runelite.launcher.Launcher - Verified hash of autocomplete-3.1.1.jar
2021-11-21 21:31:05 [Thread-0] INFO  net.runelite.launcher.Launcher - Verified hash of rsyntaxtextarea-3.1.2.jar
2021-11-21 21:31:05 [Thread-0] INFO  net.runelite.launcher.Launcher - Verified hash of logback-core-1.2.3.jar
2021-11-21 21:31:05 [Thread-0] INFO  net.runelite.launcher.Launcher - Verified hash of failureaccess-1.0.1.jar
2021-11-21 21:31:05 [Thread-0] INFO  net.runelite.launcher.Launcher - Verified hash of listenablefuture-9999.0-empty-to-avoid-conflict-with-guava.jar
2021-11-21 21:31:05 [Thread-0] INFO  net.runelite.launcher.Launcher - Verified hash of checker-qual-3.8.0.jar
2021-11-21 21:31:05 [Thread-0] INFO  net.runelite.launcher.Launcher - Verified hash of error_prone_annotations-2.5.1.jar
2021-11-21 21:31:05 [Thread-0] INFO  net.runelite.launcher.Launcher - Verified hash of j2objc-annotations-1.3.jar
2021-11-21 21:31:05 [Thread-0] INFO  net.runelite.launcher.Launcher - Verified hash of javax.inject-1.jar
2021-11-21 21:31:05 [Thread-0] INFO  net.runelite.launcher.Launcher - Verified hash of aopalliance-1.0.jar
2021-11-21 21:31:05 [Thread-0] INFO  net.runelite.launcher.Launcher - Verified hash of reactive-streams-1.0.3.jar
2021-11-21 21:31:05 [Thread-0] INFO  net.runelite.launcher.Launcher - Verified hash of commons-lang3-3.11.jar
2021-11-21 21:31:05 [Thread-0] INFO  net.runelite.launcher.Launcher - Verified hash of commons-codec-1.10.jar
2021-11-21 21:31:05 [Thread-0] WARN  net.runelite.launcher.Launcher - Expected 3b77154250c4979389a2d5c894074451462644aa9187b2f0e98934c80540ca54 for injection-annotations-1.0.jar but got 0cf93fdde2df8b482625def434dba3fa93c9f9f1c30fb43ebdf5d247c2d3b3c3
2021-11-21 21:31:05 [Thread-0] INFO  net.runelite.launcher.Launcher - Verified hash of injection-annotations-1.0.jar
2021-11-21 21:31:05 [Thread-0] INFO  net.runelite.launcher.Launcher - Verified hash of kotlin-stdlib-common-1.4.10.jar
2021-11-21 21:31:05 [Thread-0] INFO  net.runelite.launcher.Launcher - Verified hash of runelite-client-4.15.3.jar
2021-11-21 21:50:02 [main] INFO  net.runelite.launcher.Launcher - RuneLite Launcher version 2.1.3
2021-11-21 21:50:02 [main] INFO  net.runelite.launcher.Launcher - Setting hardware acceleration to DIRECTDRAW
2021-11-21 21:50:08 [main] INFO  net.runelite.launcher.Launcher - Verified hash of client-1.8.3.jar
2021-11-21 21:50:08 [main] INFO  net.runelite.launcher.Launcher - Verified hash of slf4j-api-1.7.25.jar
2021-11-21 21:50:08 [main] INFO  net.runelite.launcher.Launcher - Verified hash of logback-classic-1.2.3.jar
2021-11-21 21:50:08 [main] INFO  net.runelite.launcher.Launcher - Verified hash of logback-core-1.2.3.jar
2021-11-21 21:50:08 [main] INFO  net.runelite.launcher.Launcher - Verified hash of jopt-simple-5.0.1.jar
2021-11-21 21:50:08 [main] INFO  net.runelite.launcher.Launcher - Verified hash of guava-23.2-jre.jar
2021-11-21 21:50:08 [main] INFO  net.runelite.launcher.Launcher - Verified hash of guice-4.1.0-no_aop.jar
2021-11-21 21:50:08 [main] INFO  net.runelite.launcher.Launcher - Verified hash of javax.inject-1.jar
2021-11-21 21:50:08 [main] INFO  net.runelite.launcher.Launcher - Verified hash of aopalliance-1.0.jar
2021-11-21 21:50:08 [main] INFO  net.runelite.launcher.Launcher - Verified hash of gson-2.8.5.jar
2021-11-21 21:50:08 [main] INFO  net.runelite.launcher.Launcher - Verified hash of substance-8.0.02.jar
2021-11-21 21:50:08 [main] INFO  net.runelite.launcher.Launcher - Verified hash of trident-1.5.00.jar
2021-11-21 21:50:08 [main] INFO  net.runelite.launcher.Launcher - Verified hash of commons-text-1.2.jar
2021-11-21 21:50:08 [main] INFO  net.runelite.launcher.Launcher - Verified hash of commons-lang3-3.7.jar
2021-11-21 21:50:08 [main] INFO  net.runelite.launcher.Launcher - Verified hash of jogl-all-2.4.0-rc-20200429.jar
2021-11-21 21:50:08 [main] INFO  net.runelite.launcher.Launcher - Verified hash of jogl-all-2.4.0-rc-20200429-natives-windows-amd64.jar
2021-11-21 21:50:08 [main] INFO  net.runelite.launcher.Launcher - Verified hash of jogl-all-2.4.0-rc-20200429-natives-windows-i586.jar
2021-11-21 21:50:08 [main] INFO  net.runelite.launcher.Launcher - Verified hash of jogl-all-2.4.0-rc-20200429-natives-linux-amd64.jar
2021-11-21 21:50:08 [main] INFO  net.runelite.launcher.Launcher - Verified hash of jogl-all-natives-macosx-2.4.0-rc-20210117.jar
2021-11-21 21:50:08 [main] INFO  net.runelite.launcher.Launcher - Verified hash of gluegen-rt-2.4.0-rc-20200429.jar
2021-11-21 21:50:08 [main] INFO  net.runelite.launcher.Launcher - Verified hash of gluegen-rt-2.4.0-rc-20200429-natives-windows-amd64.jar
2021-11-21 21:50:08 [main] INFO  net.runelite.launcher.Launcher - Verified hash of gluegen-rt-2.4.0-rc-20200429-natives-windows-i586.jar
2021-11-21 21:50:08 [main] INFO  net.runelite.launcher.Launcher - Verified hash of gluegen-rt-2.4.0-rc-20200429-natives-linux-amd64.jar
2021-11-21 21:50:08 [main] INFO  net.runelite.launcher.Launcher - Verified hash of gluegen-rt-natives-macosx-2.4.0-rc-20210117.jar
2021-11-21 21:50:08 [main] INFO  net.runelite.launcher.Launcher - Verified hash of jocl-1.0.jar
2021-11-21 21:50:08 [main] INFO  net.runelite.launcher.Launcher - Verified hash of jocl-1.0-macos-x64.jar
2021-11-21 21:50:08 [main] INFO  net.runelite.launcher.Launcher - Verified hash of jocl-1.0-macos-arm64.jar
2021-11-21 21:50:08 [main] INFO  net.runelite.launcher.Launcher - Verified hash of archive-patcher-1.0.jar
2021-11-21 21:50:08 [main] INFO  net.runelite.launcher.Launcher - Verified hash of jna-5.9.0.jar
2021-11-21 21:50:08 [main] INFO  net.runelite.launcher.Launcher - Verified hash of jna-platform-5.9.0.jar
2021-11-21 21:50:08 [main] INFO  net.runelite.launcher.Launcher - Verified hash of jsr305-3.0.2.jar
2021-11-21 21:50:08 [main] INFO  net.runelite.launcher.Launcher - Verified hash of client-patch-1.8.3.jar
2021-11-21 21:50:08 [main] INFO  net.runelite.launcher.Launcher - Verified hash of http-api-1.8.3.jar
2021-11-21 21:50:08 [main] INFO  net.runelite.launcher.Launcher - Verified hash of okhttp-3.14.9.jar
2021-11-21 21:50:08 [main] INFO  net.runelite.launcher.Launcher - Verified hash of okio-1.17.2.jar
2021-11-21 21:50:08 [main] INFO  net.runelite.launcher.Launcher - Verified hash of commons-csv-1.4.jar
2021-11-21 21:50:08 [main] INFO  net.runelite.launcher.Launcher - Verified hash of discord-1.4.jar
2021-11-21 21:50:08 [main] INFO  net.runelite.launcher.Launcher - Verified hash of runelite-api-1.8.3-runtime.jar
