2021-10-08 14:36:17 [main] INFO  net.runelite.launcher.Launcher - RuneLite Launcher version 2.1.3
2021-10-08 14:36:17 [main] INFO  net.runelite.launcher.Launcher - Setting hardware acceleration to DIRECTDRAW
2021-10-08 14:36:19 [main] INFO  net.runelite.launcher.Launcher - Verified hash of client-1.7.25.jar
2021-10-08 14:36:19 [main] INFO  net.runelite.launcher.Launcher - Verified hash of slf4j-api-1.7.25.jar
2021-10-08 14:36:19 [main] INFO  net.runelite.launcher.Launcher - Verified hash of logback-classic-1.2.3.jar
2021-10-08 14:36:19 [main] INFO  net.runelite.launcher.Launcher - Verified hash of logback-core-1.2.3.jar
2021-10-08 14:36:19 [main] INFO  net.runelite.launcher.Launcher - Verified hash of jopt-simple-5.0.1.jar
2021-10-08 14:36:19 [main] INFO  net.runelite.launcher.Launcher - Verified hash of guava-23.2-jre.jar
2021-10-08 14:36:19 [main] INFO  net.runelite.launcher.Launcher - Verified hash of guice-4.1.0-no_aop.jar
2021-10-08 14:36:19 [main] INFO  net.runelite.launcher.Launcher - Verified hash of javax.inject-1.jar
2021-10-08 14:36:19 [main] INFO  net.runelite.launcher.Launcher - Verified hash of aopalliance-1.0.jar
2021-10-08 14:36:19 [main] INFO  net.runelite.launcher.Launcher - Verified hash of gson-2.8.5.jar
2021-10-08 14:36:19 [main] INFO  net.runelite.launcher.Launcher - Verified hash of substance-8.0.02.jar
2021-10-08 14:36:19 [main] INFO  net.runelite.launcher.Launcher - Verified hash of trident-1.5.00.jar
2021-10-08 14:36:19 [main] INFO  net.runelite.launcher.Launcher - Verified hash of commons-text-1.2.jar
2021-10-08 14:36:19 [main] INFO  net.runelite.launcher.Launcher - Verified hash of commons-lang3-3.7.jar
2021-10-08 14:36:19 [main] INFO  net.runelite.launcher.Launcher - Verified hash of jogl-all-2.4.0-rc-20200429.jar
2021-10-08 14:36:19 [main] INFO  net.runelite.launcher.Launcher - Verified hash of jogl-all-2.4.0-rc-20200429-natives-windows-amd64.jar
2021-10-08 14:36:19 [main] INFO  net.runelite.launcher.Launcher - Verified hash of jogl-all-2.4.0-rc-20200429-natives-windows-i586.jar
2021-10-08 14:36:19 [main] INFO  net.runelite.launcher.Launcher - Verified hash of jogl-all-2.4.0-rc-20200429-natives-linux-amd64.jar
2021-10-08 14:36:19 [main] INFO  net.runelite.launcher.Launcher - Verified hash of jogl-all-natives-macosx-2.4.0-rc-20210117.jar
2021-10-08 14:36:19 [main] INFO  net.runelite.launcher.Launcher - Verified hash of gluegen-rt-2.4.0-rc-20200429.jar
2021-10-08 14:36:19 [main] INFO  net.runelite.launcher.Launcher - Verified hash of gluegen-rt-2.4.0-rc-20200429-natives-windows-amd64.jar
2021-10-08 14:36:19 [main] INFO  net.runelite.launcher.Launcher - Verified hash of gluegen-rt-2.4.0-rc-20200429-natives-windows-i586.jar
2021-10-08 14:36:19 [main] INFO  net.runelite.launcher.Launcher - Verified hash of gluegen-rt-2.4.0-rc-20200429-natives-linux-amd64.jar
2021-10-08 14:36:19 [main] INFO  net.runelite.launcher.Launcher - Verified hash of gluegen-rt-natives-macosx-2.4.0-rc-20210117.jar
2021-10-08 14:36:19 [main] INFO  net.runelite.launcher.Launcher - Verified hash of jocl-1.0.jar
2021-10-08 14:36:19 [main] INFO  net.runelite.launcher.Launcher - Verified hash of jocl-1.0-macos-x64.jar
2021-10-08 14:36:19 [main] INFO  net.runelite.launcher.Launcher - Verified hash of jocl-1.0-macos-arm64.jar
2021-10-08 14:36:19 [main] INFO  net.runelite.launcher.Launcher - Verified hash of archive-patcher-1.0.jar
2021-10-08 14:36:19 [main] INFO  net.runelite.launcher.Launcher - Verified hash of jna-5.9.0.jar
2021-10-08 14:36:19 [main] INFO  net.runelite.launcher.Launcher - Verified hash of jna-platform-5.9.0.jar
2021-10-08 14:36:19 [main] INFO  net.runelite.launcher.Launcher - Verified hash of jsr305-3.0.2.jar
2021-10-08 14:36:19 [main] INFO  net.runelite.launcher.Launcher - Verified hash of client-patch-1.7.25.jar
2021-10-08 14:36:19 [main] INFO  net.runelite.launcher.Launcher - Verified hash of http-api-1.7.25.jar
2021-10-08 14:36:19 [main] INFO  net.runelite.launcher.Launcher - Verified hash of okhttp-3.14.9.jar
2021-10-08 14:36:19 [main] INFO  net.runelite.launcher.Launcher - Verified hash of okio-1.17.2.jar
2021-10-08 14:36:19 [main] INFO  net.runelite.launcher.Launcher - Verified hash of commons-csv-1.4.jar
2021-10-08 14:36:19 [main] INFO  net.runelite.launcher.Launcher - Verified hash of discord-1.4.jar
2021-10-08 14:36:19 [main] INFO  net.runelite.launcher.Launcher - Verified hash of runelite-api-1.7.25-runtime.jar
2021-10-08 14:36:37 [main] INFO  net.runelite.launcher.Launcher - RuneLite Launcher version 2.1.3
2021-10-08 14:36:37 [main] INFO  net.runelite.launcher.Launcher - Setting hardware acceleration to DIRECTDRAW
2021-10-08 14:36:38 [main] INFO  net.runelite.launcher.Launcher - Verified hash of client-1.7.25.jar
2021-10-08 14:36:38 [main] INFO  net.runelite.launcher.Launcher - Verified hash of slf4j-api-1.7.25.jar
2021-10-08 14:36:38 [main] INFO  net.runelite.launcher.Launcher - Verified hash of logback-classic-1.2.3.jar
2021-10-08 14:36:38 [main] INFO  net.runelite.launcher.Launcher - Verified hash of logback-core-1.2.3.jar
2021-10-08 14:36:38 [main] INFO  net.runelite.launcher.Launcher - Verified hash of jopt-simple-5.0.1.jar
2021-10-08 14:36:38 [main] INFO  net.runelite.launcher.Launcher - Verified hash of guava-23.2-jre.jar
2021-10-08 14:36:38 [main] INFO  net.runelite.launcher.Launcher - Verified hash of guice-4.1.0-no_aop.jar
2021-10-08 14:36:38 [main] INFO  net.runelite.launcher.Launcher - Verified hash of javax.inject-1.jar
2021-10-08 14:36:38 [main] INFO  net.runelite.launcher.Launcher - Verified hash of aopalliance-1.0.jar
2021-10-08 14:36:38 [main] INFO  net.runelite.launcher.Launcher - Verified hash of gson-2.8.5.jar
2021-10-08 14:36:38 [main] INFO  net.runelite.launcher.Launcher - Verified hash of substance-8.0.02.jar
2021-10-08 14:36:38 [main] INFO  net.runelite.launcher.Launcher - Verified hash of trident-1.5.00.jar
2021-10-08 14:36:38 [main] INFO  net.runelite.launcher.Launcher - Verified hash of commons-text-1.2.jar
2021-10-08 14:36:38 [main] INFO  net.runelite.launcher.Launcher - Verified hash of commons-lang3-3.7.jar
2021-10-08 14:36:38 [main] INFO  net.runelite.launcher.Launcher - Verified hash of jogl-all-2.4.0-rc-20200429.jar
2021-10-08 14:36:38 [main] INFO  net.runelite.launcher.Launcher - Verified hash of jogl-all-2.4.0-rc-20200429-natives-windows-amd64.jar
2021-10-08 14:36:38 [main] INFO  net.runelite.launcher.Launcher - Verified hash of jogl-all-2.4.0-rc-20200429-natives-windows-i586.jar
2021-10-08 14:36:38 [main] INFO  net.runelite.launcher.Launcher - Verified hash of jogl-all-2.4.0-rc-20200429-natives-linux-amd64.jar
2021-10-08 14:36:38 [main] INFO  net.runelite.launcher.Launcher - Verified hash of jogl-all-natives-macosx-2.4.0-rc-20210117.jar
2021-10-08 14:36:38 [main] INFO  net.runelite.launcher.Launcher - Verified hash of gluegen-rt-2.4.0-rc-20200429.jar
2021-10-08 14:36:38 [main] INFO  net.runelite.launcher.Launcher - Verified hash of gluegen-rt-2.4.0-rc-20200429-natives-windows-amd64.jar
2021-10-08 14:36:38 [main] INFO  net.runelite.launcher.Launcher - Verified hash of gluegen-rt-2.4.0-rc-20200429-natives-windows-i586.jar
2021-10-08 14:36:38 [main] INFO  net.runelite.launcher.Launcher - Verified hash of gluegen-rt-2.4.0-rc-20200429-natives-linux-amd64.jar
2021-10-08 14:36:38 [main] INFO  net.runelite.launcher.Launcher - Verified hash of gluegen-rt-natives-macosx-2.4.0-rc-20210117.jar
2021-10-08 14:36:38 [main] INFO  net.runelite.launcher.Launcher - Verified hash of jocl-1.0.jar
2021-10-08 14:36:38 [main] INFO  net.runelite.launcher.Launcher - Verified hash of jocl-1.0-macos-x64.jar
2021-10-08 14:36:38 [main] INFO  net.runelite.launcher.Launcher - Verified hash of jocl-1.0-macos-arm64.jar
2021-10-08 14:36:38 [main] INFO  net.runelite.launcher.Launcher - Verified hash of archive-patcher-1.0.jar
2021-10-08 14:36:38 [main] INFO  net.runelite.launcher.Launcher - Verified hash of jna-5.9.0.jar
2021-10-08 14:36:38 [main] INFO  net.runelite.launcher.Launcher - Verified hash of jna-platform-5.9.0.jar
2021-10-08 14:36:38 [main] INFO  net.runelite.launcher.Launcher - Verified hash of jsr305-3.0.2.jar
2021-10-08 14:36:38 [main] INFO  net.runelite.launcher.Launcher - Verified hash of client-patch-1.7.25.jar
2021-10-08 14:36:38 [main] INFO  net.runelite.launcher.Launcher - Verified hash of http-api-1.7.25.jar
2021-10-08 14:36:38 [main] INFO  net.runelite.launcher.Launcher - Verified hash of okhttp-3.14.9.jar
2021-10-08 14:36:38 [main] INFO  net.runelite.launcher.Launcher - Verified hash of okio-1.17.2.jar
2021-10-08 14:36:38 [main] INFO  net.runelite.launcher.Launcher - Verified hash of commons-csv-1.4.jar
2021-10-08 14:36:38 [main] INFO  net.runelite.launcher.Launcher - Verified hash of discord-1.4.jar
2021-10-08 14:36:38 [main] INFO  net.runelite.launcher.Launcher - Verified hash of runelite-api-1.7.25-runtime.jar
2021-10-08 14:54:40 [main] INFO  net.runelite.launcher.Launcher - RuneLite Launcher version 2.1.3
2021-10-08 14:54:40 [main] INFO  net.runelite.launcher.Launcher - Setting hardware acceleration to DIRECTDRAW
2021-10-08 14:54:42 [main] INFO  net.runelite.launcher.Launcher - Verified hash of client-1.7.25.jar
2021-10-08 14:54:42 [main] INFO  net.runelite.launcher.Launcher - Verified hash of slf4j-api-1.7.25.jar
2021-10-08 14:54:42 [main] INFO  net.runelite.launcher.Launcher - Verified hash of logback-classic-1.2.3.jar
2021-10-08 14:54:42 [main] INFO  net.runelite.launcher.Launcher - Verified hash of logback-core-1.2.3.jar
2021-10-08 14:54:42 [main] INFO  net.runelite.launcher.Launcher - Verified hash of jopt-simple-5.0.1.jar
2021-10-08 14:54:42 [main] INFO  net.runelite.launcher.Launcher - Verified hash of guava-23.2-jre.jar
2021-10-08 14:54:42 [main] INFO  net.runelite.launcher.Launcher - Verified hash of guice-4.1.0-no_aop.jar
2021-10-08 14:54:42 [main] INFO  net.runelite.launcher.Launcher - Verified hash of javax.inject-1.jar
2021-10-08 14:54:42 [main] INFO  net.runelite.launcher.Launcher - Verified hash of aopalliance-1.0.jar
2021-10-08 14:54:42 [main] INFO  net.runelite.launcher.Launcher - Verified hash of gson-2.8.5.jar
2021-10-08 14:54:42 [main] INFO  net.runelite.launcher.Launcher - Verified hash of substance-8.0.02.jar
2021-10-08 14:54:42 [main] INFO  net.runelite.launcher.Launcher - Verified hash of trident-1.5.00.jar
2021-10-08 14:54:42 [main] INFO  net.runelite.launcher.Launcher - Verified hash of commons-text-1.2.jar
2021-10-08 14:54:42 [main] INFO  net.runelite.launcher.Launcher - Verified hash of commons-lang3-3.7.jar
2021-10-08 14:54:42 [main] INFO  net.runelite.launcher.Launcher - Verified hash of jogl-all-2.4.0-rc-20200429.jar
2021-10-08 14:54:42 [main] INFO  net.runelite.launcher.Launcher - Verified hash of jogl-all-2.4.0-rc-20200429-natives-windows-amd64.jar
2021-10-08 14:54:42 [main] INFO  net.runelite.launcher.Launcher - Verified hash of jogl-all-2.4.0-rc-20200429-natives-windows-i586.jar
2021-10-08 14:54:42 [main] INFO  net.runelite.launcher.Launcher - Verified hash of jogl-all-2.4.0-rc-20200429-natives-linux-amd64.jar
2021-10-08 14:54:42 [main] INFO  net.runelite.launcher.Launcher - Verified hash of jogl-all-natives-macosx-2.4.0-rc-20210117.jar
2021-10-08 14:54:42 [main] INFO  net.runelite.launcher.Launcher - Verified hash of gluegen-rt-2.4.0-rc-20200429.jar
2021-10-08 14:54:42 [main] INFO  net.runelite.launcher.Launcher - Verified hash of gluegen-rt-2.4.0-rc-20200429-natives-windows-amd64.jar
2021-10-08 14:54:42 [main] INFO  net.runelite.launcher.Launcher - Verified hash of gluegen-rt-2.4.0-rc-20200429-natives-windows-i586.jar
2021-10-08 14:54:42 [main] INFO  net.runelite.launcher.Launcher - Verified hash of gluegen-rt-2.4.0-rc-20200429-natives-linux-amd64.jar
2021-10-08 14:54:42 [main] INFO  net.runelite.launcher.Launcher - Verified hash of gluegen-rt-natives-macosx-2.4.0-rc-20210117.jar
2021-10-08 14:54:42 [main] INFO  net.runelite.launcher.Launcher - Verified hash of jocl-1.0.jar
2021-10-08 14:54:42 [main] INFO  net.runelite.launcher.Launcher - Verified hash of jocl-1.0-macos-x64.jar
2021-10-08 14:54:42 [main] INFO  net.runelite.launcher.Launcher - Verified hash of jocl-1.0-macos-arm64.jar
2021-10-08 14:54:42 [main] INFO  net.runelite.launcher.Launcher - Verified hash of archive-patcher-1.0.jar
2021-10-08 14:54:42 [main] INFO  net.runelite.launcher.Launcher - Verified hash of jna-5.9.0.jar
2021-10-08 14:54:42 [main] INFO  net.runelite.launcher.Launcher - Verified hash of jna-platform-5.9.0.jar
2021-10-08 14:54:42 [main] INFO  net.runelite.launcher.Launcher - Verified hash of jsr305-3.0.2.jar
2021-10-08 14:54:42 [main] INFO  net.runelite.launcher.Launcher - Verified hash of client-patch-1.7.25.jar
2021-10-08 14:54:42 [main] INFO  net.runelite.launcher.Launcher - Verified hash of http-api-1.7.25.jar
2021-10-08 14:54:42 [main] INFO  net.runelite.launcher.Launcher - Verified hash of okhttp-3.14.9.jar
2021-10-08 14:54:42 [main] INFO  net.runelite.launcher.Launcher - Verified hash of okio-1.17.2.jar
2021-10-08 14:54:42 [main] INFO  net.runelite.launcher.Launcher - Verified hash of commons-csv-1.4.jar
2021-10-08 14:54:42 [main] INFO  net.runelite.launcher.Launcher - Verified hash of discord-1.4.jar
2021-10-08 14:54:42 [main] INFO  net.runelite.launcher.Launcher - Verified hash of runelite-api-1.7.25-runtime.jar
2021-10-08 15:44:59 [Thread-0] INFO  net.runelite.launcher.Launcher - OpenOSRS Launcher version 2.2.0
2021-10-08 15:44:59 [Thread-0] INFO  net.runelite.launcher.Launcher - Setting hardware acceleration to DIRECTDRAW
2021-10-08 15:44:59 [Thread-0] INFO  net.runelite.launcher.Launcher - https://raw.githubusercontent.com/open-osrs/hosting/master/bootstrap-stable.json
2021-10-08 15:44:59 [Thread-0] WARN  net.runelite.launcher.Launcher - Unable to delete old artifact C:\Users\Victur\.runelite\repository2\archive-patcher-1.0.jar
2021-10-08 15:44:59 [Thread-0] WARN  net.runelite.launcher.Launcher - Unable to delete old artifact C:\Users\Victur\.runelite\repository2\client-1.7.25.jar
2021-10-08 15:44:59 [Thread-0] WARN  net.runelite.launcher.Launcher - Unable to delete old artifact C:\Users\Victur\.runelite\repository2\client-patch-1.7.25.jar
2021-10-08 15:44:59 [Thread-0] WARN  net.runelite.launcher.Launcher - Unable to delete old artifact C:\Users\Victur\.runelite\repository2\commons-csv-1.4.jar
2021-10-08 15:44:59 [Thread-0] WARN  net.runelite.launcher.Launcher - Unable to delete old artifact C:\Users\Victur\.runelite\repository2\commons-lang3-3.7.jar
2021-10-08 15:44:59 [Thread-0] WARN  net.runelite.launcher.Launcher - Unable to delete old artifact C:\Users\Victur\.runelite\repository2\commons-text-1.2.jar
2021-10-08 15:44:59 [Thread-0] WARN  net.runelite.launcher.Launcher - Unable to delete old artifact C:\Users\Victur\.runelite\repository2\guava-23.2-jre.jar
2021-10-08 15:44:59 [Thread-0] WARN  net.runelite.launcher.Launcher - Unable to delete old artifact C:\Users\Victur\.runelite\repository2\guice-4.1.0-no_aop.jar
2021-10-08 15:44:59 [Thread-0] WARN  net.runelite.launcher.Launcher - Unable to delete old artifact C:\Users\Victur\.runelite\repository2\http-api-1.7.25.jar
2021-10-08 15:44:59 [Thread-0] WARN  net.runelite.launcher.Launcher - Unable to delete old artifact C:\Users\Victur\.runelite\repository2\jopt-simple-5.0.1.jar
2021-10-08 15:44:59 [Thread-0] WARN  net.runelite.launcher.Launcher - Unable to delete old artifact C:\Users\Victur\.runelite\repository2\okhttp-3.14.9.jar
2021-10-08 15:44:59 [Thread-0] WARN  net.runelite.launcher.Launcher - Unable to delete old artifact C:\Users\Victur\.runelite\repository2\okio-1.17.2.jar
2021-10-08 15:44:59 [Thread-0] WARN  net.runelite.launcher.Launcher - Unable to delete old artifact C:\Users\Victur\.runelite\repository2\runelite-api-1.7.25-runtime.jar
2021-10-08 15:44:59 [Thread-0] WARN  net.runelite.launcher.Launcher - Unable to delete old artifact C:\Users\Victur\.runelite\repository2\slf4j-api-1.7.25.jar
2021-10-08 15:45:06 [Thread-0] INFO  net.runelite.launcher.Launcher - Verified hash of http-api-4.12.0.jar
2021-10-08 15:45:06 [Thread-0] INFO  net.runelite.launcher.Launcher - Verified hash of runescape-api-4.12.0.jar
2021-10-08 15:45:06 [Thread-0] INFO  net.runelite.launcher.Launcher - Verified hash of runelite-api-4.12.0.jar
2021-10-08 15:45:06 [Thread-0] INFO  net.runelite.launcher.Launcher - Verified hash of runelite-jshell-4.12.0.jar
2021-10-08 15:45:06 [Thread-0] INFO  net.runelite.launcher.Launcher - Verified hash of logback-classic-1.2.3.jar
2021-10-08 15:45:06 [Thread-0] INFO  net.runelite.launcher.Launcher - Verified hash of pf4j-update-2.3.0.jar
2021-10-08 15:45:06 [Thread-0] INFO  net.runelite.launcher.Launcher - Verified hash of gson-2.8.5.jar
2021-10-08 15:45:06 [Thread-0] INFO  net.runelite.launcher.Launcher - Verified hash of guice-5.0.1.jar
2021-10-08 15:45:06 [Thread-0] INFO  net.runelite.launcher.Launcher - Verified hash of guava-30.1.1-jre.jar
2021-10-08 15:45:06 [Thread-0] INFO  net.runelite.launcher.Launcher - Verified hash of h2-1.4.200.jar
2021-10-08 15:45:06 [Thread-0] INFO  net.runelite.launcher.Launcher - Verified hash of rxrelay-3.0.1.jar
2021-10-08 15:45:06 [Thread-0] INFO  net.runelite.launcher.Launcher - Verified hash of okhttp-4.9.1.jar
2021-10-08 15:45:06 [Thread-0] INFO  net.runelite.launcher.Launcher - Verified hash of rxjava-3.1.1.jar
2021-10-08 15:45:06 [Thread-0] INFO  net.runelite.launcher.Launcher - Verified hash of jgroups-5.1.9.Final.jar
2021-10-08 15:45:06 [Thread-0] INFO  net.runelite.launcher.Launcher - Verified hash of jna-platform-5.9.0.jar
2021-10-08 15:45:06 [Thread-0] INFO  net.runelite.launcher.Launcher - Verified hash of discord-1.4.jar
2021-10-08 15:45:06 [Thread-0] INFO  net.runelite.launcher.Launcher - Verified hash of jna-5.9.0.jar
2021-10-08 15:45:06 [Thread-0] INFO  net.runelite.launcher.Launcher - Verified hash of substance-8.0.02.jar
2021-10-08 15:45:06 [Thread-0] INFO  net.runelite.launcher.Launcher - Verified hash of jopt-simple-5.0.4.jar
2021-10-08 15:45:06 [Thread-0] INFO  net.runelite.launcher.Launcher - Verified hash of desktopsupport-0.6.0.jar
2021-10-08 15:45:06 [Thread-0] INFO  net.runelite.launcher.Launcher - Verified hash of commons-text-1.9.jar
2021-10-08 15:45:06 [Thread-0] INFO  net.runelite.launcher.Launcher - Verified hash of commons-io-2.8.0.jar
2021-10-08 15:45:06 [Thread-0] INFO  net.runelite.launcher.Launcher - Verified hash of okio-jvm-2.8.0.jar
2021-10-08 15:45:06 [Thread-0] INFO  net.runelite.launcher.Launcher - Verified hash of kotlin-stdlib-1.4.10.jar
2021-10-08 15:45:06 [Thread-0] INFO  net.runelite.launcher.Launcher - Verified hash of annotations-22.0.0.jar
2021-10-08 15:45:06 [Thread-0] INFO  net.runelite.launcher.Launcher - Verified hash of pf4j-3.6.0.jar
2021-10-08 15:45:06 [Thread-0] INFO  net.runelite.launcher.Launcher - Verified hash of java-semver-0.9.0.jar
2021-10-08 15:45:06 [Thread-0] INFO  net.runelite.launcher.Launcher - Verified hash of slf4j-api-1.7.32.jar
2021-10-08 15:45:06 [Thread-0] INFO  net.runelite.launcher.Launcher - Verified hash of gluegen-rt-2.4.0-rc-20200429.jar
2021-10-08 15:45:06 [Thread-0] INFO  net.runelite.launcher.Launcher - Verified hash of gluegen-rt-2.4.0-rc-20200429-natives-linux-amd64.jar
2021-10-08 15:45:06 [Thread-0] INFO  net.runelite.launcher.Launcher - Verified hash of gluegen-rt-2.4.0-rc-20200429-natives-windows-amd64.jar
2021-10-08 15:45:06 [Thread-0] INFO  net.runelite.launcher.Launcher - Verified hash of gluegen-rt-2.4.0-rc-20200429-natives-windows-i586.jar
2021-10-08 15:45:06 [Thread-0] INFO  net.runelite.launcher.Launcher - Verified hash of jogl-all-2.4.0-rc-20200429.jar
2021-10-08 15:45:06 [Thread-0] INFO  net.runelite.launcher.Launcher - Verified hash of jogl-all-2.4.0-rc-20200429-natives-linux-amd64.jar
2021-10-08 15:45:06 [Thread-0] INFO  net.runelite.launcher.Launcher - Verified hash of jogl-all-2.4.0-rc-20200429-natives-windows-amd64.jar
2021-10-08 15:45:06 [Thread-0] INFO  net.runelite.launcher.Launcher - Verified hash of jogl-all-2.4.0-rc-20200429-natives-windows-i586.jar
2021-10-08 15:45:06 [Thread-0] INFO  net.runelite.launcher.Launcher - Verified hash of jocl-1.0.jar
2021-10-08 15:45:06 [Thread-0] INFO  net.runelite.launcher.Launcher - Verified hash of jocl-1.0-macos-x64.jar
2021-10-08 15:45:06 [Thread-0] INFO  net.runelite.launcher.Launcher - Verified hash of jocl-1.0-macos-arm64.jar
2021-10-08 15:45:06 [Thread-0] INFO  net.runelite.launcher.Launcher - Verified hash of trident-1.5.00.jar
2021-10-08 15:45:06 [Thread-0] INFO  net.runelite.launcher.Launcher - Verified hash of gluegen-rt-natives-macosx-2.4.0-rc-20210117.jar
2021-10-08 15:45:06 [Thread-0] INFO  net.runelite.launcher.Launcher - Verified hash of jogl-all-natives-macosx-2.4.0-rc-20210117.jar
2021-10-08 15:45:06 [Thread-0] INFO  net.runelite.launcher.Launcher - Verified hash of jsr305-3.0.2.jar
2021-10-08 15:45:06 [Thread-0] INFO  net.runelite.launcher.Launcher - Verified hash of commons-csv-1.9.0.jar
2021-10-08 15:45:06 [Thread-0] INFO  net.runelite.launcher.Launcher - Verified hash of autocomplete-3.1.1.jar
2021-10-08 15:45:06 [Thread-0] INFO  net.runelite.launcher.Launcher - Verified hash of rsyntaxtextarea-3.1.2.jar
2021-10-08 15:45:06 [Thread-0] INFO  net.runelite.launcher.Launcher - Verified hash of logback-core-1.2.3.jar
2021-10-08 15:45:06 [Thread-0] INFO  net.runelite.launcher.Launcher - Verified hash of failureaccess-1.0.1.jar
2021-10-08 15:45:06 [Thread-0] INFO  net.runelite.launcher.Launcher - Verified hash of listenablefuture-9999.0-empty-to-avoid-conflict-with-guava.jar
2021-10-08 15:45:06 [Thread-0] INFO  net.runelite.launcher.Launcher - Verified hash of checker-qual-3.8.0.jar
2021-10-08 15:45:06 [Thread-0] INFO  net.runelite.launcher.Launcher - Verified hash of error_prone_annotations-2.5.1.jar
2021-10-08 15:45:06 [Thread-0] INFO  net.runelite.launcher.Launcher - Verified hash of j2objc-annotations-1.3.jar
2021-10-08 15:45:06 [Thread-0] INFO  net.runelite.launcher.Launcher - Verified hash of javax.inject-1.jar
2021-10-08 15:45:06 [Thread-0] INFO  net.runelite.launcher.Launcher - Verified hash of aopalliance-1.0.jar
2021-10-08 15:45:06 [Thread-0] INFO  net.runelite.launcher.Launcher - Verified hash of reactive-streams-1.0.3.jar
2021-10-08 15:45:06 [Thread-0] INFO  net.runelite.launcher.Launcher - Verified hash of commons-lang3-3.11.jar
2021-10-08 15:45:06 [Thread-0] INFO  net.runelite.launcher.Launcher - Verified hash of commons-codec-1.10.jar
2021-10-08 15:45:06 [Thread-0] WARN  net.runelite.launcher.Launcher - Expected bf1ef2a463fca3e1ece80c70d63a5f5f8ce7b260396175de0d7a8e98f2c4d06b for injection-annotations-1.0.jar but got 0cf93fdde2df8b482625def434dba3fa93c9f9f1c30fb43ebdf5d247c2d3b3c3
2021-10-08 15:45:06 [Thread-0] INFO  net.runelite.launcher.Launcher - Verified hash of injection-annotations-1.0.jar
2021-10-08 15:45:06 [Thread-0] INFO  net.runelite.launcher.Launcher - Verified hash of kotlin-stdlib-common-1.4.10.jar
2021-10-08 15:45:06 [Thread-0] INFO  net.runelite.launcher.Launcher - Verified hash of runelite-client-4.12.0.jar
2021-10-08 15:56:47 [main] INFO  net.runelite.launcher.Launcher - RuneLite Launcher version 2.1.3
2021-10-08 15:56:47 [main] INFO  net.runelite.launcher.Launcher - Setting hardware acceleration to DIRECTDRAW
2021-10-08 15:56:47 [main] INFO  net.runelite.launcher.Launcher - Verified hash of client-1.7.25.jar
2021-10-08 15:56:47 [main] INFO  net.runelite.launcher.Launcher - Verified hash of slf4j-api-1.7.25.jar
2021-10-08 15:56:47 [main] INFO  net.runelite.launcher.Launcher - Verified hash of logback-classic-1.2.3.jar
2021-10-08 15:56:47 [main] INFO  net.runelite.launcher.Launcher - Verified hash of logback-core-1.2.3.jar
2021-10-08 15:56:47 [main] INFO  net.runelite.launcher.Launcher - Verified hash of jopt-simple-5.0.1.jar
2021-10-08 15:56:47 [main] INFO  net.runelite.launcher.Launcher - Verified hash of guava-23.2-jre.jar
2021-10-08 15:56:47 [main] INFO  net.runelite.launcher.Launcher - Verified hash of guice-4.1.0-no_aop.jar
2021-10-08 15:56:47 [main] INFO  net.runelite.launcher.Launcher - Verified hash of javax.inject-1.jar
2021-10-08 15:56:47 [main] INFO  net.runelite.launcher.Launcher - Verified hash of aopalliance-1.0.jar
2021-10-08 15:56:47 [main] INFO  net.runelite.launcher.Launcher - Verified hash of gson-2.8.5.jar
2021-10-08 15:56:47 [main] INFO  net.runelite.launcher.Launcher - Verified hash of substance-8.0.02.jar
2021-10-08 15:56:47 [main] INFO  net.runelite.launcher.Launcher - Verified hash of trident-1.5.00.jar
2021-10-08 15:56:47 [main] INFO  net.runelite.launcher.Launcher - Verified hash of commons-text-1.2.jar
2021-10-08 15:56:47 [main] INFO  net.runelite.launcher.Launcher - Verified hash of commons-lang3-3.7.jar
2021-10-08 15:56:47 [main] INFO  net.runelite.launcher.Launcher - Verified hash of jogl-all-2.4.0-rc-20200429.jar
2021-10-08 15:56:47 [main] INFO  net.runelite.launcher.Launcher - Verified hash of jogl-all-2.4.0-rc-20200429-natives-windows-amd64.jar
2021-10-08 15:56:47 [main] INFO  net.runelite.launcher.Launcher - Verified hash of jogl-all-2.4.0-rc-20200429-natives-windows-i586.jar
2021-10-08 15:56:47 [main] INFO  net.runelite.launcher.Launcher - Verified hash of jogl-all-2.4.0-rc-20200429-natives-linux-amd64.jar
2021-10-08 15:56:47 [main] INFO  net.runelite.launcher.Launcher - Verified hash of jogl-all-natives-macosx-2.4.0-rc-20210117.jar
2021-10-08 15:56:47 [main] INFO  net.runelite.launcher.Launcher - Verified hash of gluegen-rt-2.4.0-rc-20200429.jar
2021-10-08 15:56:47 [main] INFO  net.runelite.launcher.Launcher - Verified hash of gluegen-rt-2.4.0-rc-20200429-natives-windows-amd64.jar
2021-10-08 15:56:47 [main] INFO  net.runelite.launcher.Launcher - Verified hash of gluegen-rt-2.4.0-rc-20200429-natives-windows-i586.jar
2021-10-08 15:56:47 [main] INFO  net.runelite.launcher.Launcher - Verified hash of gluegen-rt-2.4.0-rc-20200429-natives-linux-amd64.jar
2021-10-08 15:56:47 [main] INFO  net.runelite.launcher.Launcher - Verified hash of gluegen-rt-natives-macosx-2.4.0-rc-20210117.jar
2021-10-08 15:56:47 [main] INFO  net.runelite.launcher.Launcher - Verified hash of jocl-1.0.jar
2021-10-08 15:56:47 [main] INFO  net.runelite.launcher.Launcher - Verified hash of jocl-1.0-macos-x64.jar
2021-10-08 15:56:47 [main] INFO  net.runelite.launcher.Launcher - Verified hash of jocl-1.0-macos-arm64.jar
2021-10-08 15:56:47 [main] INFO  net.runelite.launcher.Launcher - Verified hash of archive-patcher-1.0.jar
2021-10-08 15:56:47 [main] INFO  net.runelite.launcher.Launcher - Verified hash of jna-5.9.0.jar
2021-10-08 15:56:47 [main] INFO  net.runelite.launcher.Launcher - Verified hash of jna-platform-5.9.0.jar
2021-10-08 15:56:47 [main] INFO  net.runelite.launcher.Launcher - Verified hash of jsr305-3.0.2.jar
2021-10-08 15:56:47 [main] INFO  net.runelite.launcher.Launcher - Verified hash of client-patch-1.7.25.jar
2021-10-08 15:56:47 [main] INFO  net.runelite.launcher.Launcher - Verified hash of http-api-1.7.25.jar
2021-10-08 15:56:47 [main] INFO  net.runelite.launcher.Launcher - Verified hash of okhttp-3.14.9.jar
2021-10-08 15:56:47 [main] INFO  net.runelite.launcher.Launcher - Verified hash of okio-1.17.2.jar
2021-10-08 15:56:47 [main] INFO  net.runelite.launcher.Launcher - Verified hash of commons-csv-1.4.jar
2021-10-08 15:56:47 [main] INFO  net.runelite.launcher.Launcher - Verified hash of discord-1.4.jar
2021-10-08 15:56:47 [main] INFO  net.runelite.launcher.Launcher - Verified hash of runelite-api-1.7.25-runtime.jar
2021-10-08 16:57:32 [main] INFO  net.runelite.launcher.Launcher - RuneLite Launcher version 2.1.3
2021-10-08 16:57:32 [main] INFO  net.runelite.launcher.Launcher - Setting hardware acceleration to DIRECTDRAW
2021-10-08 16:57:32 [main] INFO  net.runelite.launcher.Launcher - Verified hash of client-1.7.25.jar
2021-10-08 16:57:32 [main] INFO  net.runelite.launcher.Launcher - Verified hash of slf4j-api-1.7.25.jar
2021-10-08 16:57:32 [main] INFO  net.runelite.launcher.Launcher - Verified hash of logback-classic-1.2.3.jar
2021-10-08 16:57:32 [main] INFO  net.runelite.launcher.Launcher - Verified hash of logback-core-1.2.3.jar
2021-10-08 16:57:32 [main] INFO  net.runelite.launcher.Launcher - Verified hash of jopt-simple-5.0.1.jar
2021-10-08 16:57:33 [main] INFO  net.runelite.launcher.Launcher - Verified hash of guava-23.2-jre.jar
2021-10-08 16:57:33 [main] INFO  net.runelite.launcher.Launcher - Verified hash of guice-4.1.0-no_aop.jar
2021-10-08 16:57:33 [main] INFO  net.runelite.launcher.Launcher - Verified hash of javax.inject-1.jar
2021-10-08 16:57:33 [main] INFO  net.runelite.launcher.Launcher - Verified hash of aopalliance-1.0.jar
2021-10-08 16:57:33 [main] INFO  net.runelite.launcher.Launcher - Verified hash of gson-2.8.5.jar
2021-10-08 16:57:33 [main] INFO  net.runelite.launcher.Launcher - Verified hash of substance-8.0.02.jar
2021-10-08 16:57:33 [main] INFO  net.runelite.launcher.Launcher - Verified hash of trident-1.5.00.jar
2021-10-08 16:57:33 [main] INFO  net.runelite.launcher.Launcher - Verified hash of commons-text-1.2.jar
2021-10-08 16:57:33 [main] INFO  net.runelite.launcher.Launcher - Verified hash of commons-lang3-3.7.jar
2021-10-08 16:57:33 [main] INFO  net.runelite.launcher.Launcher - Verified hash of jogl-all-2.4.0-rc-20200429.jar
2021-10-08 16:57:33 [main] INFO  net.runelite.launcher.Launcher - Verified hash of jogl-all-2.4.0-rc-20200429-natives-windows-amd64.jar
2021-10-08 16:57:33 [main] INFO  net.runelite.launcher.Launcher - Verified hash of jogl-all-2.4.0-rc-20200429-natives-windows-i586.jar
2021-10-08 16:57:33 [main] INFO  net.runelite.launcher.Launcher - Verified hash of jogl-all-2.4.0-rc-20200429-natives-linux-amd64.jar
2021-10-08 16:57:33 [main] INFO  net.runelite.launcher.Launcher - Verified hash of jogl-all-natives-macosx-2.4.0-rc-20210117.jar
2021-10-08 16:57:33 [main] INFO  net.runelite.launcher.Launcher - Verified hash of gluegen-rt-2.4.0-rc-20200429.jar
2021-10-08 16:57:33 [main] INFO  net.runelite.launcher.Launcher - Verified hash of gluegen-rt-2.4.0-rc-20200429-natives-windows-amd64.jar
2021-10-08 16:57:33 [main] INFO  net.runelite.launcher.Launcher - Verified hash of gluegen-rt-2.4.0-rc-20200429-natives-windows-i586.jar
2021-10-08 16:57:33 [main] INFO  net.runelite.launcher.Launcher - Verified hash of gluegen-rt-2.4.0-rc-20200429-natives-linux-amd64.jar
2021-10-08 16:57:33 [main] INFO  net.runelite.launcher.Launcher - Verified hash of gluegen-rt-natives-macosx-2.4.0-rc-20210117.jar
2021-10-08 16:57:33 [main] INFO  net.runelite.launcher.Launcher - Verified hash of jocl-1.0.jar
2021-10-08 16:57:33 [main] INFO  net.runelite.launcher.Launcher - Verified hash of jocl-1.0-macos-x64.jar
2021-10-08 16:57:33 [main] INFO  net.runelite.launcher.Launcher - Verified hash of jocl-1.0-macos-arm64.jar
2021-10-08 16:57:33 [main] INFO  net.runelite.launcher.Launcher - Verified hash of archive-patcher-1.0.jar
2021-10-08 16:57:33 [main] INFO  net.runelite.launcher.Launcher - Verified hash of jna-5.9.0.jar
2021-10-08 16:57:33 [main] INFO  net.runelite.launcher.Launcher - Verified hash of jna-platform-5.9.0.jar
2021-10-08 16:57:33 [main] INFO  net.runelite.launcher.Launcher - Verified hash of jsr305-3.0.2.jar
2021-10-08 16:57:33 [main] INFO  net.runelite.launcher.Launcher - Verified hash of client-patch-1.7.25.jar
2021-10-08 16:57:33 [main] INFO  net.runelite.launcher.Launcher - Verified hash of http-api-1.7.25.jar
2021-10-08 16:57:33 [main] INFO  net.runelite.launcher.Launcher - Verified hash of okhttp-3.14.9.jar
2021-10-08 16:57:33 [main] INFO  net.runelite.launcher.Launcher - Verified hash of okio-1.17.2.jar
2021-10-08 16:57:33 [main] INFO  net.runelite.launcher.Launcher - Verified hash of commons-csv-1.4.jar
2021-10-08 16:57:33 [main] INFO  net.runelite.launcher.Launcher - Verified hash of discord-1.4.jar
2021-10-08 16:57:33 [main] INFO  net.runelite.launcher.Launcher - Verified hash of runelite-api-1.7.25-runtime.jar
