2021-10-02 09:54:47 [main] INFO  net.runelite.launcher.Launcher - RuneLite Launcher version 2.1.3
2021-10-02 09:54:47 [main] INFO  net.runelite.launcher.Launcher - Setting hardware acceleration to DIRECTDRAW
2021-10-02 09:54:52 [main] INFO  net.runelite.launcher.Launcher - Verified hash of client-1.7.24.jar
2021-10-02 09:54:52 [main] INFO  net.runelite.launcher.Launcher - Verified hash of slf4j-api-1.7.25.jar
2021-10-02 09:54:52 [main] INFO  net.runelite.launcher.Launcher - Verified hash of logback-classic-1.2.3.jar
2021-10-02 09:54:52 [main] INFO  net.runelite.launcher.Launcher - Verified hash of logback-core-1.2.3.jar
2021-10-02 09:54:52 [main] INFO  net.runelite.launcher.Launcher - Verified hash of jopt-simple-5.0.1.jar
2021-10-02 09:54:52 [main] INFO  net.runelite.launcher.Launcher - Verified hash of guava-23.2-jre.jar
2021-10-02 09:54:52 [main] INFO  net.runelite.launcher.Launcher - Verified hash of guice-4.1.0-no_aop.jar
2021-10-02 09:54:52 [main] INFO  net.runelite.launcher.Launcher - Verified hash of javax.inject-1.jar
2021-10-02 09:54:52 [main] INFO  net.runelite.launcher.Launcher - Verified hash of aopalliance-1.0.jar
2021-10-02 09:54:52 [main] INFO  net.runelite.launcher.Launcher - Verified hash of gson-2.8.5.jar
2021-10-02 09:54:52 [main] INFO  net.runelite.launcher.Launcher - Verified hash of substance-8.0.02.jar
2021-10-02 09:54:52 [main] INFO  net.runelite.launcher.Launcher - Verified hash of trident-1.5.00.jar
2021-10-02 09:54:52 [main] INFO  net.runelite.launcher.Launcher - Verified hash of commons-text-1.2.jar
2021-10-02 09:54:52 [main] INFO  net.runelite.launcher.Launcher - Verified hash of commons-lang3-3.7.jar
2021-10-02 09:54:52 [main] INFO  net.runelite.launcher.Launcher - Verified hash of jogl-all-2.4.0-rc-20200429.jar
2021-10-02 09:54:52 [main] INFO  net.runelite.launcher.Launcher - Verified hash of jogl-all-2.4.0-rc-20200429-natives-windows-amd64.jar
2021-10-02 09:54:52 [main] INFO  net.runelite.launcher.Launcher - Verified hash of jogl-all-2.4.0-rc-20200429-natives-windows-i586.jar
2021-10-02 09:54:52 [main] INFO  net.runelite.launcher.Launcher - Verified hash of jogl-all-2.4.0-rc-20200429-natives-linux-amd64.jar
2021-10-02 09:54:52 [main] INFO  net.runelite.launcher.Launcher - Verified hash of jogl-all-natives-macosx-2.4.0-rc-20210117.jar
2021-10-02 09:54:52 [main] INFO  net.runelite.launcher.Launcher - Verified hash of gluegen-rt-2.4.0-rc-20200429.jar
2021-10-02 09:54:52 [main] INFO  net.runelite.launcher.Launcher - Verified hash of gluegen-rt-2.4.0-rc-20200429-natives-windows-amd64.jar
2021-10-02 09:54:52 [main] INFO  net.runelite.launcher.Launcher - Verified hash of gluegen-rt-2.4.0-rc-20200429-natives-windows-i586.jar
2021-10-02 09:54:52 [main] INFO  net.runelite.launcher.Launcher - Verified hash of gluegen-rt-2.4.0-rc-20200429-natives-linux-amd64.jar
2021-10-02 09:54:52 [main] INFO  net.runelite.launcher.Launcher - Verified hash of gluegen-rt-natives-macosx-2.4.0-rc-20210117.jar
2021-10-02 09:54:52 [main] INFO  net.runelite.launcher.Launcher - Verified hash of jocl-1.0.jar
2021-10-02 09:54:52 [main] INFO  net.runelite.launcher.Launcher - Verified hash of jocl-1.0-macos-x64.jar
2021-10-02 09:54:52 [main] INFO  net.runelite.launcher.Launcher - Verified hash of jocl-1.0-macos-arm64.jar
2021-10-02 09:54:52 [main] INFO  net.runelite.launcher.Launcher - Verified hash of archive-patcher-1.0.jar
2021-10-02 09:54:52 [main] INFO  net.runelite.launcher.Launcher - Verified hash of jna-5.9.0.jar
2021-10-02 09:54:52 [main] INFO  net.runelite.launcher.Launcher - Verified hash of jna-platform-5.9.0.jar
2021-10-02 09:54:52 [main] INFO  net.runelite.launcher.Launcher - Verified hash of jsr305-3.0.2.jar
2021-10-02 09:54:52 [main] INFO  net.runelite.launcher.Launcher - Verified hash of runelite-api-1.7.24.jar
2021-10-02 09:54:52 [main] INFO  net.runelite.launcher.Launcher - Verified hash of client-patch-1.7.24.jar
2021-10-02 09:54:52 [main] INFO  net.runelite.launcher.Launcher - Verified hash of http-api-1.7.24.jar
2021-10-02 09:54:52 [main] INFO  net.runelite.launcher.Launcher - Verified hash of okhttp-3.7.0.jar
2021-10-02 09:54:52 [main] INFO  net.runelite.launcher.Launcher - Verified hash of okio-1.12.0.jar
2021-10-02 09:54:52 [main] INFO  net.runelite.launcher.Launcher - Verified hash of commons-csv-1.4.jar
2021-10-02 09:54:52 [main] INFO  net.runelite.launcher.Launcher - Verified hash of discord-1.4.jar
2021-10-02 14:16:02 [Thread-0] INFO  net.runelite.launcher.Launcher - OpenOSRS Launcher version 2.2.0
2021-10-02 14:16:02 [Thread-0] INFO  net.runelite.launcher.Launcher - Setting hardware acceleration to DIRECTDRAW
2021-10-02 14:16:02 [Thread-0] INFO  net.runelite.launcher.Launcher - https://raw.githubusercontent.com/open-osrs/hosting/master/bootstrap-stable.json
2021-10-02 14:16:02 [Thread-0] WARN  net.runelite.launcher.Launcher - Unable to delete old artifact C:\Users\Victur\.runelite\repository2\archive-patcher-1.0.jar
2021-10-02 14:16:02 [Thread-0] WARN  net.runelite.launcher.Launcher - Unable to delete old artifact C:\Users\Victur\.runelite\repository2\client-1.7.24.jar
2021-10-02 14:16:02 [Thread-0] WARN  net.runelite.launcher.Launcher - Unable to delete old artifact C:\Users\Victur\.runelite\repository2\client-patch-1.7.24.jar
2021-10-02 14:16:02 [Thread-0] WARN  net.runelite.launcher.Launcher - Unable to delete old artifact C:\Users\Victur\.runelite\repository2\http-api-1.7.24.jar
2021-10-02 14:16:02 [Thread-0] WARN  net.runelite.launcher.Launcher - Unable to delete old artifact C:\Users\Victur\.runelite\repository2\runelite-api-1.7.24.jar
2021-10-02 14:16:06 [Thread-0] INFO  net.runelite.launcher.Launcher - Verified hash of http-api-4.10.0.jar
2021-10-02 14:16:06 [Thread-0] INFO  net.runelite.launcher.Launcher - Verified hash of runescape-api-4.10.0.jar
2021-10-02 14:16:06 [Thread-0] INFO  net.runelite.launcher.Launcher - Verified hash of runelite-api-4.10.0.jar
2021-10-02 14:16:06 [Thread-0] INFO  net.runelite.launcher.Launcher - Verified hash of runelite-jshell-4.10.0.jar
2021-10-02 14:16:06 [Thread-0] INFO  net.runelite.launcher.Launcher - Verified hash of logback-classic-1.2.3.jar
2021-10-02 14:16:06 [Thread-0] INFO  net.runelite.launcher.Launcher - Verified hash of pf4j-update-2.3.0.jar
2021-10-02 14:16:06 [Thread-0] INFO  net.runelite.launcher.Launcher - Verified hash of gson-2.8.5.jar
2021-10-02 14:16:06 [Thread-0] INFO  net.runelite.launcher.Launcher - Verified hash of guice-4.1.0-no_aop.jar
2021-10-02 14:16:06 [Thread-0] INFO  net.runelite.launcher.Launcher - Verified hash of guava-23.2-jre.jar
2021-10-02 14:16:06 [Thread-0] INFO  net.runelite.launcher.Launcher - Verified hash of h2-1.4.200.jar
2021-10-02 14:16:06 [Thread-0] INFO  net.runelite.launcher.Launcher - Verified hash of rxrelay-3.0.0.jar
2021-10-02 14:16:06 [Thread-0] INFO  net.runelite.launcher.Launcher - Verified hash of okhttp-3.7.0.jar
2021-10-02 14:16:06 [Thread-0] INFO  net.runelite.launcher.Launcher - Verified hash of rxjava-3.0.10.jar
2021-10-02 14:16:06 [Thread-0] INFO  net.runelite.launcher.Launcher - Verified hash of jna-platform-5.9.0.jar
2021-10-02 14:16:06 [Thread-0] INFO  net.runelite.launcher.Launcher - Verified hash of discord-1.4.jar
2021-10-02 14:16:06 [Thread-0] INFO  net.runelite.launcher.Launcher - Verified hash of jna-5.9.0.jar
2021-10-02 14:16:06 [Thread-0] INFO  net.runelite.launcher.Launcher - Verified hash of jgroups-5.0.4.Final.jar
2021-10-02 14:16:06 [Thread-0] INFO  net.runelite.launcher.Launcher - Verified hash of substance-8.0.02.jar
2021-10-02 14:16:06 [Thread-0] INFO  net.runelite.launcher.Launcher - Verified hash of jopt-simple-5.0.1.jar
2021-10-02 14:16:06 [Thread-0] INFO  net.runelite.launcher.Launcher - Verified hash of commons-text-1.2.jar
2021-10-02 14:16:06 [Thread-0] INFO  net.runelite.launcher.Launcher - Verified hash of commons-io-2.8.0.jar
2021-10-02 14:16:06 [Thread-0] INFO  net.runelite.launcher.Launcher - Verified hash of annotations-20.1.0.jar
2021-10-02 14:16:06 [Thread-0] INFO  net.runelite.launcher.Launcher - Verified hash of pf4j-3.6.0.jar
2021-10-02 14:16:06 [Thread-0] INFO  net.runelite.launcher.Launcher - Verified hash of java-semver-0.9.0.jar
2021-10-02 14:16:06 [Thread-0] INFO  net.runelite.launcher.Launcher - Verified hash of slf4j-api-1.7.25.jar
2021-10-02 14:16:06 [Thread-0] INFO  net.runelite.launcher.Launcher - Verified hash of gluegen-rt-2.4.0-rc-20200429.jar
2021-10-02 14:16:06 [Thread-0] INFO  net.runelite.launcher.Launcher - Verified hash of gluegen-rt-2.4.0-rc-20200429-natives-linux-amd64.jar
2021-10-02 14:16:06 [Thread-0] INFO  net.runelite.launcher.Launcher - Verified hash of gluegen-rt-2.4.0-rc-20200429-natives-windows-amd64.jar
2021-10-02 14:16:06 [Thread-0] INFO  net.runelite.launcher.Launcher - Verified hash of gluegen-rt-2.4.0-rc-20200429-natives-windows-i586.jar
2021-10-02 14:16:06 [Thread-0] INFO  net.runelite.launcher.Launcher - Verified hash of jogl-all-2.4.0-rc-20200429.jar
2021-10-02 14:16:06 [Thread-0] INFO  net.runelite.launcher.Launcher - Verified hash of jogl-all-2.4.0-rc-20200429-natives-linux-amd64.jar
2021-10-02 14:16:06 [Thread-0] INFO  net.runelite.launcher.Launcher - Verified hash of jogl-all-2.4.0-rc-20200429-natives-windows-amd64.jar
2021-10-02 14:16:06 [Thread-0] INFO  net.runelite.launcher.Launcher - Verified hash of jogl-all-2.4.0-rc-20200429-natives-windows-i586.jar
2021-10-02 14:16:06 [Thread-0] INFO  net.runelite.launcher.Launcher - Verified hash of jocl-1.0.jar
2021-10-02 14:16:06 [Thread-0] INFO  net.runelite.launcher.Launcher - Verified hash of jocl-1.0-macos-x64.jar
2021-10-02 14:16:06 [Thread-0] INFO  net.runelite.launcher.Launcher - Verified hash of jocl-1.0-macos-arm64.jar
2021-10-02 14:16:06 [Thread-0] INFO  net.runelite.launcher.Launcher - Verified hash of trident-1.5.00.jar
2021-10-02 14:16:06 [Thread-0] INFO  net.runelite.launcher.Launcher - Verified hash of gluegen-rt-natives-macosx-2.4.0-rc-20210117.jar
2021-10-02 14:16:06 [Thread-0] INFO  net.runelite.launcher.Launcher - Verified hash of jogl-all-natives-macosx-2.4.0-rc-20210117.jar
2021-10-02 14:16:06 [Thread-0] INFO  net.runelite.launcher.Launcher - Verified hash of jsr305-3.0.2.jar
2021-10-02 14:16:06 [Thread-0] INFO  net.runelite.launcher.Launcher - Verified hash of commons-csv-1.4.jar
2021-10-02 14:16:06 [Thread-0] INFO  net.runelite.launcher.Launcher - Verified hash of autocomplete-3.1.1.jar
2021-10-02 14:16:06 [Thread-0] INFO  net.runelite.launcher.Launcher - Verified hash of rsyntaxtextarea-3.1.2.jar
2021-10-02 14:16:06 [Thread-0] INFO  net.runelite.launcher.Launcher - Verified hash of logback-core-1.2.3.jar
2021-10-02 14:16:06 [Thread-0] INFO  net.runelite.launcher.Launcher - Verified hash of error_prone_annotations-2.0.18.jar
2021-10-02 14:16:06 [Thread-0] INFO  net.runelite.launcher.Launcher - Verified hash of j2objc-annotations-1.1.jar
2021-10-02 14:16:06 [Thread-0] INFO  net.runelite.launcher.Launcher - Verified hash of animal-sniffer-annotations-1.14.jar
2021-10-02 14:16:06 [Thread-0] INFO  net.runelite.launcher.Launcher - Verified hash of javax.inject-1.jar
2021-10-02 14:16:06 [Thread-0] INFO  net.runelite.launcher.Launcher - Verified hash of aopalliance-1.0.jar
2021-10-02 14:16:06 [Thread-0] INFO  net.runelite.launcher.Launcher - Verified hash of okio-1.12.0.jar
2021-10-02 14:16:06 [Thread-0] INFO  net.runelite.launcher.Launcher - Verified hash of reactive-streams-1.0.3.jar
2021-10-02 14:16:06 [Thread-0] INFO  net.runelite.launcher.Launcher - Verified hash of commons-lang3-3.7.jar
2021-10-02 14:16:06 [Thread-0] INFO  net.runelite.launcher.Launcher - Verified hash of commons-codec-1.10.jar
2021-10-02 14:16:06 [Thread-0] WARN  net.runelite.launcher.Launcher - Expected bf1ef2a463fca3e1ece80c70d63a5f5f8ce7b260396175de0d7a8e98f2c4d06b for injection-annotations-1.0.jar but got 0cf93fdde2df8b482625def434dba3fa93c9f9f1c30fb43ebdf5d247c2d3b3c3
2021-10-02 14:16:06 [Thread-0] INFO  net.runelite.launcher.Launcher - Verified hash of injection-annotations-1.0.jar
2021-10-02 14:16:06 [Thread-0] INFO  net.runelite.launcher.Launcher - Verified hash of runelite-client-4.10.0.jar
2021-10-02 14:24:41 [main] INFO  net.runelite.launcher.Launcher - RuneLite Launcher version 2.1.3
2021-10-02 14:24:41 [main] INFO  net.runelite.launcher.Launcher - Setting hardware acceleration to DIRECTDRAW
2021-10-02 14:24:42 [main] WARN  net.runelite.launcher.Launcher - Unable to delete old artifact C:\Users\Victur\.runelite\repository2\animal-sniffer-annotations-1.14.jar
2021-10-02 14:24:42 [main] WARN  net.runelite.launcher.Launcher - Unable to delete old artifact C:\Users\Victur\.runelite\repository2\annotations-20.1.0.jar
2021-10-02 14:24:42 [main] WARN  net.runelite.launcher.Launcher - Unable to delete old artifact C:\Users\Victur\.runelite\repository2\autocomplete-3.1.1.jar
2021-10-02 14:24:42 [main] WARN  net.runelite.launcher.Launcher - Unable to delete old artifact C:\Users\Victur\.runelite\repository2\commons-codec-1.10.jar
2021-10-02 14:24:42 [main] WARN  net.runelite.launcher.Launcher - Unable to delete old artifact C:\Users\Victur\.runelite\repository2\commons-io-2.8.0.jar
2021-10-02 14:24:42 [main] WARN  net.runelite.launcher.Launcher - Unable to delete old artifact C:\Users\Victur\.runelite\repository2\error_prone_annotations-2.0.18.jar
2021-10-02 14:24:42 [main] WARN  net.runelite.launcher.Launcher - Unable to delete old artifact C:\Users\Victur\.runelite\repository2\h2-1.4.200.jar
2021-10-02 14:24:42 [main] WARN  net.runelite.launcher.Launcher - Unable to delete old artifact C:\Users\Victur\.runelite\repository2\http-api-4.10.0.jar
2021-10-02 14:24:42 [main] WARN  net.runelite.launcher.Launcher - Unable to delete old artifact C:\Users\Victur\.runelite\repository2\injection-annotations-1.0.jar
2021-10-02 14:24:42 [main] WARN  net.runelite.launcher.Launcher - Unable to delete old artifact C:\Users\Victur\.runelite\repository2\j2objc-annotations-1.1.jar
2021-10-02 14:24:42 [main] WARN  net.runelite.launcher.Launcher - Unable to delete old artifact C:\Users\Victur\.runelite\repository2\java-semver-0.9.0.jar
2021-10-02 14:24:42 [main] WARN  net.runelite.launcher.Launcher - Unable to delete old artifact C:\Users\Victur\.runelite\repository2\jgroups-5.0.4.Final.jar
2021-10-02 14:24:42 [main] WARN  net.runelite.launcher.Launcher - Unable to delete old artifact C:\Users\Victur\.runelite\repository2\pf4j-3.6.0.jar
2021-10-02 14:24:42 [main] WARN  net.runelite.launcher.Launcher - Unable to delete old artifact C:\Users\Victur\.runelite\repository2\pf4j-update-2.3.0.jar
2021-10-02 14:24:42 [main] WARN  net.runelite.launcher.Launcher - Unable to delete old artifact C:\Users\Victur\.runelite\repository2\reactive-streams-1.0.3.jar
2021-10-02 14:24:42 [main] WARN  net.runelite.launcher.Launcher - Unable to delete old artifact C:\Users\Victur\.runelite\repository2\rsyntaxtextarea-3.1.2.jar
2021-10-02 14:24:42 [main] WARN  net.runelite.launcher.Launcher - Unable to delete old artifact C:\Users\Victur\.runelite\repository2\runelite-api-4.10.0.jar
2021-10-02 14:24:42 [main] WARN  net.runelite.launcher.Launcher - Unable to delete old artifact C:\Users\Victur\.runelite\repository2\runelite-client-4.10.0.jar
2021-10-02 14:24:42 [main] WARN  net.runelite.launcher.Launcher - Unable to delete old artifact C:\Users\Victur\.runelite\repository2\runelite-jshell-4.10.0.jar
2021-10-02 14:24:42 [main] WARN  net.runelite.launcher.Launcher - Unable to delete old artifact C:\Users\Victur\.runelite\repository2\runescape-api-4.10.0.jar
2021-10-02 14:24:42 [main] WARN  net.runelite.launcher.Launcher - Unable to delete old artifact C:\Users\Victur\.runelite\repository2\rxjava-3.0.10.jar
2021-10-02 14:24:42 [main] WARN  net.runelite.launcher.Launcher - Unable to delete old artifact C:\Users\Victur\.runelite\repository2\rxrelay-3.0.0.jar
2021-10-02 14:24:42 [main] INFO  net.runelite.launcher.Launcher - Verified hash of client-1.7.24.jar
2021-10-02 14:24:42 [main] INFO  net.runelite.launcher.Launcher - Verified hash of slf4j-api-1.7.25.jar
2021-10-02 14:24:42 [main] INFO  net.runelite.launcher.Launcher - Verified hash of logback-classic-1.2.3.jar
2021-10-02 14:24:42 [main] INFO  net.runelite.launcher.Launcher - Verified hash of logback-core-1.2.3.jar
2021-10-02 14:24:42 [main] INFO  net.runelite.launcher.Launcher - Verified hash of jopt-simple-5.0.1.jar
2021-10-02 14:24:42 [main] INFO  net.runelite.launcher.Launcher - Verified hash of guava-23.2-jre.jar
2021-10-02 14:24:42 [main] INFO  net.runelite.launcher.Launcher - Verified hash of guice-4.1.0-no_aop.jar
2021-10-02 14:24:42 [main] INFO  net.runelite.launcher.Launcher - Verified hash of javax.inject-1.jar
2021-10-02 14:24:42 [main] INFO  net.runelite.launcher.Launcher - Verified hash of aopalliance-1.0.jar
2021-10-02 14:24:42 [main] INFO  net.runelite.launcher.Launcher - Verified hash of gson-2.8.5.jar
2021-10-02 14:24:42 [main] INFO  net.runelite.launcher.Launcher - Verified hash of substance-8.0.02.jar
2021-10-02 14:24:42 [main] INFO  net.runelite.launcher.Launcher - Verified hash of trident-1.5.00.jar
2021-10-02 14:24:42 [main] INFO  net.runelite.launcher.Launcher - Verified hash of commons-text-1.2.jar
2021-10-02 14:24:42 [main] INFO  net.runelite.launcher.Launcher - Verified hash of commons-lang3-3.7.jar
2021-10-02 14:24:42 [main] INFO  net.runelite.launcher.Launcher - Verified hash of jogl-all-2.4.0-rc-20200429.jar
2021-10-02 14:24:42 [main] INFO  net.runelite.launcher.Launcher - Verified hash of jogl-all-2.4.0-rc-20200429-natives-windows-amd64.jar
2021-10-02 14:24:42 [main] INFO  net.runelite.launcher.Launcher - Verified hash of jogl-all-2.4.0-rc-20200429-natives-windows-i586.jar
2021-10-02 14:24:42 [main] INFO  net.runelite.launcher.Launcher - Verified hash of jogl-all-2.4.0-rc-20200429-natives-linux-amd64.jar
2021-10-02 14:24:42 [main] INFO  net.runelite.launcher.Launcher - Verified hash of jogl-all-natives-macosx-2.4.0-rc-20210117.jar
2021-10-02 14:24:42 [main] INFO  net.runelite.launcher.Launcher - Verified hash of gluegen-rt-2.4.0-rc-20200429.jar
2021-10-02 14:24:42 [main] INFO  net.runelite.launcher.Launcher - Verified hash of gluegen-rt-2.4.0-rc-20200429-natives-windows-amd64.jar
2021-10-02 14:24:42 [main] INFO  net.runelite.launcher.Launcher - Verified hash of gluegen-rt-2.4.0-rc-20200429-natives-windows-i586.jar
2021-10-02 14:24:42 [main] INFO  net.runelite.launcher.Launcher - Verified hash of gluegen-rt-2.4.0-rc-20200429-natives-linux-amd64.jar
2021-10-02 14:24:42 [main] INFO  net.runelite.launcher.Launcher - Verified hash of gluegen-rt-natives-macosx-2.4.0-rc-20210117.jar
2021-10-02 14:24:42 [main] INFO  net.runelite.launcher.Launcher - Verified hash of jocl-1.0.jar
2021-10-02 14:24:42 [main] INFO  net.runelite.launcher.Launcher - Verified hash of jocl-1.0-macos-x64.jar
2021-10-02 14:24:42 [main] INFO  net.runelite.launcher.Launcher - Verified hash of jocl-1.0-macos-arm64.jar
2021-10-02 14:24:42 [main] INFO  net.runelite.launcher.Launcher - Verified hash of archive-patcher-1.0.jar
2021-10-02 14:24:42 [main] INFO  net.runelite.launcher.Launcher - Verified hash of jna-5.9.0.jar
2021-10-02 14:24:42 [main] INFO  net.runelite.launcher.Launcher - Verified hash of jna-platform-5.9.0.jar
2021-10-02 14:24:42 [main] INFO  net.runelite.launcher.Launcher - Verified hash of jsr305-3.0.2.jar
2021-10-02 14:24:42 [main] INFO  net.runelite.launcher.Launcher - Verified hash of runelite-api-1.7.24.jar
2021-10-02 14:24:42 [main] INFO  net.runelite.launcher.Launcher - Verified hash of client-patch-1.7.24.jar
2021-10-02 14:24:42 [main] INFO  net.runelite.launcher.Launcher - Verified hash of http-api-1.7.24.jar
2021-10-02 14:24:42 [main] INFO  net.runelite.launcher.Launcher - Verified hash of okhttp-3.7.0.jar
2021-10-02 14:24:42 [main] INFO  net.runelite.launcher.Launcher - Verified hash of okio-1.12.0.jar
2021-10-02 14:24:42 [main] INFO  net.runelite.launcher.Launcher - Verified hash of commons-csv-1.4.jar
2021-10-02 14:24:42 [main] INFO  net.runelite.launcher.Launcher - Verified hash of discord-1.4.jar
2021-10-02 16:44:28 [main] INFO  net.runelite.launcher.Launcher - RuneLite Launcher version 2.1.3
2021-10-02 16:44:28 [main] INFO  net.runelite.launcher.Launcher - Setting hardware acceleration to DIRECTDRAW
2021-10-02 16:44:28 [main] WARN  net.runelite.launcher.Launcher - Unable to delete old artifact C:\Users\Victur\.runelite\repository2\animal-sniffer-annotations-1.14.jar
2021-10-02 16:44:28 [main] WARN  net.runelite.launcher.Launcher - Unable to delete old artifact C:\Users\Victur\.runelite\repository2\annotations-20.1.0.jar
2021-10-02 16:44:28 [main] WARN  net.runelite.launcher.Launcher - Unable to delete old artifact C:\Users\Victur\.runelite\repository2\autocomplete-3.1.1.jar
2021-10-02 16:44:28 [main] WARN  net.runelite.launcher.Launcher - Unable to delete old artifact C:\Users\Victur\.runelite\repository2\commons-codec-1.10.jar
2021-10-02 16:44:28 [main] WARN  net.runelite.launcher.Launcher - Unable to delete old artifact C:\Users\Victur\.runelite\repository2\commons-io-2.8.0.jar
2021-10-02 16:44:28 [main] WARN  net.runelite.launcher.Launcher - Unable to delete old artifact C:\Users\Victur\.runelite\repository2\error_prone_annotations-2.0.18.jar
2021-10-02 16:44:28 [main] WARN  net.runelite.launcher.Launcher - Unable to delete old artifact C:\Users\Victur\.runelite\repository2\h2-1.4.200.jar
2021-10-02 16:44:28 [main] WARN  net.runelite.launcher.Launcher - Unable to delete old artifact C:\Users\Victur\.runelite\repository2\http-api-4.10.0.jar
2021-10-02 16:44:28 [main] WARN  net.runelite.launcher.Launcher - Unable to delete old artifact C:\Users\Victur\.runelite\repository2\injection-annotations-1.0.jar
2021-10-02 16:44:28 [main] WARN  net.runelite.launcher.Launcher - Unable to delete old artifact C:\Users\Victur\.runelite\repository2\j2objc-annotations-1.1.jar
2021-10-02 16:44:28 [main] WARN  net.runelite.launcher.Launcher - Unable to delete old artifact C:\Users\Victur\.runelite\repository2\java-semver-0.9.0.jar
2021-10-02 16:44:28 [main] WARN  net.runelite.launcher.Launcher - Unable to delete old artifact C:\Users\Victur\.runelite\repository2\jgroups-5.0.4.Final.jar
2021-10-02 16:44:28 [main] WARN  net.runelite.launcher.Launcher - Unable to delete old artifact C:\Users\Victur\.runelite\repository2\pf4j-3.6.0.jar
2021-10-02 16:44:28 [main] WARN  net.runelite.launcher.Launcher - Unable to delete old artifact C:\Users\Victur\.runelite\repository2\pf4j-update-2.3.0.jar
2021-10-02 16:44:28 [main] WARN  net.runelite.launcher.Launcher - Unable to delete old artifact C:\Users\Victur\.runelite\repository2\reactive-streams-1.0.3.jar
2021-10-02 16:44:28 [main] WARN  net.runelite.launcher.Launcher - Unable to delete old artifact C:\Users\Victur\.runelite\repository2\rsyntaxtextarea-3.1.2.jar
2021-10-02 16:44:28 [main] WARN  net.runelite.launcher.Launcher - Unable to delete old artifact C:\Users\Victur\.runelite\repository2\runelite-api-4.10.0.jar
2021-10-02 16:44:28 [main] WARN  net.runelite.launcher.Launcher - Unable to delete old artifact C:\Users\Victur\.runelite\repository2\runelite-client-4.10.0.jar
2021-10-02 16:44:28 [main] WARN  net.runelite.launcher.Launcher - Unable to delete old artifact C:\Users\Victur\.runelite\repository2\runelite-jshell-4.10.0.jar
2021-10-02 16:44:28 [main] WARN  net.runelite.launcher.Launcher - Unable to delete old artifact C:\Users\Victur\.runelite\repository2\runescape-api-4.10.0.jar
2021-10-02 16:44:28 [main] WARN  net.runelite.launcher.Launcher - Unable to delete old artifact C:\Users\Victur\.runelite\repository2\rxjava-3.0.10.jar
2021-10-02 16:44:28 [main] WARN  net.runelite.launcher.Launcher - Unable to delete old artifact C:\Users\Victur\.runelite\repository2\rxrelay-3.0.0.jar
2021-10-02 16:44:28 [main] INFO  net.runelite.launcher.Launcher - Verified hash of client-1.7.24.jar
2021-10-02 16:44:28 [main] INFO  net.runelite.launcher.Launcher - Verified hash of slf4j-api-1.7.25.jar
2021-10-02 16:44:28 [main] INFO  net.runelite.launcher.Launcher - Verified hash of logback-classic-1.2.3.jar
2021-10-02 16:44:28 [main] INFO  net.runelite.launcher.Launcher - Verified hash of logback-core-1.2.3.jar
2021-10-02 16:44:28 [main] INFO  net.runelite.launcher.Launcher - Verified hash of jopt-simple-5.0.1.jar
2021-10-02 16:44:28 [main] INFO  net.runelite.launcher.Launcher - Verified hash of guava-23.2-jre.jar
2021-10-02 16:44:28 [main] INFO  net.runelite.launcher.Launcher - Verified hash of guice-4.1.0-no_aop.jar
2021-10-02 16:44:28 [main] INFO  net.runelite.launcher.Launcher - Verified hash of javax.inject-1.jar
2021-10-02 16:44:28 [main] INFO  net.runelite.launcher.Launcher - Verified hash of aopalliance-1.0.jar
2021-10-02 16:44:28 [main] INFO  net.runelite.launcher.Launcher - Verified hash of gson-2.8.5.jar
2021-10-02 16:44:28 [main] INFO  net.runelite.launcher.Launcher - Verified hash of substance-8.0.02.jar
2021-10-02 16:44:28 [main] INFO  net.runelite.launcher.Launcher - Verified hash of trident-1.5.00.jar
2021-10-02 16:44:29 [main] INFO  net.runelite.launcher.Launcher - Verified hash of commons-text-1.2.jar
2021-10-02 16:44:29 [main] INFO  net.runelite.launcher.Launcher - Verified hash of commons-lang3-3.7.jar
2021-10-02 16:44:29 [main] INFO  net.runelite.launcher.Launcher - Verified hash of jogl-all-2.4.0-rc-20200429.jar
2021-10-02 16:44:29 [main] INFO  net.runelite.launcher.Launcher - Verified hash of jogl-all-2.4.0-rc-20200429-natives-windows-amd64.jar
2021-10-02 16:44:29 [main] INFO  net.runelite.launcher.Launcher - Verified hash of jogl-all-2.4.0-rc-20200429-natives-windows-i586.jar
2021-10-02 16:44:29 [main] INFO  net.runelite.launcher.Launcher - Verified hash of jogl-all-2.4.0-rc-20200429-natives-linux-amd64.jar
2021-10-02 16:44:29 [main] INFO  net.runelite.launcher.Launcher - Verified hash of jogl-all-natives-macosx-2.4.0-rc-20210117.jar
2021-10-02 16:44:29 [main] INFO  net.runelite.launcher.Launcher - Verified hash of gluegen-rt-2.4.0-rc-20200429.jar
2021-10-02 16:44:29 [main] INFO  net.runelite.launcher.Launcher - Verified hash of gluegen-rt-2.4.0-rc-20200429-natives-windows-amd64.jar
2021-10-02 16:44:29 [main] INFO  net.runelite.launcher.Launcher - Verified hash of gluegen-rt-2.4.0-rc-20200429-natives-windows-i586.jar
2021-10-02 16:44:29 [main] INFO  net.runelite.launcher.Launcher - Verified hash of gluegen-rt-2.4.0-rc-20200429-natives-linux-amd64.jar
2021-10-02 16:44:29 [main] INFO  net.runelite.launcher.Launcher - Verified hash of gluegen-rt-natives-macosx-2.4.0-rc-20210117.jar
2021-10-02 16:44:29 [main] INFO  net.runelite.launcher.Launcher - Verified hash of jocl-1.0.jar
2021-10-02 16:44:29 [main] INFO  net.runelite.launcher.Launcher - Verified hash of jocl-1.0-macos-x64.jar
2021-10-02 16:44:29 [main] INFO  net.runelite.launcher.Launcher - Verified hash of jocl-1.0-macos-arm64.jar
2021-10-02 16:44:29 [main] INFO  net.runelite.launcher.Launcher - Verified hash of archive-patcher-1.0.jar
2021-10-02 16:44:29 [main] INFO  net.runelite.launcher.Launcher - Verified hash of jna-5.9.0.jar
2021-10-02 16:44:29 [main] INFO  net.runelite.launcher.Launcher - Verified hash of jna-platform-5.9.0.jar
2021-10-02 16:44:29 [main] INFO  net.runelite.launcher.Launcher - Verified hash of jsr305-3.0.2.jar
2021-10-02 16:44:29 [main] INFO  net.runelite.launcher.Launcher - Verified hash of runelite-api-1.7.24.jar
2021-10-02 16:44:29 [main] INFO  net.runelite.launcher.Launcher - Verified hash of client-patch-1.7.24.jar
2021-10-02 16:44:29 [main] INFO  net.runelite.launcher.Launcher - Verified hash of http-api-1.7.24.jar
2021-10-02 16:44:29 [main] INFO  net.runelite.launcher.Launcher - Verified hash of okhttp-3.7.0.jar
2021-10-02 16:44:29 [main] INFO  net.runelite.launcher.Launcher - Verified hash of okio-1.12.0.jar
2021-10-02 16:44:29 [main] INFO  net.runelite.launcher.Launcher - Verified hash of commons-csv-1.4.jar
2021-10-02 16:44:29 [main] INFO  net.runelite.launcher.Launcher - Verified hash of discord-1.4.jar
2021-10-02 19:26:13 [main] INFO  net.runelite.launcher.Launcher - RuneLite Launcher version 2.1.3
2021-10-02 19:26:13 [main] INFO  net.runelite.launcher.Launcher - Setting hardware acceleration to DIRECTDRAW
2021-10-02 19:26:14 [main] WARN  net.runelite.launcher.Launcher - Unable to delete old artifact C:\Users\Victur\.runelite\repository2\animal-sniffer-annotations-1.14.jar
2021-10-02 19:26:14 [main] WARN  net.runelite.launcher.Launcher - Unable to delete old artifact C:\Users\Victur\.runelite\repository2\annotations-20.1.0.jar
2021-10-02 19:26:14 [main] WARN  net.runelite.launcher.Launcher - Unable to delete old artifact C:\Users\Victur\.runelite\repository2\autocomplete-3.1.1.jar
2021-10-02 19:26:14 [main] WARN  net.runelite.launcher.Launcher - Unable to delete old artifact C:\Users\Victur\.runelite\repository2\commons-codec-1.10.jar
2021-10-02 19:26:14 [main] WARN  net.runelite.launcher.Launcher - Unable to delete old artifact C:\Users\Victur\.runelite\repository2\commons-io-2.8.0.jar
2021-10-02 19:26:14 [main] WARN  net.runelite.launcher.Launcher - Unable to delete old artifact C:\Users\Victur\.runelite\repository2\error_prone_annotations-2.0.18.jar
2021-10-02 19:26:14 [main] WARN  net.runelite.launcher.Launcher - Unable to delete old artifact C:\Users\Victur\.runelite\repository2\h2-1.4.200.jar
2021-10-02 19:26:14 [main] WARN  net.runelite.launcher.Launcher - Unable to delete old artifact C:\Users\Victur\.runelite\repository2\http-api-4.10.0.jar
2021-10-02 19:26:14 [main] WARN  net.runelite.launcher.Launcher - Unable to delete old artifact C:\Users\Victur\.runelite\repository2\injection-annotations-1.0.jar
2021-10-02 19:26:14 [main] WARN  net.runelite.launcher.Launcher - Unable to delete old artifact C:\Users\Victur\.runelite\repository2\j2objc-annotations-1.1.jar
2021-10-02 19:26:14 [main] WARN  net.runelite.launcher.Launcher - Unable to delete old artifact C:\Users\Victur\.runelite\repository2\java-semver-0.9.0.jar
2021-10-02 19:26:14 [main] WARN  net.runelite.launcher.Launcher - Unable to delete old artifact C:\Users\Victur\.runelite\repository2\jgroups-5.0.4.Final.jar
2021-10-02 19:26:14 [main] WARN  net.runelite.launcher.Launcher - Unable to delete old artifact C:\Users\Victur\.runelite\repository2\pf4j-3.6.0.jar
2021-10-02 19:26:14 [main] WARN  net.runelite.launcher.Launcher - Unable to delete old artifact C:\Users\Victur\.runelite\repository2\pf4j-update-2.3.0.jar
2021-10-02 19:26:14 [main] WARN  net.runelite.launcher.Launcher - Unable to delete old artifact C:\Users\Victur\.runelite\repository2\reactive-streams-1.0.3.jar
2021-10-02 19:26:14 [main] WARN  net.runelite.launcher.Launcher - Unable to delete old artifact C:\Users\Victur\.runelite\repository2\rsyntaxtextarea-3.1.2.jar
2021-10-02 19:26:14 [main] WARN  net.runelite.launcher.Launcher - Unable to delete old artifact C:\Users\Victur\.runelite\repository2\runelite-api-4.10.0.jar
2021-10-02 19:26:14 [main] WARN  net.runelite.launcher.Launcher - Unable to delete old artifact C:\Users\Victur\.runelite\repository2\runelite-client-4.10.0.jar
2021-10-02 19:26:14 [main] WARN  net.runelite.launcher.Launcher - Unable to delete old artifact C:\Users\Victur\.runelite\repository2\runelite-jshell-4.10.0.jar
2021-10-02 19:26:14 [main] WARN  net.runelite.launcher.Launcher - Unable to delete old artifact C:\Users\Victur\.runelite\repository2\runescape-api-4.10.0.jar
2021-10-02 19:26:14 [main] WARN  net.runelite.launcher.Launcher - Unable to delete old artifact C:\Users\Victur\.runelite\repository2\rxjava-3.0.10.jar
2021-10-02 19:26:14 [main] WARN  net.runelite.launcher.Launcher - Unable to delete old artifact C:\Users\Victur\.runelite\repository2\rxrelay-3.0.0.jar
2021-10-02 19:26:14 [main] INFO  net.runelite.launcher.Launcher - Verified hash of client-1.7.24.jar
2021-10-02 19:26:14 [main] INFO  net.runelite.launcher.Launcher - Verified hash of slf4j-api-1.7.25.jar
2021-10-02 19:26:14 [main] INFO  net.runelite.launcher.Launcher - Verified hash of logback-classic-1.2.3.jar
2021-10-02 19:26:14 [main] INFO  net.runelite.launcher.Launcher - Verified hash of logback-core-1.2.3.jar
2021-10-02 19:26:14 [main] INFO  net.runelite.launcher.Launcher - Verified hash of jopt-simple-5.0.1.jar
2021-10-02 19:26:14 [main] INFO  net.runelite.launcher.Launcher - Verified hash of guava-23.2-jre.jar
2021-10-02 19:26:14 [main] INFO  net.runelite.launcher.Launcher - Verified hash of guice-4.1.0-no_aop.jar
2021-10-02 19:26:14 [main] INFO  net.runelite.launcher.Launcher - Verified hash of javax.inject-1.jar
2021-10-02 19:26:14 [main] INFO  net.runelite.launcher.Launcher - Verified hash of aopalliance-1.0.jar
2021-10-02 19:26:14 [main] INFO  net.runelite.launcher.Launcher - Verified hash of gson-2.8.5.jar
2021-10-02 19:26:14 [main] INFO  net.runelite.launcher.Launcher - Verified hash of substance-8.0.02.jar
2021-10-02 19:26:14 [main] INFO  net.runelite.launcher.Launcher - Verified hash of trident-1.5.00.jar
2021-10-02 19:26:14 [main] INFO  net.runelite.launcher.Launcher - Verified hash of commons-text-1.2.jar
2021-10-02 19:26:14 [main] INFO  net.runelite.launcher.Launcher - Verified hash of commons-lang3-3.7.jar
2021-10-02 19:26:14 [main] INFO  net.runelite.launcher.Launcher - Verified hash of jogl-all-2.4.0-rc-20200429.jar
2021-10-02 19:26:14 [main] INFO  net.runelite.launcher.Launcher - Verified hash of jogl-all-2.4.0-rc-20200429-natives-windows-amd64.jar
2021-10-02 19:26:14 [main] INFO  net.runelite.launcher.Launcher - Verified hash of jogl-all-2.4.0-rc-20200429-natives-windows-i586.jar
2021-10-02 19:26:14 [main] INFO  net.runelite.launcher.Launcher - Verified hash of jogl-all-2.4.0-rc-20200429-natives-linux-amd64.jar
2021-10-02 19:26:14 [main] INFO  net.runelite.launcher.Launcher - Verified hash of jogl-all-natives-macosx-2.4.0-rc-20210117.jar
2021-10-02 19:26:14 [main] INFO  net.runelite.launcher.Launcher - Verified hash of gluegen-rt-2.4.0-rc-20200429.jar
2021-10-02 19:26:14 [main] INFO  net.runelite.launcher.Launcher - Verified hash of gluegen-rt-2.4.0-rc-20200429-natives-windows-amd64.jar
2021-10-02 19:26:14 [main] INFO  net.runelite.launcher.Launcher - Verified hash of gluegen-rt-2.4.0-rc-20200429-natives-windows-i586.jar
2021-10-02 19:26:14 [main] INFO  net.runelite.launcher.Launcher - Verified hash of gluegen-rt-2.4.0-rc-20200429-natives-linux-amd64.jar
2021-10-02 19:26:14 [main] INFO  net.runelite.launcher.Launcher - Verified hash of gluegen-rt-natives-macosx-2.4.0-rc-20210117.jar
2021-10-02 19:26:14 [main] INFO  net.runelite.launcher.Launcher - Verified hash of jocl-1.0.jar
2021-10-02 19:26:14 [main] INFO  net.runelite.launcher.Launcher - Verified hash of jocl-1.0-macos-x64.jar
2021-10-02 19:26:14 [main] INFO  net.runelite.launcher.Launcher - Verified hash of jocl-1.0-macos-arm64.jar
2021-10-02 19:26:14 [main] INFO  net.runelite.launcher.Launcher - Verified hash of archive-patcher-1.0.jar
2021-10-02 19:26:14 [main] INFO  net.runelite.launcher.Launcher - Verified hash of jna-5.9.0.jar
2021-10-02 19:26:14 [main] INFO  net.runelite.launcher.Launcher - Verified hash of jna-platform-5.9.0.jar
2021-10-02 19:26:14 [main] INFO  net.runelite.launcher.Launcher - Verified hash of jsr305-3.0.2.jar
2021-10-02 19:26:14 [main] INFO  net.runelite.launcher.Launcher - Verified hash of runelite-api-1.7.24.jar
2021-10-02 19:26:14 [main] INFO  net.runelite.launcher.Launcher - Verified hash of client-patch-1.7.24.jar
2021-10-02 19:26:14 [main] INFO  net.runelite.launcher.Launcher - Verified hash of http-api-1.7.24.jar
2021-10-02 19:26:14 [main] INFO  net.runelite.launcher.Launcher - Verified hash of okhttp-3.7.0.jar
2021-10-02 19:26:14 [main] INFO  net.runelite.launcher.Launcher - Verified hash of okio-1.12.0.jar
2021-10-02 19:26:14 [main] INFO  net.runelite.launcher.Launcher - Verified hash of commons-csv-1.4.jar
2021-10-02 19:26:14 [main] INFO  net.runelite.launcher.Launcher - Verified hash of discord-1.4.jar
2021-10-02 19:55:35 [main] INFO  net.runelite.launcher.Launcher - RuneLite Launcher version 2.1.3
2021-10-02 19:55:35 [main] INFO  net.runelite.launcher.Launcher - Setting hardware acceleration to DIRECTDRAW
2021-10-02 19:55:36 [main] WARN  net.runelite.launcher.Launcher - Unable to delete old artifact C:\Users\Victur\.runelite\repository2\animal-sniffer-annotations-1.14.jar
2021-10-02 19:55:36 [main] WARN  net.runelite.launcher.Launcher - Unable to delete old artifact C:\Users\Victur\.runelite\repository2\annotations-20.1.0.jar
2021-10-02 19:55:36 [main] WARN  net.runelite.launcher.Launcher - Unable to delete old artifact C:\Users\Victur\.runelite\repository2\autocomplete-3.1.1.jar
2021-10-02 19:55:36 [main] WARN  net.runelite.launcher.Launcher - Unable to delete old artifact C:\Users\Victur\.runelite\repository2\commons-codec-1.10.jar
2021-10-02 19:55:36 [main] WARN  net.runelite.launcher.Launcher - Unable to delete old artifact C:\Users\Victur\.runelite\repository2\commons-io-2.8.0.jar
2021-10-02 19:55:36 [main] WARN  net.runelite.launcher.Launcher - Unable to delete old artifact C:\Users\Victur\.runelite\repository2\error_prone_annotations-2.0.18.jar
2021-10-02 19:55:36 [main] WARN  net.runelite.launcher.Launcher - Unable to delete old artifact C:\Users\Victur\.runelite\repository2\h2-1.4.200.jar
2021-10-02 19:55:36 [main] WARN  net.runelite.launcher.Launcher - Unable to delete old artifact C:\Users\Victur\.runelite\repository2\http-api-4.10.0.jar
2021-10-02 19:55:36 [main] WARN  net.runelite.launcher.Launcher - Unable to delete old artifact C:\Users\Victur\.runelite\repository2\injection-annotations-1.0.jar
2021-10-02 19:55:36 [main] WARN  net.runelite.launcher.Launcher - Unable to delete old artifact C:\Users\Victur\.runelite\repository2\j2objc-annotations-1.1.jar
2021-10-02 19:55:36 [main] WARN  net.runelite.launcher.Launcher - Unable to delete old artifact C:\Users\Victur\.runelite\repository2\java-semver-0.9.0.jar
2021-10-02 19:55:36 [main] WARN  net.runelite.launcher.Launcher - Unable to delete old artifact C:\Users\Victur\.runelite\repository2\jgroups-5.0.4.Final.jar
2021-10-02 19:55:36 [main] WARN  net.runelite.launcher.Launcher - Unable to delete old artifact C:\Users\Victur\.runelite\repository2\pf4j-3.6.0.jar
2021-10-02 19:55:36 [main] WARN  net.runelite.launcher.Launcher - Unable to delete old artifact C:\Users\Victur\.runelite\repository2\pf4j-update-2.3.0.jar
2021-10-02 19:55:36 [main] WARN  net.runelite.launcher.Launcher - Unable to delete old artifact C:\Users\Victur\.runelite\repository2\reactive-streams-1.0.3.jar
2021-10-02 19:55:36 [main] WARN  net.runelite.launcher.Launcher - Unable to delete old artifact C:\Users\Victur\.runelite\repository2\rsyntaxtextarea-3.1.2.jar
2021-10-02 19:55:36 [main] WARN  net.runelite.launcher.Launcher - Unable to delete old artifact C:\Users\Victur\.runelite\repository2\runelite-api-4.10.0.jar
2021-10-02 19:55:36 [main] WARN  net.runelite.launcher.Launcher - Unable to delete old artifact C:\Users\Victur\.runelite\repository2\runelite-client-4.10.0.jar
2021-10-02 19:55:36 [main] WARN  net.runelite.launcher.Launcher - Unable to delete old artifact C:\Users\Victur\.runelite\repository2\runelite-jshell-4.10.0.jar
2021-10-02 19:55:36 [main] WARN  net.runelite.launcher.Launcher - Unable to delete old artifact C:\Users\Victur\.runelite\repository2\runescape-api-4.10.0.jar
2021-10-02 19:55:36 [main] WARN  net.runelite.launcher.Launcher - Unable to delete old artifact C:\Users\Victur\.runelite\repository2\rxjava-3.0.10.jar
2021-10-02 19:55:36 [main] WARN  net.runelite.launcher.Launcher - Unable to delete old artifact C:\Users\Victur\.runelite\repository2\rxrelay-3.0.0.jar
2021-10-02 19:55:36 [main] INFO  net.runelite.launcher.Launcher - Verified hash of client-1.7.24.jar
2021-10-02 19:55:36 [main] INFO  net.runelite.launcher.Launcher - Verified hash of slf4j-api-1.7.25.jar
2021-10-02 19:55:36 [main] INFO  net.runelite.launcher.Launcher - Verified hash of logback-classic-1.2.3.jar
2021-10-02 19:55:36 [main] INFO  net.runelite.launcher.Launcher - Verified hash of logback-core-1.2.3.jar
2021-10-02 19:55:36 [main] INFO  net.runelite.launcher.Launcher - Verified hash of jopt-simple-5.0.1.jar
2021-10-02 19:55:36 [main] INFO  net.runelite.launcher.Launcher - Verified hash of guava-23.2-jre.jar
2021-10-02 19:55:36 [main] INFO  net.runelite.launcher.Launcher - Verified hash of guice-4.1.0-no_aop.jar
2021-10-02 19:55:36 [main] INFO  net.runelite.launcher.Launcher - Verified hash of javax.inject-1.jar
2021-10-02 19:55:36 [main] INFO  net.runelite.launcher.Launcher - Verified hash of aopalliance-1.0.jar
2021-10-02 19:55:36 [main] INFO  net.runelite.launcher.Launcher - Verified hash of gson-2.8.5.jar
2021-10-02 19:55:36 [main] INFO  net.runelite.launcher.Launcher - Verified hash of substance-8.0.02.jar
2021-10-02 19:55:36 [main] INFO  net.runelite.launcher.Launcher - Verified hash of trident-1.5.00.jar
2021-10-02 19:55:36 [main] INFO  net.runelite.launcher.Launcher - Verified hash of commons-text-1.2.jar
2021-10-02 19:55:36 [main] INFO  net.runelite.launcher.Launcher - Verified hash of commons-lang3-3.7.jar
2021-10-02 19:55:36 [main] INFO  net.runelite.launcher.Launcher - Verified hash of jogl-all-2.4.0-rc-20200429.jar
2021-10-02 19:55:36 [main] INFO  net.runelite.launcher.Launcher - Verified hash of jogl-all-2.4.0-rc-20200429-natives-windows-amd64.jar
2021-10-02 19:55:36 [main] INFO  net.runelite.launcher.Launcher - Verified hash of jogl-all-2.4.0-rc-20200429-natives-windows-i586.jar
2021-10-02 19:55:36 [main] INFO  net.runelite.launcher.Launcher - Verified hash of jogl-all-2.4.0-rc-20200429-natives-linux-amd64.jar
2021-10-02 19:55:36 [main] INFO  net.runelite.launcher.Launcher - Verified hash of jogl-all-natives-macosx-2.4.0-rc-20210117.jar
2021-10-02 19:55:36 [main] INFO  net.runelite.launcher.Launcher - Verified hash of gluegen-rt-2.4.0-rc-20200429.jar
2021-10-02 19:55:36 [main] INFO  net.runelite.launcher.Launcher - Verified hash of gluegen-rt-2.4.0-rc-20200429-natives-windows-amd64.jar
2021-10-02 19:55:36 [main] INFO  net.runelite.launcher.Launcher - Verified hash of gluegen-rt-2.4.0-rc-20200429-natives-windows-i586.jar
2021-10-02 19:55:36 [main] INFO  net.runelite.launcher.Launcher - Verified hash of gluegen-rt-2.4.0-rc-20200429-natives-linux-amd64.jar
2021-10-02 19:55:36 [main] INFO  net.runelite.launcher.Launcher - Verified hash of gluegen-rt-natives-macosx-2.4.0-rc-20210117.jar
2021-10-02 19:55:36 [main] INFO  net.runelite.launcher.Launcher - Verified hash of jocl-1.0.jar
2021-10-02 19:55:36 [main] INFO  net.runelite.launcher.Launcher - Verified hash of jocl-1.0-macos-x64.jar
2021-10-02 19:55:36 [main] INFO  net.runelite.launcher.Launcher - Verified hash of jocl-1.0-macos-arm64.jar
2021-10-02 19:55:36 [main] INFO  net.runelite.launcher.Launcher - Verified hash of archive-patcher-1.0.jar
2021-10-02 19:55:36 [main] INFO  net.runelite.launcher.Launcher - Verified hash of jna-5.9.0.jar
2021-10-02 19:55:36 [main] INFO  net.runelite.launcher.Launcher - Verified hash of jna-platform-5.9.0.jar
2021-10-02 19:55:36 [main] INFO  net.runelite.launcher.Launcher - Verified hash of jsr305-3.0.2.jar
2021-10-02 19:55:36 [main] INFO  net.runelite.launcher.Launcher - Verified hash of runelite-api-1.7.24.jar
2021-10-02 19:55:36 [main] INFO  net.runelite.launcher.Launcher - Verified hash of client-patch-1.7.24.jar
2021-10-02 19:55:36 [main] INFO  net.runelite.launcher.Launcher - Verified hash of http-api-1.7.24.jar
2021-10-02 19:55:36 [main] INFO  net.runelite.launcher.Launcher - Verified hash of okhttp-3.7.0.jar
2021-10-02 19:55:36 [main] INFO  net.runelite.launcher.Launcher - Verified hash of okio-1.12.0.jar
2021-10-02 19:55:36 [main] INFO  net.runelite.launcher.Launcher - Verified hash of commons-csv-1.4.jar
2021-10-02 19:55:36 [main] INFO  net.runelite.launcher.Launcher - Verified hash of discord-1.4.jar
2021-10-02 20:17:39 [main] INFO  net.runelite.launcher.Launcher - RuneLite Launcher version 2.1.3
2021-10-02 20:17:39 [main] INFO  net.runelite.launcher.Launcher - Setting hardware acceleration to DIRECTDRAW
2021-10-02 20:17:39 [main] WARN  net.runelite.launcher.Launcher - Unable to delete old artifact C:\Users\Victur\.runelite\repository2\animal-sniffer-annotations-1.14.jar
2021-10-02 20:17:39 [main] WARN  net.runelite.launcher.Launcher - Unable to delete old artifact C:\Users\Victur\.runelite\repository2\annotations-20.1.0.jar
2021-10-02 20:17:39 [main] WARN  net.runelite.launcher.Launcher - Unable to delete old artifact C:\Users\Victur\.runelite\repository2\autocomplete-3.1.1.jar
2021-10-02 20:17:39 [main] WARN  net.runelite.launcher.Launcher - Unable to delete old artifact C:\Users\Victur\.runelite\repository2\commons-codec-1.10.jar
2021-10-02 20:17:39 [main] WARN  net.runelite.launcher.Launcher - Unable to delete old artifact C:\Users\Victur\.runelite\repository2\commons-io-2.8.0.jar
2021-10-02 20:17:39 [main] WARN  net.runelite.launcher.Launcher - Unable to delete old artifact C:\Users\Victur\.runelite\repository2\error_prone_annotations-2.0.18.jar
2021-10-02 20:17:39 [main] WARN  net.runelite.launcher.Launcher - Unable to delete old artifact C:\Users\Victur\.runelite\repository2\h2-1.4.200.jar
2021-10-02 20:17:39 [main] WARN  net.runelite.launcher.Launcher - Unable to delete old artifact C:\Users\Victur\.runelite\repository2\http-api-4.10.0.jar
2021-10-02 20:17:39 [main] WARN  net.runelite.launcher.Launcher - Unable to delete old artifact C:\Users\Victur\.runelite\repository2\injection-annotations-1.0.jar
2021-10-02 20:17:39 [main] WARN  net.runelite.launcher.Launcher - Unable to delete old artifact C:\Users\Victur\.runelite\repository2\j2objc-annotations-1.1.jar
2021-10-02 20:17:39 [main] WARN  net.runelite.launcher.Launcher - Unable to delete old artifact C:\Users\Victur\.runelite\repository2\java-semver-0.9.0.jar
2021-10-02 20:17:39 [main] WARN  net.runelite.launcher.Launcher - Unable to delete old artifact C:\Users\Victur\.runelite\repository2\jgroups-5.0.4.Final.jar
2021-10-02 20:17:39 [main] WARN  net.runelite.launcher.Launcher - Unable to delete old artifact C:\Users\Victur\.runelite\repository2\pf4j-3.6.0.jar
2021-10-02 20:17:39 [main] WARN  net.runelite.launcher.Launcher - Unable to delete old artifact C:\Users\Victur\.runelite\repository2\pf4j-update-2.3.0.jar
2021-10-02 20:17:39 [main] WARN  net.runelite.launcher.Launcher - Unable to delete old artifact C:\Users\Victur\.runelite\repository2\reactive-streams-1.0.3.jar
2021-10-02 20:17:39 [main] WARN  net.runelite.launcher.Launcher - Unable to delete old artifact C:\Users\Victur\.runelite\repository2\rsyntaxtextarea-3.1.2.jar
2021-10-02 20:17:39 [main] WARN  net.runelite.launcher.Launcher - Unable to delete old artifact C:\Users\Victur\.runelite\repository2\runelite-api-4.10.0.jar
2021-10-02 20:17:39 [main] WARN  net.runelite.launcher.Launcher - Unable to delete old artifact C:\Users\Victur\.runelite\repository2\runelite-client-4.10.0.jar
2021-10-02 20:17:39 [main] WARN  net.runelite.launcher.Launcher - Unable to delete old artifact C:\Users\Victur\.runelite\repository2\runelite-jshell-4.10.0.jar
2021-10-02 20:17:39 [main] WARN  net.runelite.launcher.Launcher - Unable to delete old artifact C:\Users\Victur\.runelite\repository2\runescape-api-4.10.0.jar
2021-10-02 20:17:39 [main] WARN  net.runelite.launcher.Launcher - Unable to delete old artifact C:\Users\Victur\.runelite\repository2\rxjava-3.0.10.jar
2021-10-02 20:17:39 [main] WARN  net.runelite.launcher.Launcher - Unable to delete old artifact C:\Users\Victur\.runelite\repository2\rxrelay-3.0.0.jar
2021-10-02 20:17:40 [main] INFO  net.runelite.launcher.Launcher - Verified hash of client-1.7.24.jar
2021-10-02 20:17:40 [main] INFO  net.runelite.launcher.Launcher - Verified hash of slf4j-api-1.7.25.jar
2021-10-02 20:17:40 [main] INFO  net.runelite.launcher.Launcher - Verified hash of logback-classic-1.2.3.jar
2021-10-02 20:17:40 [main] INFO  net.runelite.launcher.Launcher - Verified hash of logback-core-1.2.3.jar
2021-10-02 20:17:40 [main] INFO  net.runelite.launcher.Launcher - Verified hash of jopt-simple-5.0.1.jar
2021-10-02 20:17:40 [main] INFO  net.runelite.launcher.Launcher - Verified hash of guava-23.2-jre.jar
2021-10-02 20:17:40 [main] INFO  net.runelite.launcher.Launcher - Verified hash of guice-4.1.0-no_aop.jar
2021-10-02 20:17:40 [main] INFO  net.runelite.launcher.Launcher - Verified hash of javax.inject-1.jar
2021-10-02 20:17:40 [main] INFO  net.runelite.launcher.Launcher - Verified hash of aopalliance-1.0.jar
2021-10-02 20:17:40 [main] INFO  net.runelite.launcher.Launcher - Verified hash of gson-2.8.5.jar
2021-10-02 20:17:40 [main] INFO  net.runelite.launcher.Launcher - Verified hash of substance-8.0.02.jar
2021-10-02 20:17:40 [main] INFO  net.runelite.launcher.Launcher - Verified hash of trident-1.5.00.jar
2021-10-02 20:17:40 [main] INFO  net.runelite.launcher.Launcher - Verified hash of commons-text-1.2.jar
2021-10-02 20:17:40 [main] INFO  net.runelite.launcher.Launcher - Verified hash of commons-lang3-3.7.jar
2021-10-02 20:17:40 [main] INFO  net.runelite.launcher.Launcher - Verified hash of jogl-all-2.4.0-rc-20200429.jar
2021-10-02 20:17:40 [main] INFO  net.runelite.launcher.Launcher - Verified hash of jogl-all-2.4.0-rc-20200429-natives-windows-amd64.jar
2021-10-02 20:17:40 [main] INFO  net.runelite.launcher.Launcher - Verified hash of jogl-all-2.4.0-rc-20200429-natives-windows-i586.jar
2021-10-02 20:17:40 [main] INFO  net.runelite.launcher.Launcher - Verified hash of jogl-all-2.4.0-rc-20200429-natives-linux-amd64.jar
2021-10-02 20:17:40 [main] INFO  net.runelite.launcher.Launcher - Verified hash of jogl-all-natives-macosx-2.4.0-rc-20210117.jar
2021-10-02 20:17:40 [main] INFO  net.runelite.launcher.Launcher - Verified hash of gluegen-rt-2.4.0-rc-20200429.jar
2021-10-02 20:17:40 [main] INFO  net.runelite.launcher.Launcher - Verified hash of gluegen-rt-2.4.0-rc-20200429-natives-windows-amd64.jar
2021-10-02 20:17:40 [main] INFO  net.runelite.launcher.Launcher - Verified hash of gluegen-rt-2.4.0-rc-20200429-natives-windows-i586.jar
2021-10-02 20:17:40 [main] INFO  net.runelite.launcher.Launcher - Verified hash of gluegen-rt-2.4.0-rc-20200429-natives-linux-amd64.jar
2021-10-02 20:17:40 [main] INFO  net.runelite.launcher.Launcher - Verified hash of gluegen-rt-natives-macosx-2.4.0-rc-20210117.jar
2021-10-02 20:17:40 [main] INFO  net.runelite.launcher.Launcher - Verified hash of jocl-1.0.jar
2021-10-02 20:17:40 [main] INFO  net.runelite.launcher.Launcher - Verified hash of jocl-1.0-macos-x64.jar
2021-10-02 20:17:40 [main] INFO  net.runelite.launcher.Launcher - Verified hash of jocl-1.0-macos-arm64.jar
2021-10-02 20:17:40 [main] INFO  net.runelite.launcher.Launcher - Verified hash of archive-patcher-1.0.jar
2021-10-02 20:17:40 [main] INFO  net.runelite.launcher.Launcher - Verified hash of jna-5.9.0.jar
2021-10-02 20:17:40 [main] INFO  net.runelite.launcher.Launcher - Verified hash of jna-platform-5.9.0.jar
2021-10-02 20:17:40 [main] INFO  net.runelite.launcher.Launcher - Verified hash of jsr305-3.0.2.jar
2021-10-02 20:17:40 [main] INFO  net.runelite.launcher.Launcher - Verified hash of runelite-api-1.7.24.jar
2021-10-02 20:17:40 [main] INFO  net.runelite.launcher.Launcher - Verified hash of client-patch-1.7.24.jar
2021-10-02 20:17:40 [main] INFO  net.runelite.launcher.Launcher - Verified hash of http-api-1.7.24.jar
2021-10-02 20:17:40 [main] INFO  net.runelite.launcher.Launcher - Verified hash of okhttp-3.7.0.jar
2021-10-02 20:17:40 [main] INFO  net.runelite.launcher.Launcher - Verified hash of okio-1.12.0.jar
2021-10-02 20:17:40 [main] INFO  net.runelite.launcher.Launcher - Verified hash of commons-csv-1.4.jar
2021-10-02 20:17:40 [main] INFO  net.runelite.launcher.Launcher - Verified hash of discord-1.4.jar
2021-10-02 21:04:34 [main] INFO  net.runelite.launcher.Launcher - RuneLite Launcher version 2.1.3
2021-10-02 21:04:34 [main] INFO  net.runelite.launcher.Launcher - Setting hardware acceleration to DIRECTDRAW
2021-10-02 21:04:35 [main] INFO  net.runelite.launcher.Launcher - Verified hash of client-1.7.24.jar
2021-10-02 21:04:35 [main] INFO  net.runelite.launcher.Launcher - Verified hash of slf4j-api-1.7.25.jar
2021-10-02 21:04:35 [main] INFO  net.runelite.launcher.Launcher - Verified hash of logback-classic-1.2.3.jar
2021-10-02 21:04:35 [main] INFO  net.runelite.launcher.Launcher - Verified hash of logback-core-1.2.3.jar
2021-10-02 21:04:35 [main] INFO  net.runelite.launcher.Launcher - Verified hash of jopt-simple-5.0.1.jar
2021-10-02 21:04:35 [main] INFO  net.runelite.launcher.Launcher - Verified hash of guava-23.2-jre.jar
2021-10-02 21:04:35 [main] INFO  net.runelite.launcher.Launcher - Verified hash of guice-4.1.0-no_aop.jar
2021-10-02 21:04:35 [main] INFO  net.runelite.launcher.Launcher - Verified hash of javax.inject-1.jar
2021-10-02 21:04:35 [main] INFO  net.runelite.launcher.Launcher - Verified hash of aopalliance-1.0.jar
2021-10-02 21:04:35 [main] INFO  net.runelite.launcher.Launcher - Verified hash of gson-2.8.5.jar
2021-10-02 21:04:35 [main] INFO  net.runelite.launcher.Launcher - Verified hash of substance-8.0.02.jar
2021-10-02 21:04:35 [main] INFO  net.runelite.launcher.Launcher - Verified hash of trident-1.5.00.jar
2021-10-02 21:04:35 [main] INFO  net.runelite.launcher.Launcher - Verified hash of commons-text-1.2.jar
2021-10-02 21:04:35 [main] INFO  net.runelite.launcher.Launcher - Verified hash of commons-lang3-3.7.jar
2021-10-02 21:04:35 [main] INFO  net.runelite.launcher.Launcher - Verified hash of jogl-all-2.4.0-rc-20200429.jar
2021-10-02 21:04:35 [main] INFO  net.runelite.launcher.Launcher - Verified hash of jogl-all-2.4.0-rc-20200429-natives-windows-amd64.jar
2021-10-02 21:04:35 [main] INFO  net.runelite.launcher.Launcher - Verified hash of jogl-all-2.4.0-rc-20200429-natives-windows-i586.jar
2021-10-02 21:04:35 [main] INFO  net.runelite.launcher.Launcher - Verified hash of jogl-all-2.4.0-rc-20200429-natives-linux-amd64.jar
2021-10-02 21:04:35 [main] INFO  net.runelite.launcher.Launcher - Verified hash of jogl-all-natives-macosx-2.4.0-rc-20210117.jar
2021-10-02 21:04:35 [main] INFO  net.runelite.launcher.Launcher - Verified hash of gluegen-rt-2.4.0-rc-20200429.jar
2021-10-02 21:04:35 [main] INFO  net.runelite.launcher.Launcher - Verified hash of gluegen-rt-2.4.0-rc-20200429-natives-windows-amd64.jar
2021-10-02 21:04:35 [main] INFO  net.runelite.launcher.Launcher - Verified hash of gluegen-rt-2.4.0-rc-20200429-natives-windows-i586.jar
2021-10-02 21:04:35 [main] INFO  net.runelite.launcher.Launcher - Verified hash of gluegen-rt-2.4.0-rc-20200429-natives-linux-amd64.jar
2021-10-02 21:04:35 [main] INFO  net.runelite.launcher.Launcher - Verified hash of gluegen-rt-natives-macosx-2.4.0-rc-20210117.jar
2021-10-02 21:04:35 [main] INFO  net.runelite.launcher.Launcher - Verified hash of jocl-1.0.jar
2021-10-02 21:04:35 [main] INFO  net.runelite.launcher.Launcher - Verified hash of jocl-1.0-macos-x64.jar
2021-10-02 21:04:35 [main] INFO  net.runelite.launcher.Launcher - Verified hash of jocl-1.0-macos-arm64.jar
2021-10-02 21:04:35 [main] INFO  net.runelite.launcher.Launcher - Verified hash of archive-patcher-1.0.jar
2021-10-02 21:04:35 [main] INFO  net.runelite.launcher.Launcher - Verified hash of jna-5.9.0.jar
2021-10-02 21:04:35 [main] INFO  net.runelite.launcher.Launcher - Verified hash of jna-platform-5.9.0.jar
2021-10-02 21:04:35 [main] INFO  net.runelite.launcher.Launcher - Verified hash of jsr305-3.0.2.jar
2021-10-02 21:04:35 [main] INFO  net.runelite.launcher.Launcher - Verified hash of runelite-api-1.7.24.jar
2021-10-02 21:04:35 [main] INFO  net.runelite.launcher.Launcher - Verified hash of client-patch-1.7.24.jar
2021-10-02 21:04:35 [main] INFO  net.runelite.launcher.Launcher - Verified hash of http-api-1.7.24.jar
2021-10-02 21:04:35 [main] INFO  net.runelite.launcher.Launcher - Verified hash of okhttp-3.7.0.jar
2021-10-02 21:04:35 [main] INFO  net.runelite.launcher.Launcher - Verified hash of okio-1.12.0.jar
2021-10-02 21:04:35 [main] INFO  net.runelite.launcher.Launcher - Verified hash of commons-csv-1.4.jar
2021-10-02 21:04:35 [main] INFO  net.runelite.launcher.Launcher - Verified hash of discord-1.4.jar
2021-10-02 21:16:41 [Thread-0] INFO  net.runelite.launcher.Launcher - OpenOSRS Launcher version 2.2.0
2021-10-02 21:16:41 [Thread-0] INFO  net.runelite.launcher.Launcher - Setting hardware acceleration to DIRECTDRAW
2021-10-02 21:16:41 [Thread-0] INFO  net.runelite.launcher.Launcher - https://raw.githubusercontent.com/open-osrs/hosting/master/bootstrap-stable.json
2021-10-02 21:16:46 [Thread-0] INFO  net.runelite.launcher.Launcher - Verified hash of http-api-4.10.0.jar
2021-10-02 21:16:46 [Thread-0] INFO  net.runelite.launcher.Launcher - Verified hash of runescape-api-4.10.0.jar
2021-10-02 21:16:46 [Thread-0] INFO  net.runelite.launcher.Launcher - Verified hash of runelite-api-4.10.0.jar
2021-10-02 21:16:46 [Thread-0] INFO  net.runelite.launcher.Launcher - Verified hash of runelite-jshell-4.10.0.jar
2021-10-02 21:16:46 [Thread-0] INFO  net.runelite.launcher.Launcher - Verified hash of logback-classic-1.2.3.jar
2021-10-02 21:16:46 [Thread-0] INFO  net.runelite.launcher.Launcher - Verified hash of pf4j-update-2.3.0.jar
2021-10-02 21:16:46 [Thread-0] INFO  net.runelite.launcher.Launcher - Verified hash of gson-2.8.5.jar
2021-10-02 21:16:46 [Thread-0] INFO  net.runelite.launcher.Launcher - Verified hash of guice-4.1.0-no_aop.jar
2021-10-02 21:16:46 [Thread-0] INFO  net.runelite.launcher.Launcher - Verified hash of guava-23.2-jre.jar
2021-10-02 21:16:46 [Thread-0] INFO  net.runelite.launcher.Launcher - Verified hash of h2-1.4.200.jar
2021-10-02 21:16:46 [Thread-0] INFO  net.runelite.launcher.Launcher - Verified hash of rxrelay-3.0.0.jar
2021-10-02 21:16:46 [Thread-0] INFO  net.runelite.launcher.Launcher - Verified hash of okhttp-3.7.0.jar
2021-10-02 21:16:46 [Thread-0] INFO  net.runelite.launcher.Launcher - Verified hash of rxjava-3.0.10.jar
2021-10-02 21:16:46 [Thread-0] INFO  net.runelite.launcher.Launcher - Verified hash of jna-platform-5.9.0.jar
2021-10-02 21:16:46 [Thread-0] INFO  net.runelite.launcher.Launcher - Verified hash of discord-1.4.jar
2021-10-02 21:16:46 [Thread-0] INFO  net.runelite.launcher.Launcher - Verified hash of jna-5.9.0.jar
2021-10-02 21:16:46 [Thread-0] INFO  net.runelite.launcher.Launcher - Verified hash of jgroups-5.0.4.Final.jar
2021-10-02 21:16:46 [Thread-0] INFO  net.runelite.launcher.Launcher - Verified hash of substance-8.0.02.jar
2021-10-02 21:16:46 [Thread-0] INFO  net.runelite.launcher.Launcher - Verified hash of jopt-simple-5.0.1.jar
2021-10-02 21:16:46 [Thread-0] INFO  net.runelite.launcher.Launcher - Verified hash of commons-text-1.2.jar
2021-10-02 21:16:46 [Thread-0] INFO  net.runelite.launcher.Launcher - Verified hash of commons-io-2.8.0.jar
2021-10-02 21:16:46 [Thread-0] INFO  net.runelite.launcher.Launcher - Verified hash of annotations-20.1.0.jar
2021-10-02 21:16:46 [Thread-0] INFO  net.runelite.launcher.Launcher - Verified hash of pf4j-3.6.0.jar
2021-10-02 21:16:46 [Thread-0] INFO  net.runelite.launcher.Launcher - Verified hash of java-semver-0.9.0.jar
2021-10-02 21:16:46 [Thread-0] INFO  net.runelite.launcher.Launcher - Verified hash of slf4j-api-1.7.25.jar
2021-10-02 21:16:46 [Thread-0] INFO  net.runelite.launcher.Launcher - Verified hash of gluegen-rt-2.4.0-rc-20200429.jar
2021-10-02 21:16:46 [Thread-0] INFO  net.runelite.launcher.Launcher - Verified hash of gluegen-rt-2.4.0-rc-20200429-natives-linux-amd64.jar
2021-10-02 21:16:46 [Thread-0] INFO  net.runelite.launcher.Launcher - Verified hash of gluegen-rt-2.4.0-rc-20200429-natives-windows-amd64.jar
2021-10-02 21:16:46 [Thread-0] INFO  net.runelite.launcher.Launcher - Verified hash of gluegen-rt-2.4.0-rc-20200429-natives-windows-i586.jar
2021-10-02 21:16:46 [Thread-0] INFO  net.runelite.launcher.Launcher - Verified hash of jogl-all-2.4.0-rc-20200429.jar
2021-10-02 21:16:46 [Thread-0] INFO  net.runelite.launcher.Launcher - Verified hash of jogl-all-2.4.0-rc-20200429-natives-linux-amd64.jar
2021-10-02 21:16:46 [Thread-0] INFO  net.runelite.launcher.Launcher - Verified hash of jogl-all-2.4.0-rc-20200429-natives-windows-amd64.jar
2021-10-02 21:16:46 [Thread-0] INFO  net.runelite.launcher.Launcher - Verified hash of jogl-all-2.4.0-rc-20200429-natives-windows-i586.jar
2021-10-02 21:16:46 [Thread-0] INFO  net.runelite.launcher.Launcher - Verified hash of jocl-1.0.jar
2021-10-02 21:16:46 [Thread-0] INFO  net.runelite.launcher.Launcher - Verified hash of jocl-1.0-macos-x64.jar
2021-10-02 21:16:46 [Thread-0] INFO  net.runelite.launcher.Launcher - Verified hash of jocl-1.0-macos-arm64.jar
2021-10-02 21:16:46 [Thread-0] INFO  net.runelite.launcher.Launcher - Verified hash of trident-1.5.00.jar
2021-10-02 21:16:46 [Thread-0] INFO  net.runelite.launcher.Launcher - Verified hash of gluegen-rt-natives-macosx-2.4.0-rc-20210117.jar
2021-10-02 21:16:46 [Thread-0] INFO  net.runelite.launcher.Launcher - Verified hash of jogl-all-natives-macosx-2.4.0-rc-20210117.jar
2021-10-02 21:16:46 [Thread-0] INFO  net.runelite.launcher.Launcher - Verified hash of jsr305-3.0.2.jar
2021-10-02 21:16:46 [Thread-0] INFO  net.runelite.launcher.Launcher - Verified hash of commons-csv-1.4.jar
2021-10-02 21:16:46 [Thread-0] INFO  net.runelite.launcher.Launcher - Verified hash of autocomplete-3.1.1.jar
2021-10-02 21:16:46 [Thread-0] INFO  net.runelite.launcher.Launcher - Verified hash of rsyntaxtextarea-3.1.2.jar
2021-10-02 21:16:46 [Thread-0] INFO  net.runelite.launcher.Launcher - Verified hash of logback-core-1.2.3.jar
2021-10-02 21:16:46 [Thread-0] INFO  net.runelite.launcher.Launcher - Verified hash of error_prone_annotations-2.0.18.jar
2021-10-02 21:16:46 [Thread-0] INFO  net.runelite.launcher.Launcher - Verified hash of j2objc-annotations-1.1.jar
2021-10-02 21:16:46 [Thread-0] INFO  net.runelite.launcher.Launcher - Verified hash of animal-sniffer-annotations-1.14.jar
2021-10-02 21:16:46 [Thread-0] INFO  net.runelite.launcher.Launcher - Verified hash of javax.inject-1.jar
2021-10-02 21:16:46 [Thread-0] INFO  net.runelite.launcher.Launcher - Verified hash of aopalliance-1.0.jar
2021-10-02 21:16:46 [Thread-0] INFO  net.runelite.launcher.Launcher - Verified hash of okio-1.12.0.jar
2021-10-02 21:16:46 [Thread-0] INFO  net.runelite.launcher.Launcher - Verified hash of reactive-streams-1.0.3.jar
2021-10-02 21:16:46 [Thread-0] INFO  net.runelite.launcher.Launcher - Verified hash of commons-lang3-3.7.jar
2021-10-02 21:16:46 [Thread-0] INFO  net.runelite.launcher.Launcher - Verified hash of commons-codec-1.10.jar
2021-10-02 21:16:46 [Thread-0] WARN  net.runelite.launcher.Launcher - Expected bf1ef2a463fca3e1ece80c70d63a5f5f8ce7b260396175de0d7a8e98f2c4d06b for injection-annotations-1.0.jar but got 0cf93fdde2df8b482625def434dba3fa93c9f9f1c30fb43ebdf5d247c2d3b3c3
2021-10-02 21:16:46 [Thread-0] INFO  net.runelite.launcher.Launcher - Verified hash of injection-annotations-1.0.jar
2021-10-02 21:16:46 [Thread-0] INFO  net.runelite.launcher.Launcher - Verified hash of runelite-client-4.10.0.jar
